Using MPI version 3.0, 1 processes
-----------
Initializing structure...
Working in 2D dimensions.
Computational cell is 200 x 4.5 x 0 with resolution 30
     block, center = (0,1.5,0)
          size (1e+20,0.5,1e+20)
          axes (1,0,0), (0,1,0), (0,0,1)
          dielectric constant epsilon diagonal = (9,9,9)
     block, center = (-47.5,1.245,0)
          size (90,0.01,1e+20)
          axes (1,0,0), (0,1,0), (0,0,1)
          dielectric constant epsilon diagonal = (11.68,11.68,11.68)
     block, center = (0,1.245,0)
          size (20,0.01,1e+20)
          axes (1,0,0), (0,1,0), (0,0,1)
          dielectric constant epsilon diagonal = (1,1,1)
     block, center = (47.5,1.245,0)
          size (90,0.01,1e+20)
          axes (1,0,0), (0,1,0), (0,0,1)
          dielectric constant epsilon diagonal = (11.68,11.68,11.68)
     block, center = (0,0.995,0)
          size (1e+20,0.49,1e+20)
          axes (1,0,0), (0,1,0), (0,0,1)
          dielectric constant epsilon diagonal = (11.68,11.68,11.68)
     block, center = (0,-0.25,0)
          size (1e+20,2,1e+20)
          axes (1,0,0), (0,1,0), (0,0,1)
          dielectric constant epsilon diagonal = (9,9,9)
     block, center = (0,-1.5,0)
          size (1e+20,0.5,1e+20)
          axes (1,0,0), (0,1,0), (0,0,1)
time for set_epsilon = 2.33692 s
-----------
flux0:, 0.41000000000000003, 0.0
flux0:, 0.41505050505050506, 0.0
flux0:, 0.4201010101010101, 0.0
flux0:, 0.4251515151515151, 0.0
flux0:, 0.43020202020202014, 0.0
flux0:, 0.43525252525252517, 0.0
flux0:, 0.4403030303030302, 0.0
flux0:, 0.4453535353535352, 0.0
flux0:, 0.45040404040404025, 0.0
flux0:, 0.4554545454545453, 0.0
flux0:, 0.4605050505050503, 0.0
flux0:, 0.46555555555555533, 0.0
flux0:, 0.47060606060606036, 0.0
flux0:, 0.4756565656565654, 0.0
flux0:, 0.4807070707070704, 0.0
flux0:, 0.48575757575757544, 0.0
flux0:, 0.49080808080808047, 0.0
flux0:, 0.4958585858585855, 0.0
flux0:, 0.5009090909090905, 0.0
flux0:, 0.5059595959595956, 0.0
flux0:, 0.5110101010101007, 0.0
flux0:, 0.5160606060606058, 0.0
flux0:, 0.5211111111111109, 0.0
flux0:, 0.5261616161616159, 0.0
flux0:, 0.531212121212121, 0.0
flux0:, 0.5362626262626261, 0.0
flux0:, 0.5413131313131312, 0.0
flux0:, 0.5463636363636363, 0.0
flux0:, 0.5514141414141414, 0.0
flux0:, 0.5564646464646464, 0.0
flux0:, 0.5615151515151515, 0.0
flux0:, 0.5665656565656566, 0.0
flux0:, 0.5716161616161617, 0.0
flux0:, 0.5766666666666668, 0.0
flux0:, 0.5817171717171719, 0.0
flux0:, 0.5867676767676769, 0.0
flux0:, 0.591818181818182, 0.0
flux0:, 0.5968686868686871, 0.0
flux0:, 0.6019191919191922, 0.0
flux0:, 0.6069696969696973, 0.0
flux0:, 0.6120202020202024, 0.0
flux0:, 0.6170707070707074, 0.0
flux0:, 0.6221212121212125, 0.0
flux0:, 0.6271717171717176, 0.0
flux0:, 0.6322222222222227, 0.0
flux0:, 0.6372727272727278, 0.0
flux0:, 0.6423232323232329, 0.0
flux0:, 0.6473737373737379, 0.0
flux0:, 0.652424242424243, 0.0
flux0:, 0.6574747474747481, 0.0
flux0:, 0.6625252525252532, 0.0
flux0:, 0.6675757575757583, 0.0
flux0:, 0.6726262626262633, 0.0
flux0:, 0.6776767676767684, 0.0
flux0:, 0.6827272727272735, 0.0
flux0:, 0.6877777777777786, 0.0
flux0:, 0.6928282828282837, 0.0
flux0:, 0.6978787878787888, 0.0
flux0:, 0.7029292929292938, 0.0
flux0:, 0.7079797979797989, 0.0
flux0:, 0.713030303030304, 0.0
flux0:, 0.7180808080808091, 0.0
flux0:, 0.7231313131313142, 0.0
flux0:, 0.7281818181818193, 0.0
flux0:, 0.7332323232323243, 0.0
flux0:, 0.7382828282828294, 0.0
flux0:, 0.7433333333333345, 0.0
flux0:, 0.7483838383838396, 0.0
flux0:, 0.7534343434343447, 0.0
flux0:, 0.7584848484848498, 0.0
flux0:, 0.7635353535353548, 0.0
flux0:, 0.7685858585858599, 0.0
flux0:, 0.773636363636365, 0.0
flux0:, 0.7786868686868701, 0.0
flux0:, 0.7837373737373752, 0.0
flux0:, 0.7887878787878803, 0.0
flux0:, 0.7938383838383853, 0.0
flux0:, 0.7988888888888904, 0.0
flux0:, 0.8039393939393955, 0.0
flux0:, 0.8089898989899006, 0.0
flux0:, 0.8140404040404057, 0.0
flux0:, 0.8190909090909108, 0.0
flux0:, 0.8241414141414158, 0.0
flux0:, 0.8291919191919209, 0.0
flux0:, 0.834242424242426, 0.0
flux0:, 0.8392929292929311, 0.0
flux0:, 0.8443434343434362, 0.0
flux0:, 0.8493939393939413, 0.0
flux0:, 0.8544444444444463, 0.0
flux0:, 0.8594949494949514, 0.0
flux0:, 0.8645454545454565, 0.0
flux0:, 0.8695959595959616, 0.0
flux0:, 0.8746464646464667, 0.0
flux0:, 0.8796969696969718, 0.0
flux0:, 0.8847474747474768, 0.0
flux0:, 0.8897979797979819, 0.0
flux0:, 0.894848484848487, 0.0
flux0:, 0.8998989898989921, 0.0
flux0:, 0.9049494949494972, 0.0
flux0:, 0.9100000000000023, 0.0
creating output file "./wg7-eps-000000.00.h5"...
Meep progress: 9.0/1000.0 = 0.9% done in 4.0s, 440.7s to go
on time step 546 (time=9.1), 0.00733673 s/step
Meep progress: 17.833333333333332/1000.0 = 1.8% done in 8.0s, 440.8s to go
on time step 1076 (time=17.9333), 0.00755091 s/step
Meep progress: 26.416666666666668/1000.0 = 2.6% done in 12.0s, 442.5s to go
on time step 1591 (time=26.5167), 0.00777965 s/step
creating output file "./wg7-ez-000030.00.h5"...
Meep progress: 33.96666666666667/1000.0 = 3.4% done in 16.0s, 455.2s to go
on time step 2045 (time=34.0833), 0.00882068 s/step
Meep progress: 43.03333333333333/1000.0 = 4.3% done in 20.0s, 445.0s to go
on time step 2589 (time=43.15), 0.0073621 s/step
Meep progress: 51.949999999999996/1000.0 = 5.2% done in 24.0s, 438.2s to go
on time step 3124 (time=52.0667), 0.007483 s/step
creating output file "./wg7-ez-000060.00.h5"...
Meep progress: 60.416666666666664/1000.0 = 6.0% done in 28.0s, 435.8s to go
on time step 3631 (time=60.5167), 0.00788987 s/step
Meep progress: 69.36666666666666/1000.0 = 6.9% done in 32.0s, 429.7s to go
on time step 4168 (time=69.4667), 0.00745897 s/step
Meep progress: 78.3/1000.0 = 7.8% done in 36.0s, 424.1s to go
on time step 4704 (time=78.4), 0.00746571 s/step
Meep progress: 87.1/1000.0 = 8.7% done in 40.0s, 419.6s to go
on time step 5232 (time=87.2), 0.00758405 s/step
creating output file "./wg7-ez-000090.00.h5"...
Meep progress: 95.63333333333333/1000.0 = 9.6% done in 44.0s, 416.5s to go
on time step 5743 (time=95.7167), 0.00782894 s/step
Meep progress: 104.1/1000.0 = 10.4% done in 48.0s, 413.5s to go
on time step 6251 (time=104.183), 0.00788447 s/step
Meep progress: 112.63333333333333/1000.0 = 11.3% done in 52.0s, 410.0s to go
on time step 6764 (time=112.733), 0.00780719 s/step
Meep progress: 119.95/1000.0 = 12.0% done in 56.0s, 411.2s to go
creating output file "./wg7-ez-000120.00.h5"...
on time step 7200 (time=120), 0.00965114 s/step
Meep progress: 127.45/1000.0 = 12.7% done in 60.1s, 411.1s to go
on time step 7675 (time=127.917), 0.00842259 s/step
Meep progress: 135.11666666666667/1000.0 = 13.5% done in 64.1s, 410.0s to go
on time step 8139 (time=135.65), 0.00863418 s/step
Meep progress: 143.25/1000.0 = 14.3% done in 68.1s, 407.0s to go
on time step 8619 (time=143.65), 0.00835386 s/step
creating output file "./wg7-ez-000150.00.h5"...
Meep progress: 150.01666666666665/1000.0 = 15.0% done in 72.1s, 408.3s to go
on time step 9026 (time=150.433), 0.00984467 s/step
Meep progress: 158.16666666666666/1000.0 = 15.8% done in 76.1s, 404.9s to go
on time step 9523 (time=158.717), 0.00805142 s/step
Meep progress: 165.53333333333333/1000.0 = 16.6% done in 80.1s, 403.6s to go
on time step 9967 (time=166.117), 0.00901222 s/step
Meep progress: 172.81666666666666/1000.0 = 17.3% done in 84.1s, 402.4s to go
on time step 10408 (time=173.467), 0.00907503 s/step
creating output file "./wg7-ez-000180.00.h5"...
Meep progress: 180.48333333333332/1000.0 = 18.0% done in 88.1s, 399.9s to go
on time step 10878 (time=181.3), 0.00851205 s/step
Meep progress: 189.11666666666667/1000.0 = 18.9% done in 92.1s, 394.8s to go
on time step 11382 (time=189.7), 0.00795152 s/step
Meep progress: 197.5/1000.0 = 19.8% done in 96.1s, 390.4s to go
on time step 11896 (time=198.267), 0.00778913 s/step
Meep progress: 206.25/1000.0 = 20.6% done in 100.1s, 385.2s to go
on time step 12422 (time=207.033), 0.00761613 s/step
creating output file "./wg7-ez-000210.00.h5"...
Meep progress: 214.91666666666666/1000.0 = 21.5% done in 104.1s, 380.3s to go
on time step 12945 (time=215.75), 0.0076548 s/step
Meep progress: 223.35/1000.0 = 22.3% done in 108.1s, 375.9s to go
on time step 13439 (time=223.983), 0.0080988 s/step
Meep progress: 232.1/1000.0 = 23.2% done in 112.1s, 370.9s to go
on time step 13975 (time=232.917), 0.00746619 s/step
creating output file "./wg7-ez-000240.00.h5"...
Meep progress: 240.63333333333333/1000.0 = 24.1% done in 116.1s, 366.4s to go
on time step 14487 (time=241.45), 0.00782411 s/step
Meep progress: 249.93333333333334/1000.0 = 25.0% done in 120.1s, 360.5s to go
on time step 15045 (time=250.75), 0.00717459 s/step
Meep progress: 259.26666666666665/1000.0 = 25.9% done in 124.1s, 354.6s to go
on time step 15605 (time=260.083), 0.00715373 s/step
Meep progress: 268.6/1000.0 = 26.9% done in 128.1s, 348.9s to go
on time step 16166 (time=269.433), 0.00714053 s/step
creating output file "./wg7-ez-000270.00.h5"...
Meep progress: 277.51666666666665/1000.0 = 27.8% done in 132.1s, 344.0s to go
on time step 16699 (time=278.317), 0.00752033 s/step
Meep progress: 286.6333333333333/1000.0 = 28.7% done in 136.1s, 338.8s to go
on time step 17245 (time=287.417), 0.00733325 s/step
Meep progress: 295.9166666666667/1000.0 = 29.6% done in 140.1s, 333.4s to go
on time step 17805 (time=296.75), 0.00714903 s/step
creating output file "./wg7-ez-000300.00.h5"...
Meep progress: 304.8333333333333/1000.0 = 30.5% done in 144.1s, 328.7s to go
on time step 18340 (time=305.667), 0.00748509 s/step
Meep progress: 314.2/1000.0 = 31.4% done in 148.1s, 323.4s to go
on time step 18902 (time=315.033), 0.00712941 s/step
Meep progress: 323.56666666666666/1000.0 = 32.4% done in 152.1s, 318.1s to go
on time step 19464 (time=324.4), 0.00712329 s/step
creating output file "./wg7-ez-000330.00.h5"...
Meep progress: 332.3666666666667/1000.0 = 33.2% done in 156.2s, 313.7s to go
on time step 19991 (time=333.183), 0.00760084 s/step
Meep progress: 341.0333333333333/1000.0 = 34.1% done in 160.2s, 309.5s to go
on time step 20504 (time=341.733), 0.00780269 s/step
Meep progress: 349.5/1000.0 = 35.0% done in 164.2s, 305.5s to go
on time step 21019 (time=350.317), 0.00776897 s/step
Meep progress: 358.1/1000.0 = 35.8% done in 168.2s, 301.4s to go
on time step 21535 (time=358.917), 0.00776108 s/step
creating output file "./wg7-ez-000360.00.h5"...
Meep progress: 366.98333333333335/1000.0 = 36.7% done in 172.2s, 297.0s to go
on time step 22069 (time=367.817), 0.00750022 s/step
Meep progress: 376.23333333333335/1000.0 = 37.6% done in 176.2s, 292.1s to go
on time step 22624 (time=377.067), 0.00721153 s/step
Meep progress: 384.8833333333333/1000.0 = 38.5% done in 180.2s, 288.0s to go
on time step 23143 (time=385.717), 0.0077199 s/step
creating output file "./wg7-ez-000390.00.h5"...
Meep progress: 393.71666666666664/1000.0 = 39.4% done in 184.2s, 283.6s to go
on time step 23674 (time=394.567), 0.00754418 s/step
Meep progress: 402.9166666666667/1000.0 = 40.3% done in 188.2s, 278.9s to go
on time step 24226 (time=403.767), 0.00725499 s/step
Meep progress: 412.18333333333334/1000.0 = 41.2% done in 192.2s, 274.1s to go
on time step 24782 (time=413.033), 0.00720216 s/step
creating output file "./wg7-ez-000420.00.h5"...
Meep progress: 421.0333333333333/1000.0 = 42.1% done in 196.2s, 269.8s to go
on time step 25313 (time=421.883), 0.00754491 s/step
Meep progress: 430.31666666666666/1000.0 = 43.0% done in 200.2s, 265.0s to go
on time step 25870 (time=431.167), 0.00718357 s/step
Meep progress: 439.51666666666665/1000.0 = 44.0% done in 204.2s, 260.4s to go
on time step 26417 (time=440.283), 0.00731771 s/step
Meep progress: 447.5/1000.0 = 44.8% done in 208.2s, 257.1s to go
on time step 26900 (time=448.333), 0.00828382 s/step
creating output file "./wg7-ez-000450.00.h5"...
Meep progress: 456.09999999999997/1000.0 = 45.6% done in 212.2s, 253.1s to go
on time step 27414 (time=456.9), 0.00779326 s/step
Meep progress: 465.3/1000.0 = 46.5% done in 216.2s, 248.5s to go
on time step 27969 (time=466.15), 0.00721836 s/step
Meep progress: 474.45/1000.0 = 47.4% done in 220.2s, 243.9s to go
on time step 28519 (time=475.317), 0.00728024 s/step
creating output file "./wg7-ez-000480.00.h5"...
Meep progress: 483.3333333333333/1000.0 = 48.3% done in 224.2s, 239.7s to go
on time step 29052 (time=484.2), 0.00751668 s/step
Meep progress: 492.68333333333334/1000.0 = 49.3% done in 228.2s, 235.0s to go
on time step 29613 (time=493.55), 0.00713326 s/step
Meep progress: 501.95/1000.0 = 50.2% done in 232.2s, 230.4s to go
on time step 30166 (time=502.767), 0.00723706 s/step
creating output file "./wg7-ez-000510.00.h5"...
Meep progress: 510.5833333333333/1000.0 = 51.1% done in 236.2s, 226.4s to go
on time step 30687 (time=511.45), 0.00768885 s/step
Meep progress: 519.95/1000.0 = 52.0% done in 240.2s, 221.8s to go
on time step 31249 (time=520.817), 0.00712465 s/step
Meep progress: 529.2/1000.0 = 52.9% done in 244.2s, 217.3s to go
on time step 31804 (time=530.067), 0.00721755 s/step
Meep progress: 538.4833333333333/1000.0 = 53.8% done in 248.2s, 212.8s to go
on time step 32360 (time=539.333), 0.00719554 s/step
creating output file "./wg7-ez-000540.00.h5"...
Meep progress: 547.1/1000.0 = 54.7% done in 252.2s, 208.8s to go
on time step 32878 (time=547.967), 0.00772836 s/step
Meep progress: 556.4166666666666/1000.0 = 55.6% done in 256.2s, 204.3s to go
on time step 33436 (time=557.267), 0.00717045 s/step
Meep progress: 565.7166666666667/1000.0 = 56.6% done in 260.2s, 199.8s to go
on time step 33994 (time=566.567), 0.00717068 s/step
creating output file "./wg7-ez-000570.00.h5"...
Meep progress: 574.15/1000.0 = 57.4% done in 264.2s, 196.0s to go
on time step 34500 (time=575), 0.00790843 s/step
Meep progress: 583.4666666666667/1000.0 = 58.3% done in 268.2s, 191.5s to go
on time step 35059 (time=584.317), 0.00716505 s/step
Meep progress: 592.7666666666667/1000.0 = 59.3% done in 272.2s, 187.0s to go
on time step 35617 (time=593.617), 0.00717703 s/step
creating output file "./wg7-ez-000600.00.h5"...
Meep progress: 601.5666666666666/1000.0 = 60.2% done in 276.3s, 183.0s to go
on time step 36145 (time=602.417), 0.00757659 s/step
Meep progress: 610.85/1000.0 = 61.1% done in 280.3s, 178.5s to go
on time step 36703 (time=611.717), 0.00717773 s/step
Meep progress: 620.1166666666667/1000.0 = 62.0% done in 284.3s, 174.1s to go
on time step 37259 (time=620.983), 0.00720532 s/step
Meep progress: 629.4/1000.0 = 62.9% done in 288.3s, 169.7s to go
creating output file "./wg7-ez-000630.00.h5"...
on time step 37800 (time=630), 0.00759143 s/step
Meep progress: 638.1833333333333/1000.0 = 63.8% done in 292.3s, 165.7s to go
on time step 38357 (time=639.283), 0.00718448 s/step
Meep progress: 647.4333333333333/1000.0 = 64.7% done in 296.3s, 161.3s to go
on time step 38911 (time=648.517), 0.00722848 s/step
Meep progress: 656.7166666666667/1000.0 = 65.7% done in 300.3s, 157.0s to go
on time step 39469 (time=657.817), 0.00717417 s/step
creating output file "./wg7-ez-000660.00.h5"...
Meep progress: 665.4833333333333/1000.0 = 66.5% done in 304.3s, 153.0s to go
on time step 39994 (time=666.567), 0.0076307 s/step
Meep progress: 674.7166666666667/1000.0 = 67.5% done in 308.3s, 148.6s to go
on time step 40548 (time=675.8), 0.00722769 s/step
Meep progress: 683.95/1000.0 = 68.4% done in 312.3s, 144.3s to go
on time step 41102 (time=685.033), 0.00722827 s/step
creating output file "./wg7-ez-000690.00.h5"...
Meep progress: 692.6666666666666/1000.0 = 69.3% done in 316.3s, 140.3s to go
on time step 41626 (time=693.767), 0.00764546 s/step
Meep progress: 701.9666666666667/1000.0 = 70.2% done in 320.3s, 136.0s to go
on time step 42184 (time=703.067), 0.00717105 s/step
Meep progress: 711.25/1000.0 = 71.1% done in 324.3s, 131.7s to go
on time step 42740 (time=712.333), 0.00719856 s/step
creating output file "./wg7-ez-000720.00.h5"...
Meep progress: 720.0333333333333/1000.0 = 72.0% done in 328.3s, 127.7s to go
on time step 43268 (time=721.133), 0.00757907 s/step
Meep progress: 729.3333333333334/1000.0 = 72.9% done in 332.3s, 123.3s to go
on time step 43825 (time=730.417), 0.00718341 s/step
Meep progress: 736.7333333333333/1000.0 = 73.7% done in 336.3s, 120.2s to go
on time step 44268 (time=737.8), 0.00904416 s/step
Meep progress: 746.0333333333333/1000.0 = 74.6% done in 340.3s, 115.9s to go
on time step 44827 (time=747.117), 0.00715813 s/step
creating output file "./wg7-ez-000750.00.h5"...
Meep progress: 754.4833333333333/1000.0 = 75.4% done in 344.3s, 112.0s to go
on time step 45335 (time=755.583), 0.00788854 s/step
Meep progress: 763.7833333333333/1000.0 = 76.4% done in 348.3s, 107.7s to go
on time step 45893 (time=764.883), 0.0071701 s/step
Meep progress: 773.1/1000.0 = 77.3% done in 352.3s, 103.4s to go
on time step 46452 (time=774.2), 0.00716277 s/step
creating output file "./wg7-ez-000780.00.h5"...
Meep progress: 781.9166666666666/1000.0 = 78.2% done in 356.3s, 99.4s to go
on time step 46981 (time=783.017), 0.00756321 s/step
Meep progress: 791.15/1000.0 = 79.1% done in 360.3s, 95.1s to go
on time step 47530 (time=792.167), 0.00729386 s/step
Meep progress: 800.1833333333333/1000.0 = 80.0% done in 364.3s, 91.0s to go
on time step 48076 (time=801.267), 0.00733312 s/step
Meep progress: 809.4833333333333/1000.0 = 80.9% done in 368.3s, 86.7s to go
creating output file "./wg7-ez-000810.00.h5"...
on time step 48605 (time=810.083), 0.00756654 s/step
Meep progress: 818.25/1000.0 = 81.8% done in 372.3s, 82.7s to go
on time step 49160 (time=819.333), 0.00721307 s/step
Meep progress: 827.5666666666666/1000.0 = 82.8% done in 376.3s, 78.4s to go
on time step 49719 (time=828.65), 0.0071658 s/step
Meep progress: 836.8666666666667/1000.0 = 83.7% done in 380.4s, 74.1s to go
on time step 50277 (time=837.95), 0.00717085 s/step
creating output file "./wg7-ez-000840.00.h5"...
Meep progress: 845.6333333333333/1000.0 = 84.6% done in 384.4s, 70.2s to go
on time step 50802 (time=846.7), 0.00763158 s/step
Meep progress: 854.8666666666667/1000.0 = 85.5% done in 388.4s, 65.9s to go
on time step 51356 (time=855.933), 0.00722454 s/step
Meep progress: 864.1/1000.0 = 86.4% done in 392.4s, 61.7s to go
on time step 51910 (time=865.167), 0.00723041 s/step
creating output file "./wg7-ez-000870.00.h5"...
Meep progress: 872.8666666666667/1000.0 = 87.3% done in 396.4s, 57.7s to go
on time step 52436 (time=873.933), 0.00761602 s/step
Meep progress: 882.1/1000.0 = 88.2% done in 400.4s, 53.5s to go
on time step 52991 (time=883.183), 0.0072175 s/step
Meep progress: 891.35/1000.0 = 89.1% done in 404.4s, 49.3s to go
on time step 53546 (time=892.433), 0.00721827 s/step
creating output file "./wg7-ez-000900.00.h5"...
Meep progress: 900.15/1000.0 = 90.0% done in 408.4s, 45.3s to go
on time step 54074 (time=901.233), 0.00758211 s/step
Meep progress: 909.1999999999999/1000.0 = 90.9% done in 412.4s, 41.2s to go
on time step 54617 (time=910.283), 0.00737522 s/step
Meep progress: 918.25/1000.0 = 91.8% done in 416.4s, 37.1s to go
on time step 55159 (time=919.317), 0.00738095 s/step
Meep progress: 927.4499999999999/1000.0 = 92.7% done in 420.4s, 32.9s to go
on time step 55712 (time=928.533), 0.00723657 s/step
creating output file "./wg7-ez-000930.00.h5"...
Meep progress: 936.1833333333333/1000.0 = 93.6% done in 424.4s, 28.9s to go
on time step 56236 (time=937.267), 0.00764368 s/step
Meep progress: 945.2833333333333/1000.0 = 94.5% done in 428.4s, 24.8s to go
on time step 56782 (time=946.367), 0.00733314 s/step
Meep progress: 954.3666666666667/1000.0 = 95.4% done in 432.4s, 20.7s to go
on time step 57327 (time=955.45), 0.00734304 s/step
creating output file "./wg7-ez-000960.00.h5"...
Meep progress: 963.1/1000.0 = 96.3% done in 436.4s, 16.7s to go
on time step 57851 (time=964.183), 0.00764295 s/step
Meep progress: 972.3666666666667/1000.0 = 97.2% done in 440.4s, 12.5s to go
on time step 58407 (time=973.45), 0.00719969 s/step
Meep progress: 981.6166666666667/1000.0 = 98.2% done in 444.4s, 8.3s to go
on time step 58962 (time=982.7), 0.00721781 s/step
creating output file "./wg7-ez-000990.00.h5"...
Meep progress: 990.4166666666666/1000.0 = 99.0% done in 448.4s, 4.3s to go
on time step 59490 (time=991.5), 0.00757608 s/step
Meep progress: 999.6166666666667/1000.0 = 100.0% done in 452.4s, 0.2s to go
run 0 finished at t = 1000.0 (60000 timesteps)
flux1:, 0.41000000000000003, -1.6194192217788076e-12
flux1:, 0.41505050505050506, -1.7056353051488012e-12
flux1:, 0.4201010101010101, -1.8138491992004154e-12
flux1:, 0.4251515151515151, -1.9080067960698745e-12
flux1:, 0.43020202020202014, -2.0082612525421313e-12
flux1:, 0.43525252525252517, -2.1055430183854006e-12
flux1:, 0.4403030303030302, -2.2127508915638414e-12
flux1:, 0.4453535353535352, -2.3371561544477997e-12
flux1:, 0.45040404040404025, -2.4353785056407756e-12
flux1:, 0.4554545454545453, -2.599467165379782e-12
flux1:, 0.4605050505050503, -2.7643101059732833e-12
flux1:, 0.46555555555555533, -2.9202184851122472e-12
flux1:, 0.47060606060606036, -3.0668515499222124e-12
flux1:, 0.4756565656565654, -3.214956213896812e-12
flux1:, 0.4807070707070704, -3.4446758313666406e-12
flux1:, 0.48575757575757544, -3.632204299714901e-12
flux1:, 0.49080808080808047, -3.841503779998652e-12
flux1:, 0.4958585858585855, -4.078834255700588e-12
flux1:, 0.5009090909090905, -4.065548129426377e-12
flux1:, 0.5059595959595956, -3.5986210584417025e-12
flux1:, 0.5110101010101007, -1.1578616210321846e-12
flux1:, 0.5160606060606058, 1.6209275619800597e-11
flux1:, 0.5211111111111109, 9.932177117410487e-11
flux1:, 0.5261616161616159, 4.4057661736084596e-10
flux1:, 0.531212121212121, 1.6633552073836806e-9
flux1:, 0.5362626262626261, 6.417454394192446e-9
flux1:, 0.5413131313131312, 2.3287540227777227e-8
flux1:, 0.5463636363636363, 8.528500398353971e-8
flux1:, 0.5514141414141414, 2.6676392341407786e-7
flux1:, 0.5564646464646464, 9.091734164308469e-7
flux1:, 0.5615151515151515, 2.679783166996652e-6
flux1:, 0.5665656565656566, 7.29451705628068e-6
flux1:, 0.5716161616161617, 2.035653195002356e-5
flux1:, 0.5766666666666668, 5.015515735035653e-5
flux1:, 0.5817171717171719, 1.2645036044600145e-4
flux1:, 0.5867676767676769, 2.793022589367724e-4
flux1:, 0.591818181818182, 6.448836090307069e-4
flux1:, 0.5968686868686871, 0.0012880318960806223
flux1:, 0.6019191919191922, 0.0025683663707564315
flux1:, 0.6069696969696973, 0.0049110164311296
flux1:, 0.6120202020202024, 0.009149839997661134
flux1:, 0.6170707070707074, 0.015364214457313756
flux1:, 0.6221212121212125, 0.02593176123858177
flux1:, 0.6271717171717176, 0.04050639706086701
flux1:, 0.6322222222222227, 0.06093933850328963
flux1:, 0.6372727272727278, 0.08367463431681832
flux1:, 0.6423232323232329, 0.11036193236417687
flux1:, 0.6473737373737379, 0.14044269792834185
flux1:, 0.652424242424243, 0.1633442784120533
flux1:, 0.6574747474747481, 0.1912840736117711
flux1:, 0.6625252525252532, 0.19816719084169246
flux1:, 0.6675757575757583, 0.20533759209527438
flux1:, 0.6726262626262633, 0.2068835572527429
flux1:, 0.6776767676767684, 0.19240058954307507
flux1:, 0.6827272727272735, 0.16960454696635313
flux1:, 0.6877777777777786, 0.1439547201927499
flux1:, 0.6928282828282837, 0.11649970830046293
flux1:, 0.6978787878787888, 0.08908106967311162
flux1:, 0.7029292929292938, 0.06458756170578896
flux1:, 0.7079797979797989, 0.04444071733617359
flux1:, 0.713030303030304, 0.030209826479183778
flux1:, 0.7180808080808091, 0.018014152033132846
flux1:, 0.7231313131313142, 0.010885873748837146
flux1:, 0.7281818181818193, 0.0062547301175421965
flux1:, 0.7332323232323243, 0.0032784408869150237
flux1:, 0.7382828282828294, 0.0016427130837990123
flux1:, 0.7433333333333345, 8.019968933617601e-4
flux1:, 0.7483838383838396, 3.698601081410689e-4
flux1:, 0.7534343434343447, 1.6323343830209217e-4
flux1:, 0.7584848484848498, 6.772736617218518e-5
flux1:, 0.7635353535353548, 2.691015652339639e-5
flux1:, 0.7685858585858599, 1.017596665949513e-5
flux1:, 0.773636363636365, 3.6293985536841473e-6
flux1:, 0.7786868686868701, 1.223203742204502e-6
flux1:, 0.7837373737373752, 3.939691747358516e-7
flux1:, 0.7887878787878803, 1.2148770744272205e-7
flux1:, 0.7938383838383853, 3.614246402553282e-8
flux1:, 0.7988888888888904, 1.0077878889022874e-8
flux1:, 0.8039393939393955, 2.6496661083278985e-9
flux1:, 0.8089898989899006, 6.40234762216355e-10
flux1:, 0.8140404040404057, 1.2545161175941226e-10
flux1:, 0.8190909090909108, 5.054164514994769e-12
flux1:, 0.8241414141414158, -1.8376821309844537e-11
flux1:, 0.8291919191919209, -2.2475910079996576e-11
flux1:, 0.834242424242426, -2.148913764955635e-11
flux1:, 0.8392929292929311, -1.990024462100715e-11
flux1:, 0.8443434343434362, -1.8659917124444183e-11
flux1:, 0.8493939393939413, -1.744945706686214e-11
flux1:, 0.8544444444444463, -1.6280913225663164e-11
flux1:, 0.8594949494949514, -1.518169892645357e-11
flux1:, 0.8645454545454565, -1.424846835172483e-11
flux1:, 0.8695959595959616, -1.3430821979898017e-11
flux1:, 0.8746464646464667, -1.265456013314712e-11
flux1:, 0.8796969696969718, -1.1916928973610957e-11
flux1:, 0.8847474747474768, -1.1228860525056502e-11
flux1:, 0.8897979797979819, -1.0696813134650917e-11
flux1:, 0.894848484848487, -1.0133142611560425e-11
flux1:, 0.8998989898989921, -9.63193202646591e-12
flux1:, 0.9049494949494972, -9.17134727846744e-12
flux1:, 0.9100000000000023, -8.761044997475359e-12

Elapsed run time = 455.221 s

Some deprecated features have been used.  Set the environment
variable GUILE_WARN_DEPRECATED to "detailed" and rerun the
program to get more information.  Set it to "no" to suppress
this message.
