Using MPI version 3.0, 1 processes
-----------
Initializing structure...
Working in 2D dimensions.
Computational cell is 16 x 32 x 0 with resolution 10
     block, center = (-2,-11.5,0)
          size (12,1,1e+20)
          axes (1,0,0), (0,1,0), (0,0,1)
          dielectric constant epsilon diagonal = (12,12,12)
     block, center = (3.5,2,0)
          size (1,28,1e+20)
          axes (1,0,0), (0,1,0), (0,0,1)
          dielectric constant epsilon diagonal = (12,12,12)
time for set_epsilon = 0.114393 s
-----------
--------------------------------------------------------------------------
MPI_ABORT was invoked on rank 0 in communicator MPI_COMM_WORLD 
with errorcode 1.

NOTE: invoking MPI_ABORT causes Open MPI to kill all MPI processes.
You may or may not see output from other processes, depending on
exactly when Open MPI kills them.
--------------------------------------------------------------------------
