Using MPI version 3.0, 1 processes
-----------
Initializing structure...
Working in 2D dimensions.
Computational cell is 800 x 3.5 x 0 with resolution 30
     block, center = (0,1.5,0)
          size (1e+20,0.5,1e+20)
          axes (1,0,0), (0,1,0), (0,0,1)
          dielectric constant epsilon diagonal = (100,100,100)
     block, center = (-195,1.245,0)
          size (390,0.01,1e+20)
          axes (1,0,0), (0,1,0), (0,0,1)
          dielectric constant epsilon diagonal = (11.68,11.68,11.68)
     block, center = (0,1.245,0)
          size (20,0.01,1e+20)
          axes (1,0,0), (0,1,0), (0,0,1)
          dielectric constant epsilon diagonal = (1,1,1)
     block, center = (195,1.245,0)
          size (390,0.01,1e+20)
          axes (1,0,0), (0,1,0), (0,0,1)
          dielectric constant epsilon diagonal = (11.68,11.68,11.68)
     block, center = (0,0.995,0)
          size (1e+20,0.49,1e+20)
          axes (1,0,0), (0,1,0), (0,0,1)
          dielectric constant epsilon diagonal = (11.68,11.68,11.68)
     block, center = (0,-0.25,0)
          size (1e+20,2,1e+20)
          axes (1,0,0), (0,1,0), (0,0,1)
          dielectric constant epsilon diagonal = (9,9,9)
     block, center = (0,-1.5,0)
          size (1e+20,0.5,1e+20)
          axes (1,0,0), (0,1,0), (0,0,1)
subpixel-averaging is 98.8383% done, 0.0470262 s remaining
time for set_epsilon = 12.8021 s
subpixel-averaging is 99.7314% done, 0.0107758 s remaining
subpixel-averaging is 91.906% done, 0.3523 s remaining
time for set_mu = 13.7651 s
-----------
creating output file "./wg6-eps-000000.00.h5"...
Meep progress: 0.7333333333333333/1000.0 = 0.1% done in 4.0s, 5514.3s to go
on time step 49 (time=0.816667), 0.0828526 s/step
Meep progress: 1.9666666666666666/1000.0 = 0.2% done in 8.1s, 4102.2s to go
on time step 123 (time=2.05), 0.0545271 s/step
Meep progress: 3.183333333333333/1000.0 = 0.3% done in 12.1s, 3794.3s to go
on time step 196 (time=3.26667), 0.055247 s/step
Meep progress: 4.383333333333333/1000.0 = 0.4% done in 16.1s, 3666.8s to go
on time step 268 (time=4.46667), 0.0561689 s/step
Meep progress: 5.633333333333333/1000.0 = 0.6% done in 20.1s, 3555.6s to go
on time step 348 (time=5.8), 0.0500745 s/step
Meep progress: 7.833333333333333/1000.0 = 0.8% done in 24.2s, 3059.8s to go
on time step 479 (time=7.98333), 0.0305871 s/step
Meep progress: 10.016666666666666/1000.0 = 1.0% done in 28.2s, 2784.7s to go
on time step 610 (time=10.1667), 0.0305349 s/step
Meep progress: 12.183333333333334/1000.0 = 1.2% done in 32.2s, 2611.0s to go
on time step 739 (time=12.3167), 0.0311066 s/step
Meep progress: 14.366666666666667/1000.0 = 1.4% done in 36.2s, 2486.0s to go
on time step 870 (time=14.5), 0.0307475 s/step
Meep progress: 16.55/1000.0 = 1.7% done in 40.3s, 2392.7s to go
on time step 1000 (time=16.6667), 0.0308098 s/step
Meep progress: 18.7/1000.0 = 1.9% done in 44.3s, 2324.4s to go
on time step 1129 (time=18.8167), 0.0311532 s/step
Meep progress: 20.833333333333332/1000.0 = 2.1% done in 48.3s, 2270.9s to go
on time step 1257 (time=20.95), 0.0313147 s/step
Meep progress: 22.866666666666667/1000.0 = 2.3% done in 52.3s, 2236.2s to go
on time step 1378 (time=22.9667), 0.0331943 s/step
Meep progress: 24.866666666666667/1000.0 = 2.5% done in 56.4s, 2210.1s to go
on time step 1498 (time=24.9667), 0.0333552 s/step
Meep progress: 26.983333333333334/1000.0 = 2.7% done in 60.4s, 2177.6s to go
on time step 1625 (time=27.0833), 0.0317281 s/step
Meep progress: 28.916666666666668/1000.0 = 2.9% done in 64.4s, 2162.5s to go
on time step 1740 (time=29), 0.0349943 s/step
creating output file "./wg6-ez-000030.00.h5"...
Meep progress: 30.633333333333333/1000.0 = 3.1% done in 68.4s, 2165.1s to go
on time step 1843 (time=30.7167), 0.0389076 s/step
Meep progress: 32.61666666666667/1000.0 = 3.3% done in 72.4s, 2148.3s to go
on time step 1963 (time=32.7167), 0.0334137 s/step
Meep progress: 34.71666666666667/1000.0 = 3.5% done in 76.5s, 2126.0s to go
on time step 2089 (time=34.8167), 0.0319354 s/step
Meep progress: 36.86666666666667/1000.0 = 3.7% done in 80.5s, 2102.1s to go
on time step 2218 (time=36.9667), 0.0310998 s/step
Meep progress: 38.96666666666667/1000.0 = 3.9% done in 84.5s, 2083.9s to go
on time step 2344 (time=39.0667), 0.0319482 s/step
Meep progress: 41.083333333333336/1000.0 = 4.1% done in 88.5s, 2065.7s to go
on time step 2471 (time=41.1833), 0.031511 s/step
Meep progress: 43.25/1000.0 = 4.3% done in 92.5s, 2046.9s to go
on time step 2601 (time=43.35), 0.0309763 s/step
Meep progress: 45.4/1000.0 = 4.5% done in 96.5s, 2029.8s to go
on time step 2730 (time=45.5), 0.0310398 s/step
Meep progress: 47.55/1000.0 = 4.8% done in 100.5s, 2013.8s to go
on time step 2859 (time=47.65), 0.0310251 s/step
Meep progress: 49.7/1000.0 = 5.0% done in 104.5s, 1999.0s to go
on time step 2987 (time=49.7833), 0.0312614 s/step
Meep progress: 51.85/1000.0 = 5.2% done in 108.6s, 1985.4s to go
on time step 3116 (time=51.9333), 0.0310634 s/step
Meep progress: 54.0/1000.0 = 5.4% done in 112.6s, 1972.7s to go
on time step 3245 (time=54.0833), 0.0312332 s/step
Meep progress: 56.166666666666664/1000.0 = 5.6% done in 116.6s, 1959.9s to go
on time step 3375 (time=56.25), 0.0309951 s/step
Meep progress: 58.333333333333336/1000.0 = 5.8% done in 120.7s, 1947.8s to go
on time step 3505 (time=58.4167), 0.0309916 s/step
creating output file "./wg6-ez-000060.00.h5"...
Meep progress: 60.233333333333334/1000.0 = 6.0% done in 124.7s, 1945.1s to go
on time step 3617 (time=60.2833), 0.0358834 s/step
Meep progress: 62.36666666666667/1000.0 = 6.2% done in 128.7s, 1934.8s to go
on time step 3747 (time=62.45), 0.030884 s/step
Meep progress: 64.51666666666667/1000.0 = 6.5% done in 132.7s, 1924.3s to go
on time step 3876 (time=64.6), 0.0311446 s/step
Meep progress: 66.65/1000.0 = 6.7% done in 136.7s, 1914.7s to go
on time step 4004 (time=66.7333), 0.0314182 s/step
Meep progress: 68.8/1000.0 = 6.9% done in 140.7s, 1904.8s to go
on time step 4134 (time=68.9), 0.0310044 s/step
Meep progress: 70.96666666666667/1000.0 = 7.1% done in 144.8s, 1895.0s to go
on time step 4264 (time=71.0667), 0.0308941 s/step
Meep progress: 73.11666666666666/1000.0 = 7.3% done in 148.8s, 1885.7s to go
on time step 4393 (time=73.2167), 0.0310665 s/step
Meep progress: 75.28333333333333/1000.0 = 7.5% done in 152.8s, 1876.6s to go
on time step 4523 (time=75.3833), 0.0309343 s/step
Meep progress: 77.43333333333334/1000.0 = 7.7% done in 156.8s, 1868.1s to go
on time step 4652 (time=77.5333), 0.0311404 s/step
Meep progress: 79.58333333333333/1000.0 = 8.0% done in 160.8s, 1860.0s to go
on time step 4781 (time=79.6833), 0.0312033 s/step
Meep progress: 81.71666666666667/1000.0 = 8.2% done in 164.8s, 1852.5s to go
on time step 4909 (time=81.8167), 0.0314417 s/step
Meep progress: 83.86666666666666/1000.0 = 8.4% done in 168.9s, 1844.8s to go
on time step 5037 (time=83.95), 0.0312704 s/step
Meep progress: 86.03333333333333/1000.0 = 8.6% done in 172.9s, 1836.8s to go
on time step 5167 (time=86.1167), 0.0309362 s/step
Meep progress: 88.18333333333334/1000.0 = 8.8% done in 176.9s, 1829.4s to go
on time step 5296 (time=88.2667), 0.0310372 s/step
creating output file "./wg6-ez-000090.00.h5"...
Meep progress: 90.08333333333333/1000.0 = 9.0% done in 181.0s, 1827.8s to go
on time step 5410 (time=90.1667), 0.0353228 s/step
Meep progress: 92.15/1000.0 = 9.2% done in 185.0s, 1822.3s to go
on time step 5534 (time=92.2333), 0.0324359 s/step
Meep progress: 94.23333333333333/1000.0 = 9.4% done in 189.0s, 1816.4s to go
on time step 5659 (time=94.3167), 0.0321619 s/step
Meep progress: 96.26666666666667/1000.0 = 9.6% done in 193.0s, 1811.7s to go
on time step 5782 (time=96.3667), 0.0327443 s/step
Meep progress: 98.36666666666666/1000.0 = 9.8% done in 197.0s, 1805.5s to go
on time step 5909 (time=98.4833), 0.0317255 s/step
Meep progress: 100.51666666666667/1000.0 = 10.1% done in 201.0s, 1798.7s to go
on time step 6038 (time=100.633), 0.0311391 s/step
Meep progress: 102.66666666666667/1000.0 = 10.3% done in 205.0s, 1791.9s to go
on time step 6167 (time=102.783), 0.0310732 s/step
Meep progress: 104.81666666666666/1000.0 = 10.5% done in 209.0s, 1785.2s to go
on time step 6296 (time=104.933), 0.0311288 s/step
Meep progress: 106.93333333333334/1000.0 = 10.7% done in 213.0s, 1779.2s to go
on time step 6423 (time=107.05), 0.0315918 s/step
Meep progress: 108.98333333333333/1000.0 = 10.9% done in 217.0s, 1774.4s to go
on time step 6546 (time=109.1), 0.0325877 s/step
Meep progress: 111.08333333333333/1000.0 = 11.1% done in 221.1s, 1768.9s to go
on time step 6672 (time=111.2), 0.0318952 s/step
Meep progress: 113.2/1000.0 = 11.3% done in 225.1s, 1763.0s to go
on time step 6800 (time=113.333), 0.0314708 s/step
Meep progress: 115.3/1000.0 = 11.5% done in 229.1s, 1757.7s to go
on time step 6926 (time=115.433), 0.0320192 s/step
Meep progress: 117.38333333333333/1000.0 = 11.7% done in 233.1s, 1752.6s to go
on time step 7051 (time=117.517), 0.0320386 s/step
Meep progress: 119.5/1000.0 = 12.0% done in 237.1s, 1747.0s to go
on time step 7178 (time=119.633), 0.0316894 s/step
creating output file "./wg6-ez-000120.00.h5"...
Meep progress: 121.38333333333333/1000.0 = 12.1% done in 241.1s, 1745.3s to go
on time step 7291 (time=121.517), 0.0354749 s/step
Meep progress: 123.48333333333333/1000.0 = 12.3% done in 245.1s, 1740.1s to go
on time step 7416 (time=123.6), 0.0320309 s/step
Meep progress: 125.55/1000.0 = 12.6% done in 249.2s, 1735.3s to go
on time step 7541 (time=125.683), 0.032146 s/step
Meep progress: 127.66666666666667/1000.0 = 12.8% done in 253.2s, 1729.9s to go
on time step 7668 (time=127.8), 0.0317346 s/step
Meep progress: 129.71666666666667/1000.0 = 13.0% done in 257.2s, 1725.5s to go
on time step 7790 (time=129.833), 0.0329738 s/step
Meep progress: 131.61666666666667/1000.0 = 13.2% done in 261.2s, 1723.4s to go
on time step 7904 (time=131.733), 0.0351116 s/step
Meep progress: 133.68333333333334/1000.0 = 13.4% done in 265.2s, 1718.8s to go
on time step 8028 (time=133.8), 0.0322697 s/step
Meep progress: 135.55/1000.0 = 13.6% done in 269.3s, 1717.1s to go
on time step 8139 (time=135.65), 0.036109 s/step
Meep progress: 137.6/1000.0 = 13.8% done in 273.3s, 1712.8s to go
on time step 8262 (time=137.7), 0.0325612 s/step
Meep progress: 139.7/1000.0 = 14.0% done in 277.3s, 1707.7s to go
on time step 8387 (time=139.783), 0.032036 s/step
Meep progress: 141.75/1000.0 = 14.2% done in 281.3s, 1703.3s to go
on time step 8510 (time=141.833), 0.0325729 s/step
Meep progress: 143.86666666666667/1000.0 = 14.4% done in 285.4s, 1698.2s to go
on time step 8636 (time=143.933), 0.0318094 s/step
Meep progress: 146.0/1000.0 = 14.6% done in 289.4s, 1692.7s to go
on time step 8764 (time=146.067), 0.0313883 s/step
Meep progress: 148.05/1000.0 = 14.8% done in 293.4s, 1688.3s to go
on time step 8884 (time=148.067), 0.033599 s/step
Meep progress: 149.95/1000.0 = 15.0% done in 297.4s, 1685.9s to go
creating output file "./wg6-ez-000150.00.h5"...
on time step 9000 (time=150), 0.0381672 s/step
Meep progress: 151.75/1000.0 = 15.2% done in 301.4s, 1684.9s to go
on time step 9122 (time=152.033), 0.0328606 s/step
Meep progress: 153.78333333333333/1000.0 = 15.4% done in 305.4s, 1680.7s to go
on time step 9245 (time=154.083), 0.0325737 s/step
Meep progress: 155.93333333333334/1000.0 = 15.6% done in 309.5s, 1675.1s to go
on time step 9373 (time=156.217), 0.0314023 s/step
Meep progress: 158.05/1000.0 = 15.8% done in 313.5s, 1670.0s to go
on time step 9500 (time=158.333), 0.0315504 s/step
Meep progress: 160.16666666666666/1000.0 = 16.0% done in 317.5s, 1664.8s to go
on time step 9627 (time=160.45), 0.0316554 s/step
Meep progress: 162.28333333333333/1000.0 = 16.2% done in 321.5s, 1659.6s to go
on time step 9754 (time=162.567), 0.0315219 s/step
Meep progress: 164.4/1000.0 = 16.4% done in 325.5s, 1654.5s to go
on time step 9879 (time=164.65), 0.0320192 s/step
Meep progress: 166.48333333333332/1000.0 = 16.6% done in 329.5s, 1649.8s to go
on time step 10005 (time=166.75), 0.0317949 s/step
Meep progress: 168.61666666666667/1000.0 = 16.9% done in 333.6s, 1644.6s to go
on time step 10134 (time=168.9), 0.0312177 s/step
Meep progress: 170.76666666666665/1000.0 = 17.1% done in 337.6s, 1639.2s to go
on time step 10263 (time=171.05), 0.0310118 s/step
Meep progress: 172.91666666666666/1000.0 = 17.3% done in 341.6s, 1633.7s to go
on time step 10392 (time=173.2), 0.0310579 s/step
Meep progress: 175.06666666666666/1000.0 = 17.5% done in 345.6s, 1628.4s to go
on time step 10521 (time=175.35), 0.0311674 s/step
Meep progress: 177.2/1000.0 = 17.7% done in 349.6s, 1623.3s to go
on time step 10648 (time=177.467), 0.0315442 s/step
Meep progress: 179.28333333333333/1000.0 = 17.9% done in 353.6s, 1618.8s to go
on time step 10773 (time=179.55), 0.0320874 s/step
creating output file "./wg6-ez-000180.00.h5"...
Meep progress: 181.1/1000.0 = 18.1% done in 357.6s, 1617.2s to go
on time step 10878 (time=181.3), 0.0381707 s/step
Meep progress: 183.11666666666667/1000.0 = 18.3% done in 361.7s, 1613.3s to go
on time step 11002 (time=183.367), 0.032438 s/step
Meep progress: 185.2/1000.0 = 18.5% done in 365.7s, 1608.8s to go
on time step 11128 (time=185.467), 0.0319619 s/step
Meep progress: 187.31666666666666/1000.0 = 18.7% done in 369.7s, 1604.0s to go
on time step 11255 (time=187.583), 0.0316846 s/step
Meep progress: 189.46666666666667/1000.0 = 18.9% done in 373.7s, 1598.8s to go
on time step 11384 (time=189.733), 0.0312158 s/step
Meep progress: 191.6/1000.0 = 19.2% done in 377.8s, 1593.8s to go
on time step 11512 (time=191.867), 0.031399 s/step
Meep progress: 193.75/1000.0 = 19.4% done in 381.8s, 1588.7s to go
on time step 11641 (time=194.017), 0.0312548 s/step
Meep progress: 195.83333333333334/1000.0 = 19.6% done in 385.8s, 1584.2s to go
on time step 11765 (time=196.083), 0.0322999 s/step
Meep progress: 197.93333333333334/1000.0 = 19.8% done in 389.8s, 1579.6s to go
on time step 11892 (time=198.2), 0.0317114 s/step
Meep progress: 200.03333333333333/1000.0 = 20.0% done in 393.8s, 1575.0s to go
on time step 12017 (time=200.283), 0.0320446 s/step
Meep progress: 202.15/1000.0 = 20.2% done in 397.8s, 1570.2s to go
on time step 12144 (time=202.4), 0.0315172 s/step
Meep progress: 204.16666666666666/1000.0 = 20.4% done in 401.9s, 1566.5s to go
on time step 12264 (time=204.4), 0.0334046 s/step
Meep progress: 206.28333333333333/1000.0 = 20.6% done in 405.9s, 1561.8s to go
on time step 12391 (time=206.517), 0.0315339 s/step
Meep progress: 208.41666666666666/1000.0 = 20.8% done in 409.9s, 1556.8s to go
on time step 12519 (time=208.65), 0.0314436 s/step
creating output file "./wg6-ez-000210.00.h5"...
Meep progress: 210.28333333333333/1000.0 = 21.0% done in 413.9s, 1554.5s to go
on time step 12630 (time=210.5), 0.0361242 s/step
Meep progress: 212.38333333333333/1000.0 = 21.2% done in 417.9s, 1549.9s to go
on time step 12757 (time=212.617), 0.0315166 s/step
Meep progress: 214.51666666666665/1000.0 = 21.5% done in 421.9s, 1545.0s to go
on time step 12885 (time=214.75), 0.0314432 s/step
Meep progress: 216.66666666666666/1000.0 = 21.7% done in 426.0s, 1540.0s to go
on time step 13014 (time=216.9), 0.0310647 s/step
Meep progress: 218.79999999999998/1000.0 = 21.9% done in 430.0s, 1535.2s to go
on time step 13141 (time=219.017), 0.0315847 s/step
Meep progress: 220.91666666666666/1000.0 = 22.1% done in 434.0s, 1530.5s to go
on time step 13268 (time=221.133), 0.0314966 s/step
Meep progress: 223.06666666666666/1000.0 = 22.3% done in 438.0s, 1525.6s to go
on time step 13396 (time=223.267), 0.0312573 s/step
Meep progress: 225.16666666666666/1000.0 = 22.5% done in 442.0s, 1521.1s to go
on time step 13521 (time=225.35), 0.032111 s/step
Meep progress: 227.25/1000.0 = 22.7% done in 446.0s, 1516.7s to go
on time step 13648 (time=227.467), 0.031712 s/step
Meep progress: 229.26666666666665/1000.0 = 22.9% done in 450.1s, 1513.0s to go
on time step 13766 (time=229.433), 0.0339998 s/step
Meep progress: 231.1/1000.0 = 23.1% done in 454.1s, 1510.8s to go
on time step 13880 (time=231.333), 0.0352137 s/step
Meep progress: 233.11666666666667/1000.0 = 23.3% done in 458.1s, 1506.9s to go
on time step 14002 (time=233.367), 0.0327983 s/step
Meep progress: 235.23333333333332/1000.0 = 23.5% done in 462.1s, 1502.3s to go
on time step 14129 (time=235.483), 0.0316223 s/step
Meep progress: 237.25/1000.0 = 23.7% done in 466.1s, 1498.5s to go
on time step 14248 (time=237.467), 0.0338655 s/step
Meep progress: 239.25/1000.0 = 23.9% done in 470.1s, 1494.9s to go
on time step 14370 (time=239.5), 0.0330046 s/step
creating output file "./wg6-ez-000240.00.h5"...
Meep progress: 241.08333333333334/1000.0 = 24.1% done in 474.2s, 1492.6s to go
on time step 14480 (time=241.333), 0.0364659 s/step
Meep progress: 243.21666666666667/1000.0 = 24.3% done in 478.2s, 1487.9s to go
on time step 14606 (time=243.433), 0.0318197 s/step
Meep progress: 245.29999999999998/1000.0 = 24.5% done in 482.2s, 1483.6s to go
on time step 14733 (time=245.55), 0.031703 s/step
Meep progress: 247.41666666666666/1000.0 = 24.7% done in 486.2s, 1479.0s to go
on time step 14860 (time=247.667), 0.0317021 s/step
Meep progress: 249.5/1000.0 = 25.0% done in 490.3s, 1474.7s to go
on time step 14984 (time=249.733), 0.0323458 s/step
Meep progress: 251.54999999999998/1000.0 = 25.2% done in 494.3s, 1470.7s to go
on time step 15107 (time=251.783), 0.032681 s/step
Meep progress: 253.61666666666667/1000.0 = 25.4% done in 498.3s, 1466.5s to go
on time step 15231 (time=253.85), 0.0322957 s/step
Meep progress: 255.75/1000.0 = 25.6% done in 502.3s, 1461.8s to go
on time step 15359 (time=255.983), 0.0313598 s/step
Meep progress: 257.7833333333333/1000.0 = 25.8% done in 506.4s, 1457.9s to go
on time step 15480 (time=258), 0.0330677 s/step
Meep progress: 259.8333333333333/1000.0 = 26.0% done in 510.4s, 1453.8s to go
on time step 15603 (time=260.05), 0.0326772 s/step
Meep progress: 261.81666666666666/1000.0 = 26.2% done in 514.4s, 1450.3s to go
on time step 15722 (time=262.033), 0.0336492 s/step
Meep progress: 263.8666666666667/1000.0 = 26.4% done in 518.4s, 1446.2s to go
on time step 15845 (time=264.083), 0.0326369 s/step
Meep progress: 265.93333333333334/1000.0 = 26.6% done in 522.4s, 1442.1s to go
on time step 15968 (time=266.133), 0.0325348 s/step
Meep progress: 267.98333333333335/1000.0 = 26.8% done in 526.4s, 1438.0s to go
on time step 16091 (time=268.183), 0.032769 s/step
Meep progress: 269.95/1000.0 = 27.0% done in 530.5s, 1434.6s to go
creating output file "./wg6-ez-000270.00.h5"...
on time step 16200 (time=270), 0.0385248 s/step
Meep progress: 271.71666666666664/1000.0 = 27.2% done in 534.5s, 1432.6s to go
on time step 16321 (time=272.017), 0.033086 s/step
Meep progress: 273.7833333333333/1000.0 = 27.4% done in 538.5s, 1428.4s to go
on time step 16445 (time=274.083), 0.0324687 s/step
Meep progress: 275.8333333333333/1000.0 = 27.6% done in 542.5s, 1424.3s to go
on time step 16568 (time=276.133), 0.0325602 s/step
Meep progress: 277.9/1000.0 = 27.8% done in 546.5s, 1420.1s to go
on time step 16692 (time=278.2), 0.0324756 s/step
Meep progress: 280.01666666666665/1000.0 = 28.0% done in 550.5s, 1415.6s to go
on time step 16819 (time=280.317), 0.0315948 s/step
Meep progress: 282.1333333333333/1000.0 = 28.2% done in 554.5s, 1411.0s to go
on time step 16947 (time=282.45), 0.0314708 s/step
Meep progress: 284.26666666666665/1000.0 = 28.4% done in 558.6s, 1406.4s to go
on time step 17075 (time=284.583), 0.0313795 s/step
Meep progress: 286.4/1000.0 = 28.6% done in 562.6s, 1401.7s to go
on time step 17203 (time=286.717), 0.0314218 s/step
Meep progress: 288.5333333333333/1000.0 = 28.9% done in 566.6s, 1397.1s to go
on time step 17331 (time=288.85), 0.0314032 s/step
Meep progress: 290.6666666666667/1000.0 = 29.1% done in 570.6s, 1392.6s to go
on time step 17459 (time=290.983), 0.0314532 s/step
Meep progress: 292.7833333333333/1000.0 = 29.3% done in 574.6s, 1388.0s to go
on time step 17586 (time=293.1), 0.0315571 s/step
Meep progress: 294.9166666666667/1000.0 = 29.5% done in 578.6s, 1383.4s to go
on time step 17714 (time=295.233), 0.0313201 s/step
Meep progress: 297.0333333333333/1000.0 = 29.7% done in 582.6s, 1378.9s to go
on time step 17841 (time=297.35), 0.0315183 s/step
Meep progress: 299.1333333333333/1000.0 = 29.9% done in 586.6s, 1374.5s to go
on time step 17967 (time=299.45), 0.0317926 s/step
creating output file "./wg6-ez-000300.00.h5"...
Meep progress: 300.95/1000.0 = 30.1% done in 590.7s, 1372.0s to go
on time step 18077 (time=301.283), 0.0366191 s/step
Meep progress: 303.06666666666666/1000.0 = 30.3% done in 594.7s, 1367.5s to go
on time step 18204 (time=303.4), 0.0317919 s/step
Meep progress: 305.1666666666667/1000.0 = 30.5% done in 598.7s, 1363.1s to go
on time step 18331 (time=305.517), 0.0317333 s/step
Meep progress: 307.2/1000.0 = 30.7% done in 602.7s, 1359.2s to go
on time step 18453 (time=307.55), 0.0329614 s/step
Meep progress: 309.3/1000.0 = 30.9% done in 606.7s, 1354.9s to go
on time step 18579 (time=309.65), 0.0319171 s/step
Meep progress: 311.4/1000.0 = 31.1% done in 610.7s, 1350.5s to go
on time step 18703 (time=311.717), 0.0325483 s/step
Meep progress: 313.3833333333333/1000.0 = 31.3% done in 614.7s, 1346.9s to go
on time step 18825 (time=313.75), 0.0329311 s/step
Meep progress: 315.5/1000.0 = 31.6% done in 618.7s, 1342.4s to go
on time step 18952 (time=315.867), 0.0316966 s/step
Meep progress: 317.5333333333333/1000.0 = 31.8% done in 622.8s, 1338.5s to go
on time step 19069 (time=317.817), 0.0342883 s/step
Meep progress: 319.48333333333335/1000.0 = 31.9% done in 626.8s, 1335.1s to go
on time step 19190 (time=319.833), 0.0331173 s/step
Meep progress: 321.3333333333333/1000.0 = 32.1% done in 630.8s, 1332.3s to go
on time step 19296 (time=321.6), 0.0378259 s/step
Meep progress: 322.98333333333335/1000.0 = 32.3% done in 634.9s, 1330.8s to go
on time step 19392 (time=323.2), 0.0416685 s/step
Meep progress: 324.96666666666664/1000.0 = 32.5% done in 638.9s, 1327.1s to go
on time step 19517 (time=325.283), 0.0320482 s/step
Meep progress: 327.1/1000.0 = 32.7% done in 642.9s, 1322.6s to go
on time step 19645 (time=327.417), 0.0314163 s/step
Meep progress: 329.21666666666664/1000.0 = 32.9% done in 646.9s, 1318.1s to go
on time step 19771 (time=329.517), 0.0318074 s/step
creating output file "./wg6-ez-000330.00.h5"...
Meep progress: 331.0333333333333/1000.0 = 33.1% done in 650.9s, 1315.4s to go
on time step 19881 (time=331.35), 0.0367188 s/step
Meep progress: 332.8/1000.0 = 33.3% done in 655.0s, 1313.1s to go
on time step 19982 (time=333.033), 0.0399739 s/step
Meep progress: 334.5833333333333/1000.0 = 33.5% done in 659.0s, 1310.6s to go
on time step 20092 (time=334.867), 0.0365218 s/step
Meep progress: 336.55/1000.0 = 33.7% done in 663.0s, 1307.0s to go
on time step 20212 (time=336.867), 0.0334572 s/step
Meep progress: 338.46666666666664/1000.0 = 33.8% done in 667.0s, 1303.7s to go
on time step 20326 (time=338.767), 0.0351961 s/step
Meep progress: 340.55/1000.0 = 34.1% done in 671.0s, 1299.4s to go
on time step 20453 (time=340.883), 0.0316427 s/step
Meep progress: 342.4/1000.0 = 34.2% done in 675.0s, 1296.5s to go
on time step 20561 (time=342.683), 0.0373172 s/step
Meep progress: 343.96666666666664/1000.0 = 34.4% done in 679.1s, 1295.1s to go
on time step 20656 (time=344.267), 0.0422165 s/step
Meep progress: 345.96666666666664/1000.0 = 34.6% done in 683.1s, 1291.3s to go
on time step 20776 (time=346.267), 0.0334757 s/step
Meep progress: 348.05/1000.0 = 34.8% done in 687.1s, 1287.1s to go
on time step 20902 (time=348.367), 0.0317586 s/step
Meep progress: 350.1666666666667/1000.0 = 35.0% done in 691.1s, 1282.6s to go
on time step 21029 (time=350.483), 0.0315218 s/step
Meep progress: 352.2833333333333/1000.0 = 35.2% done in 695.1s, 1278.1s to go
on time step 21157 (time=352.617), 0.0314763 s/step
Meep progress: 354.4166666666667/1000.0 = 35.4% done in 699.2s, 1273.5s to go
on time step 21284 (time=354.733), 0.031603 s/step
Meep progress: 356.5333333333333/1000.0 = 35.7% done in 703.2s, 1269.1s to go
on time step 21411 (time=356.85), 0.0315127 s/step
Meep progress: 358.65/1000.0 = 35.9% done in 707.2s, 1264.6s to go
on time step 21534 (time=358.9), 0.0327743 s/step
creating output file "./wg6-ez-000360.00.h5"...
Meep progress: 360.4166666666667/1000.0 = 36.0% done in 711.2s, 1262.1s to go
on time step 21644 (time=360.733), 0.0363849 s/step
Meep progress: 362.55/1000.0 = 36.3% done in 715.2s, 1257.5s to go
on time step 21772 (time=362.867), 0.0314504 s/step
Meep progress: 364.6666666666667/1000.0 = 36.5% done in 719.2s, 1253.0s to go
on time step 21900 (time=365), 0.0314252 s/step
Meep progress: 366.7833333333333/1000.0 = 36.7% done in 723.2s, 1248.6s to go
on time step 22027 (time=367.117), 0.0315264 s/step
Meep progress: 368.9166666666667/1000.0 = 36.9% done in 727.2s, 1244.1s to go
on time step 22155 (time=369.25), 0.0314464 s/step
Meep progress: 370.5833333333333/1000.0 = 37.1% done in 731.3s, 1242.1s to go
on time step 22245 (time=370.75), 0.0445714 s/step
Meep progress: 372.2/1000.0 = 37.2% done in 735.3s, 1240.3s to go
on time step 22348 (time=372.467), 0.0388404 s/step
Meep progress: 374.23333333333335/1000.0 = 37.4% done in 739.3s, 1236.3s to go
on time step 22471 (time=374.517), 0.0325815 s/step
Meep progress: 375.95/1000.0 = 37.6% done in 743.3s, 1233.9s to go
on time step 22572 (time=376.2), 0.03981 s/step
Meep progress: 377.51666666666665/1000.0 = 37.8% done in 747.4s, 1232.3s to go
on time step 22670 (time=377.833), 0.0409687 s/step
Meep progress: 379.6333333333333/1000.0 = 38.0% done in 751.4s, 1227.8s to go
on time step 22797 (time=379.95), 0.0317366 s/step
Meep progress: 381.75/1000.0 = 38.2% done in 755.4s, 1223.3s to go
on time step 22925 (time=382.083), 0.0313655 s/step
Meep progress: 383.8666666666667/1000.0 = 38.4% done in 759.4s, 1218.8s to go
on time step 23052 (time=384.2), 0.0316304 s/step
Meep progress: 386.0/1000.0 = 38.6% done in 763.4s, 1214.3s to go
on time step 23180 (time=386.333), 0.0313324 s/step
Meep progress: 388.1166666666667/1000.0 = 38.8% done in 767.4s, 1209.9s to go
on time step 23306 (time=388.433), 0.0318611 s/step
creating output file "./wg6-ez-000390.00.h5"...
Meep progress: 390.01666666666665/1000.0 = 39.0% done in 771.6s, 1206.7s to go
on time step 23416 (time=390.267), 0.0364193 s/step
Meep progress: 392.0833333333333/1000.0 = 39.2% done in 775.6s, 1202.5s to go
on time step 23539 (time=392.317), 0.0325777 s/step
Meep progress: 394.1166666666667/1000.0 = 39.4% done in 779.6s, 1198.5s to go
on time step 23660 (time=394.333), 0.0332038 s/step
Meep progress: 396.1/1000.0 = 39.6% done in 783.6s, 1194.8s to go
on time step 23780 (time=396.333), 0.0335821 s/step
Meep progress: 398.15/1000.0 = 39.8% done in 787.7s, 1190.6s to go
on time step 23903 (time=398.383), 0.032684 s/step
Meep progress: 399.73333333333335/1000.0 = 40.0% done in 791.7s, 1188.8s to go
on time step 23997 (time=399.95), 0.0427166 s/step
Meep progress: 401.75/1000.0 = 40.2% done in 795.7s, 1184.9s to go
on time step 24119 (time=401.983), 0.0328844 s/step
Meep progress: 403.8/1000.0 = 40.4% done in 799.7s, 1180.7s to go
on time step 24238 (time=403.967), 0.0337093 s/step
Meep progress: 405.31666666666666/1000.0 = 40.5% done in 803.7s, 1179.2s to go
on time step 24328 (time=405.467), 0.0446541 s/step
Meep progress: 407.26666666666665/1000.0 = 40.7% done in 807.7s, 1175.6s to go
on time step 24450 (time=407.5), 0.032859 s/step
Meep progress: 409.3833333333333/1000.0 = 40.9% done in 811.8s, 1171.1s to go
on time step 24577 (time=409.617), 0.0317315 s/step
Meep progress: 411.46666666666664/1000.0 = 41.1% done in 815.8s, 1166.8s to go
on time step 24701 (time=411.683), 0.0323519 s/step
Meep progress: 413.5/1000.0 = 41.4% done in 819.8s, 1162.8s to go
on time step 24824 (time=413.733), 0.0326815 s/step
Meep progress: 415.5333333333333/1000.0 = 41.6% done in 823.8s, 1158.7s to go
on time step 24947 (time=415.783), 0.0327562 s/step
Meep progress: 417.65/1000.0 = 41.8% done in 827.8s, 1154.3s to go
on time step 25073 (time=417.883), 0.0318086 s/step
Meep progress: 419.76666666666665/1000.0 = 42.0% done in 831.8s, 1149.8s to go
creating output file "./wg6-ez-000420.00.h5"...
on time step 25200 (time=420), 0.0354239 s/step
Meep progress: 421.59999999999997/1000.0 = 42.2% done in 835.8s, 1146.7s to go
on time step 25326 (time=422.1), 0.0319031 s/step
Meep progress: 423.73333333333335/1000.0 = 42.4% done in 839.9s, 1142.2s to go
on time step 25454 (time=424.233), 0.0313208 s/step
Meep progress: 425.8666666666667/1000.0 = 42.6% done in 843.9s, 1137.7s to go
on time step 25581 (time=426.35), 0.0316145 s/step
Meep progress: 427.98333333333335/1000.0 = 42.8% done in 847.9s, 1133.3s to go
on time step 25708 (time=428.467), 0.0315313 s/step
Meep progress: 430.1333333333333/1000.0 = 43.0% done in 851.9s, 1128.7s to go
on time step 25837 (time=430.617), 0.0311656 s/step
Meep progress: 432.26666666666665/1000.0 = 43.2% done in 855.9s, 1124.2s to go
on time step 25965 (time=432.75), 0.031283 s/step
Meep progress: 434.4166666666667/1000.0 = 43.4% done in 860.0s, 1119.6s to go
on time step 26094 (time=434.9), 0.0311955 s/step
Meep progress: 436.5/1000.0 = 43.6% done in 864.0s, 1115.4s to go
on time step 26216 (time=436.933), 0.0328482 s/step
Meep progress: 438.0333333333333/1000.0 = 43.8% done in 868.0s, 1113.6s to go
on time step 26299 (time=438.317), 0.0485582 s/step
Meep progress: 439.8833333333333/1000.0 = 44.0% done in 872.0s, 1110.4s to go
on time step 26421 (time=440.35), 0.0330202 s/step
Meep progress: 441.6166666666667/1000.0 = 44.2% done in 876.0s, 1107.7s to go
on time step 26524 (time=442.067), 0.0390384 s/step
Meep progress: 443.2/1000.0 = 44.3% done in 880.1s, 1105.6s to go
on time step 26612 (time=443.533), 0.0454985 s/step
Meep progress: 445.09999999999997/1000.0 = 44.5% done in 884.1s, 1102.2s to go
on time step 26732 (time=445.533), 0.033556 s/step
Meep progress: 447.1666666666667/1000.0 = 44.7% done in 888.1s, 1098.0s to go
on time step 26856 (time=447.6), 0.0323148 s/step
Meep progress: 449.23333333333335/1000.0 = 44.9% done in 892.1s, 1093.8s to go
on time step 26982 (time=449.7), 0.0319099 s/step
creating output file "./wg6-ez-000450.00.h5"...
Meep progress: 451.0833333333333/1000.0 = 45.1% done in 896.2s, 1090.5s to go
on time step 27093 (time=451.55), 0.0362769 s/step
Meep progress: 453.2/1000.0 = 45.3% done in 900.2s, 1086.1s to go
on time step 27220 (time=453.667), 0.0315444 s/step
Meep progress: 455.34999999999997/1000.0 = 45.5% done in 904.2s, 1081.5s to go
on time step 27342 (time=455.7), 0.0328706 s/step
Meep progress: 457.34999999999997/1000.0 = 45.7% done in 908.2s, 1077.6s to go
on time step 27468 (time=457.8), 0.0317633 s/step
Meep progress: 459.48333333333335/1000.0 = 45.9% done in 912.2s, 1073.1s to go
on time step 27596 (time=459.933), 0.0313429 s/step
Meep progress: 461.6166666666667/1000.0 = 46.2% done in 916.3s, 1068.6s to go
on time step 27723 (time=462.05), 0.0316428 s/step
Meep progress: 463.73333333333335/1000.0 = 46.4% done in 920.3s, 1064.2s to go
on time step 27850 (time=464.167), 0.0316435 s/step
Meep progress: 465.84999999999997/1000.0 = 46.6% done in 924.3s, 1059.8s to go
on time step 27977 (time=466.283), 0.0316577 s/step
Meep progress: 467.98333333333335/1000.0 = 46.8% done in 928.3s, 1055.4s to go
on time step 28105 (time=468.417), 0.0314026 s/step
Meep progress: 470.1166666666667/1000.0 = 47.0% done in 932.4s, 1050.9s to go
on time step 28232 (time=470.533), 0.0315262 s/step
Meep progress: 472.23333333333335/1000.0 = 47.2% done in 936.4s, 1046.5s to go
on time step 28359 (time=472.65), 0.0316109 s/step
Meep progress: 474.34999999999997/1000.0 = 47.4% done in 940.4s, 1042.1s to go
on time step 28486 (time=474.767), 0.0316168 s/step
Meep progress: 476.48333333333335/1000.0 = 47.6% done in 944.4s, 1037.7s to go
on time step 28613 (time=476.883), 0.0315125 s/step
Meep progress: 478.59999999999997/1000.0 = 47.9% done in 948.4s, 1033.3s to go
on time step 28740 (time=479), 0.0315 s/step
creating output file "./wg6-ez-000480.00.h5"...
Meep progress: 480.45/1000.0 = 48.0% done in 952.5s, 1030.0s to go
on time step 28850 (time=480.833), 0.0364465 s/step
Meep progress: 482.55/1000.0 = 48.3% done in 956.5s, 1025.7s to go
on time step 28977 (time=482.95), 0.0316738 s/step
Meep progress: 484.68333333333334/1000.0 = 48.5% done in 960.5s, 1021.2s to go
on time step 29105 (time=485.083), 0.0314758 s/step
Meep progress: 486.7833333333333/1000.0 = 48.7% done in 964.5s, 1016.9s to go
on time step 29230 (time=487.167), 0.0321147 s/step
Meep progress: 488.9/1000.0 = 48.9% done in 968.5s, 1012.5s to go
on time step 29358 (time=489.3), 0.0315392 s/step
Meep progress: 491.0333333333333/1000.0 = 49.1% done in 972.6s, 1008.1s to go
on time step 29486 (time=491.433), 0.0313946 s/step
Meep progress: 493.1666666666667/1000.0 = 49.3% done in 976.6s, 1003.7s to go
on time step 29613 (time=493.55), 0.0315244 s/step
Meep progress: 495.18333333333334/1000.0 = 49.5% done in 980.6s, 999.7s to go
on time step 29731 (time=495.517), 0.0340965 s/step
Meep progress: 497.05/1000.0 = 49.7% done in 984.6s, 996.3s to go
on time step 29846 (time=497.433), 0.034925 s/step
Meep progress: 499.0833333333333/1000.0 = 49.9% done in 988.6s, 992.3s to go
on time step 29966 (time=499.433), 0.0333743 s/step
Meep progress: 501.1333333333333/1000.0 = 50.1% done in 992.7s, 988.2s to go
on time step 30088 (time=501.467), 0.033029 s/step
Meep progress: 503.1166666666667/1000.0 = 50.3% done in 996.7s, 984.3s to go
on time step 30208 (time=503.467), 0.0335671 s/step
Meep progress: 505.18333333333334/1000.0 = 50.5% done in 1000.7s, 980.2s to go
on time step 30334 (time=505.567), 0.0319068 s/step
Meep progress: 507.3/1000.0 = 50.7% done in 1004.7s, 975.8s to go
on time step 30461 (time=507.683), 0.0316862 s/step
Meep progress: 509.4166666666667/1000.0 = 50.9% done in 1008.7s, 971.5s to go
on time step 30588 (time=509.8), 0.0316437 s/step
creating output file "./wg6-ez-000510.00.h5"...
Meep progress: 511.18333333333334/1000.0 = 51.1% done in 1012.8s, 968.5s to go
on time step 30694 (time=511.567), 0.0377406 s/step
Meep progress: 513.3166666666666/1000.0 = 51.3% done in 1016.8s, 964.1s to go
on time step 30820 (time=513.667), 0.0318841 s/step
Meep progress: 515.4333333333333/1000.0 = 51.5% done in 1020.8s, 959.7s to go
on time step 30948 (time=515.8), 0.0314264 s/step
Meep progress: 517.5333333333333/1000.0 = 51.8% done in 1024.8s, 955.4s to go
on time step 31075 (time=517.917), 0.0316718 s/step
Meep progress: 519.6666666666666/1000.0 = 52.0% done in 1028.8s, 951.0s to go
on time step 31203 (time=520.05), 0.0314604 s/step
Meep progress: 521.7/1000.0 = 52.2% done in 1032.8s, 946.9s to go
on time step 31326 (time=522.1), 0.0326975 s/step
Meep progress: 523.8166666666666/1000.0 = 52.4% done in 1036.8s, 942.6s to go
on time step 31453 (time=524.217), 0.0315525 s/step
Meep progress: 525.9166666666666/1000.0 = 52.6% done in 1040.9s, 938.3s to go
on time step 31579 (time=526.317), 0.031978 s/step
Meep progress: 527.9166666666666/1000.0 = 52.8% done in 1044.9s, 934.4s to go
on time step 31699 (time=528.317), 0.0334359 s/step
Meep progress: 529.9166666666666/1000.0 = 53.0% done in 1048.9s, 930.5s to go
on time step 31818 (time=530.3), 0.0337326 s/step
Meep progress: 532.0/1000.0 = 53.2% done in 1052.9s, 926.3s to go
on time step 31943 (time=532.383), 0.0320774 s/step
Meep progress: 534.05/1000.0 = 53.4% done in 1056.9s, 922.2s to go
on time step 32067 (time=534.45), 0.0324264 s/step
Meep progress: 536.1833333333333/1000.0 = 53.6% done in 1061.0s, 917.8s to go
on time step 32195 (time=536.583), 0.0315236 s/step
Meep progress: 538.1666666666666/1000.0 = 53.8% done in 1065.0s, 913.9s to go
on time step 32314 (time=538.567), 0.0337391 s/step
creating output file "./wg6-ez-000540.00.h5"...
Meep progress: 540.0166666666667/1000.0 = 54.0% done in 1069.2s, 910.7s to go
on time step 32419 (time=540.317), 0.0383009 s/step
Meep progress: 542.0166666666667/1000.0 = 54.2% done in 1073.2s, 906.8s to go
on time step 32540 (time=542.333), 0.0331672 s/step
Meep progress: 544.1166666666667/1000.0 = 54.4% done in 1077.2s, 902.5s to go
on time step 32666 (time=544.433), 0.0319992 s/step
Meep progress: 546.1/1000.0 = 54.6% done in 1081.2s, 898.7s to go
on time step 32784 (time=546.4), 0.0339666 s/step
Meep progress: 547.95/1000.0 = 54.8% done in 1085.2s, 895.3s to go
on time step 32891 (time=548.183), 0.0373941 s/step
Meep progress: 549.9333333333333/1000.0 = 55.0% done in 1089.2s, 891.4s to go
on time step 33014 (time=550.233), 0.0325415 s/step
Meep progress: 552.0166666666667/1000.0 = 55.2% done in 1093.3s, 887.2s to go
on time step 33139 (time=552.317), 0.0320419 s/step
Meep progress: 554.0833333333334/1000.0 = 55.4% done in 1097.3s, 883.1s to go
on time step 33263 (time=554.383), 0.0323797 s/step
Meep progress: 556.1833333333333/1000.0 = 55.6% done in 1101.3s, 878.8s to go
on time step 33389 (time=556.483), 0.0318007 s/step
Meep progress: 558.3/1000.0 = 55.8% done in 1105.3s, 874.5s to go
on time step 33516 (time=558.6), 0.0315592 s/step
Meep progress: 560.4/1000.0 = 56.0% done in 1109.3s, 870.2s to go
on time step 33642 (time=560.7), 0.0317618 s/step
Meep progress: 562.5166666666667/1000.0 = 56.3% done in 1113.3s, 865.8s to go
on time step 33770 (time=562.833), 0.0314496 s/step
Meep progress: 564.6333333333333/1000.0 = 56.5% done in 1117.3s, 861.5s to go
on time step 33896 (time=564.933), 0.0317785 s/step
Meep progress: 566.75/1000.0 = 56.7% done in 1121.4s, 857.2s to go
on time step 34023 (time=567.05), 0.031686 s/step
Meep progress: 568.8666666666667/1000.0 = 56.9% done in 1125.4s, 852.9s to go
on time step 34150 (time=569.167), 0.0315264 s/step
creating output file "./wg6-ez-000570.00.h5"...
Meep progress: 570.7/1000.0 = 57.1% done in 1129.4s, 849.6s to go
on time step 34260 (time=571), 0.0366412 s/step
Meep progress: 572.8333333333334/1000.0 = 57.3% done in 1133.4s, 845.2s to go
on time step 34388 (time=573.133), 0.0314088 s/step
Meep progress: 574.9666666666667/1000.0 = 57.5% done in 1137.4s, 840.8s to go
on time step 34516 (time=575.267), 0.0314097 s/step
Meep progress: 577.0833333333334/1000.0 = 57.7% done in 1141.4s, 836.5s to go
on time step 34643 (time=577.383), 0.0315516 s/step
Meep progress: 579.2/1000.0 = 57.9% done in 1145.5s, 832.2s to go
on time step 34770 (time=579.5), 0.0316681 s/step
Meep progress: 581.3166666666666/1000.0 = 58.1% done in 1149.5s, 827.9s to go
on time step 34898 (time=581.633), 0.0314627 s/step
Meep progress: 583.4166666666666/1000.0 = 58.3% done in 1153.5s, 823.6s to go
on time step 35024 (time=583.733), 0.0317542 s/step
Meep progress: 585.55/1000.0 = 58.6% done in 1157.5s, 819.3s to go
on time step 35152 (time=585.867), 0.0314118 s/step
Meep progress: 587.6333333333333/1000.0 = 58.8% done in 1161.5s, 815.1s to go
on time step 35276 (time=587.933), 0.0324029 s/step
Meep progress: 589.7333333333333/1000.0 = 59.0% done in 1165.5s, 810.8s to go
on time step 35403 (time=590.05), 0.0316687 s/step
Meep progress: 591.85/1000.0 = 59.2% done in 1169.5s, 806.5s to go
on time step 35530 (time=592.167), 0.031615 s/step
Meep progress: 593.9833333333333/1000.0 = 59.4% done in 1173.6s, 802.2s to go
on time step 35658 (time=594.3), 0.0314659 s/step
Meep progress: 596.1166666666667/1000.0 = 59.6% done in 1177.6s, 797.8s to go
on time step 35786 (time=596.433), 0.0314603 s/step
Meep progress: 598.2333333333333/1000.0 = 59.8% done in 1181.6s, 793.5s to go
on time step 35913 (time=598.55), 0.0315833 s/step
creating output file "./wg6-ez-000600.00.h5"...
Meep progress: 600.05/1000.0 = 60.0% done in 1185.6s, 790.2s to go
on time step 36023 (time=600.383), 0.0365925 s/step
Meep progress: 602.1666666666666/1000.0 = 60.2% done in 1189.6s, 785.9s to go
on time step 36150 (time=602.5), 0.031672 s/step
Meep progress: 604.2833333333333/1000.0 = 60.4% done in 1193.6s, 781.7s to go
on time step 36277 (time=604.617), 0.0317957 s/step
Meep progress: 606.4166666666666/1000.0 = 60.6% done in 1197.7s, 777.3s to go
on time step 36405 (time=606.75), 0.0315196 s/step
Meep progress: 608.55/1000.0 = 60.9% done in 1201.7s, 773.0s to go
on time step 36533 (time=608.883), 0.0314435 s/step
Meep progress: 610.6833333333333/1000.0 = 61.1% done in 1205.7s, 768.7s to go
on time step 36660 (time=611), 0.0315287 s/step
Meep progress: 612.7333333333333/1000.0 = 61.3% done in 1209.8s, 764.6s to go
on time step 36783 (time=613.05), 0.0326672 s/step
Meep progress: 614.8666666666667/1000.0 = 61.5% done in 1213.8s, 760.3s to go
on time step 36910 (time=615.167), 0.0316832 s/step
Meep progress: 616.9/1000.0 = 61.7% done in 1217.8s, 756.3s to go
on time step 37033 (time=617.217), 0.0326702 s/step
Meep progress: 618.95/1000.0 = 61.9% done in 1221.8s, 752.2s to go
on time step 37155 (time=619.25), 0.0328767 s/step
Meep progress: 621.0166666666667/1000.0 = 62.1% done in 1225.8s, 748.1s to go
on time step 37280 (time=621.333), 0.0322176 s/step
Meep progress: 623.1/1000.0 = 62.3% done in 1229.8s, 743.9s to go
on time step 37405 (time=623.417), 0.0321683 s/step
Meep progress: 625.2166666666667/1000.0 = 62.5% done in 1233.9s, 739.6s to go
on time step 37532 (time=625.533), 0.0314974 s/step
Meep progress: 627.35/1000.0 = 62.7% done in 1237.9s, 735.3s to go
on time step 37659 (time=627.65), 0.0315282 s/step
Meep progress: 629.4666666666667/1000.0 = 62.9% done in 1241.9s, 731.0s to go
on time step 37786 (time=629.767), 0.0315166 s/step
creating output file "./wg6-ez-000630.00.h5"...
Meep progress: 631.2333333333333/1000.0 = 63.1% done in 1245.9s, 727.9s to go
on time step 37891 (time=631.517), 0.0382782 s/step
Meep progress: 633.3333333333334/1000.0 = 63.3% done in 1249.9s, 723.6s to go
on time step 38017 (time=633.617), 0.03177 s/step
Meep progress: 635.4166666666666/1000.0 = 63.5% done in 1253.9s, 719.5s to go
on time step 38142 (time=635.7), 0.0320514 s/step
Meep progress: 637.5333333333333/1000.0 = 63.8% done in 1258.0s, 715.2s to go
on time step 38269 (time=637.817), 0.0316411 s/step
Meep progress: 639.6666666666666/1000.0 = 64.0% done in 1262.0s, 710.9s to go
on time step 38396 (time=639.933), 0.031586 s/step
Meep progress: 641.8/1000.0 = 64.2% done in 1266.0s, 706.6s to go
on time step 38524 (time=642.067), 0.0313001 s/step
Meep progress: 643.9166666666666/1000.0 = 64.4% done in 1270.0s, 702.3s to go
on time step 38652 (time=644.2), 0.0314445 s/step
Meep progress: 646.05/1000.0 = 64.6% done in 1274.0s, 698.0s to go
on time step 38779 (time=646.317), 0.0316463 s/step
Meep progress: 648.15/1000.0 = 64.8% done in 1278.0s, 693.8s to go
on time step 38906 (time=648.433), 0.0315587 s/step
Meep progress: 650.2833333333333/1000.0 = 65.0% done in 1282.1s, 689.5s to go
on time step 39034 (time=650.567), 0.0314784 s/step
Meep progress: 652.4/1000.0 = 65.2% done in 1286.1s, 685.2s to go
on time step 39161 (time=652.683), 0.0316512 s/step
Meep progress: 654.5333333333333/1000.0 = 65.5% done in 1290.1s, 680.9s to go
on time step 39289 (time=654.817), 0.0313565 s/step
Meep progress: 656.65/1000.0 = 65.7% done in 1294.1s, 676.7s to go
on time step 39416 (time=656.933), 0.0315886 s/step
Meep progress: 658.7166666666667/1000.0 = 65.9% done in 1298.1s, 672.6s to go
on time step 39540 (time=659), 0.0323488 s/step
creating output file "./wg6-ez-000660.00.h5"...
Meep progress: 660.5/1000.0 = 66.0% done in 1302.1s, 669.3s to go
on time step 39646 (time=660.767), 0.0378429 s/step
Meep progress: 662.5833333333334/1000.0 = 66.3% done in 1306.1s, 665.1s to go
on time step 39772 (time=662.867), 0.0318628 s/step
Meep progress: 664.65/1000.0 = 66.5% done in 1310.2s, 661.0s to go
on time step 39896 (time=664.933), 0.0324234 s/step
Meep progress: 666.6833333333333/1000.0 = 66.7% done in 1314.2s, 657.0s to go
on time step 40017 (time=666.95), 0.0331241 s/step
Meep progress: 668.75/1000.0 = 66.9% done in 1318.2s, 652.9s to go
on time step 40141 (time=669.017), 0.0323085 s/step
Meep progress: 670.7333333333333/1000.0 = 67.1% done in 1322.2s, 649.1s to go
on time step 40260 (time=671), 0.0337461 s/step
Meep progress: 672.6333333333333/1000.0 = 67.3% done in 1326.2s, 645.5s to go
on time step 40375 (time=672.917), 0.0349423 s/step
Meep progress: 674.7833333333333/1000.0 = 67.5% done in 1330.2s, 641.1s to go
on time step 40506 (time=675.1), 0.0307601 s/step
Meep progress: 676.95/1000.0 = 67.7% done in 1334.2s, 636.7s to go
on time step 40636 (time=677.267), 0.0308076 s/step
Meep progress: 679.1166666666667/1000.0 = 67.9% done in 1338.2s, 632.3s to go
on time step 40766 (time=679.433), 0.0307935 s/step
Meep progress: 681.2833333333333/1000.0 = 68.1% done in 1342.3s, 627.9s to go
on time step 40896 (time=681.6), 0.0309072 s/step
Meep progress: 683.45/1000.0 = 68.3% done in 1346.3s, 623.5s to go
on time step 41026 (time=683.767), 0.0308705 s/step
Meep progress: 685.6166666666667/1000.0 = 68.6% done in 1350.3s, 619.2s to go
on time step 41156 (time=685.933), 0.0308466 s/step
Meep progress: 687.7833333333333/1000.0 = 68.8% done in 1354.3s, 614.8s to go
on time step 41286 (time=688.1), 0.0309008 s/step
Meep progress: 689.95/1000.0 = 69.0% done in 1358.3s, 610.4s to go
creating output file "./wg6-ez-000690.00.h5"...
on time step 41400 (time=690), 0.0355613 s/step
Meep progress: 691.8333333333334/1000.0 = 69.2% done in 1362.3s, 606.8s to go
on time step 41530 (time=692.167), 0.031008 s/step
Meep progress: 693.9333333333333/1000.0 = 69.4% done in 1366.3s, 602.6s to go
on time step 41657 (time=694.283), 0.0317041 s/step
Meep progress: 696.0/1000.0 = 69.6% done in 1370.3s, 598.5s to go
on time step 41780 (time=696.333), 0.0325896 s/step
Meep progress: 697.75/1000.0 = 69.8% done in 1374.3s, 595.3s to go
on time step 41887 (time=698.117), 0.0375955 s/step
Meep progress: 699.85/1000.0 = 70.0% done in 1378.4s, 591.2s to go
on time step 42011 (time=700.183), 0.0325335 s/step
Meep progress: 701.9833333333333/1000.0 = 70.2% done in 1382.4s, 586.9s to go
on time step 42141 (time=702.35), 0.0308206 s/step
Meep progress: 704.1166666666667/1000.0 = 70.4% done in 1386.4s, 582.6s to go
on time step 42269 (time=704.483), 0.0314579 s/step
Meep progress: 706.2666666666667/1000.0 = 70.6% done in 1390.4s, 578.3s to go
on time step 42398 (time=706.633), 0.0312003 s/step
Meep progress: 708.4/1000.0 = 70.8% done in 1394.4s, 574.0s to go
on time step 42527 (time=708.783), 0.0312356 s/step
Meep progress: 710.55/1000.0 = 71.1% done in 1398.5s, 569.7s to go
on time step 42656 (time=710.933), 0.0311408 s/step
Meep progress: 712.7166666666667/1000.0 = 71.3% done in 1402.5s, 565.3s to go
on time step 42786 (time=713.1), 0.0308594 s/step
Meep progress: 714.8833333333333/1000.0 = 71.5% done in 1406.5s, 561.0s to go
on time step 42916 (time=715.267), 0.030964 s/step
Meep progress: 717.0333333333333/1000.0 = 71.7% done in 1410.5s, 556.6s to go
on time step 43045 (time=717.417), 0.0311956 s/step
Meep progress: 719.1833333333333/1000.0 = 71.9% done in 1414.5s, 552.3s to go
on time step 43174 (time=719.567), 0.0312264 s/step
creating output file "./wg6-ez-000720.00.h5"...
Meep progress: 721.0333333333333/1000.0 = 72.1% done in 1418.6s, 548.8s to go
on time step 43285 (time=721.417), 0.0360631 s/step
Meep progress: 722.8666666666667/1000.0 = 72.3% done in 1422.6s, 545.4s to go
on time step 43390 (time=723.167), 0.0381277 s/step
Meep progress: 724.8/1000.0 = 72.5% done in 1426.6s, 541.7s to go
on time step 43510 (time=725.167), 0.03353 s/step
Meep progress: 726.95/1000.0 = 72.7% done in 1430.6s, 537.4s to go
on time step 43639 (time=727.317), 0.0310501 s/step
Meep progress: 729.0666666666666/1000.0 = 72.9% done in 1434.6s, 533.1s to go
on time step 43766 (time=729.433), 0.0315462 s/step
Meep progress: 731.2333333333333/1000.0 = 73.1% done in 1438.6s, 528.8s to go
on time step 43896 (time=731.6), 0.0308899 s/step
Meep progress: 733.3833333333333/1000.0 = 73.3% done in 1442.6s, 524.5s to go
on time step 44025 (time=733.75), 0.0311461 s/step
Meep progress: 735.5166666666667/1000.0 = 73.6% done in 1446.7s, 520.2s to go
on time step 44153 (time=735.883), 0.0312962 s/step
Meep progress: 737.65/1000.0 = 73.8% done in 1450.7s, 515.9s to go
on time step 44281 (time=738.017), 0.0312689 s/step
Meep progress: 739.8166666666666/1000.0 = 74.0% done in 1454.7s, 511.6s to go
on time step 44411 (time=740.183), 0.0307902 s/step
Meep progress: 741.9833333333333/1000.0 = 74.2% done in 1458.7s, 507.2s to go
on time step 44541 (time=742.35), 0.0308371 s/step
Meep progress: 744.1166666666667/1000.0 = 74.4% done in 1462.7s, 503.0s to go
on time step 44667 (time=744.45), 0.0318666 s/step
Meep progress: 746.25/1000.0 = 74.6% done in 1466.7s, 498.7s to go
on time step 44798 (time=746.633), 0.0307263 s/step
Meep progress: 748.4/1000.0 = 74.8% done in 1470.7s, 494.4s to go
on time step 44927 (time=748.783), 0.0312375 s/step
creating output file "./wg6-ez-000750.00.h5"...
Meep progress: 750.2666666666667/1000.0 = 75.0% done in 1474.7s, 490.9s to go
on time step 45037 (time=750.617), 0.0363792 s/step
Meep progress: 752.4/1000.0 = 75.2% done in 1478.8s, 486.6s to go
on time step 45165 (time=752.75), 0.0313705 s/step
Meep progress: 754.45/1000.0 = 75.4% done in 1482.8s, 482.6s to go
on time step 45289 (time=754.817), 0.0324363 s/step
Meep progress: 756.5833333333334/1000.0 = 75.7% done in 1486.8s, 478.3s to go
on time step 45417 (time=756.95), 0.0314176 s/step
Meep progress: 758.5/1000.0 = 75.8% done in 1490.8s, 474.7s to go
on time step 45529 (time=758.817), 0.0358614 s/step
Meep progress: 760.6/1000.0 = 76.1% done in 1494.8s, 470.5s to go
on time step 45659 (time=760.983), 0.0308668 s/step
Meep progress: 762.7333333333333/1000.0 = 76.3% done in 1498.8s, 466.2s to go
on time step 45787 (time=763.117), 0.0313578 s/step
Meep progress: 764.9666666666667/1000.0 = 76.5% done in 1502.8s, 461.7s to go
on time step 45921 (time=765.35), 0.0298749 s/step
Meep progress: 767.2/1000.0 = 76.7% done in 1506.8s, 457.2s to go
on time step 46055 (time=767.583), 0.0298987 s/step
Meep progress: 769.4166666666666/1000.0 = 76.9% done in 1510.8s, 452.8s to go
on time step 46189 (time=769.817), 0.0301669 s/step
Meep progress: 771.6/1000.0 = 77.2% done in 1514.8s, 448.4s to go
on time step 46321 (time=772.017), 0.0304455 s/step
Meep progress: 773.7333333333333/1000.0 = 77.4% done in 1518.9s, 444.2s to go
on time step 46449 (time=774.15), 0.0313899 s/step
Meep progress: 775.95/1000.0 = 77.6% done in 1522.9s, 439.7s to go
on time step 46581 (time=776.35), 0.0303692 s/step
Meep progress: 777.8/1000.0 = 77.8% done in 1526.9s, 436.2s to go
on time step 46693 (time=778.217), 0.0359674 s/step
creating output file "./wg6-ez-000780.00.h5"...
Meep progress: 780.0166666666667/1000.0 = 78.0% done in 1531.4s, 431.9s to go
on time step 46809 (time=780.15), 0.034658 s/step
Meep progress: 782.2666666666667/1000.0 = 78.2% done in 1535.5s, 427.4s to go
on time step 46944 (time=782.4), 0.0298307 s/step
Meep progress: 784.4333333333333/1000.0 = 78.4% done in 1539.5s, 423.1s to go
on time step 47072 (time=784.533), 0.0315166 s/step
Meep progress: 786.5333333333333/1000.0 = 78.7% done in 1543.5s, 418.9s to go
on time step 47201 (time=786.683), 0.031206 s/step
Meep progress: 788.7666666666667/1000.0 = 78.9% done in 1547.5s, 414.4s to go
on time step 47335 (time=788.917), 0.0300193 s/step
Meep progress: 790.8833333333333/1000.0 = 79.1% done in 1551.5s, 410.2s to go
on time step 47462 (time=791.033), 0.0315141 s/step
Meep progress: 793.1/1000.0 = 79.3% done in 1555.5s, 405.8s to go
on time step 47595 (time=793.25), 0.0302205 s/step
Meep progress: 794.9333333333333/1000.0 = 79.5% done in 1559.6s, 402.3s to go
on time step 47703 (time=795.05), 0.0373445 s/step
Meep progress: 796.9333333333333/1000.0 = 79.7% done in 1563.6s, 398.4s to go
on time step 47825 (time=797.083), 0.0328739 s/step
Meep progress: 799.15/1000.0 = 79.9% done in 1567.6s, 394.0s to go
on time step 47958 (time=799.3), 0.0301858 s/step
Meep progress: 801.4/1000.0 = 80.1% done in 1571.6s, 389.5s to go
on time step 48093 (time=801.55), 0.029744 s/step
Meep progress: 803.6666666666666/1000.0 = 80.4% done in 1575.6s, 384.9s to go
on time step 48229 (time=803.817), 0.0296055 s/step
Meep progress: 805.8833333333333/1000.0 = 80.6% done in 1579.6s, 380.5s to go
on time step 48362 (time=806.033), 0.0300843 s/step
Meep progress: 808.1/1000.0 = 80.8% done in 1583.7s, 376.1s to go
on time step 48495 (time=808.25), 0.0301536 s/step
creating output file "./wg6-ez-000810.00.h5"...
Meep progress: 810.0166666666667/1000.0 = 81.0% done in 1588.0s, 372.4s to go
on time step 48601 (time=810.017), 0.0382746 s/step
Meep progress: 812.0333333333333/1000.0 = 81.2% done in 1592.0s, 368.5s to go
on time step 48722 (time=812.033), 0.0331646 s/step
Meep progress: 814.1/1000.0 = 81.4% done in 1596.0s, 364.4s to go
on time step 48846 (time=814.1), 0.032377 s/step
Meep progress: 816.3166666666666/1000.0 = 81.6% done in 1600.0s, 360.0s to go
on time step 48979 (time=816.317), 0.0301185 s/step
Meep progress: 818.5666666666666/1000.0 = 81.9% done in 1604.0s, 355.5s to go
on time step 49114 (time=818.567), 0.029652 s/step
Meep progress: 820.8333333333334/1000.0 = 82.1% done in 1608.0s, 351.0s to go
on time step 49250 (time=820.833), 0.0294725 s/step
Meep progress: 823.1/1000.0 = 82.3% done in 1612.0s, 346.5s to go
on time step 49386 (time=823.1), 0.0294666 s/step
Meep progress: 825.3666666666667/1000.0 = 82.5% done in 1616.0s, 341.9s to go
on time step 49522 (time=825.367), 0.0294613 s/step
Meep progress: 827.55/1000.0 = 82.8% done in 1620.0s, 337.6s to go
on time step 49653 (time=827.55), 0.0306311 s/step
Meep progress: 829.8166666666666/1000.0 = 83.0% done in 1624.1s, 333.1s to go
on time step 49789 (time=829.817), 0.0295114 s/step
Meep progress: 832.05/1000.0 = 83.2% done in 1628.1s, 328.6s to go
on time step 49923 (time=832.05), 0.0300314 s/step
Meep progress: 834.3166666666666/1000.0 = 83.4% done in 1632.1s, 324.1s to go
on time step 50059 (time=834.317), 0.0295337 s/step
Meep progress: 836.5833333333334/1000.0 = 83.7% done in 1636.1s, 319.6s to go
on time step 50195 (time=836.583), 0.0295118 s/step
Meep progress: 838.85/1000.0 = 83.9% done in 1640.1s, 315.1s to go
on time step 50331 (time=838.85), 0.0295511 s/step
creating output file "./wg6-ez-000840.00.h5"...
Meep progress: 840.8/1000.0 = 84.1% done in 1644.2s, 311.3s to go
on time step 50448 (time=840.8), 0.034355 s/step
Meep progress: 843.0666666666666/1000.0 = 84.3% done in 1648.2s, 306.8s to go
on time step 50584 (time=843.067), 0.0294604 s/step
Meep progress: 845.3333333333334/1000.0 = 84.5% done in 1652.2s, 302.3s to go
on time step 50720 (time=845.333), 0.0295309 s/step
Meep progress: 847.6/1000.0 = 84.8% done in 1656.2s, 297.8s to go
on time step 50856 (time=847.6), 0.0295904 s/step
Meep progress: 849.8666666666667/1000.0 = 85.0% done in 1660.2s, 293.3s to go
on time step 50992 (time=849.867), 0.0294574 s/step
Meep progress: 852.1333333333333/1000.0 = 85.2% done in 1664.2s, 288.8s to go
on time step 51128 (time=852.133), 0.0294695 s/step
Meep progress: 854.3833333333333/1000.0 = 85.4% done in 1668.2s, 284.3s to go
on time step 51263 (time=854.383), 0.0296819 s/step
Meep progress: 856.6166666666667/1000.0 = 85.7% done in 1672.2s, 279.9s to go
on time step 51397 (time=856.617), 0.0298649 s/step
Meep progress: 858.8833333333333/1000.0 = 85.9% done in 1676.2s, 275.4s to go
on time step 51533 (time=858.883), 0.0295809 s/step
Meep progress: 861.15/1000.0 = 86.1% done in 1680.3s, 270.9s to go
on time step 51669 (time=861.15), 0.0295092 s/step
Meep progress: 863.4166666666666/1000.0 = 86.3% done in 1684.3s, 266.4s to go
on time step 51805 (time=863.417), 0.029531 s/step
Meep progress: 865.6833333333333/1000.0 = 86.6% done in 1688.3s, 261.9s to go
on time step 51941 (time=865.683), 0.029429 s/step
Meep progress: 867.9/1000.0 = 86.8% done in 1692.3s, 257.6s to go
on time step 52074 (time=867.9), 0.0302524 s/step
creating output file "./wg6-ez-000870.00.h5"...
on time step 52200 (time=870), 0.0347461 s/step
Meep progress: 870.0166666666667/1000.0 = 87.0% done in 1696.7s, 253.5s to go
on time step 52335 (time=872.25), 0.02963 s/step
Meep progress: 872.2833333333333/1000.0 = 87.2% done in 1700.7s, 249.0s to go
on time step 52471 (time=874.517), 0.02954 s/step
Meep progress: 874.55/1000.0 = 87.5% done in 1704.8s, 244.5s to go
on time step 52608 (time=876.8), 0.029414 s/step
Meep progress: 876.8166666666666/1000.0 = 87.7% done in 1708.8s, 240.1s to go
on time step 52742 (time=879.033), 0.029858 s/step
Meep progress: 879.05/1000.0 = 87.9% done in 1712.8s, 235.7s to go
on time step 52878 (time=881.3), 0.0295124 s/step
Meep progress: 881.3166666666666/1000.0 = 88.1% done in 1716.8s, 231.2s to go
on time step 53014 (time=883.567), 0.0294424 s/step
Meep progress: 883.5833333333334/1000.0 = 88.4% done in 1720.8s, 226.7s to go
on time step 53150 (time=885.833), 0.0294764 s/step
Meep progress: 885.85/1000.0 = 88.6% done in 1724.8s, 222.3s to go
on time step 53286 (time=888.1), 0.0295148 s/step
Meep progress: 888.1166666666667/1000.0 = 88.8% done in 1728.8s, 217.8s to go
on time step 53419 (time=890.317), 0.0302794 s/step
Meep progress: 890.3333333333334/1000.0 = 89.0% done in 1732.8s, 213.4s to go
on time step 53555 (time=892.583), 0.0295563 s/step
Meep progress: 892.6/1000.0 = 89.3% done in 1736.8s, 209.0s to go
on time step 53691 (time=894.85), 0.029558 s/step
Meep progress: 894.8666666666667/1000.0 = 89.5% done in 1740.9s, 204.5s to go
on time step 53826 (time=897.1), 0.0296891 s/step
Meep progress: 897.1166666666667/1000.0 = 89.7% done in 1744.9s, 200.1s to go
on time step 53962 (time=899.367), 0.0295797 s/step
Meep progress: 899.3833333333333/1000.0 = 89.9% done in 1748.9s, 195.7s to go
creating output file "./wg6-ez-000900.00.h5"...
on time step 54078 (time=901.3), 0.0345357 s/step
Meep progress: 901.3166666666666/1000.0 = 90.1% done in 1752.9s, 191.9s to go
on time step 54214 (time=903.567), 0.029541 s/step
Meep progress: 903.5833333333334/1000.0 = 90.4% done in 1756.9s, 187.5s to go
on time step 54350 (time=905.833), 0.0295466 s/step
Meep progress: 905.85/1000.0 = 90.6% done in 1760.9s, 183.0s to go
on time step 54486 (time=908.1), 0.0295065 s/step
Meep progress: 908.1166666666667/1000.0 = 90.8% done in 1765.0s, 178.6s to go
on time step 54622 (time=910.367), 0.0294883 s/step
Meep progress: 910.3833333333333/1000.0 = 91.0% done in 1769.0s, 174.1s to go
on time step 54758 (time=912.633), 0.0295493 s/step
Meep progress: 912.65/1000.0 = 91.3% done in 1773.0s, 169.7s to go
on time step 54894 (time=914.9), 0.0295466 s/step
Meep progress: 914.9166666666666/1000.0 = 91.5% done in 1777.0s, 165.3s to go
on time step 55030 (time=917.167), 0.0295081 s/step
Meep progress: 917.1833333333333/1000.0 = 91.7% done in 1781.0s, 160.8s to go
on time step 55166 (time=919.433), 0.0295276 s/step
Meep progress: 919.4499999999999/1000.0 = 91.9% done in 1785.0s, 156.4s to go
on time step 55302 (time=921.7), 0.0295118 s/step
Meep progress: 921.7166666666667/1000.0 = 92.2% done in 1789.0s, 151.9s to go
on time step 55438 (time=923.967), 0.0295436 s/step
Meep progress: 923.9833333333333/1000.0 = 92.4% done in 1793.1s, 147.5s to go
on time step 55574 (time=926.233), 0.0295222 s/step
Meep progress: 926.25/1000.0 = 92.6% done in 1797.1s, 143.1s to go
on time step 55710 (time=928.5), 0.0294761 s/step
Meep progress: 928.5166666666667/1000.0 = 92.9% done in 1801.1s, 138.7s to go
creating output file "./wg6-ez-000930.00.h5"...
on time step 55826 (time=930.433), 0.034513 s/step
Meep progress: 930.4499999999999/1000.0 = 93.0% done in 1805.1s, 134.9s to go
on time step 55962 (time=932.7), 0.0294569 s/step
Meep progress: 932.7166666666667/1000.0 = 93.3% done in 1809.1s, 130.5s to go
on time step 56098 (time=934.967), 0.0294934 s/step
Meep progress: 934.9833333333333/1000.0 = 93.5% done in 1813.1s, 126.1s to go
on time step 56234 (time=937.233), 0.0295313 s/step
Meep progress: 937.25/1000.0 = 93.7% done in 1817.1s, 121.7s to go
on time step 56370 (time=939.5), 0.029551 s/step
Meep progress: 939.5166666666667/1000.0 = 94.0% done in 1821.1s, 117.2s to go
on time step 56506 (time=941.767), 0.0295379 s/step
Meep progress: 941.7833333333333/1000.0 = 94.2% done in 1825.2s, 112.8s to go
on time step 56642 (time=944.033), 0.0295043 s/step
Meep progress: 944.05/1000.0 = 94.4% done in 1829.2s, 108.4s to go
on time step 56778 (time=946.3), 0.0295686 s/step
Meep progress: 946.3166666666666/1000.0 = 94.6% done in 1833.2s, 104.0s to go
on time step 56914 (time=948.567), 0.0295486 s/step
Meep progress: 948.5833333333334/1000.0 = 94.9% done in 1837.2s, 99.6s to go
on time step 57050 (time=950.833), 0.0295389 s/step
Meep progress: 950.85/1000.0 = 95.1% done in 1841.2s, 95.2s to go
on time step 57186 (time=953.1), 0.0295856 s/step
Meep progress: 953.1166666666667/1000.0 = 95.3% done in 1845.2s, 90.8s to go
on time step 57322 (time=955.367), 0.0295629 s/step
Meep progress: 955.3833333333333/1000.0 = 95.5% done in 1849.3s, 86.4s to go
on time step 57456 (time=957.6), 0.0299091 s/step
Meep progress: 957.6166666666667/1000.0 = 95.8% done in 1853.3s, 82.0s to go
on time step 57592 (time=959.867), 0.0294735 s/step
Meep progress: 959.8833333333333/1000.0 = 96.0% done in 1857.3s, 77.6s to go
creating output file "./wg6-ez-000960.00.h5"...
on time step 57709 (time=961.817), 0.0344024 s/step
Meep progress: 961.8333333333334/1000.0 = 96.2% done in 1861.3s, 73.9s to go
on time step 57844 (time=964.067), 0.0296605 s/step
Meep progress: 964.0833333333334/1000.0 = 96.4% done in 1865.3s, 69.5s to go
on time step 57980 (time=966.333), 0.0295236 s/step
Meep progress: 966.35/1000.0 = 96.6% done in 1869.3s, 65.1s to go
on time step 58116 (time=968.6), 0.0294951 s/step
Meep progress: 968.6166666666667/1000.0 = 96.9% done in 1873.3s, 60.7s to go
on time step 58252 (time=970.867), 0.0295057 s/step
Meep progress: 970.8833333333333/1000.0 = 97.1% done in 1877.4s, 56.3s to go
on time step 58388 (time=973.133), 0.0294927 s/step
Meep progress: 973.15/1000.0 = 97.3% done in 1881.4s, 51.9s to go
on time step 58524 (time=975.4), 0.0294837 s/step
Meep progress: 975.4166666666666/1000.0 = 97.5% done in 1885.4s, 47.5s to go
on time step 58660 (time=977.667), 0.0294998 s/step
Meep progress: 977.6833333333333/1000.0 = 97.8% done in 1889.4s, 43.1s to go
on time step 58796 (time=979.933), 0.029531 s/step
Meep progress: 979.9499999999999/1000.0 = 98.0% done in 1893.4s, 38.7s to go
on time step 58932 (time=982.2), 0.0294743 s/step
Meep progress: 982.2166666666667/1000.0 = 98.2% done in 1897.4s, 34.4s to go
on time step 59068 (time=984.467), 0.0295034 s/step
Meep progress: 984.4833333333333/1000.0 = 98.4% done in 1901.4s, 30.0s to go
on time step 59204 (time=986.733), 0.0295454 s/step
Meep progress: 986.75/1000.0 = 98.7% done in 1905.4s, 25.6s to go
on time step 59340 (time=989), 0.0295093 s/step
Meep progress: 989.0166666666667/1000.0 = 98.9% done in 1909.5s, 21.2s to go
creating output file "./wg6-ez-000990.00.h5"...
on time step 59457 (time=990.95), 0.0344273 s/step
Meep progress: 990.9666666666667/1000.0 = 99.1% done in 1913.5s, 17.4s to go
on time step 59593 (time=993.217), 0.0295045 s/step
Meep progress: 993.2333333333333/1000.0 = 99.3% done in 1917.5s, 13.1s to go
on time step 59729 (time=995.483), 0.0295104 s/step
Meep progress: 995.5/1000.0 = 99.6% done in 1921.5s, 8.7s to go
on time step 59865 (time=997.75), 0.0295563 s/step
Meep progress: 997.7666666666667/1000.0 = 99.8% done in 1925.5s, 4.3s to go
run 0 finished at t = 1000.0 (60000 timesteps)

Elapsed run time = 1956.58 s

Some deprecated features have been used.  Set the environment
variable GUILE_WARN_DEPRECATED to "detailed" and rerun the
program to get more information.  Set it to "no" to suppress
this message.
