-----------
Initializing structure...
Working in 2D dimensions.
Computational cell is 100 x 6 x 0 with resolution 50
     block, center = (10,1.775,0)
          size (80,3,1e+20)
          axes (1,0,0), (0,1,0), (0,0,1)
          dielectric constant epsilon diagonal = (9,9,9)
     block, center = (10,0.275,0)
          size (80,0.05,1e+20)
          axes (1,0,0), (0,1,0), (0,0,1)
          dielectric constant epsilon diagonal = (4,4,4)
     block, center = (-15,0,0)
          size (70,0.5,1e+20)
          axes (1,0,0), (0,1,0), (0,0,1)
          dielectric constant epsilon diagonal = (11.68,11.68,11.68)
     block, center = (30,0,0)
          size (20,0.5,1e+20)
          axes (1,0,0), (0,1,0), (0,0,1)
          dielectric constant epsilon diagonal = (5.84,5.84,5.84)
     block, center = (45,0,0)
          size (10,0.5,1e+20)
          axes (1,0,0), (0,1,0), (0,0,1)
          dielectric constant epsilon diagonal = (11.68,11.68,11.68)
     block, center = (10,-1,0)
          size (80,1.5,1e+20)
          axes (1,0,0), (0,1,0), (0,0,1)
          dielectric constant epsilon diagonal = (9,9,9)
     block, center = (10,-2.25,0)
          size (80,1,1e+20)
          axes (1,0,0), (0,1,0), (0,0,1)
          dielectric constant epsilon diagonal = (9,9,9)
time for set_epsilon = 8.30871 s
-----------
creating output file "./refl1-eps-000000.00.h5"...
creating output file "./refl1-ez-000001.00.h5"...
Meep progress: 1.64/500.0 = 0.3% done in 4.0s, 1216.7s to go
on time step 172 (time=1.72), 0.0232624 s/step
creating output file "./refl1-ez-000002.00.h5"...
creating output file "./refl1-ez-000003.00.h5"...
Meep progress: 3.36/500.0 = 0.7% done in 8.0s, 1184.5s to go
on time step 344 (time=3.44), 0.0233109 s/step
creating output file "./refl1-ez-000004.00.h5"...
creating output file "./refl1-ez-000005.00.h5"...
Meep progress: 5.08/500.0 = 1.0% done in 12.0s, 1171.9s to go
on time step 516 (time=5.16), 0.0233421 s/step
creating output file "./refl1-ez-000006.00.h5"...
creating output file "./refl1-ez-000007.00.h5"...
on time step 700 (time=7), 0.0229169 s/step
Meep progress: 7.01/500.0 = 1.4% done in 16.4s, 1153.8s to go
creating output file "./refl1-ez-000008.00.h5"...
creating output file "./refl1-ez-000009.00.h5"...
on time step 900 (time=9), 0.022507 s/step
Meep progress: 9.01/500.0 = 1.8% done in 20.9s, 1139.3s to go
creating output file "./refl1-ez-000010.00.h5"...
creating output file "./refl1-ez-000011.00.h5"...
on time step 1100 (time=11), 0.022415 s/step
Meep progress: 11.01/500.0 = 2.2% done in 25.4s, 1127.7s to go
creating output file "./refl1-ez-000012.00.h5"...
creating output file "./refl1-ez-000013.00.h5"...
on time step 1300 (time=13), 0.0224388 s/step
Meep progress: 13.01/500.0 = 2.6% done in 29.9s, 1118.4s to go
creating output file "./refl1-ez-000014.00.h5"...
creating output file "./refl1-ez-000015.00.h5"...
on time step 1500 (time=15), 0.0225057 s/step
Meep progress: 15.01/500.0 = 3.0% done in 34.4s, 1110.8s to go
creating output file "./refl1-ez-000016.00.h5"...
creating output file "./refl1-ez-000017.00.h5"...
on time step 1700 (time=17), 0.022521 s/step
Meep progress: 17.01/500.0 = 3.4% done in 38.9s, 1104.1s to go
creating output file "./refl1-ez-000018.00.h5"...
creating output file "./refl1-ez-000019.00.h5"...
on time step 1900 (time=19), 0.0225826 s/step
Meep progress: 19.01/500.0 = 3.8% done in 43.4s, 1098.1s to go
creating output file "./refl1-ez-000020.00.h5"...
creating output file "./refl1-ez-000021.00.h5"...
on time step 2100 (time=21), 0.0225142 s/step
Meep progress: 21.01/500.0 = 4.2% done in 47.9s, 1092.1s to go
creating output file "./refl1-ez-000022.00.h5"...
creating output file "./refl1-ez-000023.00.h5"...
on time step 2300 (time=23), 0.0225524 s/step
Meep progress: 23.01/500.0 = 4.6% done in 52.4s, 1086.5s to go
creating output file "./refl1-ez-000024.00.h5"...
creating output file "./refl1-ez-000025.00.h5"...
on time step 2500 (time=25), 0.0226087 s/step
Meep progress: 25.01/500.0 = 5.0% done in 56.9s, 1081.3s to go
creating output file "./refl1-ez-000026.00.h5"...
creating output file "./refl1-ez-000027.00.h5"...
on time step 2700 (time=27), 0.0227902 s/step
Meep progress: 27.01/500.0 = 5.4% done in 61.5s, 1076.9s to go
creating output file "./refl1-ez-000028.00.h5"...
on time step 2892 (time=28.92), 0.0208692 s/step
Meep progress: 28.93/500.0 = 5.8% done in 65.5s, 1066.5s to go
creating output file "./refl1-ez-000029.00.h5"...
creating output file "./refl1-ez-000030.00.h5"...
on time step 3057 (time=30.57), 0.0242859 s/step
Meep progress: 30.58/500.0 = 6.1% done in 69.5s, 1066.9s to go
creating output file "./refl1-ez-000031.00.h5"...
creating output file "./refl1-ez-000032.00.h5"...
on time step 3222 (time=32.22), 0.0242533 s/step
Meep progress: 32.23/500.0 = 6.4% done in 73.5s, 1066.8s to go
creating output file "./refl1-ez-000033.00.h5"...
creating output file "./refl1-ez-000034.00.h5"...
on time step 3400 (time=34), 0.0232916 s/step
Meep progress: 34.01/500.0 = 6.8% done in 77.7s, 1064.0s to go
creating output file "./refl1-ez-000035.00.h5"...
creating output file "./refl1-ez-000036.00.h5"...
on time step 3600 (time=36), 0.0225584 s/step
Meep progress: 36.01/500.0 = 7.2% done in 82.2s, 1058.7s to go
creating output file "./refl1-ez-000037.00.h5"...
creating output file "./refl1-ez-000038.00.h5"...
on time step 3800 (time=38), 0.0225172 s/step
Meep progress: 38.01/500.0 = 7.6% done in 86.7s, 1053.5s to go
creating output file "./refl1-ez-000039.00.h5"...
creating output file "./refl1-ez-000040.00.h5"...
on time step 4000 (time=40), 0.0225169 s/step
Meep progress: 40.01/500.0 = 8.0% done in 91.2s, 1048.2s to go
creating output file "./refl1-ez-000041.00.h5"...
creating output file "./refl1-ez-000042.00.h5"...
on time step 4200 (time=42), 0.0225136 s/step
Meep progress: 42.01/500.0 = 8.4% done in 95.7s, 1043.1s to go
creating output file "./refl1-ez-000043.00.h5"...
creating output file "./refl1-ez-000044.00.h5"...
on time step 4400 (time=44), 0.022517 s/step
Meep progress: 44.01/500.0 = 8.8% done in 100.2s, 1038.0s to go
creating output file "./refl1-ez-000045.00.h5"...
creating output file "./refl1-ez-000046.00.h5"...
on time step 4600 (time=46), 0.0225447 s/step
Meep progress: 46.01/500.0 = 9.2% done in 104.7s, 1033.0s to go
creating output file "./refl1-ez-000047.00.h5"...
creating output file "./refl1-ez-000048.00.h5"...
on time step 4800 (time=48), 0.0227431 s/step
Meep progress: 48.01/500.0 = 9.6% done in 109.2s, 1028.4s to go
creating output file "./refl1-ez-000049.00.h5"...
creating output file "./refl1-ez-000050.00.h5"...
on time step 5000 (time=50), 0.0226095 s/step
Meep progress: 50.01/500.0 = 10.0% done in 113.8s, 1023.6s to go
creating output file "./refl1-ez-000051.00.h5"...
creating output file "./refl1-ez-000052.00.h5"...
on time step 5200 (time=52), 0.0225924 s/step
Meep progress: 52.01/500.0 = 10.4% done in 118.3s, 1018.8s to go
creating output file "./refl1-ez-000053.00.h5"...
creating output file "./refl1-ez-000054.00.h5"...
on time step 5400 (time=54), 0.0226933 s/step
Meep progress: 54.01/500.0 = 10.8% done in 122.8s, 1014.2s to go
creating output file "./refl1-ez-000055.00.h5"...
creating output file "./refl1-ez-000056.00.h5"...
on time step 5600 (time=56), 0.0225905 s/step
Meep progress: 56.01/500.0 = 11.2% done in 127.3s, 1009.4s to go
creating output file "./refl1-ez-000057.00.h5"...
creating output file "./refl1-ez-000058.00.h5"...
on time step 5800 (time=58), 0.0225813 s/step
Meep progress: 58.01/500.0 = 11.6% done in 131.9s, 1004.6s to go
creating output file "./refl1-ez-000059.00.h5"...
creating output file "./refl1-ez-000060.00.h5"...
on time step 6000 (time=60), 0.0226757 s/step
Meep progress: 60.01/500.0 = 12.0% done in 136.4s, 1000.0s to go
creating output file "./refl1-ez-000061.00.h5"...
creating output file "./refl1-ez-000062.00.h5"...
on time step 6200 (time=62), 0.0226842 s/step
Meep progress: 62.01/500.0 = 12.4% done in 140.9s, 995.4s to go
creating output file "./refl1-ez-000063.00.h5"...
on time step 6399 (time=63.99), 0.0201076 s/step
creating output file "./refl1-ez-000064.00.h5"...
Meep progress: 64.01/500.0 = 12.8% done in 145.5s, 990.8s to go
creating output file "./refl1-ez-000065.00.h5"...
on time step 6568 (time=65.68), 0.0236706 s/step
creating output file "./refl1-ez-000066.00.h5"...
Meep progress: 66.01/500.0 = 13.2% done in 150.0s, 986.2s to go
creating output file "./refl1-ez-000067.00.h5"...
on time step 6738 (time=67.38), 0.023612 s/step
creating output file "./refl1-ez-000068.00.h5"...
Meep progress: 68.01/500.0 = 13.6% done in 154.5s, 981.6s to go
creating output file "./refl1-ez-000069.00.h5"...
on time step 6908 (time=69.08), 0.0235974 s/step
creating output file "./refl1-ez-000070.00.h5"...
Meep progress: 70.01/500.0 = 14.0% done in 159.1s, 977.0s to go
creating output file "./refl1-ez-000071.00.h5"...
on time step 7100 (time=71), 0.0228855 s/step
creating output file "./refl1-ez-000072.00.h5"...
Meep progress: 72.01/500.0 = 14.4% done in 163.6s, 972.5s to go
on time step 7299 (time=72.99), 0.0201282 s/step
creating output file "./refl1-ez-000073.00.h5"...
creating output file "./refl1-ez-000074.00.h5"...
Meep progress: 74.01/500.0 = 14.8% done in 168.2s, 967.9s to go
on time step 7469 (time=74.69), 0.0236105 s/step
creating output file "./refl1-ez-000075.00.h5"...
creating output file "./refl1-ez-000076.00.h5"...
Meep progress: 76.01/500.0 = 15.2% done in 172.7s, 963.3s to go
on time step 7639 (time=76.39), 0.0235672 s/step
creating output file "./refl1-ez-000077.00.h5"...
creating output file "./refl1-ez-000078.00.h5"...
Meep progress: 78.01/500.0 = 15.6% done in 177.2s, 958.7s to go
on time step 7809 (time=78.09), 0.023585 s/step
creating output file "./refl1-ez-000079.00.h5"...
creating output file "./refl1-ez-000080.00.h5"...
on time step 8000 (time=80), 0.0228748 s/step
Meep progress: 80.01/500.0 = 16.0% done in 181.8s, 954.0s to go
creating output file "./refl1-ez-000081.00.h5"...
creating output file "./refl1-ez-000082.00.h5"...
on time step 8200 (time=82), 0.0226778 s/step
Meep progress: 82.01/500.0 = 16.4% done in 186.3s, 949.5s to go
creating output file "./refl1-ez-000083.00.h5"...
creating output file "./refl1-ez-000084.00.h5"...
on time step 8400 (time=84), 0.0226834 s/step
Meep progress: 84.01/500.0 = 16.8% done in 190.8s, 944.9s to go
creating output file "./refl1-ez-000085.00.h5"...
creating output file "./refl1-ez-000086.00.h5"...
on time step 8600 (time=86), 0.0226956 s/step
Meep progress: 86.01/500.0 = 17.2% done in 195.4s, 940.3s to go
creating output file "./refl1-ez-000087.00.h5"...
on time step 8799 (time=87.99), 0.0201509 s/step
Meep progress: 88.0/500.0 = 17.6% done in 199.4s, 933.4s to go
creating output file "./refl1-ez-000088.00.h5"...
creating output file "./refl1-ez-000089.00.h5"...
on time step 8969 (time=89.69), 0.0236149 s/step
Meep progress: 89.7/500.0 = 17.9% done in 203.4s, 930.3s to go
creating output file "./refl1-ez-000090.00.h5"...
creating output file "./refl1-ez-000091.00.h5"...
on time step 9138 (time=91.38), 0.023677 s/step
Meep progress: 91.39/500.0 = 18.3% done in 207.4s, 927.2s to go
creating output file "./refl1-ez-000092.00.h5"...
creating output file "./refl1-ez-000093.00.h5"...
on time step 9307 (time=93.07), 0.0237035 s/step
Meep progress: 93.08/500.0 = 18.6% done in 211.4s, 924.1s to go
creating output file "./refl1-ez-000094.00.h5"...
creating output file "./refl1-ez-000095.00.h5"...
on time step 9500 (time=95), 0.0229036 s/step
Meep progress: 95.01/500.0 = 19.0% done in 215.8s, 919.9s to go
creating output file "./refl1-ez-000096.00.h5"...
on time step 9699 (time=96.99), 0.0201036 s/step
creating output file "./refl1-ez-000097.00.h5"...
Meep progress: 97.01/500.0 = 19.4% done in 220.4s, 915.4s to go
creating output file "./refl1-ez-000098.00.h5"...
on time step 9867 (time=98.67), 0.0238305 s/step
creating output file "./refl1-ez-000099.00.h5"...
Meep progress: 99.01/500.0 = 19.8% done in 224.9s, 911.0s to go
creating output file "./refl1-ez-000100.00.h5"...
on time step 10035 (time=100.35), 0.0238662 s/step
Meep progress: 101.0/500.0 = 20.2% done in 228.9s, 904.4s to go
creating output file "./refl1-ez-000101.00.h5"...
creating output file "./refl1-ez-000102.00.h5"...
on time step 10202 (time=102.02), 0.0239552 s/step
Meep progress: 102.68/500.0 = 20.5% done in 233.0s, 901.4s to go
creating output file "./refl1-ez-000103.00.h5"...
creating output file "./refl1-ez-000104.00.h5"...
on time step 10400 (time=104), 0.0228923 s/step
Meep progress: 104.35/500.0 = 20.9% done in 237.0s, 898.4s to go
creating output file "./refl1-ez-000105.00.h5"...
on time step 10597 (time=105.97), 0.0203788 s/step
creating output file "./refl1-ez-000106.00.h5"...
Meep progress: 106.01/500.0 = 21.2% done in 241.0s, 895.7s to go
creating output file "./refl1-ez-000107.00.h5"...
on time step 10760 (time=107.6), 0.0245838 s/step
Meep progress: 107.97/500.0 = 21.6% done in 245.0s, 889.6s to go
creating output file "./refl1-ez-000108.00.h5"...
creating output file "./refl1-ez-000109.00.h5"...
on time step 10921 (time=109.21), 0.0248637 s/step
Meep progress: 109.58/500.0 = 21.9% done in 249.0s, 887.2s to go
creating output file "./refl1-ez-000110.00.h5"...
creating output file "./refl1-ez-000111.00.h5"...
on time step 11100 (time=111), 0.0238433 s/step
Meep progress: 111.22/500.0 = 22.2% done in 253.0s, 884.5s to go
creating output file "./refl1-ez-000112.00.h5"...
on time step 11299 (time=112.99), 0.0201785 s/step
creating output file "./refl1-ez-000113.00.h5"...
Meep progress: 113.01/500.0 = 22.6% done in 257.2s, 880.9s to go
creating output file "./refl1-ez-000114.00.h5"...
on time step 11461 (time=114.61), 0.0247383 s/step
Meep progress: 114.94/500.0 = 23.0% done in 261.2s, 875.2s to go
creating output file "./refl1-ez-000115.00.h5"...
creating output file "./refl1-ez-000116.00.h5"...
on time step 11616 (time=116.16), 0.0258206 s/step
Meep progress: 116.47/500.0 = 23.3% done in 265.2s, 873.4s to go
creating output file "./refl1-ez-000117.00.h5"...
creating output file "./refl1-ez-000118.00.h5"...
on time step 11800 (time=118), 0.0242929 s/step
Meep progress: 118.07/500.0 = 23.6% done in 269.3s, 871.0s to go
creating output file "./refl1-ez-000119.00.h5"...
on time step 11993 (time=119.93), 0.0207776 s/step
Meep progress: 120.0/500.0 = 24.0% done in 273.3s, 865.3s to go
creating output file "./refl1-ez-000120.00.h5"...
creating output file "./refl1-ez-000121.00.h5"...
on time step 12158 (time=121.58), 0.0243603 s/step
Meep progress: 121.65/500.0 = 24.3% done in 277.3s, 862.4s to go
creating output file "./refl1-ez-000122.00.h5"...
creating output file "./refl1-ez-000123.00.h5"...
on time step 12325 (time=123.25), 0.0240326 s/step
Meep progress: 123.32/500.0 = 24.7% done in 281.3s, 859.2s to go
creating output file "./refl1-ez-000124.00.h5"...
creating output file "./refl1-ez-000125.00.h5"...
on time step 12500 (time=125), 0.023737 s/step
Meep progress: 125.01/500.0 = 25.0% done in 285.3s, 856.0s to go
creating output file "./refl1-ez-000126.00.h5"...
on time step 12699 (time=126.99), 0.0201847 s/step
Meep progress: 127.0/500.0 = 25.4% done in 289.4s, 849.9s to go
creating output file "./refl1-ez-000127.00.h5"...
creating output file "./refl1-ez-000128.00.h5"...
on time step 12865 (time=128.65), 0.0241062 s/step
Meep progress: 128.66/500.0 = 25.7% done in 293.4s, 846.7s to go
creating output file "./refl1-ez-000129.00.h5"...
creating output file "./refl1-ez-000130.00.h5"...
on time step 13031 (time=130.31), 0.0241535 s/step
Meep progress: 130.32/500.0 = 26.1% done in 297.4s, 843.6s to go
creating output file "./refl1-ez-000131.00.h5"...
creating output file "./refl1-ez-000132.00.h5"...
on time step 13200 (time=132), 0.0240085 s/step
Meep progress: 132.01/500.0 = 26.4% done in 301.4s, 840.3s to go
creating output file "./refl1-ez-000133.00.h5"...
on time step 13398 (time=133.98), 0.0202066 s/step
Meep progress: 134.0/500.0 = 26.8% done in 305.4s, 834.3s to go
creating output file "./refl1-ez-000134.00.h5"...
creating output file "./refl1-ez-000135.00.h5"...
on time step 13564 (time=135.64), 0.0241083 s/step
Meep progress: 135.66/500.0 = 27.1% done in 309.4s, 831.1s to go
creating output file "./refl1-ez-000136.00.h5"...
creating output file "./refl1-ez-000137.00.h5"...
on time step 13729 (time=137.29), 0.0243457 s/step
Meep progress: 137.31/500.0 = 27.5% done in 313.5s, 828.0s to go
creating output file "./refl1-ez-000138.00.h5"...
creating output file "./refl1-ez-000139.00.h5"...
on time step 13900 (time=139), 0.023871 s/step
Meep progress: 139.01/500.0 = 27.8% done in 317.5s, 824.6s to go
creating output file "./refl1-ez-000140.00.h5"...
on time step 14098 (time=140.98), 0.0202519 s/step
Meep progress: 140.99/500.0 = 28.2% done in 321.5s, 818.8s to go
creating output file "./refl1-ez-000141.00.h5"...
creating output file "./refl1-ez-000142.00.h5"...
on time step 14265 (time=142.65), 0.0239618 s/step
Meep progress: 142.66/500.0 = 28.5% done in 325.5s, 815.4s to go
creating output file "./refl1-ez-000143.00.h5"...
creating output file "./refl1-ez-000144.00.h5"...
on time step 14429 (time=144.29), 0.0244117 s/step
Meep progress: 144.3/500.0 = 28.9% done in 329.5s, 812.3s to go
creating output file "./refl1-ez-000145.00.h5"...
creating output file "./refl1-ez-000146.00.h5"...
on time step 14600 (time=146), 0.0241735 s/step
Meep progress: 146.01/500.0 = 29.2% done in 333.7s, 809.0s to go
creating output file "./refl1-ez-000147.00.h5"...
on time step 14799 (time=147.99), 0.0201618 s/step
Meep progress: 148.0/500.0 = 29.6% done in 337.7s, 803.2s to go
creating output file "./refl1-ez-000148.00.h5"...
creating output file "./refl1-ez-000149.00.h5"...
on time step 14967 (time=149.67), 0.0239066 s/step
Meep progress: 149.68/500.0 = 29.9% done in 341.7s, 799.8s to go
creating output file "./refl1-ez-000150.00.h5"...
creating output file "./refl1-ez-000151.00.h5"...
on time step 15135 (time=151.35), 0.0238973 s/step
Meep progress: 151.36/500.0 = 30.3% done in 345.7s, 796.3s to go
creating output file "./refl1-ez-000152.00.h5"...
creating output file "./refl1-ez-000153.00.h5"...
on time step 15303 (time=153.03), 0.0238517 s/step
Meep progress: 153.04/500.0 = 30.6% done in 349.7s, 792.9s to go
creating output file "./refl1-ez-000154.00.h5"...
creating output file "./refl1-ez-000155.00.h5"...
on time step 15500 (time=155), 0.0228388 s/step
Meep progress: 155.01/500.0 = 31.0% done in 354.2s, 788.4s to go
creating output file "./refl1-ez-000156.00.h5"...
creating output file "./refl1-ez-000157.00.h5"...
on time step 15700 (time=157), 0.0229725 s/step
Meep progress: 157.01/500.0 = 31.4% done in 358.8s, 783.9s to go
creating output file "./refl1-ez-000158.00.h5"...
on time step 15899 (time=158.99), 0.0201089 s/step
creating output file "./refl1-ez-000159.00.h5"...
Meep progress: 159.01/500.0 = 31.8% done in 363.4s, 779.3s to go
creating output file "./refl1-ez-000160.00.h5"...
on time step 16067 (time=160.67), 0.0238216 s/step
creating output file "./refl1-ez-000161.00.h5"...
Meep progress: 161.01/500.0 = 32.2% done in 367.9s, 774.7s to go
creating output file "./refl1-ez-000162.00.h5"...
on time step 16231 (time=162.31), 0.0244846 s/step
Meep progress: 162.95/500.0 = 32.6% done in 372.0s, 769.4s to go
creating output file "./refl1-ez-000163.00.h5"...
creating output file "./refl1-ez-000164.00.h5"...
on time step 16400 (time=164), 0.0238059 s/step
Meep progress: 164.64/500.0 = 32.9% done in 376.0s, 765.8s to go
creating output file "./refl1-ez-000165.00.h5"...
on time step 16598 (time=165.98), 0.0202273 s/step
creating output file "./refl1-ez-000166.00.h5"...
Meep progress: 166.29/500.0 = 33.3% done in 380.0s, 762.5s to go
creating output file "./refl1-ez-000167.00.h5"...
on time step 16763 (time=167.63), 0.0242824 s/step
creating output file "./refl1-ez-000168.00.h5"...
Meep progress: 168.01/500.0 = 33.6% done in 384.1s, 759.0s to go
creating output file "./refl1-ez-000169.00.h5"...
on time step 16930 (time=169.3), 0.0239687 s/step
Meep progress: 170.0/500.0 = 34.0% done in 388.1s, 753.4s to go
creating output file "./refl1-ez-000170.00.h5"...
creating output file "./refl1-ez-000171.00.h5"...
on time step 17100 (time=171), 0.0238979 s/step
Meep progress: 171.68/500.0 = 34.3% done in 392.1s, 749.9s to go
creating output file "./refl1-ez-000172.00.h5"...
on time step 17298 (time=172.98), 0.0202413 s/step
creating output file "./refl1-ez-000173.00.h5"...
Meep progress: 173.35/500.0 = 34.7% done in 396.1s, 746.4s to go
creating output file "./refl1-ez-000174.00.h5"...
on time step 17467 (time=174.67), 0.0237374 s/step
creating output file "./refl1-ez-000175.00.h5"...
Meep progress: 175.04/500.0 = 35.0% done in 400.1s, 742.8s to go
creating output file "./refl1-ez-000176.00.h5"...
on time step 17631 (time=176.31), 0.0244895 s/step
Meep progress: 176.97/500.0 = 35.4% done in 404.1s, 737.7s to go
creating output file "./refl1-ez-000177.00.h5"...
creating output file "./refl1-ez-000178.00.h5"...
on time step 17800 (time=178), 0.0247091 s/step
Meep progress: 178.57/500.0 = 35.7% done in 408.2s, 734.7s to go
creating output file "./refl1-ez-000179.00.h5"...
on time step 17992 (time=179.92), 0.0208651 s/step
creating output file "./refl1-ez-000180.00.h5"...
Meep progress: 180.17/500.0 = 36.0% done in 412.2s, 731.7s to go
creating output file "./refl1-ez-000181.00.h5"...
on time step 18147 (time=181.47), 0.0258785 s/step
Meep progress: 181.98/500.0 = 36.4% done in 416.2s, 727.3s to go
creating output file "./refl1-ez-000182.00.h5"...
creating output file "./refl1-ez-000183.00.h5"...
on time step 18306 (time=183.06), 0.025263 s/step
Meep progress: 183.63/500.0 = 36.7% done in 420.2s, 723.9s to go
creating output file "./refl1-ez-000184.00.h5"...
creating output file "./refl1-ez-000185.00.h5"...
on time step 18500 (time=185), 0.0233001 s/step
Meep progress: 185.27/500.0 = 37.1% done in 424.2s, 720.6s to go
creating output file "./refl1-ez-000186.00.h5"...
on time step 18699 (time=186.99), 0.0201488 s/step
creating output file "./refl1-ez-000187.00.h5"...
Meep progress: 187.01/500.0 = 37.4% done in 428.3s, 716.8s to go
creating output file "./refl1-ez-000188.00.h5"...
on time step 18868 (time=188.68), 0.0237597 s/step
creating output file "./refl1-ez-000189.00.h5"...
Meep progress: 189.01/500.0 = 37.8% done in 432.8s, 712.2s to go
creating output file "./refl1-ez-000190.00.h5"...
on time step 19037 (time=190.37), 0.0237671 s/step
Meep progress: 191.0/500.0 = 38.2% done in 436.8s, 706.7s to go
creating output file "./refl1-ez-000191.00.h5"...
creating output file "./refl1-ez-000192.00.h5"...
on time step 19206 (time=192.06), 0.0237568 s/step
Meep progress: 192.69/500.0 = 38.5% done in 440.8s, 703.1s to go
creating output file "./refl1-ez-000193.00.h5"...
creating output file "./refl1-ez-000194.00.h5"...
on time step 19400 (time=194), 0.0229144 s/step
Meep progress: 194.38/500.0 = 38.9% done in 444.9s, 699.4s to go
creating output file "./refl1-ez-000195.00.h5"...
on time step 19599 (time=195.99), 0.0201127 s/step
creating output file "./refl1-ez-000196.00.h5"...
Meep progress: 196.06/500.0 = 39.2% done in 448.9s, 695.8s to go
creating output file "./refl1-ez-000197.00.h5"...
on time step 19767 (time=197.67), 0.0238202 s/step
creating output file "./refl1-ez-000198.00.h5"...
Meep progress: 198.01/500.0 = 39.6% done in 453.3s, 691.4s to go
creating output file "./refl1-ez-000199.00.h5"...
on time step 19936 (time=199.36), 0.0237178 s/step
creating output file "./refl1-ez-000200.00.h5"...
Meep progress: 200.01/500.0 = 40.0% done in 457.9s, 686.8s to go
creating output file "./refl1-ez-000201.00.h5"...
on time step 20105 (time=201.05), 0.0237524 s/step
creating output file "./refl1-ez-000202.00.h5"...
Meep progress: 202.01/500.0 = 40.4% done in 462.4s, 682.1s to go
creating output file "./refl1-ez-000203.00.h5"...
on time step 20300 (time=203), 0.0228495 s/step
creating output file "./refl1-ez-000204.00.h5"...
Meep progress: 204.01/500.0 = 40.8% done in 467.0s, 677.5s to go
creating output file "./refl1-ez-000205.00.h5"...
on time step 20500 (time=205), 0.0227311 s/step
Meep progress: 206.0/500.0 = 41.2% done in 471.0s, 672.2s to go
creating output file "./refl1-ez-000206.00.h5"...
on time step 20699 (time=206.99), 0.0201397 s/step
creating output file "./refl1-ez-000207.00.h5"...
Meep progress: 207.69/500.0 = 41.5% done in 475.0s, 668.5s to go
creating output file "./refl1-ez-000208.00.h5"...
on time step 20868 (time=208.68), 0.0237283 s/step
creating output file "./refl1-ez-000209.00.h5"...
Meep progress: 209.38/500.0 = 41.9% done in 479.0s, 664.8s to go
creating output file "./refl1-ez-000210.00.h5"...
on time step 21037 (time=210.37), 0.0237612 s/step
creating output file "./refl1-ez-000211.00.h5"...
Meep progress: 211.06/500.0 = 42.2% done in 483.0s, 661.2s to go
creating output file "./refl1-ez-000212.00.h5"...
on time step 21206 (time=212.06), 0.0237266 s/step
creating output file "./refl1-ez-000213.00.h5"...
Meep progress: 213.01/500.0 = 42.6% done in 487.5s, 656.7s to go
creating output file "./refl1-ez-000214.00.h5"...
on time step 21400 (time=214), 0.0228565 s/step
creating output file "./refl1-ez-000215.00.h5"...
Meep progress: 215.01/500.0 = 43.0% done in 492.0s, 652.1s to go
on time step 21599 (time=215.99), 0.020125 s/step
creating output file "./refl1-ez-000216.00.h5"...
Meep progress: 217.0/500.0 = 43.4% done in 496.0s, 646.9s to go
creating output file "./refl1-ez-000217.00.h5"...
on time step 21768 (time=217.68), 0.0237186 s/step
creating output file "./refl1-ez-000218.00.h5"...
Meep progress: 218.69/500.0 = 43.7% done in 500.0s, 643.2s to go
creating output file "./refl1-ez-000219.00.h5"...
on time step 21937 (time=219.37), 0.0237162 s/step
creating output file "./refl1-ez-000220.00.h5"...
Meep progress: 220.38/500.0 = 44.1% done in 504.0s, 639.5s to go
creating output file "./refl1-ez-000221.00.h5"...
on time step 22106 (time=221.06), 0.0236948 s/step
creating output file "./refl1-ez-000222.00.h5"...
Meep progress: 222.07/500.0 = 44.4% done in 508.0s, 635.8s to go
creating output file "./refl1-ez-000223.00.h5"...
on time step 22300 (time=223), 0.0228689 s/step
creating output file "./refl1-ez-000224.00.h5"...
Meep progress: 224.01/500.0 = 44.8% done in 512.5s, 631.4s to go
on time step 22499 (time=224.99), 0.0201228 s/step
creating output file "./refl1-ez-000225.00.h5"...
Meep progress: 226.0/500.0 = 45.2% done in 516.5s, 626.2s to go
creating output file "./refl1-ez-000226.00.h5"...
on time step 22668 (time=226.68), 0.0237213 s/step
creating output file "./refl1-ez-000227.00.h5"...
Meep progress: 227.69/500.0 = 45.5% done in 520.5s, 622.5s to go
creating output file "./refl1-ez-000228.00.h5"...
on time step 22837 (time=228.37), 0.0237269 s/step
creating output file "./refl1-ez-000229.00.h5"...
Meep progress: 229.38/500.0 = 45.9% done in 524.5s, 618.8s to go
creating output file "./refl1-ez-000230.00.h5"...
on time step 23006 (time=230.06), 0.0236981 s/step
creating output file "./refl1-ez-000231.00.h5"...
Meep progress: 231.07/500.0 = 46.2% done in 528.5s, 615.1s to go
creating output file "./refl1-ez-000232.00.h5"...
on time step 23200 (time=232), 0.0228487 s/step
creating output file "./refl1-ez-000233.00.h5"...
Meep progress: 233.01/500.0 = 46.6% done in 532.9s, 610.6s to go
on time step 23399 (time=233.99), 0.0201079 s/step
creating output file "./refl1-ez-000234.00.h5"...
Meep progress: 235.0/500.0 = 47.0% done in 536.9s, 605.5s to go
creating output file "./refl1-ez-000235.00.h5"...
on time step 23567 (time=235.67), 0.0238096 s/step
creating output file "./refl1-ez-000236.00.h5"...
Meep progress: 236.69/500.0 = 47.3% done in 540.9s, 601.8s to go
creating output file "./refl1-ez-000237.00.h5"...
on time step 23737 (time=237.37), 0.0236275 s/step
creating output file "./refl1-ez-000238.00.h5"...
Meep progress: 238.38/500.0 = 47.7% done in 544.9s, 598.1s to go
creating output file "./refl1-ez-000239.00.h5"...
on time step 23906 (time=239.06), 0.0237118 s/step
creating output file "./refl1-ez-000240.00.h5"...
Meep progress: 240.07/500.0 = 48.0% done in 548.9s, 594.4s to go
creating output file "./refl1-ez-000241.00.h5"...
on time step 24100 (time=241), 0.022852 s/step
creating output file "./refl1-ez-000242.00.h5"...
Meep progress: 242.01/500.0 = 48.4% done in 553.4s, 589.9s to go
on time step 24299 (time=242.99), 0.0201009 s/step
creating output file "./refl1-ez-000243.00.h5"...
creating output file "./refl1-ez-000244.00.h5"...
Meep progress: 244.01/500.0 = 48.8% done in 557.9s, 585.3s to go
on time step 24468 (time=244.68), 0.0237167 s/step
creating output file "./refl1-ez-000245.00.h5"...
creating output file "./refl1-ez-000246.00.h5"...
Meep progress: 246.01/500.0 = 49.2% done in 562.5s, 580.7s to go
on time step 24638 (time=246.38), 0.0236246 s/step
creating output file "./refl1-ez-000247.00.h5"...
creating output file "./refl1-ez-000248.00.h5"...
Meep progress: 248.01/500.0 = 49.6% done in 567.0s, 576.1s to go
on time step 24807 (time=248.07), 0.0237073 s/step
creating output file "./refl1-ez-000249.00.h5"...
creating output file "./refl1-ez-000250.00.h5"...
on time step 25000 (time=250), 0.0228775 s/step
Meep progress: 250.01/500.0 = 50.0% done in 571.6s, 571.5s to go
creating output file "./refl1-ez-000251.00.h5"...
on time step 25199 (time=251.99), 0.0201865 s/step
Meep progress: 252.0/500.0 = 50.4% done in 575.6s, 566.4s to go
creating output file "./refl1-ez-000252.00.h5"...
creating output file "./refl1-ez-000253.00.h5"...
on time step 25365 (time=253.65), 0.024129 s/step
Meep progress: 253.66/500.0 = 50.7% done in 579.6s, 562.8s to go
creating output file "./refl1-ez-000254.00.h5"...
creating output file "./refl1-ez-000255.00.h5"...
on time step 25535 (time=255.35), 0.0235536 s/step
Meep progress: 255.36/500.0 = 51.1% done in 583.6s, 559.1s to go
creating output file "./refl1-ez-000256.00.h5"...
creating output file "./refl1-ez-000257.00.h5"...
on time step 25705 (time=257.05), 0.0235929 s/step
Meep progress: 257.06/500.0 = 51.4% done in 587.6s, 555.3s to go
creating output file "./refl1-ez-000258.00.h5"...
creating output file "./refl1-ez-000259.00.h5"...
on time step 25900 (time=259), 0.0227914 s/step
Meep progress: 259.01/500.0 = 51.8% done in 592.0s, 550.8s to go
creating output file "./refl1-ez-000260.00.h5"...
creating output file "./refl1-ez-000261.00.h5"...
on time step 26100 (time=261), 0.0226686 s/step
Meep progress: 261.01/500.0 = 52.2% done in 596.6s, 546.2s to go
creating output file "./refl1-ez-000262.00.h5"...
creating output file "./refl1-ez-000263.00.h5"...
on time step 26300 (time=263), 0.0227456 s/step
Meep progress: 263.01/500.0 = 52.6% done in 601.1s, 541.7s to go
creating output file "./refl1-ez-000264.00.h5"...
creating output file "./refl1-ez-000265.00.h5"...
on time step 26500 (time=265), 0.0227873 s/step
Meep progress: 265.01/500.0 = 53.0% done in 605.7s, 537.1s to go
creating output file "./refl1-ez-000266.00.h5"...
creating output file "./refl1-ez-000267.00.h5"...
on time step 26700 (time=267), 0.0228217 s/step
Meep progress: 267.01/500.0 = 53.4% done in 610.2s, 532.5s to go
creating output file "./refl1-ez-000268.00.h5"...
on time step 26899 (time=268.99), 0.020131 s/step
Meep progress: 269.0/500.0 = 53.8% done in 614.2s, 527.5s to go
creating output file "./refl1-ez-000269.00.h5"...
creating output file "./refl1-ez-000270.00.h5"...
on time step 27066 (time=270.66), 0.0240467 s/step
Meep progress: 270.67/500.0 = 54.1% done in 618.3s, 523.8s to go
creating output file "./refl1-ez-000271.00.h5"...
creating output file "./refl1-ez-000272.00.h5"...
on time step 27232 (time=272.32), 0.024108 s/step
Meep progress: 272.33/500.0 = 54.5% done in 622.3s, 520.2s to go
creating output file "./refl1-ez-000273.00.h5"...
creating output file "./refl1-ez-000274.00.h5"...
on time step 27400 (time=274), 0.0240733 s/step
Meep progress: 274.01/500.0 = 54.8% done in 626.3s, 516.6s to go
creating output file "./refl1-ez-000275.00.h5"...
on time step 27599 (time=275.99), 0.0201846 s/step
Meep progress: 276.0/500.0 = 55.2% done in 630.3s, 511.6s to go
creating output file "./refl1-ez-000276.00.h5"...
creating output file "./refl1-ez-000277.00.h5"...
on time step 27764 (time=277.64), 0.024254 s/step
Meep progress: 277.65/500.0 = 55.5% done in 634.3s, 508.0s to go
creating output file "./refl1-ez-000278.00.h5"...
creating output file "./refl1-ez-000279.00.h5"...
on time step 27929 (time=279.29), 0.0242866 s/step
Meep progress: 279.3/500.0 = 55.9% done in 638.3s, 504.4s to go
creating output file "./refl1-ez-000280.00.h5"...
creating output file "./refl1-ez-000281.00.h5"...
on time step 28100 (time=281), 0.0240486 s/step
Meep progress: 281.01/500.0 = 56.2% done in 642.4s, 500.7s to go
creating output file "./refl1-ez-000282.00.h5"...
on time step 28297 (time=282.97), 0.0203156 s/step
Meep progress: 282.99/500.0 = 56.6% done in 646.5s, 495.7s to go
creating output file "./refl1-ez-000283.00.h5"...
creating output file "./refl1-ez-000284.00.h5"...
on time step 28460 (time=284.6), 0.0245743 s/step
Meep progress: 284.62/500.0 = 56.9% done in 650.5s, 492.2s to go
creating output file "./refl1-ez-000285.00.h5"...
creating output file "./refl1-ez-000286.00.h5"...
on time step 28619 (time=286.19), 0.0251663 s/step
Meep progress: 286.21/500.0 = 57.2% done in 654.5s, 488.9s to go
creating output file "./refl1-ez-000287.00.h5"...
creating output file "./refl1-ez-000288.00.h5"...
on time step 28800 (time=288), 0.023801 s/step
Meep progress: 288.01/500.0 = 57.6% done in 658.8s, 484.9s to go
creating output file "./refl1-ez-000289.00.h5"...
on time step 28997 (time=289.97), 0.0203303 s/step
Meep progress: 289.98/500.0 = 58.0% done in 662.8s, 480.0s to go
creating output file "./refl1-ez-000290.00.h5"...
creating output file "./refl1-ez-000291.00.h5"...
on time step 29159 (time=291.59), 0.0247082 s/step
Meep progress: 291.6/500.0 = 58.3% done in 666.8s, 476.5s to go
creating output file "./refl1-ez-000292.00.h5"...
creating output file "./refl1-ez-000293.00.h5"...
on time step 29319 (time=293.19), 0.0250473 s/step
Meep progress: 293.2/500.0 = 58.6% done in 670.8s, 473.1s to go
creating output file "./refl1-ez-000294.00.h5"...
creating output file "./refl1-ez-000295.00.h5"...
on time step 29500 (time=295), 0.0238048 s/step
Meep progress: 295.01/500.0 = 59.0% done in 675.1s, 469.1s to go
creating output file "./refl1-ez-000296.00.h5"...
on time step 29697 (time=296.97), 0.0203218 s/step
Meep progress: 296.99/500.0 = 59.4% done in 679.1s, 464.2s to go
creating output file "./refl1-ez-000297.00.h5"...
creating output file "./refl1-ez-000298.00.h5"...
on time step 29860 (time=298.6), 0.0245744 s/step
Meep progress: 298.62/500.0 = 59.7% done in 683.1s, 460.7s to go
creating output file "./refl1-ez-000299.00.h5"...
creating output file "./refl1-ez-000300.00.h5"...
on time step 30021 (time=300.21), 0.0248753 s/step
Meep progress: 300.23/500.0 = 60.0% done in 687.1s, 457.2s to go
creating output file "./refl1-ez-000301.00.h5"...
creating output file "./refl1-ez-000302.00.h5"...
on time step 30200 (time=302), 0.0239355 s/step
Meep progress: 302.01/500.0 = 60.4% done in 691.4s, 453.3s to go
creating output file "./refl1-ez-000303.00.h5"...
on time step 30397 (time=303.97), 0.0203106 s/step
Meep progress: 303.99/500.0 = 60.8% done in 695.4s, 448.4s to go
creating output file "./refl1-ez-000304.00.h5"...
creating output file "./refl1-ez-000305.00.h5"...
on time step 30561 (time=305.61), 0.0244434 s/step
Meep progress: 305.63/500.0 = 61.1% done in 699.4s, 444.8s to go
creating output file "./refl1-ez-000306.00.h5"...
creating output file "./refl1-ez-000307.00.h5"...
on time step 30725 (time=307.25), 0.0244827 s/step
Meep progress: 307.27/500.0 = 61.5% done in 703.4s, 441.2s to go
creating output file "./refl1-ez-000308.00.h5"...
creating output file "./refl1-ez-000309.00.h5"...
on time step 30900 (time=309), 0.0239285 s/step
Meep progress: 309.01/500.0 = 61.8% done in 707.6s, 437.3s to go
creating output file "./refl1-ez-000310.00.h5"...
on time step 31097 (time=310.97), 0.0203345 s/step
Meep progress: 310.98/500.0 = 62.2% done in 711.6s, 432.5s to go
creating output file "./refl1-ez-000311.00.h5"...
creating output file "./refl1-ez-000312.00.h5"...
on time step 31261 (time=312.61), 0.0244264 s/step
Meep progress: 312.62/500.0 = 62.5% done in 715.6s, 428.9s to go
creating output file "./refl1-ez-000313.00.h5"...
creating output file "./refl1-ez-000314.00.h5"...
on time step 31425 (time=314.25), 0.0244946 s/step
Meep progress: 314.26/500.0 = 62.9% done in 719.6s, 425.3s to go
creating output file "./refl1-ez-000315.00.h5"...
creating output file "./refl1-ez-000316.00.h5"...
on time step 31600 (time=316), 0.0239249 s/step
Meep progress: 316.01/500.0 = 63.2% done in 723.8s, 421.4s to go
creating output file "./refl1-ez-000317.00.h5"...
on time step 31798 (time=317.98), 0.0202436 s/step
Meep progress: 317.99/500.0 = 63.6% done in 727.8s, 416.6s to go
creating output file "./refl1-ez-000318.00.h5"...
creating output file "./refl1-ez-000319.00.h5"...
on time step 31963 (time=319.63), 0.0243225 s/step
Meep progress: 319.64/500.0 = 63.9% done in 731.8s, 412.9s to go
creating output file "./refl1-ez-000320.00.h5"...
creating output file "./refl1-ez-000321.00.h5"...
on time step 32126 (time=321.26), 0.0245906 s/step
Meep progress: 321.27/500.0 = 64.3% done in 735.8s, 409.4s to go
creating output file "./refl1-ez-000322.00.h5"...
creating output file "./refl1-ez-000323.00.h5"...
on time step 32300 (time=323), 0.0239881 s/step
Meep progress: 323.01/500.0 = 64.6% done in 740.0s, 405.5s to go
creating output file "./refl1-ez-000324.00.h5"...
on time step 32498 (time=324.98), 0.0202628 s/step
Meep progress: 324.99/500.0 = 65.0% done in 744.0s, 400.7s to go
creating output file "./refl1-ez-000325.00.h5"...
creating output file "./refl1-ez-000326.00.h5"...
on time step 32661 (time=326.61), 0.0245922 s/step
Meep progress: 326.62/500.0 = 65.3% done in 748.0s, 397.1s to go
creating output file "./refl1-ez-000327.00.h5"...
creating output file "./refl1-ez-000328.00.h5"...
on time step 32825 (time=328.25), 0.0243965 s/step
Meep progress: 328.26/500.0 = 65.7% done in 752.0s, 393.5s to go
creating output file "./refl1-ez-000329.00.h5"...
creating output file "./refl1-ez-000330.00.h5"...
on time step 33000 (time=330), 0.024023 s/step
Meep progress: 330.01/500.0 = 66.0% done in 756.2s, 389.5s to go
creating output file "./refl1-ez-000331.00.h5"...
on time step 33198 (time=331.98), 0.0202578 s/step
Meep progress: 331.99/500.0 = 66.4% done in 760.3s, 384.7s to go
creating output file "./refl1-ez-000332.00.h5"...
creating output file "./refl1-ez-000333.00.h5"...
on time step 33362 (time=333.62), 0.0244191 s/step
Meep progress: 333.63/500.0 = 66.7% done in 764.3s, 381.1s to go
creating output file "./refl1-ez-000334.00.h5"...
creating output file "./refl1-ez-000335.00.h5"...
on time step 33526 (time=335.26), 0.0244334 s/step
Meep progress: 335.27/500.0 = 67.1% done in 768.3s, 377.5s to go
creating output file "./refl1-ez-000336.00.h5"...
creating output file "./refl1-ez-000337.00.h5"...
on time step 33700 (time=337), 0.0239942 s/step
Meep progress: 337.01/500.0 = 67.4% done in 772.4s, 373.6s to go
creating output file "./refl1-ez-000338.00.h5"...
on time step 33898 (time=338.98), 0.0202735 s/step
Meep progress: 338.99/500.0 = 67.8% done in 776.5s, 368.8s to go
creating output file "./refl1-ez-000339.00.h5"...
creating output file "./refl1-ez-000340.00.h5"...
on time step 34062 (time=340.62), 0.024441 s/step
Meep progress: 340.63/500.0 = 68.1% done in 780.5s, 365.2s to go
creating output file "./refl1-ez-000341.00.h5"...
creating output file "./refl1-ez-000342.00.h5"...
on time step 34227 (time=342.27), 0.0243052 s/step
Meep progress: 342.28/500.0 = 68.5% done in 784.5s, 361.5s to go
creating output file "./refl1-ez-000343.00.h5"...
creating output file "./refl1-ez-000344.00.h5"...
on time step 34400 (time=344), 0.0239813 s/step
Meep progress: 344.01/500.0 = 68.8% done in 788.6s, 357.6s to go
creating output file "./refl1-ez-000345.00.h5"...
on time step 34598 (time=345.98), 0.0202281 s/step
Meep progress: 345.99/500.0 = 69.2% done in 792.6s, 352.8s to go
creating output file "./refl1-ez-000346.00.h5"...
creating output file "./refl1-ez-000347.00.h5"...
on time step 34762 (time=347.62), 0.0244743 s/step
Meep progress: 347.63/500.0 = 69.5% done in 796.6s, 349.2s to go
creating output file "./refl1-ez-000348.00.h5"...
creating output file "./refl1-ez-000349.00.h5"...
on time step 34926 (time=349.26), 0.0244851 s/step
Meep progress: 349.27/500.0 = 69.9% done in 800.7s, 345.5s to go
creating output file "./refl1-ez-000350.00.h5"...
creating output file "./refl1-ez-000351.00.h5"...
on time step 35100 (time=351), 0.0239093 s/step
Meep progress: 351.01/500.0 = 70.2% done in 804.8s, 341.6s to go
creating output file "./refl1-ez-000352.00.h5"...
on time step 35298 (time=352.98), 0.0202513 s/step
Meep progress: 352.99/500.0 = 70.6% done in 808.8s, 336.9s to go
creating output file "./refl1-ez-000353.00.h5"...
creating output file "./refl1-ez-000354.00.h5"...
on time step 35463 (time=354.63), 0.0243024 s/step
Meep progress: 354.64/500.0 = 70.9% done in 812.8s, 333.2s to go
creating output file "./refl1-ez-000355.00.h5"...
creating output file "./refl1-ez-000356.00.h5"...
on time step 35628 (time=356.28), 0.0243242 s/step
Meep progress: 356.29/500.0 = 71.3% done in 816.9s, 329.5s to go
creating output file "./refl1-ez-000357.00.h5"...
creating output file "./refl1-ez-000358.00.h5"...
on time step 35800 (time=358), 0.0240084 s/step
Meep progress: 358.01/500.0 = 71.6% done in 821.0s, 325.6s to go
creating output file "./refl1-ez-000359.00.h5"...
on time step 35998 (time=359.98), 0.0202417 s/step
Meep progress: 359.99/500.0 = 72.0% done in 825.0s, 320.9s to go
creating output file "./refl1-ez-000360.00.h5"...
creating output file "./refl1-ez-000361.00.h5"...
on time step 36164 (time=361.64), 0.0241589 s/step
Meep progress: 361.65/500.0 = 72.3% done in 829.0s, 317.1s to go
creating output file "./refl1-ez-000362.00.h5"...
creating output file "./refl1-ez-000363.00.h5"...
on time step 36330 (time=363.3), 0.0241241 s/step
Meep progress: 363.31/500.0 = 72.7% done in 833.0s, 313.4s to go
creating output file "./refl1-ez-000364.00.h5"...
creating output file "./refl1-ez-000365.00.h5"...
on time step 36500 (time=365), 0.0239376 s/step
Meep progress: 365.01/500.0 = 73.0% done in 837.1s, 309.6s to go
creating output file "./refl1-ez-000366.00.h5"...
on time step 36699 (time=366.99), 0.0201303 s/step
Meep progress: 367.0/500.0 = 73.4% done in 841.1s, 304.8s to go
creating output file "./refl1-ez-000367.00.h5"...
creating output file "./refl1-ez-000368.00.h5"...
on time step 36866 (time=368.66), 0.0240395 s/step
Meep progress: 368.67/500.0 = 73.7% done in 845.1s, 301.0s to go
creating output file "./refl1-ez-000369.00.h5"...
creating output file "./refl1-ez-000370.00.h5"...
on time step 37034 (time=370.34), 0.0238487 s/step
Meep progress: 370.35/500.0 = 74.1% done in 849.1s, 297.2s to go
creating output file "./refl1-ez-000371.00.h5"...
creating output file "./refl1-ez-000372.00.h5"...
on time step 37202 (time=372.02), 0.0238166 s/step
Meep progress: 372.03/500.0 = 74.4% done in 853.1s, 293.4s to go
creating output file "./refl1-ez-000373.00.h5"...
creating output file "./refl1-ez-000374.00.h5"...
on time step 37400 (time=374), 0.0227904 s/step
Meep progress: 374.01/500.0 = 74.8% done in 857.6s, 288.9s to go
creating output file "./refl1-ez-000375.00.h5"...
creating output file "./refl1-ez-000376.00.h5"...
on time step 37600 (time=376), 0.0226812 s/step
Meep progress: 376.01/500.0 = 75.2% done in 862.2s, 284.3s to go
creating output file "./refl1-ez-000377.00.h5"...
creating output file "./refl1-ez-000378.00.h5"...
on time step 37800 (time=378), 0.0227513 s/step
Meep progress: 378.01/500.0 = 75.6% done in 866.7s, 279.7s to go
creating output file "./refl1-ez-000379.00.h5"...
creating output file "./refl1-ez-000380.00.h5"...
on time step 38000 (time=380), 0.0226902 s/step
Meep progress: 380.01/500.0 = 76.0% done in 871.2s, 275.1s to go
creating output file "./refl1-ez-000381.00.h5"...
creating output file "./refl1-ez-000382.00.h5"...
on time step 38200 (time=382), 0.0226885 s/step
Meep progress: 382.01/500.0 = 76.4% done in 875.8s, 270.5s to go
creating output file "./refl1-ez-000383.00.h5"...
creating output file "./refl1-ez-000384.00.h5"...
on time step 38400 (time=384), 0.022624 s/step
Meep progress: 384.01/500.0 = 76.8% done in 880.3s, 265.9s to go
creating output file "./refl1-ez-000385.00.h5"...
creating output file "./refl1-ez-000386.00.h5"...
on time step 38600 (time=386), 0.0226584 s/step
Meep progress: 386.01/500.0 = 77.2% done in 884.8s, 261.3s to go
creating output file "./refl1-ez-000387.00.h5"...
creating output file "./refl1-ez-000388.00.h5"...
on time step 38800 (time=388), 0.0226192 s/step
Meep progress: 388.01/500.0 = 77.6% done in 889.4s, 256.7s to go
creating output file "./refl1-ez-000389.00.h5"...
creating output file "./refl1-ez-000390.00.h5"...
on time step 39000 (time=390), 0.0226594 s/step
Meep progress: 390.01/500.0 = 78.0% done in 893.9s, 252.1s to go
creating output file "./refl1-ez-000391.00.h5"...
creating output file "./refl1-ez-000392.00.h5"...
on time step 39200 (time=392), 0.0225542 s/step
Meep progress: 392.01/500.0 = 78.4% done in 898.4s, 247.5s to go
creating output file "./refl1-ez-000393.00.h5"...
creating output file "./refl1-ez-000394.00.h5"...
on time step 39400 (time=394), 0.0225546 s/step
Meep progress: 394.01/500.0 = 78.8% done in 902.9s, 242.9s to go
creating output file "./refl1-ez-000395.00.h5"...
creating output file "./refl1-ez-000396.00.h5"...
on time step 39600 (time=396), 0.0225667 s/step
Meep progress: 396.01/500.0 = 79.2% done in 907.4s, 238.3s to go
creating output file "./refl1-ez-000397.00.h5"...
creating output file "./refl1-ez-000398.00.h5"...
on time step 39800 (time=398), 0.022578 s/step
Meep progress: 398.01/500.0 = 79.6% done in 911.9s, 233.7s to go
creating output file "./refl1-ez-000399.00.h5"...
creating output file "./refl1-ez-000400.00.h5"...
on time step 40000 (time=400), 0.022535 s/step
Meep progress: 400.01/500.0 = 80.0% done in 916.5s, 229.1s to go
creating output file "./refl1-ez-000401.00.h5"...
creating output file "./refl1-ez-000402.00.h5"...
on time step 40200 (time=402), 0.0225533 s/step
Meep progress: 402.01/500.0 = 80.4% done in 921.0s, 224.5s to go
creating output file "./refl1-ez-000403.00.h5"...
creating output file "./refl1-ez-000404.00.h5"...
on time step 40400 (time=404), 0.0225525 s/step
Meep progress: 404.01/500.0 = 80.8% done in 925.5s, 219.9s to go
creating output file "./refl1-ez-000405.00.h5"...
creating output file "./refl1-ez-000406.00.h5"...
on time step 40600 (time=406), 0.0225723 s/step
Meep progress: 406.01/500.0 = 81.2% done in 930.0s, 215.3s to go
creating output file "./refl1-ez-000407.00.h5"...
creating output file "./refl1-ez-000408.00.h5"...
on time step 40800 (time=408), 0.0226268 s/step
Meep progress: 408.01/500.0 = 81.6% done in 934.5s, 210.7s to go
creating output file "./refl1-ez-000409.00.h5"...
creating output file "./refl1-ez-000410.00.h5"...
on time step 41000 (time=410), 0.0225563 s/step
Meep progress: 410.01/500.0 = 82.0% done in 939.0s, 206.1s to go
creating output file "./refl1-ez-000411.00.h5"...
creating output file "./refl1-ez-000412.00.h5"...
on time step 41200 (time=412), 0.0225744 s/step
Meep progress: 412.01/500.0 = 82.4% done in 943.5s, 201.5s to go
creating output file "./refl1-ez-000413.00.h5"...
creating output file "./refl1-ez-000414.00.h5"...
on time step 41400 (time=414), 0.0225297 s/step
Meep progress: 414.01/500.0 = 82.8% done in 948.0s, 196.9s to go
creating output file "./refl1-ez-000415.00.h5"...
creating output file "./refl1-ez-000416.00.h5"...
on time step 41600 (time=416), 0.0225832 s/step
Meep progress: 416.01/500.0 = 83.2% done in 952.6s, 192.3s to go
creating output file "./refl1-ez-000417.00.h5"...
creating output file "./refl1-ez-000418.00.h5"...
on time step 41800 (time=418), 0.0225136 s/step
Meep progress: 418.01/500.0 = 83.6% done in 957.1s, 187.7s to go
creating output file "./refl1-ez-000419.00.h5"...
creating output file "./refl1-ez-000420.00.h5"...
on time step 42000 (time=420), 0.0225024 s/step
Meep progress: 420.01/500.0 = 84.0% done in 961.6s, 183.1s to go
creating output file "./refl1-ez-000421.00.h5"...
creating output file "./refl1-ez-000422.00.h5"...
on time step 42200 (time=422), 0.0224891 s/step
Meep progress: 422.01/500.0 = 84.4% done in 966.1s, 178.5s to go
creating output file "./refl1-ez-000423.00.h5"...
creating output file "./refl1-ez-000424.00.h5"...
on time step 42400 (time=424), 0.0224836 s/step
Meep progress: 424.01/500.0 = 84.8% done in 970.6s, 173.9s to go
creating output file "./refl1-ez-000425.00.h5"...
creating output file "./refl1-ez-000426.00.h5"...
on time step 42600 (time=426), 0.0225127 s/step
Meep progress: 426.01/500.0 = 85.2% done in 975.1s, 169.4s to go
creating output file "./refl1-ez-000427.00.h5"...
creating output file "./refl1-ez-000428.00.h5"...
on time step 42800 (time=428), 0.0224907 s/step
Meep progress: 428.01/500.0 = 85.6% done in 979.6s, 164.8s to go
creating output file "./refl1-ez-000429.00.h5"...
creating output file "./refl1-ez-000430.00.h5"...
on time step 43000 (time=430), 0.0224843 s/step
Meep progress: 430.01/500.0 = 86.0% done in 984.1s, 160.2s to go
creating output file "./refl1-ez-000431.00.h5"...
creating output file "./refl1-ez-000432.00.h5"...
on time step 43200 (time=432), 0.0225078 s/step
Meep progress: 432.01/500.0 = 86.4% done in 988.6s, 155.6s to go
creating output file "./refl1-ez-000433.00.h5"...
creating output file "./refl1-ez-000434.00.h5"...
on time step 43400 (time=434), 0.0225295 s/step
Meep progress: 434.01/500.0 = 86.8% done in 993.1s, 151.0s to go
creating output file "./refl1-ez-000435.00.h5"...
creating output file "./refl1-ez-000436.00.h5"...
on time step 43600 (time=436), 0.0225903 s/step
Meep progress: 436.01/500.0 = 87.2% done in 997.6s, 146.4s to go
creating output file "./refl1-ez-000437.00.h5"...
creating output file "./refl1-ez-000438.00.h5"...
on time step 43800 (time=438), 0.0225041 s/step
Meep progress: 438.01/500.0 = 87.6% done in 1002.1s, 141.8s to go
creating output file "./refl1-ez-000439.00.h5"...
creating output file "./refl1-ez-000440.00.h5"...
on time step 44000 (time=440), 0.0225651 s/step
Meep progress: 440.01/500.0 = 88.0% done in 1006.6s, 137.2s to go
creating output file "./refl1-ez-000441.00.h5"...
creating output file "./refl1-ez-000442.00.h5"...
on time step 44200 (time=442), 0.0224899 s/step
Meep progress: 442.01/500.0 = 88.4% done in 1011.1s, 132.7s to go
creating output file "./refl1-ez-000443.00.h5"...
creating output file "./refl1-ez-000444.00.h5"...
on time step 44400 (time=444), 0.0225671 s/step
Meep progress: 444.01/500.0 = 88.8% done in 1015.6s, 128.1s to go
creating output file "./refl1-ez-000445.00.h5"...
creating output file "./refl1-ez-000446.00.h5"...
on time step 44600 (time=446), 0.0226102 s/step
Meep progress: 446.01/500.0 = 89.2% done in 1020.1s, 123.5s to go
creating output file "./refl1-ez-000447.00.h5"...
creating output file "./refl1-ez-000448.00.h5"...
on time step 44800 (time=448), 0.0225616 s/step
Meep progress: 448.01/500.0 = 89.6% done in 1024.6s, 118.9s to go
creating output file "./refl1-ez-000449.00.h5"...
creating output file "./refl1-ez-000450.00.h5"...
on time step 45000 (time=450), 0.022524 s/step
Meep progress: 450.01/500.0 = 90.0% done in 1029.1s, 114.3s to go
creating output file "./refl1-ez-000451.00.h5"...
creating output file "./refl1-ez-000452.00.h5"...
on time step 45200 (time=452), 0.0225147 s/step
Meep progress: 452.01/500.0 = 90.4% done in 1033.7s, 109.7s to go
creating output file "./refl1-ez-000453.00.h5"...
creating output file "./refl1-ez-000454.00.h5"...
on time step 45400 (time=454), 0.0226159 s/step
Meep progress: 454.01/500.0 = 90.8% done in 1038.2s, 105.2s to go
creating output file "./refl1-ez-000455.00.h5"...
creating output file "./refl1-ez-000456.00.h5"...
on time step 45600 (time=456), 0.0225617 s/step
Meep progress: 456.01/500.0 = 91.2% done in 1042.7s, 100.6s to go
creating output file "./refl1-ez-000457.00.h5"...
creating output file "./refl1-ez-000458.00.h5"...
on time step 45800 (time=458), 0.0224268 s/step
Meep progress: 458.01/500.0 = 91.6% done in 1047.2s, 96.0s to go
creating output file "./refl1-ez-000459.00.h5"...
creating output file "./refl1-ez-000460.00.h5"...
on time step 46000 (time=460), 0.022453 s/step
Meep progress: 460.01/500.0 = 92.0% done in 1051.7s, 91.4s to go
creating output file "./refl1-ez-000461.00.h5"...
creating output file "./refl1-ez-000462.00.h5"...
on time step 46200 (time=462), 0.0225396 s/step
Meep progress: 462.01/500.0 = 92.4% done in 1056.2s, 86.8s to go
creating output file "./refl1-ez-000463.00.h5"...
creating output file "./refl1-ez-000464.00.h5"...
on time step 46400 (time=464), 0.0225821 s/step
Meep progress: 464.01/500.0 = 92.8% done in 1060.7s, 82.3s to go
creating output file "./refl1-ez-000465.00.h5"...
creating output file "./refl1-ez-000466.00.h5"...
on time step 46600 (time=466), 0.022522 s/step
Meep progress: 466.01/500.0 = 93.2% done in 1065.2s, 77.7s to go
creating output file "./refl1-ez-000467.00.h5"...
creating output file "./refl1-ez-000468.00.h5"...
on time step 46800 (time=468), 0.0225026 s/step
Meep progress: 468.01/500.0 = 93.6% done in 1069.7s, 73.1s to go
creating output file "./refl1-ez-000469.00.h5"...
creating output file "./refl1-ez-000470.00.h5"...
on time step 47000 (time=470), 0.0225169 s/step
Meep progress: 470.01/500.0 = 94.0% done in 1074.2s, 68.5s to go
creating output file "./refl1-ez-000471.00.h5"...
creating output file "./refl1-ez-000472.00.h5"...
on time step 47200 (time=472), 0.0225135 s/step
Meep progress: 472.01/500.0 = 94.4% done in 1078.7s, 64.0s to go
creating output file "./refl1-ez-000473.00.h5"...
creating output file "./refl1-ez-000474.00.h5"...
on time step 47400 (time=474), 0.022592 s/step
Meep progress: 474.01/500.0 = 94.8% done in 1083.2s, 59.4s to go
creating output file "./refl1-ez-000475.00.h5"...
creating output file "./refl1-ez-000476.00.h5"...
on time step 47600 (time=476), 0.0225477 s/step
Meep progress: 476.01/500.0 = 95.2% done in 1087.7s, 54.8s to go
creating output file "./refl1-ez-000477.00.h5"...
creating output file "./refl1-ez-000478.00.h5"...
on time step 47800 (time=478), 0.0225595 s/step
Meep progress: 478.01/500.0 = 95.6% done in 1092.2s, 50.2s to go
creating output file "./refl1-ez-000479.00.h5"...
creating output file "./refl1-ez-000480.00.h5"...
on time step 48000 (time=480), 0.0225428 s/step
Meep progress: 480.01/500.0 = 96.0% done in 1096.7s, 45.7s to go
creating output file "./refl1-ez-000481.00.h5"...
creating output file "./refl1-ez-000482.00.h5"...
on time step 48200 (time=482), 0.0225299 s/step
Meep progress: 482.01/500.0 = 96.4% done in 1101.3s, 41.1s to go
creating output file "./refl1-ez-000483.00.h5"...
creating output file "./refl1-ez-000484.00.h5"...
on time step 48400 (time=484), 0.0228997 s/step
Meep progress: 484.01/500.0 = 96.8% done in 1105.8s, 36.5s to go
creating output file "./refl1-ez-000485.00.h5"...
creating output file "./refl1-ez-000486.00.h5"...
on time step 48600 (time=486), 0.0225213 s/step
Meep progress: 486.01/500.0 = 97.2% done in 1110.3s, 32.0s to go
creating output file "./refl1-ez-000487.00.h5"...
creating output file "./refl1-ez-000488.00.h5"...
on time step 48800 (time=488), 0.0225565 s/step
Meep progress: 488.01/500.0 = 97.6% done in 1114.8s, 27.4s to go
creating output file "./refl1-ez-000489.00.h5"...
creating output file "./refl1-ez-000490.00.h5"...
on time step 49000 (time=490), 0.022632 s/step
Meep progress: 490.01/500.0 = 98.0% done in 1119.4s, 22.8s to go
creating output file "./refl1-ez-000491.00.h5"...
creating output file "./refl1-ez-000492.00.h5"...
on time step 49200 (time=492), 0.0224673 s/step
Meep progress: 492.01/500.0 = 98.4% done in 1123.9s, 18.3s to go
creating output file "./refl1-ez-000493.00.h5"...
creating output file "./refl1-ez-000494.00.h5"...
on time step 49400 (time=494), 0.0225155 s/step
Meep progress: 494.01/500.0 = 98.8% done in 1128.4s, 13.7s to go
creating output file "./refl1-ez-000495.00.h5"...
creating output file "./refl1-ez-000496.00.h5"...
on time step 49600 (time=496), 0.0224712 s/step
Meep progress: 496.01/500.0 = 99.2% done in 1132.9s, 9.1s to go
creating output file "./refl1-ez-000497.00.h5"...
creating output file "./refl1-ez-000498.00.h5"...
on time step 49800 (time=498), 0.0224603 s/step
Meep progress: 498.01/500.0 = 99.6% done in 1137.4s, 4.5s to go
creating output file "./refl1-ez-000499.00.h5"...
creating output file "./refl1-ez-000500.00.h5"...
run 0 finished at t = 500.0 (50000 timesteps)
flux1:, 0.41, 4.02362767169354e-12
flux1:, 0.415050505050505, 4.26993889246371e-12
flux1:, 0.42010101010101, 4.2405289092984e-12
flux1:, 0.425151515151515, 4.22835548288423e-12
flux1:, 0.43020202020202, 4.32903812306186e-12
flux1:, 0.435252525252525, 4.47872845437114e-12
flux1:, 0.44030303030303, 4.36469053974496e-12
flux1:, 0.445353535353535, 4.4521288163375e-12
flux1:, 0.45040404040404, 4.68932053785014e-12
flux1:, 0.455454545454545, 4.44154504864463e-12
flux1:, 0.46050505050505, 4.71804795948315e-12
flux1:, 0.465555555555555, 4.76539051180164e-12
flux1:, 0.47060606060606, 4.56304456213303e-12
flux1:, 0.475656565656565, 4.99313587631292e-12
flux1:, 0.48070707070707, 4.79573444824693e-12
flux1:, 0.485757575757575, 4.79978135211473e-12
flux1:, 0.49080808080808, 5.12685059369944e-12
flux1:, 0.495858585858586, 5.19902925412392e-12
flux1:, 0.500909090909091, 4.63066568018309e-12
flux1:, 0.505959595959596, 6.89841846307125e-12
flux1:, 0.511010101010101, 5.16459241433204e-12
flux1:, 0.516060606060606, 3.69992165128536e-11
flux1:, 0.521111111111111, 8.56395888765663e-11
flux1:, 0.526161616161616, 4.85657113097934e-10
flux1:, 0.531212121212121, 1.61834379217113e-9
flux1:, 0.536262626262626, 6.71525801638879e-9
flux1:, 0.541313131313131, 2.35011865296686e-8
flux1:, 0.546363636363636, 8.30576298637281e-8
flux1:, 0.551414141414141, 2.70917341446315e-7
flux1:, 0.556464646464646, 8.51585077815526e-7
flux1:, 0.561515151515152, 2.53771120647898e-6
flux1:, 0.566565656565657, 7.19997871707762e-6
flux1:, 0.571616161616162, 1.94392982666796e-5
flux1:, 0.576666666666667, 5.01066367575887e-5
flux1:, 0.581717171717172, 1.22761671742526e-4
flux1:, 0.586767676767677, 2.85153083242701e-4
flux1:, 0.591818181818182, 6.32196712078445e-4
flux1:, 0.596868686868687, 0.00133150870334947
flux1:, 0.601919191919192, 0.00265638966576605
flux1:, 0.606969696969697, 0.00504367145528572
flux1:, 0.612020202020202, 0.00909390121744008
flux1:, 0.617070707070707, 0.0155129516397442
flux1:, 0.622121212121213, 0.0252381348722797
flux1:, 0.627171717171718, 0.0391177421872692
flux1:, 0.632222222222223, 0.0575046281502539
flux1:, 0.637272727272728, 0.0802767877841295
flux1:, 0.642323232323233, 0.10629529937659
flux1:, 0.647373737373738, 0.132932625914785
flux1:, 0.652424242424243, 0.157138924113129
flux1:, 0.657474747474748, 0.175748756667889
flux1:, 0.662525252525253, 0.187636166281656
flux1:, 0.667575757575758, 0.193910809026981
flux1:, 0.672626262626263, 0.194515853760364
flux1:, 0.677676767676768, 0.187477840306826
flux1:, 0.682727272727274, 0.170366113696578
flux1:, 0.687777777777779, 0.143044229079695
flux1:, 0.692828282828284, 0.111032176336244
flux1:, 0.697878787878789, 0.0816693764719018
flux1:, 0.702929292929294, 0.0586390666134205
flux1:, 0.707979797979799, 0.0415620833844334
flux1:, 0.713030303030304, 0.0285542578537067
flux1:, 0.718080808080809, 0.018366392140206
flux1:, 0.723131313131314, 0.0108176406274844
flux1:, 0.728181818181819, 0.00587113908012799
flux1:, 0.733232323232324, 0.00302227421171424
flux1:, 0.738282828282829, 0.00152556466209667
flux1:, 0.743333333333335, 7.612815374291e-4
flux1:, 0.74838383838384, 3.67678153624696e-4
flux1:, 0.753434343434345, 1.66027970774916e-4
flux1:, 0.75848484848485, 6.89162745659185e-5
flux1:, 0.763535353535355, 2.63650714834475e-5
flux1:, 0.76858585858586, 9.53106753916755e-6
flux1:, 0.773636363636365, 3.34731084860898e-6
flux1:, 0.77868686868687, 1.15159252553704e-6
flux1:, 0.783737373737375, 3.87227491912061e-7
flux1:, 0.78878787878788, 1.22260726719667e-7
flux1:, 0.793838383838385, 3.65712101744635e-8
flux1:, 0.79888888888889, 9.95368593222211e-9
flux1:, 0.803939393939396, 2.61893244483631e-9
flux1:, 0.808989898989901, 6.77427764675189e-10
flux1:, 0.814040404040406, 2.03120204332182e-10
flux1:, 0.819090909090911, 9.01429413451084e-11
flux1:, 0.824141414141416, 5.86440650792381e-11
flux1:, 0.829191919191921, 4.7356116415911e-11
flux1:, 0.834242424242426, 4.22113947917545e-11
flux1:, 0.839292929292931, 3.75747556240667e-11
flux1:, 0.844343434343436, 3.46279894519124e-11
flux1:, 0.849393939393941, 3.1341505082575e-11
flux1:, 0.854444444444446, 2.85835086052832e-11
flux1:, 0.859494949494951, 2.6509645510099e-11
flux1:, 0.864545454545457, 2.41858016282634e-11
flux1:, 0.869595959595962, 2.24121383961569e-11
flux1:, 0.874646464646467, 2.07554142239128e-11
flux1:, 0.879696969696972, 1.91054556933453e-11
flux1:, 0.884747474747477, 1.80152179391474e-11
flux1:, 0.889797979797982, 1.64825289256838e-11
flux1:, 0.894848484848487, 1.54573330657302e-11
flux1:, 0.899898989898992, 1.46186319287158e-11
flux1:, 0.904949494949497, 1.33806072951647e-11
flux1:, 0.910000000000002, 1.27618711877306e-11
flux1:, 0.41, 1.77745006074124e-14
flux1:, 0.415050505050505, 1.97034887356247e-14
flux1:, 0.42010101010101, 1.56482879017625e-14
flux1:, 0.425151515151515, 1.06008117329175e-14
flux1:, 0.43020202020202, 9.11028903366627e-15
flux1:, 0.435252525252525, 1.09748662523118e-14
flux1:, 0.44030303030303, 1.45298208647222e-14
flux1:, 0.445353535353535, 1.8468992702955e-14
flux1:, 0.45040404040404, 2.02834047879405e-14
flux1:, 0.455454545454545, 1.81481161429648e-14
flux1:, 0.46050505050505, 1.61739584932228e-14
flux1:, 0.465555555555555, 1.9812762428234e-14
flux1:, 0.47060606060606, 2.65958837002728e-14
flux1:, 0.475656565656565, 2.9421723881178e-14
flux1:, 0.48070707070707, 2.63727214385329e-14
flux1:, 0.485757575757575, 2.04030536974963e-14
flux1:, 0.49080808080808, 1.41438496007221e-14
flux1:, 0.495858585858586, 8.49169573998826e-15
flux1:, 0.500909090909091, 3.5439625254838e-15
flux1:, 0.505959595959596, 1.68862922388472e-14
flux1:, 0.511010101010101, 2.23881519537681e-13
flux1:, 0.516060606060606, 1.55341739607766e-12
flux1:, 0.521111111111111, 7.77579189774268e-12
flux1:, 0.526161616161616, 3.30118406557658e-11
flux1:, 0.531212121212121, 1.32321952347805e-10
flux1:, 0.536262626262626, 5.32479742017046e-10
flux1:, 0.541313131313131, 2.10212242546018e-9
flux1:, 0.546363636363636, 7.91920629532723e-9
flux1:, 0.551414141414141, 2.76897183403315e-8
flux1:, 0.556464646464646, 8.76515490675366e-8
flux1:, 0.561515151515152, 2.5578808157524e-7
flux1:, 0.566565656565657, 6.96285057884986e-7
flux1:, 0.571616161616162, 1.79364681828463e-6
flux1:, 0.576666666666667, 4.56744555541467e-6
flux1:, 0.581717171717172, 1.13735348376432e-5
flux1:, 0.586767676767677, 2.72357536956704e-5
flux1:, 0.591818181818182, 6.30834123173474e-5
flux1:, 0.596868686868687, 1.3640877593555e-4
flux1:, 0.601919191919192, 2.75748104278724e-4
flux1:, 0.606969696969697, 5.31932140970785e-4
flux1:, 0.612020202020202, 9.6788951478741e-4
flux1:, 0.617070707070707, 0.00167698959318174
flux1:, 0.622121212121213, 0.00277589905202034
flux1:, 0.627171717171718, 0.00431406077259063
flux1:, 0.632222222222223, 0.00633473563092166
flux1:, 0.637272727272728, 0.00881282733163146
flux1:, 0.642323232323233, 0.0116212852783418
flux1:, 0.647373737373738, 0.014695329737255
flux1:, 0.652424242424243, 0.0178706250908261
flux1:, 0.657474747474748, 0.020839758464912
flux1:, 0.662525252525253, 0.0231195179157659
flux1:, 0.667575757575758, 0.0243419990875384
flux1:, 0.672626262626263, 0.024100720725562
flux1:, 0.677676767676768, 0.0221249462886788
flux1:, 0.682727272727274, 0.0188778175632618
flux1:, 0.687777777777779, 0.0150900876510615
flux1:, 0.692828282828284, 0.0115408681556113
flux1:, 0.697878787878789, 0.00875263613404921
flux1:, 0.702929292929294, 0.00660523193414351
flux1:, 0.707979797979799, 0.0049093988931435
flux1:, 0.713030303030304, 0.00349019325095515
flux1:, 0.718080808080809, 0.00225572267801677
flux1:, 0.723131313131314, 0.0013029217123637
flux1:, 0.728181818181819, 6.81807235416424e-4
flux1:, 0.733232323232324, 3.35711784835036e-4
flux1:, 0.738282828282829, 1.64049136102403e-4
flux1:, 0.743333333333335, 8.11601892537915e-5
flux1:, 0.74838383838384, 3.97362179464468e-5
flux1:, 0.753434343434345, 1.84484419236586e-5
flux1:, 0.75848484848485, 7.87330470634337e-6
flux1:, 0.763535353535355, 3.08673820995722e-6
flux1:, 0.76858585858586, 1.1321005143633e-6
flux1:, 0.773636363636365, 4.0331249017729e-7
flux1:, 0.77868686868687, 1.42016430392733e-7
flux1:, 0.783737373737375, 4.85223533347799e-8
flux1:, 0.78878787878788, 1.57780904620929e-8
flux1:, 0.793838383838385, 4.74740216930308e-9
flux1:, 0.79888888888889, 1.30629276519916e-9
flux1:, 0.803939393939396, 3.33847267573397e-10
flux1:, 0.808989898989901, 7.9743580700688e-11
flux1:, 0.814040404040406, 1.78995053084916e-11
flux1:, 0.819090909090911, 3.70970638314019e-12
flux1:, 0.824141414141416, 6.91650034752512e-13
flux1:, 0.829191919191921, 1.39256819591409e-13
flux1:, 0.834242424242426, 5.21573169602354e-14
flux1:, 0.839292929292931, 3.31145648308747e-14
flux1:, 0.844343434343436, 2.40968423590029e-14
flux1:, 0.849393939393941, 2.3877180683108e-14
flux1:, 0.854444444444446, 3.4275182022598e-14
flux1:, 0.859494949494951, 4.72009734143846e-14
flux1:, 0.864545454545457, 4.93857098307899e-14
flux1:, 0.869595959595962, 3.92131846725972e-14
flux1:, 0.874646464646467, 2.76219789913166e-14
flux1:, 0.879696969696972, 2.09646940741734e-14
flux1:, 0.884747474747477, 1.65449256630716e-14
flux1:, 0.889797979797982, 1.72868725968489e-14
flux1:, 0.894848484848487, 2.69342607040918e-14
flux1:, 0.899898989898992, 3.69544290916406e-14
flux1:, 0.904949494949497, 3.59629325246681e-14
flux1:, 0.910000000000002, 2.62819815462248e-14

Elapsed run time = 1150.25 s

Some deprecated features have been used.  Set the environment
variable GUILE_WARN_DEPRECATED to "detailed" and rerun the
program to get more information.  Set it to "no" to suppress
this message.
