Using MPI version 3.0, 1 processes
-----------
Initializing structure...
Working in 2D dimensions.
Computational cell is 200 x 6 x 0 with resolution 30
     block, center = (0,1.625,0)
          size (1e+20,2.75,1e+20)
          axes (1,0,0), (0,1,0), (0,0,1)
          dielectric constant epsilon diagonal = (1,1,1)
     block, center = (0,0,0)
          size (1e+20,0.5,1e+20)
          axes (1,0,0), (0,1,0), (0,0,1)
          dielectric constant epsilon diagonal = (11.68,11.68,11.68)
     block, center = (0,-1.625,0)
          size (1e+20,2.75,1e+20)
          axes (1,0,0), (0,1,0), (0,0,1)
          dielectric constant epsilon diagonal = (9,9,9)
time for set_epsilon = 2.87284 s
-----------
creating output file "./basicWG2-eps-000000.00.h5"...
Meep progress: 7.883333333333333/300.0 = 2.6% done in 4.0s, 148.4s to go
on time step 479 (time=7.98333), 0.00836372 s/step
Meep progress: 16.016666666666666/300.0 = 5.3% done in 8.0s, 142.0s to go
on time step 967 (time=16.1167), 0.00819853 s/step
Meep progress: 24.016666666666666/300.0 = 8.0% done in 12.0s, 138.1s to go
on time step 1447 (time=24.1167), 0.00834725 s/step
creating output file "./basicWG2-ez-000030.00.h5"...
Meep progress: 31.53333333333333/300.0 = 10.5% done in 16.0s, 136.4s to go
on time step 1898 (time=31.6333), 0.00887294 s/step
Meep progress: 39.36666666666667/300.0 = 13.1% done in 20.0s, 132.5s to go
on time step 2369 (time=39.4833), 0.00850965 s/step
Meep progress: 47.21666666666667/300.0 = 15.7% done in 24.0s, 128.6s to go
on time step 2839 (time=47.3167), 0.00851214 s/step
Meep progress: 55.03333333333333/300.0 = 18.3% done in 28.0s, 124.8s to go
on time step 3308 (time=55.1333), 0.00854322 s/step
creating output file "./basicWG2-ez-000060.00.h5"...
Meep progress: 62.43333333333333/300.0 = 20.8% done in 32.0s, 121.9s to go
on time step 3752 (time=62.5333), 0.00902398 s/step
Meep progress: 70.2/300.0 = 23.4% done in 36.0s, 118.0s to go
on time step 4218 (time=70.3), 0.00858993 s/step
Meep progress: 77.81666666666666/300.0 = 25.9% done in 40.0s, 114.3s to go
on time step 4675 (time=77.9167), 0.00876526 s/step
Meep progress: 85.26666666666667/300.0 = 28.4% done in 44.0s, 110.9s to go
on time step 5122 (time=85.3667), 0.0089614 s/step
creating output file "./basicWG2-ez-000090.00.h5"...
Meep progress: 92.33333333333333/300.0 = 30.8% done in 48.0s, 108.1s to go
on time step 5547 (time=92.45), 0.00943273 s/step
Meep progress: 99.78333333333333/300.0 = 33.3% done in 52.1s, 104.4s to go
on time step 5994 (time=99.9), 0.00896064 s/step
Meep progress: 107.25/300.0 = 35.8% done in 56.1s, 100.7s to go
on time step 6442 (time=107.367), 0.00893688 s/step
Meep progress: 114.75/300.0 = 38.2% done in 60.1s, 97.0s to go
on time step 6892 (time=114.867), 0.00890189 s/step
creating output file "./basicWG2-ez-000120.00.h5"...
Meep progress: 121.93333333333334/300.0 = 40.6% done in 64.1s, 93.6s to go
on time step 7323 (time=122.05), 0.00929618 s/step
Meep progress: 129.46666666666667/300.0 = 43.2% done in 68.1s, 89.7s to go
on time step 7775 (time=129.583), 0.00886413 s/step
Meep progress: 136.95/300.0 = 45.6% done in 72.1s, 85.8s to go
on time step 8224 (time=137.067), 0.00891477 s/step
Meep progress: 144.1/300.0 = 48.0% done in 76.1s, 82.3s to go
on time step 8653 (time=144.217), 0.00933314 s/step
creating output file "./basicWG2-ez-000150.00.h5"...
Meep progress: 151.0/300.0 = 50.3% done in 80.1s, 79.0s to go
on time step 9067 (time=151.117), 0.00968177 s/step
Meep progress: 158.26666666666665/300.0 = 52.8% done in 84.1s, 75.3s to go
on time step 9502 (time=158.367), 0.00920236 s/step
Meep progress: 165.66666666666666/300.0 = 55.2% done in 88.1s, 71.4s to go
on time step 9946 (time=165.767), 0.00901646 s/step
Meep progress: 173.06666666666666/300.0 = 57.7% done in 92.1s, 67.6s to go
on time step 10390 (time=173.167), 0.00901826 s/step
creating output file "./basicWG2-ez-000180.00.h5"...
Meep progress: 180.35/300.0 = 60.1% done in 96.1s, 63.8s to go
on time step 10828 (time=180.467), 0.00914392 s/step
Meep progress: 188.55/300.0 = 62.8% done in 100.1s, 59.2s to go
on time step 11320 (time=188.667), 0.00814105 s/step
Meep progress: 196.75/300.0 = 65.6% done in 104.1s, 54.6s to go
on time step 11812 (time=196.867), 0.00814176 s/step
Meep progress: 204.96666666666667/300.0 = 68.3% done in 108.1s, 50.1s to go
on time step 12305 (time=205.083), 0.00811912 s/step
creating output file "./basicWG2-ez-000210.00.h5"...
Meep progress: 212.63333333333333/300.0 = 70.9% done in 112.1s, 46.1s to go
on time step 12764 (time=212.733), 0.00872304 s/step
Meep progress: 220.51666666666665/300.0 = 73.5% done in 116.1s, 41.9s to go
on time step 13237 (time=220.617), 0.00845692 s/step
Meep progress: 228.4/300.0 = 76.1% done in 120.1s, 37.7s to go
on time step 13710 (time=228.5), 0.00846374 s/step
Meep progress: 236.28333333333333/300.0 = 78.8% done in 124.1s, 33.5s to go
on time step 14183 (time=236.383), 0.00845786 s/step
creating output file "./basicWG2-ez-000240.00.h5"...
Meep progress: 243.86666666666667/300.0 = 81.3% done in 128.1s, 29.5s to go
on time step 14638 (time=243.967), 0.00880298 s/step
Meep progress: 252.0/300.0 = 84.0% done in 132.2s, 25.2s to go
on time step 15126 (time=252.1), 0.00820845 s/step
Meep progress: 259.96666666666664/300.0 = 86.7% done in 136.2s, 21.0s to go
on time step 15604 (time=260.067), 0.00837307 s/step
Meep progress: 267.85/300.0 = 89.3% done in 140.2s, 16.8s to go
on time step 16077 (time=267.95), 0.00847316 s/step
creating output file "./basicWG2-ez-000270.00.h5"...
Meep progress: 275.48333333333335/300.0 = 91.8% done in 144.2s, 12.8s to go
on time step 16535 (time=275.583), 0.00873622 s/step
Meep progress: 283.6666666666667/300.0 = 94.6% done in 148.2s, 8.5s to go
on time step 17026 (time=283.767), 0.00814976 s/step
Meep progress: 291.71666666666664/300.0 = 97.2% done in 152.2s, 4.3s to go
on time step 17508 (time=291.8), 0.00830453 s/step
Meep progress: 299.55/300.0 = 99.9% done in 156.2s, 0.2s to go
on time step 17978 (time=299.633), 0.00851396 s/step
creating output file "./basicWG2-ez-000300.00.h5"...
run 0 finished at t = 300.0 (18000 timesteps)
flux1:, 0.41000000000000003, 9.580426629002702e-18
flux1:, 0.41505050505050506, 9.829227650581e-18
flux1:, 0.4201010101010101, 1.0100913083019578e-17
flux1:, 0.4251515151515151, 1.039878815438007e-17
flux1:, 0.43020202020202014, 1.0725477805367617e-17
flux1:, 0.43525252525252517, 1.1082730452011497e-17
flux1:, 0.4403030303030302, 1.1471396914086196e-17
flux1:, 0.4453535353535352, 1.1891542519191929e-17
flux1:, 0.45040404040404025, 1.234251659748341e-17
flux1:, 0.4554545454545453, 1.2823051487077195e-17
flux1:, 0.4605050505050503, 1.3331518895610074e-17
flux1:, 0.46555555555555533, 1.3866200149704545e-17
flux1:, 0.47060606060606036, 1.442551224617014e-17
flux1:, 0.4756565656565654, 1.5008213182778617e-17
flux1:, 0.4807070707070704, 1.5613572778420257e-17
flux1:, 0.48575757575757544, 1.6241505304318036e-17
flux1:, 0.49080808080808047, 1.689266708818736e-17
flux1:, 0.4958585858585855, 1.756847201700865e-17
flux1:, 0.5009090909090905, 1.8270986830365923e-17
flux1:, 0.5059595959595956, 1.900280331263629e-17
flux1:, 0.5110101010101007, 1.9766869481721363e-17
flux1:, 0.5160606060606058, 2.0566229022841225e-17
flux1:, 0.5211111111111109, 2.140378651726875e-17
flux1:, 0.5261616161616159, 2.228203327638442e-17
flux1:, 0.531212121212121, 2.3202593121081966e-17
flux1:, 0.5362626262626261, 2.4165343614291892e-17
flux1:, 0.5413131313131312, 2.5167369016202814e-17
flux1:, 0.5463636363636363, 2.620636342127485e-17
flux1:, 0.5514141414141414, 2.729539403087024e-17
flux1:, 0.5564646464646464, 2.845616858797772e-17
flux1:, 0.5615151515151515, 2.9660915661818326e-17
flux1:, 0.5665656565656566, 3.084999644485164e-17
flux1:, 0.5716161616161617, 3.200156139151446e-17
flux1:, 0.5766666666666668, 3.311832377810217e-17
flux1:, 0.5817171717171719, 3.420133937816216e-17
flux1:, 0.5867676767676769, 3.526664990582637e-17
flux1:, 0.591818181818182, 3.638969097615362e-17
flux1:, 0.5968686868686871, 3.7688926136441856e-17
flux1:, 0.6019191919191922, 3.904709757288214e-17
flux1:, 0.6069696969696973, 3.989394566098294e-17
flux1:, 0.6120202020202024, 4.0246956233587774e-17
flux1:, 0.6170707070707074, 4.1288246371261926e-17
flux1:, 0.6221212121212125, 4.392711049445415e-17
flux1:, 0.6271717171717176, 4.849225930664001e-17
flux1:, 0.6322222222222227, 5.561385667149945e-17
flux1:, 0.6372727272727278, 6.715671153636881e-17
flux1:, 0.6423232323232329, 8.72677160267222e-17
flux1:, 0.6473737373737379, 1.2367185212277178e-16
flux1:, 0.652424242424243, 1.861407497712115e-16
flux1:, 0.6574747474747481, 2.6838466058131016e-16
flux1:, 0.6625252525252532, 3.2872790865635344e-16
flux1:, 0.6675757575757583, 3.3878308289759254e-16
flux1:, 0.6726262626262633, 3.182958202512936e-16
flux1:, 0.6776767676767684, 2.926515589374387e-16
flux1:, 0.6827272727272735, 2.7208278766222443e-16
flux1:, 0.6877777777777786, 2.591683991760576e-16
flux1:, 0.6928282828282837, 2.549380142625911e-16
flux1:, 0.6978787878787888, 2.5839938355879883e-16
flux1:, 0.7029292929292938, 2.6317364600444193e-16
flux1:, 0.7079797979797989, 2.568128786485935e-16
flux1:, 0.713030303030304, 2.2664381096435847e-16
flux1:, 0.7180808080808091, 1.7467566391110596e-16
flux1:, 0.7231313131313142, 1.2120709598437728e-16
flux1:, 0.7281818181818193, 8.175598336344614e-17
flux1:, 0.7332323232323243, 5.7728931099239e-17
flux1:, 0.7382828282828294, 4.447303601211736e-17
flux1:, 0.7433333333333345, 3.7402424177555926e-17
flux1:, 0.7483838383838396, 3.3588785650523697e-17
flux1:, 0.7534343434343447, 3.155450557349842e-17
flux1:, 0.7584848484848498, 3.0691581349111595e-17
flux1:, 0.7635353535353548, 3.0449061515720595e-17
flux1:, 0.7685858585858599, 2.987830849862333e-17
flux1:, 0.773636363636365, 2.8668728096002435e-17
flux1:, 0.7786868686868701, 2.7361226353116172e-17
flux1:, 0.7837373737373752, 2.6272857608650986e-17
flux1:, 0.7887878787878803, 2.5366076940343546e-17
flux1:, 0.7938383838383853, 2.4544414557206335e-17
flux1:, 0.7988888888888904, 2.3756449344858933e-17
flux1:, 0.8039393939393955, 2.2987222927027802e-17
flux1:, 0.8089898989899006, 2.2236286124625623e-17
flux1:, 0.8140404040404057, 2.1505848382872762e-17
flux1:, 0.8190909090909108, 2.0797531333772536e-17
flux1:, 0.8241414141414158, 2.0112963796401394e-17
flux1:, 0.8291919191919209, 1.945322899830755e-17
flux1:, 0.834242424242426, 1.8818015085273608e-17
flux1:, 0.8392929292929311, 1.8206614481435782e-17
flux1:, 0.8443434343434362, 1.7618460443478265e-17
flux1:, 0.8493939393939413, 1.7052944903393244e-17
flux1:, 0.8544444444444463, 1.6509346269868645e-17
flux1:, 0.8594949494949514, 1.598698643577357e-17
flux1:, 0.8645454545454565, 1.548530678177412e-17
flux1:, 0.8695959595959616, 1.5003657883055878e-17
flux1:, 0.8746464646464667, 1.4541179327986218e-17
flux1:, 0.8796969696969718, 1.409714294781086e-17
flux1:, 0.8847474747474768, 1.3670957975591532e-17
flux1:, 0.8897979797979819, 1.3261921716521349e-17
flux1:, 0.894848484848487, 1.2869261797207792e-17
flux1:, 0.8998989898989921, 1.2492252898973376e-17
flux1:, 0.9049494949494972, 1.213028953203054e-17
flux1:, 0.9100000000000023, 1.1782817239109308e-17

Elapsed run time = 159.764 s

Some deprecated features have been used.  Set the environment
variable GUILE_WARN_DEPRECATED to "detailed" and rerun the
program to get more information.  Set it to "no" to suppress
this message.
