Using MPI version 3.0, 1 processes
-----------
Initializing structure...
Working in 2D dimensions.
Computational cell is 100 x 7 x 0 with resolution 50
     block, center = (0,1.775,0)
          size (1e+20,3,1e+20)
          axes (1,0,0), (0,1,0), (0,0,1)
          dielectric constant epsilon diagonal = (9,9,9)
     block, center = (0,0.275,0)
          size (1e+20,0.05,1e+20)
          axes (1,0,0), (0,1,0), (0,0,1)
          dielectric constant epsilon diagonal = (4,4,4)
     block, center = (-15,0.24,0)
          size (70,0.02,1e+20)
          axes (1,0,0), (0,1,0), (0,0,1)
          dielectric constant epsilon diagonal = (11.68,11.68,11.68)
     block, center = (30,0.24,0)
          size (20,0.02,1e+20)
          axes (1,0,0), (0,1,0), (0,0,1)
          dielectric constant epsilon diagonal = (11,11,11)
     block, center = (45,0.24,0)
          size (10,0.02,1e+20)
          axes (1,0,0), (0,1,0), (0,0,1)
          dielectric constant epsilon diagonal = (11.68,11.68,11.68)
     block, center = (0,0,0)
          size (1e+20,0.46,1e+20)
          axes (1,0,0), (0,1,0), (0,0,1)
          dielectric constant epsilon diagonal = (11.68,11.68,11.68)
     block, center = (-15,-0.24,0)
          size (70,0.02,1e+20)
          axes (1,0,0), (0,1,0), (0,0,1)
          dielectric constant epsilon diagonal = (11.68,11.68,11.68)
     block, center = (30,-0.24,0)
          size (20,0.02,1e+20)
          axes (1,0,0), (0,1,0), (0,0,1)
          dielectric constant epsilon diagonal = (11,11,11)
     block, center = (45,-0.24,0)
          size (10,0.02,1e+20)
          axes (1,0,0), (0,1,0), (0,0,1)
          dielectric constant epsilon diagonal = (11.68,11.68,11.68)
     block, center = (0,-1,0)
          size (1e+20,1.5,1e+20)
          axes (1,0,0), (0,1,0), (0,0,1)
          dielectric constant epsilon diagonal = (9,9,9)
     block, center = (0,-2.25,0)
          size (1e+20,1,1e+20)
          axes (1,0,0), (0,1,0), (0,0,1)
          dielectric constant epsilon diagonal = (1,1,1)
time for set_epsilon = 5.31223 s
lorentzian susceptibility: frequency=7.4598, gamma=6.8694
lorentzian susceptibility: frequency=2.5334, gamma=2.9584
lorentzian susceptibility: frequency=1.0598, gamma=1.4824
lorentzian susceptibility: frequency=0.62911, gamma=0.41699
lorentzian susceptibility: frequency=1e-20, gamma=0.064524
-----------
creating output file "./outputDPWR0.1-ez.h5"...
creating output file "./outputDPWR0.1-box-30.h5"...
creating output file "./outputDPWR0.1-box0.h5"...
creating output file "./outputDPWR0.1-box30.h5"...
creating output file "./outputDPWR0.1-eps-000000.00.h5"...
Meep progress: 0.81/400.0 = 0.2% done in 4.0s, 1991.3s to go
on time step 82 (time=0.82), 0.0489772 s/step
Meep progress: 1.7/400.0 = 0.4% done in 8.1s, 1891.2s to go
on time step 171 (time=1.71), 0.0453014 s/step
Meep progress: 2.59/400.0 = 0.6% done in 12.1s, 1857.6s to go
on time step 260 (time=2.6), 0.0453269 s/step
Meep progress: 3.47/400.0 = 0.9% done in 16.1s, 1842.3s to go
on time step 348 (time=3.48), 0.0456376 s/step
Meep progress: 4.3500000000000005/400.0 = 1.1% done in 20.1s, 1832.0s to go
on time step 436 (time=4.36), 0.0456851 s/step
Meep progress: 5.22/400.0 = 1.3% done in 24.1s, 1826.4s to go
on time step 523 (time=5.23), 0.0460611 s/step
Meep progress: 6.08/400.0 = 1.5% done in 28.1s, 1823.8s to go
on time step 609 (time=6.09), 0.0465187 s/step
Meep progress: 6.94/400.0 = 1.7% done in 32.2s, 1822.7s to go
on time step 695 (time=6.95), 0.0468975 s/step
Meep progress: 7.8/400.0 = 2.0% done in 36.2s, 1821.2s to go
on time step 781 (time=7.81), 0.0469416 s/step
Meep progress: 8.66/400.0 = 2.2% done in 40.3s, 1818.9s to go
on time step 867 (time=8.67), 0.0468635 s/step
Meep progress: 9.52/400.0 = 2.4% done in 44.3s, 1816.7s to go
on time step 953 (time=9.53), 0.0469902 s/step
Meep progress: 10.28/400.0 = 2.6% done in 48.3s, 1831.6s to go
on time step 1029 (time=10.29), 0.0529275 s/step
Meep progress: 11.13/400.0 = 2.8% done in 52.3s, 1828.2s to go
on time step 1114 (time=11.14), 0.0472074 s/step
Meep progress: 11.98/400.0 = 3.0% done in 56.4s, 1825.4s to go
on time step 1199 (time=11.99), 0.0474414 s/step
Meep progress: 12.82/400.0 = 3.2% done in 60.4s, 1824.3s to go
on time step 1283 (time=12.83), 0.0481789 s/step
Meep progress: 13.65/400.0 = 3.4% done in 64.4s, 1823.0s to go
on time step 1366 (time=13.66), 0.0482122 s/step
Meep progress: 14.48/400.0 = 3.6% done in 68.4s, 1821.7s to go
on time step 1449 (time=14.49), 0.0483973 s/step
Meep progress: 15.31/400.0 = 3.8% done in 72.4s, 1820.2s to go
on time step 1532 (time=15.32), 0.0484001 s/step
Meep progress: 16.14/400.0 = 4.0% done in 76.5s, 1818.7s to go
on time step 1615 (time=16.15), 0.0485425 s/step
Meep progress: 16.97/400.0 = 4.2% done in 80.5s, 1816.8s to go
on time step 1698 (time=16.98), 0.0484773 s/step
Meep progress: 17.8/400.0 = 4.4% done in 84.5s, 1814.7s to go
on time step 1781 (time=17.81), 0.048462 s/step
Meep progress: 18.63/400.0 = 4.7% done in 88.5s, 1812.5s to go
on time step 1864 (time=18.64), 0.0485244 s/step
Meep progress: 19.46/400.0 = 4.9% done in 92.6s, 1810.2s to go
on time step 1947 (time=19.47), 0.0485199 s/step
Meep progress: 20.2/400.0 = 5.0% done in 96.6s, 1816.5s to go
on time step 2021 (time=20.21), 0.054623 s/step
Meep progress: 21.01/400.0 = 5.3% done in 100.6s, 1814.9s to go
on time step 2102 (time=21.02), 0.0493906 s/step
Meep progress: 21.84/400.0 = 5.5% done in 104.7s, 1812.1s to go
on time step 2185 (time=21.85), 0.0486694 s/step
Meep progress: 22.66/400.0 = 5.7% done in 108.7s, 1809.4s to go
on time step 2267 (time=22.67), 0.04882 s/step
Meep progress: 23.490000000000002/400.0 = 5.9% done in 112.7s, 1806.4s to go
on time step 2350 (time=23.5), 0.048735 s/step
Meep progress: 24.310000000000002/400.0 = 6.1% done in 116.7s, 1803.8s to go
on time step 2432 (time=24.32), 0.0490051 s/step
Meep progress: 25.13/400.0 = 6.3% done in 120.7s, 1800.8s to go
on time step 2514 (time=25.14), 0.0488028 s/step
Meep progress: 25.95/400.0 = 6.5% done in 124.7s, 1797.9s to go
on time step 2596 (time=25.96), 0.048881 s/step
Meep progress: 26.77/400.0 = 6.7% done in 128.7s, 1794.8s to go
on time step 2678 (time=26.78), 0.0488193 s/step
Meep progress: 27.580000000000002/400.0 = 6.9% done in 132.8s, 1792.7s to go
on time step 2759 (time=27.59), 0.0497368 s/step
Meep progress: 28.400000000000002/400.0 = 7.1% done in 136.8s, 1789.6s to go
on time step 2841 (time=28.41), 0.0489115 s/step
Meep progress: 29.22/400.0 = 7.3% done in 140.8s, 1786.5s to go
on time step 2923 (time=29.23), 0.0489969 s/step
creating output file "./outputDPWR0.1-ez-000030.00.h5"...
on time step 3000 (time=30), 0.0596784 s/step
Meep progress: 30.01/400.0 = 7.5% done in 145.5s, 1794.0s to go
on time step 3081 (time=30.81), 0.0499352 s/step
Meep progress: 30.82/400.0 = 7.7% done in 149.5s, 1791.3s to go
on time step 3162 (time=31.62), 0.0498512 s/step
Meep progress: 31.63/400.0 = 7.9% done in 153.6s, 1788.6s to go
on time step 3243 (time=32.43), 0.0497943 s/step
Meep progress: 32.44/400.0 = 8.1% done in 157.6s, 1785.8s to go
on time step 3323 (time=33.23), 0.0500683 s/step
Meep progress: 33.24/400.0 = 8.3% done in 161.6s, 1783.2s to go
on time step 3405 (time=34.05), 0.0490654 s/step
Meep progress: 34.06/400.0 = 8.5% done in 165.6s, 1779.6s to go
on time step 3487 (time=34.87), 0.0488571 s/step
Meep progress: 34.88/400.0 = 8.7% done in 169.6s, 1775.8s to go
on time step 3569 (time=35.69), 0.0492814 s/step
Meep progress: 35.7/400.0 = 8.9% done in 173.7s, 1772.4s to go
on time step 3651 (time=36.51), 0.0491895 s/step
Meep progress: 36.52/400.0 = 9.1% done in 177.7s, 1768.8s to go
on time step 3733 (time=37.33), 0.049176 s/step
Meep progress: 37.34/400.0 = 9.3% done in 181.8s, 1765.2s to go
on time step 3815 (time=38.15), 0.0492602 s/step
Meep progress: 38.160000000000004/400.0 = 9.5% done in 185.8s, 1761.7s to go
on time step 3897 (time=38.97), 0.04923 s/step
Meep progress: 38.980000000000004/400.0 = 9.7% done in 189.8s, 1758.1s to go
on time step 3979 (time=39.79), 0.0492092 s/step
Meep progress: 39.800000000000004/400.0 = 10.0% done in 193.9s, 1754.5s to go
on time step 4051 (time=40.51), 0.0559367 s/step
Meep progress: 40.52/400.0 = 10.1% done in 197.9s, 1755.6s to go
on time step 4133 (time=41.33), 0.0492738 s/step
Meep progress: 41.34/400.0 = 10.3% done in 201.9s, 1751.9s to go
on time step 4211 (time=42.11), 0.0516039 s/step
Meep progress: 42.12/400.0 = 10.5% done in 206.0s, 1750.0s to go
on time step 4290 (time=42.9), 0.0511594 s/step
Meep progress: 42.910000000000004/400.0 = 10.7% done in 210.0s, 1747.6s to go
on time step 4369 (time=43.69), 0.0511317 s/step
Meep progress: 43.7/400.0 = 10.9% done in 214.0s, 1745.1s to go
on time step 4448 (time=44.48), 0.0510102 s/step
Meep progress: 44.49/400.0 = 11.1% done in 218.1s, 1742.5s to go
on time step 4527 (time=45.27), 0.0512418 s/step
Meep progress: 45.28/400.0 = 11.3% done in 222.1s, 1740.0s to go
on time step 4606 (time=46.06), 0.0510393 s/step
Meep progress: 46.07/400.0 = 11.5% done in 226.1s, 1737.4s to go
on time step 4685 (time=46.85), 0.051209 s/step
Meep progress: 46.86/400.0 = 11.7% done in 230.2s, 1734.8s to go
on time step 4764 (time=47.64), 0.0510857 s/step
Meep progress: 47.65/400.0 = 11.9% done in 234.2s, 1732.0s to go
on time step 4843 (time=48.43), 0.0512167 s/step
Meep progress: 48.44/400.0 = 12.1% done in 238.3s, 1729.3s to go
on time step 4921 (time=49.21), 0.0512885 s/step
Meep progress: 49.22/400.0 = 12.3% done in 242.3s, 1726.7s to go
on time step 4999 (time=49.99), 0.0513479 s/step
Meep progress: 50.0/400.0 = 12.5% done in 246.3s, 1724.0s to go
on time step 5066 (time=50.66), 0.0597035 s/step
Meep progress: 50.67/400.0 = 12.7% done in 250.3s, 1725.5s to go
on time step 5144 (time=51.44), 0.0514047 s/step
Meep progress: 51.45/400.0 = 12.9% done in 254.3s, 1722.7s to go
on time step 5223 (time=52.23), 0.0512305 s/step
Meep progress: 52.24/400.0 = 13.1% done in 258.3s, 1719.8s to go
on time step 5301 (time=53.01), 0.0518402 s/step
Meep progress: 53.02/400.0 = 13.3% done in 262.4s, 1717.1s to go
on time step 5379 (time=53.79), 0.051903 s/step
Meep progress: 53.800000000000004/400.0 = 13.4% done in 266.4s, 1714.5s to go
on time step 5457 (time=54.57), 0.0517184 s/step
Meep progress: 54.58/400.0 = 13.6% done in 270.5s, 1711.7s to go
on time step 5534 (time=55.34), 0.0522543 s/step
Meep progress: 55.35/400.0 = 13.8% done in 274.5s, 1709.2s to go
on time step 5611 (time=56.11), 0.0522391 s/step
Meep progress: 56.120000000000005/400.0 = 14.0% done in 278.5s, 1706.6s to go
on time step 5688 (time=56.88), 0.0520356 s/step
Meep progress: 56.89/400.0 = 14.2% done in 282.5s, 1703.9s to go
on time step 5765 (time=57.65), 0.0522455 s/step
Meep progress: 57.660000000000004/400.0 = 14.4% done in 286.5s, 1701.3s to go
on time step 5842 (time=58.42), 0.0520251 s/step
Meep progress: 58.43/400.0 = 14.6% done in 290.5s, 1698.5s to go
on time step 5921 (time=59.21), 0.0507639 s/step
Meep progress: 59.22/400.0 = 14.8% done in 294.6s, 1695.0s to go
creating output file "./outputDPWR0.1-ez-000060.00.h5"...
on time step 6000 (time=60), 0.062183 s/step
Meep progress: 60.01/400.0 = 15.0% done in 299.5s, 1696.7s to go
on time step 6084 (time=60.84), 0.0480261 s/step
Meep progress: 60.85/400.0 = 15.2% done in 303.5s, 1691.6s to go
on time step 6167 (time=61.67), 0.0484071 s/step
Meep progress: 61.68/400.0 = 15.4% done in 307.5s, 1686.7s to go
on time step 6250 (time=62.5), 0.0487119 s/step
Meep progress: 62.51/400.0 = 15.6% done in 311.6s, 1682.1s to go
on time step 6332 (time=63.32), 0.0489857 s/step
Meep progress: 63.33/400.0 = 15.8% done in 315.6s, 1677.6s to go
on time step 6414 (time=64.14), 0.0490254 s/step
Meep progress: 64.15/400.0 = 16.0% done in 319.6s, 1673.2s to go
on time step 6496 (time=64.96), 0.049366 s/step
Meep progress: 64.97/400.0 = 16.2% done in 323.6s, 1668.9s to go
on time step 6573 (time=65.73), 0.0523095 s/step
Meep progress: 65.74/400.0 = 16.4% done in 327.7s, 1666.1s to go
on time step 6653 (time=66.53), 0.0501808 s/step
Meep progress: 66.54/400.0 = 16.6% done in 331.7s, 1662.2s to go
on time step 6734 (time=67.34), 0.0495692 s/step
Meep progress: 67.35/400.0 = 16.8% done in 335.7s, 1658.1s to go
on time step 6815 (time=68.15), 0.0498482 s/step
Meep progress: 68.16/400.0 = 17.0% done in 339.7s, 1654.0s to go
on time step 6896 (time=68.96), 0.0499165 s/step
Meep progress: 68.97/400.0 = 17.2% done in 343.8s, 1650.0s to go
on time step 6977 (time=69.77), 0.0499323 s/step
Meep progress: 69.78/400.0 = 17.4% done in 347.8s, 1646.0s to go
on time step 7048 (time=70.48), 0.0566536 s/step
Meep progress: 70.49/400.0 = 17.6% done in 351.8s, 1644.7s to go
on time step 7129 (time=71.29), 0.0497304 s/step
Meep progress: 71.3/400.0 = 17.8% done in 355.9s, 1640.6s to go
on time step 7209 (time=72.09), 0.0500906 s/step
Meep progress: 72.10000000000001/400.0 = 18.0% done in 359.9s, 1636.7s to go
on time step 7289 (time=72.89), 0.0500227 s/step
Meep progress: 72.9/400.0 = 18.2% done in 363.9s, 1632.8s to go
on time step 7369 (time=73.69), 0.0502092 s/step
Meep progress: 73.7/400.0 = 18.4% done in 367.9s, 1628.9s to go
on time step 7449 (time=74.49), 0.0501334 s/step
Meep progress: 74.5/400.0 = 18.6% done in 371.9s, 1624.9s to go
on time step 7529 (time=75.29), 0.050302 s/step
Meep progress: 75.3/400.0 = 18.8% done in 375.9s, 1621.1s to go
on time step 7606 (time=76.06), 0.052411 s/step
Meep progress: 76.07000000000001/400.0 = 19.0% done in 380.0s, 1618.1s to go
on time step 7680 (time=76.8), 0.0540971 s/step
Meep progress: 76.81/400.0 = 19.2% done in 384.0s, 1615.7s to go
on time step 7756 (time=77.56), 0.0529161 s/step
Meep progress: 77.57000000000001/400.0 = 19.4% done in 388.0s, 1612.8s to go
on time step 7833 (time=78.33), 0.0521611 s/step
Meep progress: 78.34/400.0 = 19.6% done in 392.0s, 1609.6s to go
on time step 7911 (time=79.11), 0.051665 s/step
Meep progress: 79.12/400.0 = 19.8% done in 396.1s, 1606.2s to go
on time step 7988 (time=79.88), 0.0523682 s/step
Meep progress: 79.89/400.0 = 20.0% done in 400.1s, 1603.1s to go
on time step 8054 (time=80.54), 0.0607934 s/step
Meep progress: 80.55/400.0 = 20.1% done in 404.1s, 1602.6s to go
on time step 8131 (time=81.31), 0.0521499 s/step
Meep progress: 81.32000000000001/400.0 = 20.3% done in 408.1s, 1599.3s to go
on time step 8208 (time=82.08), 0.0524286 s/step
Meep progress: 82.09/400.0 = 20.5% done in 412.1s, 1596.1s to go
on time step 8285 (time=82.85), 0.0520404 s/step
Meep progress: 82.86/400.0 = 20.7% done in 416.2s, 1592.8s to go
on time step 8363 (time=83.63), 0.051756 s/step
Meep progress: 83.64/400.0 = 20.9% done in 420.2s, 1589.3s to go
on time step 8440 (time=84.4), 0.0520397 s/step
Meep progress: 84.41/400.0 = 21.1% done in 424.2s, 1586.0s to go
on time step 8518 (time=85.18), 0.0518385 s/step
Meep progress: 85.19/400.0 = 21.3% done in 428.2s, 1582.5s to go
on time step 8595 (time=85.95), 0.0521661 s/step
Meep progress: 85.96000000000001/400.0 = 21.5% done in 432.3s, 1579.2s to go
on time step 8673 (time=86.73), 0.0516178 s/step
Meep progress: 86.74/400.0 = 21.7% done in 436.3s, 1575.6s to go
on time step 8750 (time=87.5), 0.0523356 s/step
Meep progress: 87.51/400.0 = 21.9% done in 440.3s, 1572.3s to go
on time step 8827 (time=88.27), 0.0525729 s/step
Meep progress: 88.28/400.0 = 22.1% done in 444.4s, 1569.1s to go
on time step 8905 (time=89.05), 0.0517135 s/step
Meep progress: 89.06/400.0 = 22.3% done in 448.4s, 1565.5s to go
on time step 8985 (time=89.85), 0.0502512 s/step
Meep progress: 89.86/400.0 = 22.5% done in 452.4s, 1561.4s to go
creating output file "./outputDPWR0.1-ez-000090.00.h5"...
on time step 9048 (time=90.48), 0.0634941 s/step
Meep progress: 90.5/400.0 = 22.6% done in 456.5s, 1561.0s to go
on time step 9132 (time=91.32), 0.0481098 s/step
Meep progress: 91.34/400.0 = 22.8% done in 460.5s, 1556.2s to go
on time step 9216 (time=92.16), 0.0477231 s/step
Meep progress: 92.18/400.0 = 23.0% done in 464.5s, 1551.2s to go
on time step 9300 (time=93), 0.0480649 s/step
Meep progress: 93.02/400.0 = 23.3% done in 468.5s, 1546.3s to go
on time step 9385 (time=93.85), 0.0475891 s/step
Meep progress: 93.87/400.0 = 23.5% done in 472.6s, 1541.2s to go
on time step 9469 (time=94.69), 0.0476222 s/step
Meep progress: 94.71000000000001/400.0 = 23.7% done in 476.6s, 1536.2s to go
on time step 9555 (time=95.55), 0.04685 s/step
Meep progress: 95.57000000000001/400.0 = 23.9% done in 480.6s, 1531.0s to go
on time step 9641 (time=96.41), 0.0466676 s/step
Meep progress: 96.43/400.0 = 24.1% done in 484.6s, 1525.7s to go
on time step 9727 (time=97.27), 0.0468983 s/step
Meep progress: 97.29/400.0 = 24.3% done in 488.7s, 1520.4s to go
on time step 9812 (time=98.12), 0.0471943 s/step
Meep progress: 98.14/400.0 = 24.5% done in 492.7s, 1515.4s to go
on time step 9897 (time=98.97), 0.0471785 s/step
Meep progress: 98.99000000000001/400.0 = 24.7% done in 496.7s, 1510.3s to go
on time step 9983 (time=99.83), 0.0468483 s/step
Meep progress: 99.85000000000001/400.0 = 25.0% done in 500.7s, 1505.2s to go
on time step 10055 (time=100.55), 0.0558631 s/step
Meep progress: 100.57000000000001/400.0 = 25.1% done in 504.7s, 1502.8s to go
on time step 10140 (time=101.4), 0.047315 s/step
Meep progress: 101.42/400.0 = 25.4% done in 508.8s, 1497.8s to go
on time step 10225 (time=102.25), 0.0473483 s/step
Meep progress: 102.27/400.0 = 25.6% done in 512.8s, 1492.8s to go
on time step 10310 (time=103.1), 0.0473058 s/step
Meep progress: 103.12/400.0 = 25.8% done in 516.8s, 1487.9s to go
on time step 10395 (time=103.95), 0.047223 s/step
Meep progress: 103.97/400.0 = 26.0% done in 520.8s, 1482.9s to go
on time step 10478 (time=104.78), 0.048248 s/step
Meep progress: 104.8/400.0 = 26.2% done in 524.8s, 1478.3s to go
on time step 10563 (time=105.63), 0.0473156 s/step
Meep progress: 105.65/400.0 = 26.4% done in 528.8s, 1473.4s to go
on time step 10648 (time=106.48), 0.047106 s/step
Meep progress: 106.5/400.0 = 26.6% done in 532.9s, 1468.5s to go
on time step 10733 (time=107.33), 0.0474033 s/step
Meep progress: 107.35000000000001/400.0 = 26.8% done in 536.9s, 1463.6s to go
on time step 10816 (time=108.16), 0.0483133 s/step
Meep progress: 108.18/400.0 = 27.0% done in 540.9s, 1459.1s to go
on time step 10900 (time=109), 0.0481532 s/step
Meep progress: 109.02/400.0 = 27.3% done in 544.9s, 1454.5s to go
on time step 10983 (time=109.83), 0.048394 s/step
Meep progress: 109.85000000000001/400.0 = 27.5% done in 549.0s, 1450.0s to go
on time step 11057 (time=110.57), 0.0546674 s/step
Meep progress: 110.58/400.0 = 27.6% done in 553.0s, 1447.3s to go
on time step 11141 (time=111.41), 0.0477152 s/step
Meep progress: 111.43/400.0 = 27.9% done in 557.0s, 1442.5s to go
on time step 11225 (time=112.25), 0.0480185 s/step
Meep progress: 112.27/400.0 = 28.1% done in 561.0s, 1437.9s to go
on time step 11307 (time=113.07), 0.048842 s/step
Meep progress: 113.09/400.0 = 28.3% done in 565.0s, 1433.5s to go
on time step 11391 (time=113.91), 0.047737 s/step
Meep progress: 113.93/400.0 = 28.5% done in 569.1s, 1428.9s to go
on time step 11475 (time=114.75), 0.0480549 s/step
Meep progress: 114.77/400.0 = 28.7% done in 573.1s, 1424.3s to go
on time step 11557 (time=115.57), 0.0491351 s/step
Meep progress: 115.59/400.0 = 28.9% done in 577.1s, 1420.0s to go
on time step 11642 (time=116.42), 0.047065 s/step
Meep progress: 116.45/400.0 = 29.1% done in 581.2s, 1415.1s to go
on time step 11727 (time=117.27), 0.0473926 s/step
Meep progress: 117.3/400.0 = 29.3% done in 585.2s, 1410.4s to go
on time step 11811 (time=118.11), 0.047685 s/step
Meep progress: 118.14/400.0 = 29.5% done in 589.2s, 1405.7s to go
on time step 11895 (time=118.95), 0.0480558 s/step
Meep progress: 118.98/400.0 = 29.7% done in 593.2s, 1401.2s to go
on time step 11977 (time=119.77), 0.0492093 s/step
Meep progress: 119.8/400.0 = 30.0% done in 597.3s, 1397.0s to go
creating output file "./outputDPWR0.1-ez-000120.00.h5"...
on time step 12039 (time=120.39), 0.0652528 s/step
Meep progress: 120.42/400.0 = 30.1% done in 601.3s, 1396.1s to go
on time step 12119 (time=121.19), 0.0502764 s/step
Meep progress: 121.22/400.0 = 30.3% done in 605.3s, 1392.2s to go
on time step 12201 (time=122.01), 0.0493207 s/step
Meep progress: 122.04/400.0 = 30.5% done in 609.4s, 1388.0s to go
on time step 12281 (time=122.81), 0.0500053 s/step
Meep progress: 122.85000000000001/400.0 = 30.7% done in 613.4s, 1383.9s to go
on time step 12363 (time=123.63), 0.0491058 s/step
Meep progress: 123.67/400.0 = 30.9% done in 617.5s, 1379.7s to go
on time step 12445 (time=124.45), 0.0490703 s/step
Meep progress: 124.49000000000001/400.0 = 31.1% done in 621.5s, 1375.4s to go
on time step 12527 (time=125.27), 0.0490126 s/step
Meep progress: 125.31/400.0 = 31.3% done in 625.5s, 1371.2s to go
on time step 12609 (time=126.09), 0.0489992 s/step
Meep progress: 126.13000000000001/400.0 = 31.5% done in 629.5s, 1366.9s to go
on time step 12692 (time=126.92), 0.0482701 s/step
Meep progress: 126.96000000000001/400.0 = 31.7% done in 633.5s, 1362.5s to go
on time step 12774 (time=127.74), 0.0492754 s/step
Meep progress: 127.78/400.0 = 31.9% done in 637.6s, 1358.3s to go
on time step 12857 (time=128.57), 0.0485627 s/step
Meep progress: 128.61/400.0 = 32.2% done in 641.6s, 1353.9s to go
on time step 12939 (time=129.39), 0.0492447 s/step
Meep progress: 129.43/400.0 = 32.4% done in 645.6s, 1349.7s to go
on time step 13010 (time=130.1), 0.0566692 s/step
Meep progress: 130.14000000000001/400.0 = 32.5% done in 649.7s, 1347.2s to go
on time step 13091 (time=130.91), 0.0494889 s/step
Meep progress: 130.95/400.0 = 32.7% done in 653.7s, 1343.0s to go
on time step 13174 (time=131.74), 0.0487262 s/step
Meep progress: 131.78/400.0 = 32.9% done in 657.7s, 1338.7s to go
on time step 13257 (time=132.57), 0.0485442 s/step
Meep progress: 132.61/400.0 = 33.2% done in 661.7s, 1334.3s to go
on time step 13344 (time=133.44), 0.0463632 s/step
Meep progress: 133.48/400.0 = 33.4% done in 665.8s, 1329.4s to go
on time step 13428 (time=134.28), 0.0476367 s/step
Meep progress: 134.32/400.0 = 33.6% done in 669.8s, 1324.8s to go
on time step 13511 (time=135.11), 0.0485372 s/step
Meep progress: 135.15/400.0 = 33.8% done in 673.8s, 1320.4s to go
on time step 13596 (time=135.96), 0.0471423 s/step
Meep progress: 136.0/400.0 = 34.0% done in 677.8s, 1315.8s to go
on time step 13681 (time=136.81), 0.0474442 s/step
Meep progress: 136.85/400.0 = 34.2% done in 681.8s, 1311.1s to go
on time step 13765 (time=137.65), 0.0478344 s/step
Meep progress: 137.69/400.0 = 34.4% done in 685.9s, 1306.6s to go
on time step 13851 (time=138.51), 0.0468972 s/step
Meep progress: 138.55/400.0 = 34.6% done in 689.9s, 1301.9s to go
on time step 13936 (time=139.36), 0.04759 s/step
Meep progress: 139.4/400.0 = 34.8% done in 693.9s, 1297.3s to go
on time step 14010 (time=140.1), 0.0545014 s/step
Meep progress: 140.14000000000001/400.0 = 35.0% done in 698.0s, 1294.2s to go
on time step 14095 (time=140.95), 0.0470882 s/step
Meep progress: 140.99/400.0 = 35.2% done in 702.0s, 1289.6s to go
on time step 14177 (time=141.77), 0.0490241 s/step
Meep progress: 141.8/400.0 = 35.4% done in 706.0s, 1285.5s to go
on time step 14259 (time=142.59), 0.0492489 s/step
Meep progress: 142.63/400.0 = 35.7% done in 710.0s, 1281.2s to go
on time step 14343 (time=143.43), 0.0481609 s/step
Meep progress: 143.46/400.0 = 35.9% done in 714.0s, 1276.9s to go
on time step 14427 (time=144.27), 0.0478191 s/step
Meep progress: 144.3/400.0 = 36.1% done in 718.1s, 1272.4s to go
on time step 14509 (time=145.09), 0.0493561 s/step
Meep progress: 145.11/400.0 = 36.3% done in 722.1s, 1268.3s to go
on time step 14591 (time=145.91), 0.0493435 s/step
Meep progress: 145.93/400.0 = 36.5% done in 726.1s, 1264.2s to go
on time step 14674 (time=146.74), 0.0483864 s/step
Meep progress: 146.76/400.0 = 36.7% done in 730.1s, 1259.9s to go
on time step 14756 (time=147.56), 0.048842 s/step
Meep progress: 147.58/400.0 = 36.9% done in 734.1s, 1255.6s to go
on time step 14839 (time=148.39), 0.0486211 s/step
Meep progress: 148.41/400.0 = 37.1% done in 738.2s, 1251.4s to go
on time step 14921 (time=149.21), 0.0490767 s/step
Meep progress: 149.23/400.0 = 37.3% done in 742.2s, 1247.2s to go
creating output file "./outputDPWR0.1-ez-000150.00.h5"...
on time step 15000 (time=150), 0.0602673 s/step
Meep progress: 150.01/400.0 = 37.5% done in 746.9s, 1244.7s to go
on time step 15083 (time=150.83), 0.0487588 s/step
Meep progress: 150.84/400.0 = 37.7% done in 750.9s, 1240.4s to go
on time step 15167 (time=151.67), 0.0478766 s/step
Meep progress: 151.68/400.0 = 37.9% done in 755.0s, 1236.0s to go
on time step 15252 (time=152.52), 0.0474449 s/step
Meep progress: 152.53/400.0 = 38.1% done in 759.0s, 1231.4s to go
on time step 15335 (time=153.35), 0.0486257 s/step
Meep progress: 153.36/400.0 = 38.3% done in 763.0s, 1227.1s to go
on time step 15419 (time=154.19), 0.0478651 s/step
Meep progress: 154.20000000000002/400.0 = 38.6% done in 767.1s, 1222.7s to go
on time step 15503 (time=155.03), 0.0479468 s/step
Meep progress: 155.04/400.0 = 38.8% done in 771.1s, 1218.3s to go
on time step 15586 (time=155.86), 0.0485031 s/step
Meep progress: 155.87/400.0 = 39.0% done in 775.1s, 1214.0s to go
on time step 15669 (time=156.69), 0.0482289 s/step
Meep progress: 156.70000000000002/400.0 = 39.2% done in 779.1s, 1209.7s to go
on time step 15752 (time=157.52), 0.0485403 s/step
Meep progress: 157.53/400.0 = 39.4% done in 783.1s, 1205.4s to go
on time step 15836 (time=158.36), 0.0481255 s/step
Meep progress: 158.37/400.0 = 39.6% done in 787.2s, 1201.0s to go
on time step 15918 (time=159.18), 0.0491247 s/step
Meep progress: 159.19/400.0 = 39.8% done in 791.2s, 1196.9s to go
on time step 16000 (time=160), 0.0545137 s/step
Meep progress: 160.01/400.0 = 40.0% done in 795.7s, 1193.4s to go
on time step 16084 (time=160.84), 0.0478371 s/step
Meep progress: 160.85/400.0 = 40.2% done in 799.7s, 1189.0s to go
on time step 16168 (time=161.68), 0.0481289 s/step
Meep progress: 161.69/400.0 = 40.4% done in 803.7s, 1184.6s to go
on time step 16251 (time=162.51), 0.0482156 s/step
Meep progress: 162.53/400.0 = 40.6% done in 807.8s, 1180.2s to go
on time step 16333 (time=163.33), 0.0488359 s/step
Meep progress: 163.35/400.0 = 40.8% done in 811.8s, 1176.1s to go
on time step 16417 (time=164.17), 0.0479856 s/step
Meep progress: 164.19/400.0 = 41.0% done in 815.8s, 1171.7s to go
on time step 16500 (time=165), 0.0486871 s/step
Meep progress: 165.02/400.0 = 41.3% done in 819.9s, 1167.5s to go
on time step 16579 (time=165.79), 0.0509815 s/step
Meep progress: 165.82/400.0 = 41.5% done in 823.9s, 1163.6s to go
on time step 16660 (time=166.6), 0.0493879 s/step
Meep progress: 166.63/400.0 = 41.7% done in 827.9s, 1159.6s to go
on time step 16742 (time=167.42), 0.0492654 s/step
Meep progress: 167.45000000000002/400.0 = 41.9% done in 832.0s, 1155.4s to go
on time step 16825 (time=168.25), 0.0482449 s/step
Meep progress: 168.28/400.0 = 42.1% done in 836.0s, 1151.1s to go
on time step 16908 (time=169.08), 0.0487688 s/step
Meep progress: 169.1/400.0 = 42.3% done in 840.0s, 1147.0s to go
on time step 16991 (time=169.91), 0.0485572 s/step
Meep progress: 169.93/400.0 = 42.5% done in 844.0s, 1142.7s to go
on time step 17064 (time=170.64), 0.0552158 s/step
Meep progress: 170.66/400.0 = 42.7% done in 848.0s, 1139.6s to go
on time step 17149 (time=171.49), 0.0475368 s/step
Meep progress: 171.51/400.0 = 42.9% done in 852.1s, 1135.2s to go
on time step 17231 (time=172.31), 0.0488897 s/step
Meep progress: 172.33/400.0 = 43.1% done in 856.1s, 1131.0s to go
on time step 17313 (time=173.13), 0.0490297 s/step
Meep progress: 173.15/400.0 = 43.3% done in 860.1s, 1126.9s to go
on time step 17396 (time=173.96), 0.0487093 s/step
Meep progress: 173.98/400.0 = 43.5% done in 864.2s, 1122.6s to go
on time step 17480 (time=174.8), 0.0478991 s/step
Meep progress: 174.82/400.0 = 43.7% done in 868.2s, 1118.3s to go
on time step 17564 (time=175.64), 0.0478298 s/step
Meep progress: 175.66/400.0 = 43.9% done in 872.2s, 1113.9s to go
on time step 17648 (time=176.48), 0.0481374 s/step
Meep progress: 176.5/400.0 = 44.1% done in 876.2s, 1109.6s to go
on time step 17730 (time=177.3), 0.0490792 s/step
Meep progress: 177.32/400.0 = 44.3% done in 880.3s, 1105.4s to go
on time step 17813 (time=178.13), 0.0483318 s/step
Meep progress: 178.15/400.0 = 44.5% done in 884.3s, 1101.2s to go
on time step 17896 (time=178.96), 0.0483978 s/step
Meep progress: 178.98/400.0 = 44.7% done in 888.3s, 1096.9s to go
on time step 17980 (time=179.8), 0.0480414 s/step
Meep progress: 179.82/400.0 = 45.0% done in 892.3s, 1092.6s to go
creating output file "./outputDPWR0.1-ez-000180.00.h5"...
on time step 18044 (time=180.44), 0.0627817 s/step
Meep progress: 180.46/400.0 = 45.1% done in 896.4s, 1090.5s to go
on time step 18127 (time=181.27), 0.0481971 s/step
Meep progress: 181.29/400.0 = 45.3% done in 900.4s, 1086.2s to go
on time step 18209 (time=182.09), 0.0488894 s/step
Meep progress: 182.11/400.0 = 45.5% done in 904.4s, 1082.1s to go
on time step 18292 (time=182.92), 0.0482858 s/step
Meep progress: 182.94/400.0 = 45.7% done in 908.4s, 1077.8s to go
on time step 18375 (time=183.75), 0.0484133 s/step
Meep progress: 183.77/400.0 = 45.9% done in 912.4s, 1073.5s to go
on time step 18460 (time=184.6), 0.047588 s/step
Meep progress: 184.62/400.0 = 46.2% done in 916.4s, 1069.1s to go
on time step 18544 (time=185.44), 0.0481674 s/step
Meep progress: 185.46/400.0 = 46.4% done in 920.5s, 1064.8s to go
on time step 18627 (time=186.27), 0.0483329 s/step
Meep progress: 186.29/400.0 = 46.6% done in 924.5s, 1060.6s to go
on time step 18711 (time=187.11), 0.0481014 s/step
Meep progress: 187.13/400.0 = 46.8% done in 928.5s, 1056.3s to go
on time step 18793 (time=187.93), 0.0487898 s/step
Meep progress: 187.95000000000002/400.0 = 47.0% done in 932.5s, 1052.1s to go
on time step 18874 (time=188.74), 0.0494909 s/step
Meep progress: 188.76/400.0 = 47.2% done in 936.5s, 1048.1s to go
on time step 18958 (time=189.58), 0.0481445 s/step
Meep progress: 189.6/400.0 = 47.4% done in 940.6s, 1043.8s to go
on time step 19030 (time=190.3), 0.0556706 s/step
Meep progress: 190.32/400.0 = 47.6% done in 944.6s, 1040.7s to go
on time step 19113 (time=191.13), 0.0483703 s/step
Meep progress: 191.15/400.0 = 47.8% done in 948.6s, 1036.4s to go
on time step 19196 (time=191.96), 0.0483872 s/step
Meep progress: 191.98000000000002/400.0 = 48.0% done in 952.6s, 1032.2s to go
on time step 19279 (time=192.79), 0.0485139 s/step
Meep progress: 192.81/400.0 = 48.2% done in 956.7s, 1028.0s to go
on time step 19362 (time=193.62), 0.048394 s/step
Meep progress: 193.64000000000001/400.0 = 48.4% done in 960.7s, 1023.8s to go
on time step 19445 (time=194.45), 0.0483532 s/step
Meep progress: 194.47/400.0 = 48.6% done in 964.7s, 1019.5s to go
on time step 19527 (time=195.27), 0.0489366 s/step
Meep progress: 195.29/400.0 = 48.8% done in 968.7s, 1015.4s to go
on time step 19610 (time=196.1), 0.0485047 s/step
Meep progress: 196.12/400.0 = 49.0% done in 972.7s, 1011.2s to go
on time step 19693 (time=196.93), 0.0483242 s/step
Meep progress: 196.95000000000002/400.0 = 49.2% done in 976.7s, 1007.0s to go
on time step 19775 (time=197.75), 0.0488496 s/step
Meep progress: 197.78/400.0 = 49.4% done in 980.8s, 1002.8s to go
on time step 19857 (time=198.57), 0.0488763 s/step
Meep progress: 198.6/400.0 = 49.6% done in 984.8s, 998.7s to go
on time step 19941 (time=199.41), 0.0481498 s/step
Meep progress: 199.43/400.0 = 49.9% done in 988.8s, 994.4s to go
on time step 20013 (time=200.13), 0.0556765 s/step
Meep progress: 200.15/400.0 = 50.0% done in 992.8s, 991.3s to go
on time step 20095 (time=200.95), 0.0489093 s/step
Meep progress: 200.97/400.0 = 50.2% done in 996.8s, 987.2s to go
on time step 20176 (time=201.76), 0.0494927 s/step
Meep progress: 201.78/400.0 = 50.4% done in 1000.8s, 983.2s to go
on time step 20259 (time=202.59), 0.04842 s/step
Meep progress: 202.61/400.0 = 50.7% done in 1004.8s, 979.0s to go
on time step 20343 (time=203.43), 0.0481614 s/step
Meep progress: 203.45000000000002/400.0 = 50.9% done in 1008.9s, 974.7s to go
on time step 20426 (time=204.26), 0.0483106 s/step
Meep progress: 204.28/400.0 = 51.1% done in 1012.9s, 970.4s to go
on time step 20509 (time=205.09), 0.0482299 s/step
Meep progress: 205.11/400.0 = 51.3% done in 1016.9s, 966.2s to go
on time step 20592 (time=205.92), 0.0484826 s/step
Meep progress: 205.94/400.0 = 51.5% done in 1020.9s, 962.0s to go
on time step 20675 (time=206.75), 0.0486057 s/step
Meep progress: 206.77/400.0 = 51.7% done in 1024.9s, 957.8s to go
on time step 20758 (time=207.58), 0.0484888 s/step
Meep progress: 207.6/400.0 = 51.9% done in 1029.0s, 953.6s to go
on time step 20842 (time=208.42), 0.0478135 s/step
Meep progress: 208.44/400.0 = 52.1% done in 1033.0s, 949.3s to go
on time step 20924 (time=209.24), 0.0488816 s/step
Meep progress: 209.26/400.0 = 52.3% done in 1037.0s, 945.2s to go
creating output file "./outputDPWR0.1-ez-000210.00.h5"...
on time step 21000 (time=210), 0.0608545 s/step
Meep progress: 210.01/400.0 = 52.5% done in 1041.6s, 942.3s to go
on time step 21083 (time=210.83), 0.0484765 s/step
Meep progress: 210.84/400.0 = 52.7% done in 1045.6s, 938.1s to go
on time step 21166 (time=211.66), 0.0482588 s/step
Meep progress: 211.67000000000002/400.0 = 52.9% done in 1049.6s, 933.9s to go
on time step 21250 (time=212.5), 0.0481321 s/step
Meep progress: 212.51/400.0 = 53.1% done in 1053.6s, 929.6s to go
on time step 21333 (time=213.33), 0.0483596 s/step
Meep progress: 213.34/400.0 = 53.3% done in 1057.7s, 925.4s to go
on time step 21415 (time=214.15), 0.049175 s/step
Meep progress: 214.16/400.0 = 53.5% done in 1061.7s, 921.3s to go
on time step 21497 (time=214.97), 0.0492853 s/step
Meep progress: 214.98000000000002/400.0 = 53.7% done in 1065.7s, 917.2s to go
on time step 21578 (time=215.78), 0.0496094 s/step
Meep progress: 215.79/400.0 = 53.9% done in 1069.8s, 913.2s to go
on time step 21661 (time=216.61), 0.0487475 s/step
Meep progress: 216.62/400.0 = 54.2% done in 1073.8s, 909.0s to go
on time step 21744 (time=217.44), 0.0486733 s/step
Meep progress: 217.45000000000002/400.0 = 54.4% done in 1077.8s, 904.9s to go
on time step 21827 (time=218.27), 0.0482127 s/step
Meep progress: 218.28/400.0 = 54.6% done in 1081.8s, 900.6s to go
on time step 21908 (time=219.08), 0.0495623 s/step
Meep progress: 219.09/400.0 = 54.8% done in 1085.9s, 896.6s to go
on time step 21991 (time=219.91), 0.0485324 s/step
Meep progress: 219.92000000000002/400.0 = 55.0% done in 1089.9s, 892.4s to go
on time step 22063 (time=220.63), 0.0555936 s/step
Meep progress: 220.64000000000001/400.0 = 55.2% done in 1093.9s, 889.2s to go
on time step 22146 (time=221.46), 0.0485826 s/step
Meep progress: 221.47/400.0 = 55.4% done in 1097.9s, 885.1s to go
on time step 22226 (time=222.26), 0.0501208 s/step
Meep progress: 222.27/400.0 = 55.6% done in 1101.9s, 881.1s to go
on time step 22306 (time=223.06), 0.0504809 s/step
Meep progress: 223.07/400.0 = 55.8% done in 1106.0s, 877.2s to go
on time step 22386 (time=223.86), 0.050213 s/step
Meep progress: 223.87/400.0 = 56.0% done in 1110.0s, 873.3s to go
on time step 22470 (time=224.7), 0.0481165 s/step
Meep progress: 224.71/400.0 = 56.2% done in 1114.0s, 869.0s to go
on time step 22552 (time=225.52), 0.0488678 s/step
Meep progress: 225.53/400.0 = 56.4% done in 1118.0s, 864.9s to go
on time step 22634 (time=226.34), 0.0489961 s/step
Meep progress: 226.35/400.0 = 56.6% done in 1122.1s, 860.8s to go
on time step 22717 (time=227.17), 0.0487183 s/step
Meep progress: 227.18/400.0 = 56.8% done in 1126.1s, 856.6s to go
on time step 22799 (time=227.99), 0.049102 s/step
Meep progress: 228.0/400.0 = 57.0% done in 1130.1s, 852.5s to go
on time step 22880 (time=228.8), 0.0496789 s/step
Meep progress: 228.81/400.0 = 57.2% done in 1134.2s, 848.5s to go
on time step 22963 (time=229.63), 0.0483027 s/step
Meep progress: 229.64000000000001/400.0 = 57.4% done in 1138.2s, 844.3s to go
on time step 23034 (time=230.34), 0.0565549 s/step
Meep progress: 230.35/400.0 = 57.6% done in 1142.2s, 841.2s to go
on time step 23113 (time=231.13), 0.05094 s/step
Meep progress: 231.14000000000001/400.0 = 57.8% done in 1146.2s, 837.4s to go
on time step 23195 (time=231.95), 0.0488932 s/step
Meep progress: 231.96/400.0 = 58.0% done in 1150.2s, 833.3s to go
on time step 23276 (time=232.76), 0.0495213 s/step
Meep progress: 232.77/400.0 = 58.2% done in 1154.2s, 829.2s to go
on time step 23356 (time=233.56), 0.0505301 s/step
Meep progress: 233.57/400.0 = 58.4% done in 1158.3s, 825.3s to go
on time step 23436 (time=234.36), 0.050347 s/step
Meep progress: 234.37/400.0 = 58.6% done in 1162.3s, 821.4s to go
on time step 23519 (time=235.19), 0.0485786 s/step
Meep progress: 235.20000000000002/400.0 = 58.8% done in 1166.3s, 817.2s to go
on time step 23596 (time=235.96), 0.0520745 s/step
Meep progress: 235.97/400.0 = 59.0% done in 1170.3s, 813.5s to go
on time step 23673 (time=236.73), 0.0520307 s/step
Meep progress: 236.74/400.0 = 59.2% done in 1174.3s, 809.8s to go
on time step 23753 (time=237.53), 0.0505171 s/step
Meep progress: 237.54/400.0 = 59.4% done in 1178.4s, 805.9s to go
on time step 23833 (time=238.33), 0.0502142 s/step
Meep progress: 238.34/400.0 = 59.6% done in 1182.4s, 802.0s to go
on time step 23914 (time=239.14), 0.0495297 s/step
Meep progress: 239.15/400.0 = 59.8% done in 1186.4s, 798.0s to go
on time step 23994 (time=239.94), 0.0504553 s/step
Meep progress: 239.95000000000002/400.0 = 60.0% done in 1190.4s, 794.0s to go
creating output file "./outputDPWR0.1-ez-000240.00.h5"...
on time step 24053 (time=240.53), 0.0681497 s/step
Meep progress: 240.54/400.0 = 60.1% done in 1194.5s, 791.8s to go
on time step 24133 (time=241.33), 0.050038 s/step
Meep progress: 241.34/400.0 = 60.3% done in 1198.5s, 787.9s to go
on time step 24213 (time=242.13), 0.0504333 s/step
Meep progress: 242.14000000000001/400.0 = 60.5% done in 1202.5s, 784.0s to go
on time step 24294 (time=242.94), 0.0496127 s/step
Meep progress: 242.95000000000002/400.0 = 60.7% done in 1206.5s, 779.9s to go
on time step 24374 (time=243.74), 0.0503731 s/step
Meep progress: 243.75/400.0 = 60.9% done in 1210.6s, 776.0s to go
on time step 24453 (time=244.53), 0.0508461 s/step
Meep progress: 244.54/400.0 = 61.1% done in 1214.6s, 772.1s to go
on time step 24534 (time=245.34), 0.0497758 s/step
Meep progress: 245.35/400.0 = 61.3% done in 1218.6s, 768.1s to go
on time step 24614 (time=246.14), 0.0501566 s/step
Meep progress: 246.15/400.0 = 61.5% done in 1222.6s, 764.2s to go
on time step 24694 (time=246.94), 0.0503626 s/step
Meep progress: 246.95000000000002/400.0 = 61.7% done in 1226.6s, 760.2s to go
on time step 24774 (time=247.74), 0.0503509 s/step
Meep progress: 247.75/400.0 = 61.9% done in 1230.7s, 756.3s to go
on time step 24856 (time=248.56), 0.04936 s/step
Meep progress: 248.57/400.0 = 62.1% done in 1234.7s, 752.2s to go
on time step 24938 (time=249.38), 0.0489635 s/step
Meep progress: 249.39000000000001/400.0 = 62.3% done in 1238.7s, 748.1s to go
on time step 25006 (time=250.06), 0.0593313 s/step
Meep progress: 250.07/400.0 = 62.5% done in 1242.8s, 745.1s to go
on time step 25087 (time=250.87), 0.0497476 s/step
Meep progress: 250.88/400.0 = 62.7% done in 1246.8s, 741.1s to go
on time step 25168 (time=251.68), 0.0497273 s/step
Meep progress: 251.69/400.0 = 62.9% done in 1250.8s, 737.1s to go
on time step 25249 (time=252.49), 0.049975 s/step
Meep progress: 252.5/400.0 = 63.1% done in 1254.9s, 733.0s to go
on time step 25330 (time=253.3), 0.0495651 s/step
Meep progress: 253.31/400.0 = 63.3% done in 1258.9s, 729.0s to go
on time step 25410 (time=254.1), 0.0501733 s/step
Meep progress: 254.11/400.0 = 63.5% done in 1262.9s, 725.1s to go
on time step 25491 (time=254.91), 0.0495013 s/step
Meep progress: 254.92000000000002/400.0 = 63.7% done in 1266.9s, 721.0s to go
on time step 25573 (time=255.73), 0.0492589 s/step
Meep progress: 255.74/400.0 = 63.9% done in 1270.9s, 716.9s to go
on time step 25653 (time=256.53), 0.0501518 s/step
Meep progress: 256.54/400.0 = 64.1% done in 1275.0s, 713.0s to go
on time step 25733 (time=257.33), 0.050528 s/step
Meep progress: 257.34000000000003/400.0 = 64.3% done in 1279.0s, 709.0s to go
on time step 25814 (time=258.14), 0.0498239 s/step
Meep progress: 258.15/400.0 = 64.5% done in 1283.0s, 705.0s to go
on time step 25895 (time=258.95), 0.0496937 s/step
Meep progress: 258.96/400.0 = 64.7% done in 1287.1s, 701.0s to go
on time step 25977 (time=259.77), 0.0491894 s/step
Meep progress: 259.78000000000003/400.0 = 64.9% done in 1291.1s, 696.9s to go
on time step 26047 (time=260.47), 0.0573994 s/step
Meep progress: 260.48/400.0 = 65.1% done in 1295.1s, 693.7s to go
on time step 26130 (time=261.3), 0.0483669 s/step
Meep progress: 261.31/400.0 = 65.3% done in 1299.1s, 689.5s to go
on time step 26212 (time=262.12), 0.049257 s/step
Meep progress: 262.13/400.0 = 65.5% done in 1303.2s, 685.4s to go
on time step 26293 (time=262.93), 0.0494134 s/step
Meep progress: 262.94/400.0 = 65.7% done in 1307.2s, 681.4s to go
on time step 26374 (time=263.74), 0.0494701 s/step
Meep progress: 263.75/400.0 = 65.9% done in 1311.2s, 677.3s to go
on time step 26455 (time=264.55), 0.0496303 s/step
Meep progress: 264.56/400.0 = 66.1% done in 1315.2s, 673.3s to go
on time step 26536 (time=265.36), 0.0498485 s/step
Meep progress: 265.37/400.0 = 66.3% done in 1319.2s, 669.3s to go
on time step 26619 (time=266.19), 0.048608 s/step
Meep progress: 266.2/400.0 = 66.6% done in 1323.3s, 665.1s to go
on time step 26704 (time=267.04), 0.0474111 s/step
Meep progress: 267.05/400.0 = 66.8% done in 1327.3s, 660.8s to go
on time step 26788 (time=267.88), 0.0476959 s/step
Meep progress: 267.89/400.0 = 67.0% done in 1331.3s, 656.5s to go
on time step 26873 (time=268.73), 0.0474327 s/step
Meep progress: 268.74/400.0 = 67.2% done in 1335.3s, 652.2s to go
Meep progress: 269.55/400.0 = 67.4% done in 1339.3s, 648.2s to go
on time step 26955 (time=269.55), 0.0494292 s/step
creating output file "./outputDPWR0.1-ez-000270.00.h5"...
Meep progress: 270.03000000000003/400.0 = 67.5% done in 1343.4s, 646.6s to go
on time step 27003 (time=270.03), 0.083709 s/step
Meep progress: 270.7/400.0 = 67.7% done in 1347.4s, 643.6s to go
on time step 27070 (time=270.7), 0.0597076 s/step
Meep progress: 271.44/400.0 = 67.9% done in 1351.4s, 640.0s to go
on time step 27144 (time=271.44), 0.0540893 s/step
Meep progress: 272.24/400.0 = 68.1% done in 1355.4s, 636.1s to go
on time step 27224 (time=272.24), 0.0503115 s/step
Meep progress: 273.05/400.0 = 68.3% done in 1359.4s, 632.0s to go
on time step 27305 (time=273.05), 0.0499397 s/step
Meep progress: 273.86/400.0 = 68.5% done in 1363.5s, 628.0s to go
on time step 27386 (time=273.86), 0.0497074 s/step
Meep progress: 274.68/400.0 = 68.7% done in 1367.5s, 623.9s to go
on time step 27468 (time=274.68), 0.049112 s/step
Meep progress: 275.5/400.0 = 68.9% done in 1371.5s, 619.8s to go
on time step 27550 (time=275.5), 0.0493066 s/step
Meep progress: 276.3/400.0 = 69.1% done in 1375.6s, 615.8s to go
on time step 27630 (time=276.3), 0.050388 s/step
Meep progress: 277.09000000000003/400.0 = 69.3% done in 1379.6s, 611.9s to go
on time step 27709 (time=277.09), 0.0508419 s/step
Meep progress: 277.91/400.0 = 69.5% done in 1383.6s, 607.8s to go
on time step 27791 (time=277.91), 0.0491388 s/step
Meep progress: 278.73/400.0 = 69.7% done in 1387.7s, 603.7s to go
on time step 27873 (time=278.73), 0.0493398 s/step
Meep progress: 279.44/400.0 = 69.9% done in 1391.7s, 600.4s to go
on time step 27944 (time=279.44), 0.0569477 s/step
Meep progress: 280.12/400.0 = 70.0% done in 1395.7s, 597.3s to go
on time step 28012 (time=280.12), 0.0590662 s/step
Meep progress: 280.92/400.0 = 70.2% done in 1399.8s, 593.4s to go
on time step 28092 (time=280.92), 0.050871 s/step
Meep progress: 281.69/400.0 = 70.4% done in 1403.8s, 589.6s to go
on time step 28169 (time=281.69), 0.052436 s/step
Meep progress: 282.5/400.0 = 70.6% done in 1407.9s, 585.6s to go
on time step 28250 (time=282.5), 0.049946 s/step
Meep progress: 283.32/400.0 = 70.8% done in 1411.9s, 581.5s to go
on time step 28332 (time=283.32), 0.0489723 s/step
Meep progress: 284.14/400.0 = 71.0% done in 1415.9s, 577.3s to go
on time step 28414 (time=284.14), 0.0490355 s/step
Meep progress: 284.94/400.0 = 71.2% done in 1419.9s, 573.4s to go
on time step 28494 (time=284.94), 0.0501067 s/step
Meep progress: 285.73/400.0 = 71.4% done in 1424.0s, 569.5s to go
on time step 28573 (time=285.73), 0.0512066 s/step
Meep progress: 286.43/400.0 = 71.6% done in 1428.0s, 566.2s to go
on time step 28643 (time=286.43), 0.0580105 s/step
Meep progress: 287.15000000000003/400.0 = 71.8% done in 1432.0s, 562.8s to go
on time step 28715 (time=287.15), 0.0558183 s/step
Meep progress: 287.87/400.0 = 72.0% done in 1436.1s, 559.4s to go
on time step 28787 (time=287.87), 0.0558593 s/step
Meep progress: 288.65000000000003/400.0 = 72.2% done in 1440.1s, 555.5s to go
on time step 28865 (time=288.65), 0.0517597 s/step
Meep progress: 289.46/400.0 = 72.4% done in 1444.1s, 551.5s to go
on time step 28946 (time=289.46), 0.0499141 s/step
Meep progress: 290.16/400.0 = 72.5% done in 1448.2s, 548.2s to go
on time step 29016 (time=290.16), 0.0575399 s/step
Meep progress: 290.97/400.0 = 72.7% done in 1452.2s, 544.1s to go
on time step 29097 (time=290.97), 0.0494349 s/step
Meep progress: 291.74/400.0 = 72.9% done in 1456.2s, 540.4s to go
on time step 29174 (time=291.74), 0.0519693 s/step
Meep progress: 292.54/400.0 = 73.1% done in 1460.2s, 536.4s to go
on time step 29254 (time=292.54), 0.0501258 s/step
Meep progress: 293.36/400.0 = 73.3% done in 1464.2s, 532.3s to go
on time step 29336 (time=293.36), 0.0488692 s/step
Meep progress: 294.17/400.0 = 73.5% done in 1468.2s, 528.2s to go
on time step 29417 (time=294.17), 0.0493927 s/step
Meep progress: 294.99/400.0 = 73.7% done in 1472.2s, 524.1s to go
on time step 29499 (time=294.99), 0.0488938 s/step
Meep progress: 295.82/400.0 = 74.0% done in 1476.2s, 519.9s to go
on time step 29582 (time=295.82), 0.0483642 s/step
Meep progress: 296.65000000000003/400.0 = 74.2% done in 1480.2s, 515.7s to go
on time step 29665 (time=296.65), 0.0485347 s/step
Meep progress: 297.49/400.0 = 74.4% done in 1484.3s, 511.5s to go
on time step 29749 (time=297.49), 0.0479155 s/step
Meep progress: 298.31/400.0 = 74.6% done in 1488.3s, 507.3s to go
on time step 29831 (time=298.31), 0.0488062 s/step
Meep progress: 299.15000000000003/400.0 = 74.8% done in 1492.3s, 503.1s to go
on time step 29915 (time=299.15), 0.0479928 s/step
Meep progress: 299.99/400.0 = 75.0% done in 1496.3s, 498.8s to go
on time step 29999 (time=299.99), 0.0480166 s/step
creating output file "./outputDPWR0.1-ez-000300.00.h5"...
Meep progress: 300.64/400.0 = 75.2% done in 1500.4s, 495.9s to go
on time step 30064 (time=300.64), 0.0622201 s/step
Meep progress: 301.49/400.0 = 75.4% done in 1504.4s, 491.6s to go
on time step 30149 (time=301.49), 0.0475776 s/step
Meep progress: 302.34000000000003/400.0 = 75.6% done in 1508.5s, 487.3s to go
on time step 30234 (time=302.34), 0.0476222 s/step
Meep progress: 303.18/400.0 = 75.8% done in 1512.5s, 483.0s to go
on time step 30318 (time=303.18), 0.0478949 s/step
Meep progress: 304.03000000000003/400.0 = 76.0% done in 1516.5s, 478.7s to go
on time step 30403 (time=304.03), 0.0475929 s/step
Meep progress: 304.88/400.0 = 76.2% done in 1520.6s, 474.4s to go
on time step 30488 (time=304.88), 0.0475836 s/step
Meep progress: 305.72/400.0 = 76.4% done in 1524.6s, 470.2s to go
on time step 30572 (time=305.72), 0.0478318 s/step
Meep progress: 306.56/400.0 = 76.6% done in 1528.6s, 465.9s to go
on time step 30656 (time=306.56), 0.0479202 s/step
Meep progress: 307.40000000000003/400.0 = 76.9% done in 1532.7s, 461.7s to go
on time step 30740 (time=307.4), 0.0481444 s/step
Meep progress: 308.22/400.0 = 77.1% done in 1536.7s, 457.6s to go
on time step 30822 (time=308.22), 0.0488055 s/step
Meep progress: 308.95/400.0 = 77.2% done in 1540.7s, 454.1s to go
on time step 30895 (time=308.95), 0.0554869 s/step
Meep progress: 309.72/400.0 = 77.4% done in 1544.8s, 450.3s to go
on time step 30972 (time=309.72), 0.0525846 s/step
Meep progress: 310.43/400.0 = 77.6% done in 1548.8s, 446.9s to go
on time step 31043 (time=310.43), 0.056524 s/step
Meep progress: 311.26/400.0 = 77.8% done in 1552.8s, 442.7s to go
on time step 31126 (time=311.26), 0.048771 s/step
Meep progress: 312.09000000000003/400.0 = 78.0% done in 1556.9s, 438.5s to go
on time step 31209 (time=312.09), 0.0486625 s/step
Meep progress: 312.91/400.0 = 78.2% done in 1560.9s, 434.4s to go
on time step 31291 (time=312.91), 0.0488186 s/step
Meep progress: 313.73/400.0 = 78.4% done in 1564.9s, 430.3s to go
on time step 31373 (time=313.73), 0.0491245 s/step
Meep progress: 314.55/400.0 = 78.6% done in 1569.0s, 426.2s to go
on time step 31455 (time=314.55), 0.0493676 s/step
Meep progress: 315.38/400.0 = 78.8% done in 1573.0s, 422.1s to go
on time step 31538 (time=315.38), 0.0486948 s/step
Meep progress: 316.2/400.0 = 79.0% done in 1577.0s, 417.9s to go
on time step 31620 (time=316.2), 0.048839 s/step
Meep progress: 317.03000000000003/400.0 = 79.3% done in 1581.0s, 413.8s to go
on time step 31703 (time=317.03), 0.0487295 s/step
Meep progress: 317.85/400.0 = 79.5% done in 1585.0s, 409.7s to go
on time step 31785 (time=317.85), 0.0488525 s/step
Meep progress: 318.68/400.0 = 79.7% done in 1589.1s, 405.5s to go
on time step 31868 (time=318.68), 0.0486003 s/step
Meep progress: 319.51/400.0 = 79.9% done in 1593.1s, 401.3s to go
on time step 31951 (time=319.51), 0.0487605 s/step
Meep progress: 320.22/400.0 = 80.1% done in 1597.2s, 397.9s to go
on time step 32022 (time=320.22), 0.056671 s/step
Meep progress: 321.05/400.0 = 80.3% done in 1601.2s, 393.8s to go
on time step 32105 (time=321.05), 0.0487353 s/step
Meep progress: 321.87/400.0 = 80.5% done in 1605.2s, 389.6s to go
on time step 32187 (time=321.87), 0.0488264 s/step
Meep progress: 322.69/400.0 = 80.7% done in 1609.2s, 385.5s to go
on time step 32269 (time=322.69), 0.0488952 s/step
Meep progress: 323.51/400.0 = 80.9% done in 1613.2s, 381.4s to go
on time step 32351 (time=323.51), 0.0490557 s/step
Meep progress: 324.34000000000003/400.0 = 81.1% done in 1617.3s, 377.3s to go
on time step 32434 (time=324.34), 0.0486577 s/step
Meep progress: 325.17/400.0 = 81.3% done in 1621.3s, 373.1s to go
on time step 32517 (time=325.17), 0.0487257 s/step
Meep progress: 326.0/400.0 = 81.5% done in 1625.3s, 368.9s to go
on time step 32600 (time=326), 0.0484427 s/step
Meep progress: 326.82/400.0 = 81.7% done in 1629.4s, 364.8s to go
on time step 32682 (time=326.82), 0.0489604 s/step
Meep progress: 327.64/400.0 = 81.9% done in 1633.4s, 360.7s to go
on time step 32764 (time=327.64), 0.0491609 s/step
Meep progress: 328.44/400.0 = 82.1% done in 1637.4s, 356.8s to go
on time step 32844 (time=328.44), 0.0504431 s/step
Meep progress: 329.26/400.0 = 82.3% done in 1641.5s, 352.7s to go
on time step 32926 (time=329.26), 0.0493481 s/step
Meep progress: 329.91/400.0 = 82.5% done in 1645.5s, 349.6s to go
on time step 32991 (time=329.91), 0.0620613 s/step
creating output file "./outputDPWR0.1-ez-000330.00.h5"...
Meep progress: 330.5/400.0 = 82.6% done in 1649.5s, 346.9s to go
on time step 33050 (time=330.5), 0.0678755 s/step
Meep progress: 331.33/400.0 = 82.8% done in 1653.5s, 342.7s to go
on time step 33133 (time=331.33), 0.0484808 s/step
Meep progress: 332.17/400.0 = 83.0% done in 1657.6s, 338.5s to go
on time step 33217 (time=332.17), 0.0480201 s/step
Meep progress: 333.01/400.0 = 83.3% done in 1661.6s, 334.3s to go
on time step 33301 (time=333.01), 0.0481795 s/step
Meep progress: 333.84000000000003/400.0 = 83.5% done in 1665.6s, 330.1s to go
on time step 33384 (time=333.84), 0.0484074 s/step
Meep progress: 334.68/400.0 = 83.7% done in 1669.7s, 325.9s to go
on time step 33468 (time=334.68), 0.0481149 s/step
Meep progress: 335.52/400.0 = 83.9% done in 1673.7s, 321.7s to go
on time step 33552 (time=335.52), 0.0481839 s/step
Meep progress: 336.32/400.0 = 84.1% done in 1677.7s, 317.7s to go
on time step 33632 (time=336.32), 0.050027 s/step
Meep progress: 337.15000000000003/400.0 = 84.3% done in 1681.7s, 313.5s to go
on time step 33715 (time=337.15), 0.0484381 s/step
Meep progress: 337.98/400.0 = 84.5% done in 1685.7s, 309.3s to go
on time step 33798 (time=337.98), 0.048296 s/step
Meep progress: 338.81/400.0 = 84.7% done in 1689.7s, 305.2s to go
on time step 33881 (time=338.81), 0.0481928 s/step
Meep progress: 339.64/400.0 = 84.9% done in 1693.7s, 301.0s to go
on time step 33964 (time=339.64), 0.0481963 s/step
Meep progress: 340.37/400.0 = 85.1% done in 1697.8s, 297.4s to go
on time step 34037 (time=340.37), 0.0550538 s/step
Meep progress: 341.2/400.0 = 85.3% done in 1701.8s, 293.3s to go
on time step 34120 (time=341.2), 0.0485443 s/step
Meep progress: 342.03000000000003/400.0 = 85.5% done in 1705.8s, 289.1s to go
on time step 34203 (time=342.03), 0.0484273 s/step
Meep progress: 342.85/400.0 = 85.7% done in 1709.8s, 285.0s to go
on time step 34285 (time=342.85), 0.048874 s/step
Meep progress: 343.69/400.0 = 85.9% done in 1713.9s, 280.8s to go
on time step 34369 (time=343.69), 0.0481053 s/step
Meep progress: 344.53000000000003/400.0 = 86.1% done in 1717.9s, 276.6s to go
on time step 34453 (time=344.53), 0.048039 s/step
Meep progress: 345.37/400.0 = 86.3% done in 1721.9s, 272.4s to go
on time step 34537 (time=345.37), 0.0481495 s/step
Meep progress: 346.21/400.0 = 86.6% done in 1726.0s, 268.2s to go
on time step 34621 (time=346.21), 0.0480672 s/step
Meep progress: 347.05/400.0 = 86.8% done in 1730.0s, 263.9s to go
on time step 34705 (time=347.05), 0.0478448 s/step
Meep progress: 347.89/400.0 = 87.0% done in 1734.0s, 259.7s to go
on time step 34789 (time=347.89), 0.0478653 s/step
Meep progress: 348.72/400.0 = 87.2% done in 1738.1s, 255.6s to go
on time step 34872 (time=348.72), 0.0486908 s/step
Meep progress: 349.56/400.0 = 87.4% done in 1742.1s, 251.4s to go
on time step 34956 (time=349.56), 0.0478289 s/step
Meep progress: 350.28000000000003/400.0 = 87.6% done in 1746.1s, 247.8s to go
on time step 35028 (time=350.28), 0.0556629 s/step
Meep progress: 351.11/400.0 = 87.8% done in 1750.1s, 243.7s to go
on time step 35111 (time=351.11), 0.0482188 s/step
Meep progress: 351.94/400.0 = 88.0% done in 1754.1s, 239.5s to go
on time step 35194 (time=351.94), 0.0484593 s/step
Meep progress: 352.77/400.0 = 88.2% done in 1758.1s, 235.4s to go
on time step 35277 (time=352.77), 0.0482539 s/step
Meep progress: 353.6/400.0 = 88.4% done in 1762.1s, 231.2s to go
on time step 35360 (time=353.6), 0.0482196 s/step
Meep progress: 354.44/400.0 = 88.6% done in 1766.2s, 227.0s to go
on time step 35444 (time=354.44), 0.0480898 s/step
Meep progress: 355.28000000000003/400.0 = 88.8% done in 1770.2s, 222.8s to go
on time step 35528 (time=355.28), 0.0479802 s/step
Meep progress: 356.11/400.0 = 89.0% done in 1774.2s, 218.7s to go
on time step 35611 (time=356.11), 0.0482777 s/step
Meep progress: 356.94/400.0 = 89.2% done in 1778.2s, 214.5s to go
on time step 35694 (time=356.94), 0.0484133 s/step
Meep progress: 357.75/400.0 = 89.4% done in 1782.2s, 210.5s to go
on time step 35775 (time=357.75), 0.0494379 s/step
Meep progress: 358.58/400.0 = 89.6% done in 1786.2s, 206.3s to go
on time step 35858 (time=358.58), 0.0484679 s/step
Meep progress: 359.41/400.0 = 89.9% done in 1790.3s, 202.2s to go
on time step 35941 (time=359.41), 0.0485277 s/step
creating output file "./outputDPWR0.1-ez-000360.00.h5"...
Meep progress: 360.05/400.0 = 90.0% done in 1794.3s, 199.1s to go
on time step 36005 (time=360.05), 0.0631076 s/step
Meep progress: 360.89/400.0 = 90.2% done in 1798.4s, 194.9s to go
on time step 36089 (time=360.89), 0.048173 s/step
Meep progress: 361.72/400.0 = 90.4% done in 1802.4s, 190.7s to go
on time step 36172 (time=361.72), 0.048295 s/step
Meep progress: 362.56/400.0 = 90.6% done in 1806.4s, 186.5s to go
on time step 36256 (time=362.56), 0.047921 s/step
Meep progress: 363.38/400.0 = 90.8% done in 1810.4s, 182.4s to go
on time step 36338 (time=363.38), 0.048793 s/step
Meep progress: 364.13/400.0 = 91.0% done in 1814.4s, 178.7s to go
on time step 36413 (time=364.13), 0.0534228 s/step
Meep progress: 364.94/400.0 = 91.2% done in 1818.4s, 174.7s to go
on time step 36494 (time=364.94), 0.0497858 s/step
Meep progress: 365.74/400.0 = 91.4% done in 1822.5s, 170.7s to go
on time step 36574 (time=365.74), 0.0505897 s/step
Meep progress: 366.54/400.0 = 91.6% done in 1826.5s, 166.7s to go
on time step 36654 (time=366.54), 0.0501935 s/step
Meep progress: 367.35/400.0 = 91.8% done in 1830.5s, 162.7s to go
on time step 36735 (time=367.35), 0.0496055 s/step
Meep progress: 368.16/400.0 = 92.0% done in 1834.5s, 158.7s to go
on time step 36816 (time=368.16), 0.0496636 s/step
Meep progress: 368.96/400.0 = 92.2% done in 1838.6s, 154.7s to go
on time step 36896 (time=368.96), 0.0505418 s/step
Meep progress: 369.77/400.0 = 92.4% done in 1842.6s, 150.6s to go
on time step 36977 (time=369.77), 0.0495584 s/step
Meep progress: 370.47/400.0 = 92.6% done in 1846.6s, 147.2s to go
on time step 37047 (time=370.47), 0.057573 s/step
Meep progress: 371.32/400.0 = 92.8% done in 1850.6s, 142.9s to go
on time step 37132 (time=371.32), 0.0473385 s/step
Meep progress: 372.16/400.0 = 93.0% done in 1854.7s, 138.7s to go
on time step 37216 (time=372.16), 0.0480049 s/step
Meep progress: 372.99/400.0 = 93.2% done in 1858.7s, 134.6s to go
on time step 37299 (time=372.99), 0.0483064 s/step
Meep progress: 373.83/400.0 = 93.5% done in 1862.7s, 130.4s to go
on time step 37383 (time=373.83), 0.0481606 s/step
Meep progress: 374.67/400.0 = 93.7% done in 1866.8s, 126.2s to go
on time step 37467 (time=374.67), 0.0481364 s/step
Meep progress: 375.5/400.0 = 93.9% done in 1870.8s, 122.1s to go
on time step 37550 (time=375.5), 0.0484348 s/step
Meep progress: 376.33/400.0 = 94.1% done in 1874.8s, 117.9s to go
on time step 37633 (time=376.33), 0.0483076 s/step
Meep progress: 377.18/400.0 = 94.3% done in 1878.9s, 113.7s to go
on time step 37718 (time=377.18), 0.0476016 s/step
Meep progress: 378.02/400.0 = 94.5% done in 1882.9s, 109.5s to go
on time step 37802 (time=378.02), 0.0477569 s/step
Meep progress: 378.86/400.0 = 94.7% done in 1886.9s, 105.3s to go
on time step 37886 (time=378.86), 0.0480511 s/step
Meep progress: 379.69/400.0 = 94.9% done in 1890.9s, 101.1s to go
on time step 37969 (time=379.69), 0.0482677 s/step
Meep progress: 380.41/400.0 = 95.1% done in 1894.9s, 97.6s to go
on time step 38041 (time=380.41), 0.05608 s/step
Meep progress: 381.24/400.0 = 95.3% done in 1898.9s, 93.4s to go
on time step 38124 (time=381.24), 0.0482193 s/step
Meep progress: 382.07/400.0 = 95.5% done in 1902.9s, 89.3s to go
on time step 38207 (time=382.07), 0.0482148 s/step
Meep progress: 382.91/400.0 = 95.7% done in 1907.0s, 85.1s to go
on time step 38291 (time=382.91), 0.0480483 s/step
Meep progress: 383.75/400.0 = 95.9% done in 1911.0s, 80.9s to go
on time step 38375 (time=383.75), 0.0479404 s/step
Meep progress: 384.58/400.0 = 96.1% done in 1915.0s, 76.8s to go
on time step 38458 (time=384.58), 0.0483111 s/step
Meep progress: 385.42/400.0 = 96.4% done in 1919.1s, 72.6s to go
on time step 38542 (time=385.42), 0.0479756 s/step
Meep progress: 386.26/400.0 = 96.6% done in 1923.1s, 68.4s to go
on time step 38626 (time=386.26), 0.0477583 s/step
Meep progress: 387.1/400.0 = 96.8% done in 1927.1s, 64.2s to go
on time step 38710 (time=387.1), 0.0479133 s/step
Meep progress: 387.94/400.0 = 97.0% done in 1931.1s, 60.0s to go
on time step 38794 (time=387.94), 0.048002 s/step
Meep progress: 388.77/400.0 = 97.2% done in 1935.1s, 55.9s to go
on time step 38877 (time=388.77), 0.0482887 s/step
Meep progress: 389.61/400.0 = 97.4% done in 1939.2s, 51.7s to go
on time step 38961 (time=389.61), 0.0480378 s/step
creating output file "./outputDPWR0.1-ez-000390.00.h5"...
Meep progress: 390.25/400.0 = 97.6% done in 1943.2s, 48.5s to go
on time step 39025 (time=390.25), 0.0631805 s/step
Meep progress: 391.09000000000003/400.0 = 97.8% done in 1947.3s, 44.4s to go
on time step 39109 (time=391.09), 0.0481716 s/step
Meep progress: 391.92/400.0 = 98.0% done in 1951.3s, 40.2s to go
on time step 39192 (time=391.92), 0.048608 s/step
Meep progress: 392.75/400.0 = 98.2% done in 1955.3s, 36.1s to go
on time step 39275 (time=392.75), 0.0484788 s/step
Meep progress: 393.59000000000003/400.0 = 98.4% done in 1959.4s, 31.9s to go
on time step 39359 (time=393.59), 0.0481398 s/step
Meep progress: 394.41/400.0 = 98.6% done in 1963.4s, 27.8s to go
on time step 39441 (time=394.41), 0.0493197 s/step
Meep progress: 395.19/400.0 = 98.8% done in 1967.4s, 23.9s to go
on time step 39519 (time=395.19), 0.0516349 s/step
Meep progress: 395.93/400.0 = 99.0% done in 1971.5s, 20.3s to go
on time step 39593 (time=395.93), 0.0545034 s/step
Meep progress: 396.74/400.0 = 99.2% done in 1975.5s, 16.2s to go
on time step 39674 (time=396.74), 0.0495645 s/step
Meep progress: 397.56/400.0 = 99.4% done in 1979.5s, 12.1s to go
on time step 39756 (time=397.56), 0.049315 s/step
Meep progress: 398.38/400.0 = 99.6% done in 1983.6s, 8.1s to go
on time step 39838 (time=398.38), 0.0492346 s/step
Meep progress: 399.21000000000004/400.0 = 99.8% done in 1987.6s, 3.9s to go
on time step 39921 (time=399.21), 0.0484957 s/step
run 0 finished at t = 400.0 (40000 timesteps)
