-----------
Initializing structure...
Working in 2D dimensions.
Computational cell is 100 x 6 x 0 with resolution 100
     block, center = (0,1.775,0)
          size (1e+20,3,1e+20)
          axes (1,0,0), (0,1,0), (0,0,1)
          dielectric constant epsilon diagonal = (9,9,9)
     block, center = (0,0.275,0)
          size (1e+20,0.05,1e+20)
          axes (1,0,0), (0,1,0), (0,0,1)
          dielectric constant epsilon diagonal = (4,4,4)
     block, center = (-15,0.245,0)
          size (70,0.01,1e+20)
          axes (1,0,0), (0,1,0), (0,0,1)
          dielectric constant epsilon diagonal = (11.68,11.68,11.68)
     block, center = (30,0.245,0)
          size (20,0.01,1e+20)
          axes (1,0,0), (0,1,0), (0,0,1)
          dielectric constant epsilon diagonal = (5.84,5.84,5.84)
     block, center = (45,0.245,0)
          size (10,0.01,1e+20)
          axes (1,0,0), (0,1,0), (0,0,1)
          dielectric constant epsilon diagonal = (11.68,11.68,11.68)
     block, center = (0,0,0)
          size (1e+20,0.48,1e+20)
          axes (1,0,0), (0,1,0), (0,0,1)
          dielectric constant epsilon diagonal = (11.68,11.68,11.68)
     block, center = (-15,-0.245,0)
          size (70,0.01,1e+20)
          axes (1,0,0), (0,1,0), (0,0,1)
          dielectric constant epsilon diagonal = (11.68,11.68,11.68)
     block, center = (30,-0.245,0)
          size (20,0.01,1e+20)
          axes (1,0,0), (0,1,0), (0,0,1)
          dielectric constant epsilon diagonal = (5.84,5.84,5.84)
     block, center = (45,-0.245,0)
          size (10,0.01,1e+20)
          axes (1,0,0), (0,1,0), (0,0,1)
          dielectric constant epsilon diagonal = (11.68,11.68,11.68)
     block, center = (0,-1,0)
          size (1e+20,1.5,1e+20)
          axes (1,0,0), (0,1,0), (0,0,1)
          dielectric constant epsilon diagonal = (9,9,9)
     block, center = (0,-2.25,0)
          size (1e+20,1,1e+20)
          axes (1,0,0), (0,1,0), (0,0,1)
          dielectric constant epsilon diagonal = (9,9,9)
subpixel-averaging is 36.19% done, 7.05356 s remaining
subpixel-averaging is 72.328% done, 1.53075 s remaining
