Using MPI version 3.0, 1 processes
-----------
Initializing structure...
Working in 2D dimensions.
Computational cell is 100 x 1 x 0 with resolution 100
     block, center = (-15,0.245,0)
          size (70,0.01,1e+20)
          axes (1,0,0), (0,1,0), (0,0,1)
          dielectric constant epsilon diagonal = (11.68,11.68,11.68)
     block, center = (30,0.245,0)
          size (20,0.01,1e+20)
          axes (1,0,0), (0,1,0), (0,0,1)
          dielectric constant epsilon diagonal = (11,11,11)
     block, center = (45,0.245,0)
          size (10,0.01,1e+20)
          axes (1,0,0), (0,1,0), (0,0,1)
          dielectric constant epsilon diagonal = (11.68,11.68,11.68)
     block, center = (0,0,0)
          size (1e+20,0.48,1e+20)
          axes (1,0,0), (0,1,0), (0,0,1)
          dielectric constant epsilon diagonal = (11.68,11.68,11.68)
     block, center = (-15,-0.245,0)
          size (70,0.01,1e+20)
          axes (1,0,0), (0,1,0), (0,0,1)
          dielectric constant epsilon diagonal = (11.68,11.68,11.68)
     block, center = (30,-0.245,0)
          size (20,0.01,1e+20)
          axes (1,0,0), (0,1,0), (0,0,1)
          dielectric constant epsilon diagonal = (11,11,11)
     block, center = (45,-0.245,0)
          size (10,0.01,1e+20)
          axes (1,0,0), (0,1,0), (0,0,1)
          dielectric constant epsilon diagonal = (11.68,11.68,11.68)
time for set_epsilon = 5.59938 s
-----------
creating output file "./refl0.1-eps-000000000.h5"...
Meep progress: 0.985/500.0 = 0.2% done in 4.0s, 2033.7s to go
on time step 201 (time=1.005), 0.0199152 s/step
Meep progress: 2.1350000000000002/500.0 = 0.4% done in 8.0s, 1871.6s to go
on time step 431 (time=2.155), 0.017427 s/step
Meep progress: 3.2800000000000002/500.0 = 0.7% done in 12.0s, 1823.3s to go
on time step 660 (time=3.3), 0.0175301 s/step
Meep progress: 4.385/500.0 = 0.9% done in 16.1s, 1814.6s to go
on time step 881 (time=4.405), 0.0181779 s/step
Meep progress: 5.44/500.0 = 1.1% done in 20.1s, 1824.1s to go
on time step 1092 (time=5.46), 0.0190057 s/step
Meep progress: 6.53/500.0 = 1.3% done in 24.1s, 1819.2s to go
on time step 1310 (time=6.55), 0.0183823 s/step
Meep progress: 7.62/500.0 = 1.5% done in 28.1s, 1814.9s to go
on time step 1528 (time=7.64), 0.0184229 s/step
Meep progress: 8.755/500.0 = 1.8% done in 32.1s, 1800.6s to go
on time step 1756 (time=8.78), 0.0176107 s/step
Meep progress: 9.91/500.0 = 2.0% done in 36.1s, 1784.9s to go
on time step 1987 (time=9.935), 0.0173422 s/step
Meep progress: 11.055/500.0 = 2.2% done in 40.1s, 1773.3s to go
on time step 2217 (time=11.085), 0.0174704 s/step
Meep progress: 12.165000000000001/500.0 = 2.4% done in 44.1s, 1768.5s to go
on time step 2439 (time=12.195), 0.0180611 s/step
Meep progress: 13.290000000000001/500.0 = 2.7% done in 48.1s, 1761.6s to go
on time step 2665 (time=13.325), 0.0177614 s/step
Meep progress: 14.4/500.0 = 2.9% done in 52.1s, 1757.1s to go
on time step 2886 (time=14.43), 0.0181212 s/step
Meep progress: 15.485000000000001/500.0 = 3.1% done in 56.1s, 1756.0s to go
on time step 3104 (time=15.52), 0.0184029 s/step
Meep progress: 16.54/500.0 = 3.3% done in 60.1s, 1757.6s to go
on time step 3315 (time=16.575), 0.0190135 s/step
Meep progress: 17.615000000000002/500.0 = 3.5% done in 64.1s, 1756.3s to go
on time step 3530 (time=17.65), 0.018696 s/step
Meep progress: 18.72/500.0 = 3.7% done in 68.1s, 1751.8s to go
on time step 3752 (time=18.76), 0.0180194 s/step
Meep progress: 19.85/500.0 = 4.0% done in 72.1s, 1745.1s to go
on time step 3977 (time=19.885), 0.0178254 s/step
Meep progress: 20.85/500.0 = 4.2% done in 76.2s, 1750.1s to go
on time step 4178 (time=20.89), 0.0199786 s/step
Meep progress: 21.85/500.0 = 4.4% done in 80.2s, 1754.3s to go
on time step 4376 (time=21.88), 0.0202199 s/step
Meep progress: 22.855/500.0 = 4.6% done in 84.2s, 1757.5s to go
on time step 4576 (time=22.88), 0.0200419 s/step
Meep progress: 23.740000000000002/500.0 = 4.7% done in 88.2s, 1769.3s to go
on time step 4754 (time=23.77), 0.0224936 s/step
Meep progress: 24.835/500.0 = 5.0% done in 92.2s, 1763.9s to go
on time step 4975 (time=24.875), 0.0181751 s/step
Meep progress: 26.0/500.0 = 5.2% done in 96.2s, 1754.0s to go
on time step 5208 (time=26.04), 0.0172356 s/step
Meep progress: 27.14/500.0 = 5.4% done in 100.2s, 1746.0s to go
on time step 5436 (time=27.18), 0.0175705 s/step
Meep progress: 28.255/500.0 = 5.7% done in 104.2s, 1740.1s to go
on time step 5659 (time=28.295), 0.0180179 s/step
Meep progress: 29.3/500.0 = 5.9% done in 108.2s, 1738.8s to go
on time step 5868 (time=29.34), 0.019153 s/step
creating output file "./refl0.1-ez-000006000.h5"...
Meep progress: 30.385/500.0 = 6.1% done in 112.2s, 1734.8s to go
on time step 6085 (time=30.425), 0.0184625 s/step
Meep progress: 31.565/500.0 = 6.3% done in 116.3s, 1725.3s to go
on time step 6321 (time=31.605), 0.0169704 s/step
Meep progress: 32.76/500.0 = 6.6% done in 120.3s, 1715.3s to go
on time step 6560 (time=32.8), 0.016797 s/step
Meep progress: 33.915/500.0 = 6.8% done in 124.3s, 1707.8s to go
on time step 6791 (time=33.955), 0.0173578 s/step
Meep progress: 35.07/500.0 = 7.0% done in 128.3s, 1700.7s to go
on time step 7022 (time=35.11), 0.0173626 s/step
Meep progress: 36.235/500.0 = 7.2% done in 132.3s, 1693.1s to go
on time step 7255 (time=36.275), 0.0171678 s/step
Meep progress: 37.4/500.0 = 7.5% done in 136.3s, 1685.9s to go
on time step 7488 (time=37.44), 0.017242 s/step
Meep progress: 38.575/500.0 = 7.7% done in 140.3s, 1678.3s to go
on time step 7723 (time=38.615), 0.0170289 s/step
Meep progress: 39.735/500.0 = 7.9% done in 144.3s, 1671.6s to go
on time step 7955 (time=39.775), 0.0172813 s/step
Meep progress: 40.9/500.0 = 8.2% done in 148.3s, 1664.9s to go
on time step 8188 (time=40.94), 0.0172339 s/step
Meep progress: 42.0/500.0 = 8.4% done in 152.3s, 1661.1s to go
on time step 8408 (time=42.04), 0.018258 s/step
Meep progress: 43.15/500.0 = 8.6% done in 156.3s, 1655.2s to go
on time step 8639 (time=43.195), 0.0173479 s/step
Meep progress: 44.315/500.0 = 8.9% done in 160.4s, 1648.9s to go
on time step 8871 (time=44.355), 0.0172498 s/step
Meep progress: 45.475/500.0 = 9.1% done in 164.4s, 1642.8s to go
on time step 9103 (time=45.515), 0.0172626 s/step
Meep progress: 46.635/500.0 = 9.3% done in 168.4s, 1636.7s to go
on time step 9335 (time=46.675), 0.0172613 s/step
Meep progress: 47.800000000000004/500.0 = 9.6% done in 172.4s, 1630.6s to go
on time step 9569 (time=47.845), 0.0171525 s/step
Meep progress: 48.965/500.0 = 9.8% done in 176.4s, 1624.7s to go
on time step 9801 (time=49.005), 0.0172429 s/step
Meep progress: 50.135/500.0 = 10.0% done in 180.4s, 1618.6s to go
on time step 10039 (time=50.195), 0.0168298 s/step
Meep progress: 51.24/500.0 = 10.2% done in 184.4s, 1615.0s to go
on time step 10255 (time=51.275), 0.0185872 s/step
Meep progress: 52.300000000000004/500.0 = 10.5% done in 188.4s, 1612.8s to go
on time step 10467 (time=52.335), 0.0188971 s/step
Meep progress: 53.365/500.0 = 10.7% done in 192.4s, 1610.5s to go
on time step 10680 (time=53.4), 0.0188236 s/step
Meep progress: 54.43/500.0 = 10.9% done in 196.4s, 1608.0s to go
on time step 10893 (time=54.465), 0.018799 s/step
Meep progress: 55.5/500.0 = 11.1% done in 200.4s, 1605.3s to go
on time step 11107 (time=55.535), 0.0187457 s/step
Meep progress: 56.57/500.0 = 11.3% done in 204.5s, 1602.6s to go
on time step 11321 (time=56.605), 0.0187612 s/step
Meep progress: 57.64/500.0 = 11.5% done in 208.5s, 1599.9s to go
on time step 11535 (time=57.675), 0.0187727 s/step
Meep progress: 58.715/500.0 = 11.7% done in 212.5s, 1597.0s to go
on time step 11750 (time=58.75), 0.0186792 s/step
Meep progress: 59.78/500.0 = 12.0% done in 216.5s, 1594.2s to go
on time step 11963 (time=59.815), 0.018789 s/step
creating output file "./refl0.1-ez-000012000.h5"...
Meep progress: 60.79/500.0 = 12.2% done in 220.5s, 1593.1s to go
on time step 12166 (time=60.83), 0.0197736 s/step
Meep progress: 61.96/500.0 = 12.4% done in 224.5s, 1587.2s to go
on time step 12400 (time=62), 0.0171305 s/step
Meep progress: 63.135/500.0 = 12.6% done in 228.5s, 1581.3s to go
on time step 12634 (time=63.17), 0.0170972 s/step
Meep progress: 64.295/500.0 = 12.9% done in 232.5s, 1575.8s to go
on time step 12866 (time=64.33), 0.017281 s/step
Meep progress: 65.45/500.0 = 13.1% done in 236.5s, 1570.4s to go
on time step 13097 (time=65.485), 0.017325 s/step
Meep progress: 66.625/500.0 = 13.3% done in 240.5s, 1564.7s to go
on time step 13332 (time=66.66), 0.0170661 s/step
Meep progress: 67.69500000000001/500.0 = 13.5% done in 244.5s, 1561.7s to go
on time step 13546 (time=67.73), 0.0187589 s/step
Meep progress: 68.74/500.0 = 13.7% done in 248.6s, 1559.4s to go
on time step 13755 (time=68.775), 0.0192008 s/step
Meep progress: 69.795/500.0 = 14.0% done in 252.6s, 1556.8s to go
on time step 13966 (time=69.83), 0.0189887 s/step
Meep progress: 70.78/500.0 = 14.2% done in 256.6s, 1555.9s to go
on time step 14163 (time=70.815), 0.0203817 s/step
Meep progress: 71.83/500.0 = 14.4% done in 260.6s, 1553.3s to go
on time step 14374 (time=71.87), 0.0190344 s/step
Meep progress: 72.88/500.0 = 14.6% done in 264.6s, 1550.6s to go
on time step 14584 (time=72.92), 0.0190797 s/step
Meep progress: 73.94/500.0 = 14.8% done in 268.6s, 1547.7s to go
on time step 14796 (time=73.98), 0.0189243 s/step
Meep progress: 74.97500000000001/500.0 = 15.0% done in 272.6s, 1545.3s to go
on time step 15003 (time=75.015), 0.0193379 s/step
Meep progress: 76.01/500.0 = 15.2% done in 276.6s, 1542.9s to go
on time step 15210 (time=76.05), 0.0193847 s/step
Meep progress: 77.045/500.0 = 15.4% done in 280.6s, 1540.5s to go
on time step 15416 (time=77.08), 0.0194199 s/step
Meep progress: 78.07000000000001/500.0 = 15.6% done in 284.6s, 1538.3s to go
on time step 15621 (time=78.105), 0.0195827 s/step
Meep progress: 79.095/500.0 = 15.8% done in 288.6s, 1536.0s to go
on time step 15828 (time=79.14), 0.0193366 s/step
Meep progress: 80.14/500.0 = 16.0% done in 292.7s, 1533.3s to go
on time step 16037 (time=80.185), 0.019212 s/step
Meep progress: 81.235/500.0 = 16.2% done in 296.7s, 1529.3s to go
on time step 16256 (time=81.28), 0.0182982 s/step
Meep progress: 82.255/500.0 = 16.5% done in 300.7s, 1527.0s to go
on time step 16460 (time=82.3), 0.0196454 s/step
Meep progress: 83.28/500.0 = 16.7% done in 304.7s, 1524.6s to go
on time step 16665 (time=83.325), 0.0195595 s/step
Meep progress: 84.305/500.0 = 16.9% done in 308.7s, 1522.1s to go
on time step 16870 (time=84.35), 0.0195164 s/step
Meep progress: 85.33500000000001/500.0 = 17.1% done in 312.7s, 1519.5s to go
on time step 17076 (time=85.38), 0.0195086 s/step
Meep progress: 86.36/500.0 = 17.3% done in 316.7s, 1516.9s to go
on time step 17281 (time=86.405), 0.019544 s/step
Meep progress: 87.41/500.0 = 17.5% done in 320.7s, 1513.8s to go
on time step 17491 (time=87.455), 0.0190495 s/step
Meep progress: 88.44/500.0 = 17.7% done in 324.7s, 1511.1s to go
on time step 17697 (time=88.485), 0.0195032 s/step
Meep progress: 89.465/500.0 = 17.9% done in 328.7s, 1508.5s to go
on time step 17902 (time=89.51), 0.0195461 s/step
creating output file "./refl0.1-ez-000018000.h5"...
Meep progress: 90.45/500.0 = 18.1% done in 332.7s, 1506.7s to go
on time step 18100 (time=90.5), 0.0202621 s/step
Meep progress: 91.625/500.0 = 18.3% done in 336.8s, 1500.9s to go
on time step 18335 (time=91.675), 0.017034 s/step
Meep progress: 92.82000000000001/500.0 = 18.6% done in 340.8s, 1494.8s to go
on time step 18574 (time=92.87), 0.0167558 s/step
Meep progress: 94.005/500.0 = 18.8% done in 344.8s, 1489.0s to go
on time step 18811 (time=94.055), 0.0169391 s/step
Meep progress: 95.185/500.0 = 19.0% done in 348.8s, 1483.3s to go
on time step 19047 (time=95.235), 0.0169965 s/step
Meep progress: 96.35000000000001/500.0 = 19.3% done in 352.8s, 1478.0s to go
on time step 19280 (time=96.4), 0.0171812 s/step
Meep progress: 97.52/500.0 = 19.5% done in 356.8s, 1472.6s to go
on time step 19513 (time=97.565), 0.0171801 s/step
Meep progress: 98.69/500.0 = 19.7% done in 360.8s, 1467.2s to go
on time step 19748 (time=98.74), 0.0170902 s/step
Meep progress: 99.85000000000001/500.0 = 20.0% done in 364.8s, 1462.0s to go
on time step 19979 (time=99.895), 0.0173241 s/step
Meep progress: 101.015/500.0 = 20.2% done in 368.8s, 1456.8s to go
on time step 20212 (time=101.06), 0.0172018 s/step
Meep progress: 102.12/500.0 = 20.4% done in 372.8s, 1452.6s to go
on time step 20432 (time=102.16), 0.018208 s/step
Meep progress: 103.18/500.0 = 20.6% done in 376.8s, 1449.3s to go
on time step 20644 (time=103.22), 0.0188729 s/step
Meep progress: 104.24000000000001/500.0 = 20.8% done in 380.9s, 1446.0s to go
on time step 20856 (time=104.28), 0.0189305 s/step
Meep progress: 105.3/500.0 = 21.1% done in 384.9s, 1442.6s to go
on time step 21068 (time=105.34), 0.0188893 s/step
Meep progress: 106.44/500.0 = 21.3% done in 388.9s, 1437.8s to go
on time step 21297 (time=106.485), 0.017471 s/step
Meep progress: 107.605/500.0 = 21.5% done in 392.9s, 1432.6s to go
on time step 21530 (time=107.65), 0.0172094 s/step
Meep progress: 108.785/500.0 = 21.8% done in 396.9s, 1427.3s to go
on time step 21766 (time=108.83), 0.0169992 s/step
Meep progress: 110.035/500.0 = 22.0% done in 400.9s, 1420.7s to go
on time step 22016 (time=110.08), 0.0160294 s/step
Meep progress: 111.19500000000001/500.0 = 22.2% done in 404.9s, 1415.8s to go
on time step 22248 (time=111.24), 0.0173018 s/step
Meep progress: 112.36500000000001/500.0 = 22.5% done in 408.9s, 1410.6s to go
on time step 22483 (time=112.415), 0.0170791 s/step
Meep progress: 113.535/500.0 = 22.7% done in 412.9s, 1405.5s to go
on time step 22717 (time=113.585), 0.0171369 s/step
Meep progress: 114.72500000000001/500.0 = 22.9% done in 416.9s, 1400.1s to go
on time step 22955 (time=114.775), 0.0168579 s/step
Meep progress: 115.905/500.0 = 23.2% done in 420.9s, 1394.9s to go
on time step 23191 (time=115.955), 0.0169598 s/step
Meep progress: 117.08/500.0 = 23.4% done in 424.9s, 1389.8s to go
on time step 23426 (time=117.13), 0.0170598 s/step
Meep progress: 118.26/500.0 = 23.7% done in 428.9s, 1384.6s to go
on time step 23662 (time=118.31), 0.017003 s/step
Meep progress: 119.43/500.0 = 23.9% done in 433.0s, 1379.6s to go
on time step 23896 (time=119.48), 0.0171257 s/step
creating output file "./refl0.1-ez-000024000.h5"...
Meep progress: 120.485/500.0 = 24.1% done in 437.0s, 1376.4s to go
on time step 24108 (time=120.54), 0.0189361 s/step
Meep progress: 121.665/500.0 = 24.3% done in 441.0s, 1371.2s to go
on time step 24344 (time=121.72), 0.016958 s/step
Meep progress: 122.845/500.0 = 24.6% done in 445.0s, 1366.1s to go
on time step 24580 (time=122.9), 0.0169711 s/step
Meep progress: 124.04/500.0 = 24.8% done in 449.0s, 1360.8s to go
on time step 24818 (time=124.09), 0.0168174 s/step
Meep progress: 125.22/500.0 = 25.0% done in 453.0s, 1355.7s to go
on time step 25055 (time=125.275), 0.0169411 s/step
Meep progress: 126.4/500.0 = 25.3% done in 457.0s, 1350.7s to go
on time step 25290 (time=126.45), 0.0170217 s/step
Meep progress: 127.57000000000001/500.0 = 25.5% done in 461.0s, 1345.9s to go
on time step 25524 (time=127.62), 0.0171307 s/step
Meep progress: 128.74/500.0 = 25.7% done in 465.0s, 1341.0s to go
on time step 25758 (time=128.79), 0.0171463 s/step
Meep progress: 129.915/500.0 = 26.0% done in 469.0s, 1336.1s to go
on time step 25993 (time=129.965), 0.0170389 s/step
Meep progress: 131.1/500.0 = 26.2% done in 473.0s, 1331.1s to go
on time step 26229 (time=131.145), 0.0169556 s/step
Meep progress: 132.27/500.0 = 26.5% done in 477.0s, 1326.2s to go
on time step 26463 (time=132.315), 0.0171379 s/step
Meep progress: 133.325/500.0 = 26.7% done in 481.0s, 1323.0s to go
on time step 26674 (time=133.37), 0.0189587 s/step
Meep progress: 134.445/500.0 = 26.9% done in 485.1s, 1318.9s to go
on time step 26898 (time=134.49), 0.017919 s/step
Meep progress: 135.615/500.0 = 27.1% done in 489.1s, 1314.1s to go
on time step 27132 (time=135.66), 0.017142 s/step
Meep progress: 136.785/500.0 = 27.4% done in 493.1s, 1309.3s to go
on time step 27366 (time=136.83), 0.0171063 s/step
Meep progress: 137.955/500.0 = 27.6% done in 497.1s, 1304.5s to go
on time step 27601 (time=138.005), 0.0170919 s/step
Meep progress: 139.13/500.0 = 27.8% done in 501.1s, 1299.7s to go
on time step 27836 (time=139.18), 0.0170488 s/step
Meep progress: 140.375/500.0 = 28.1% done in 505.1s, 1294.0s to go
on time step 28086 (time=140.43), 0.0160509 s/step
Meep progress: 141.54500000000002/500.0 = 28.3% done in 509.1s, 1289.2s to go
on time step 28320 (time=141.6), 0.0171459 s/step
Meep progress: 142.69/500.0 = 28.5% done in 513.1s, 1284.9s to go
on time step 28548 (time=142.74), 0.0175624 s/step
Meep progress: 143.865/500.0 = 28.8% done in 517.1s, 1280.1s to go
on time step 28783 (time=143.915), 0.0170356 s/step
Meep progress: 145.04/500.0 = 29.0% done in 521.1s, 1275.4s to go
on time step 29018 (time=145.09), 0.0170719 s/step
Meep progress: 146.215/500.0 = 29.2% done in 525.1s, 1270.6s to go
on time step 29253 (time=146.265), 0.0170225 s/step
Meep progress: 147.365/500.0 = 29.5% done in 529.1s, 1266.2s to go
on time step 29482 (time=147.41), 0.017469 s/step
Meep progress: 148.54500000000002/500.0 = 29.7% done in 533.2s, 1261.4s to go
on time step 29718 (time=148.59), 0.017012 s/step
Meep progress: 149.715/500.0 = 29.9% done in 537.2s, 1256.8s to go
on time step 29952 (time=149.76), 0.0171175 s/step
creating output file "./refl0.1-ez-000030000.h5"...
Meep progress: 150.76500000000001/500.0 = 30.2% done in 541.2s, 1253.6s to go
on time step 30162 (time=150.81), 0.0191004 s/step
Meep progress: 151.95000000000002/500.0 = 30.4% done in 545.2s, 1248.8s to go
on time step 30399 (time=151.995), 0.0169128 s/step
Meep progress: 153.14000000000001/500.0 = 30.6% done in 549.2s, 1243.9s to go
on time step 30629 (time=153.145), 0.0174536 s/step
Meep progress: 154.18/500.0 = 30.8% done in 553.2s, 1240.8s to go
on time step 30845 (time=154.225), 0.0185808 s/step
Meep progress: 155.26500000000001/500.0 = 31.1% done in 557.2s, 1237.2s to go
on time step 31062 (time=155.31), 0.0185069 s/step
Meep progress: 156.35/500.0 = 31.3% done in 561.2s, 1233.5s to go
on time step 31279 (time=156.395), 0.0184373 s/step
Meep progress: 157.43/500.0 = 31.5% done in 565.2s, 1229.9s to go
on time step 31495 (time=157.475), 0.0185253 s/step
Meep progress: 158.51500000000001/500.0 = 31.7% done in 569.2s, 1226.3s to go
on time step 31712 (time=158.56), 0.0184786 s/step
Meep progress: 159.6/500.0 = 31.9% done in 573.2s, 1222.6s to go
on time step 31929 (time=159.645), 0.0184732 s/step
Meep progress: 160.76/500.0 = 32.2% done in 577.3s, 1218.1s to go
on time step 32161 (time=160.805), 0.0172548 s/step
Meep progress: 161.935/500.0 = 32.4% done in 581.3s, 1213.5s to go
on time step 32396 (time=161.98), 0.0170472 s/step
Meep progress: 163.11/500.0 = 32.6% done in 585.3s, 1208.8s to go
on time step 32631 (time=163.155), 0.0170668 s/step
Meep progress: 164.29/500.0 = 32.9% done in 589.3s, 1204.1s to go
on time step 32867 (time=164.335), 0.0170072 s/step
Meep progress: 165.465/500.0 = 33.1% done in 593.3s, 1199.5s to go
on time step 33102 (time=165.51), 0.0170601 s/step
Meep progress: 166.645/500.0 = 33.3% done in 597.3s, 1194.8s to go
on time step 33338 (time=166.69), 0.0169572 s/step
Meep progress: 167.82/500.0 = 33.6% done in 601.3s, 1190.2s to go
on time step 33573 (time=167.865), 0.0170828 s/step
Meep progress: 168.97/500.0 = 33.8% done in 605.3s, 1185.9s to go
on time step 33803 (time=169.015), 0.0173999 s/step
Meep progress: 170.205/500.0 = 34.0% done in 609.3s, 1180.6s to go
on time step 34050 (time=170.25), 0.0162462 s/step
Meep progress: 171.37/500.0 = 34.3% done in 613.3s, 1176.2s to go
on time step 34283 (time=171.415), 0.0172113 s/step
Meep progress: 172.535/500.0 = 34.5% done in 617.3s, 1171.7s to go
on time step 34516 (time=172.58), 0.0172182 s/step
Meep progress: 173.695/500.0 = 34.7% done in 621.3s, 1167.3s to go
on time step 34749 (time=173.745), 0.0172222 s/step
Meep progress: 174.855/500.0 = 35.0% done in 625.3s, 1162.8s to go
on time step 34980 (time=174.9), 0.0173275 s/step
Meep progress: 175.915/500.0 = 35.2% done in 629.4s, 1159.5s to go
on time step 35191 (time=175.955), 0.0190489 s/step
Meep progress: 176.9/500.0 = 35.4% done in 633.4s, 1156.8s to go
on time step 35387 (time=176.935), 0.0204147 s/step
Meep progress: 177.92000000000002/500.0 = 35.6% done in 637.4s, 1153.8s to go
on time step 35593 (time=177.965), 0.019444 s/step
Meep progress: 178.835/500.0 = 35.8% done in 641.4s, 1151.9s to go
on time step 35774 (time=178.87), 0.0221766 s/step
Meep progress: 179.76/500.0 = 36.0% done in 645.4s, 1149.8s to go
on time step 35961 (time=179.805), 0.0214096 s/step
creating output file "./refl0.1-ez-000036000.h5"...
Meep progress: 180.785/500.0 = 36.2% done in 649.4s, 1146.7s to go
on time step 36167 (time=180.835), 0.0194985 s/step
Meep progress: 181.885/500.0 = 36.4% done in 653.4s, 1142.8s to go
on time step 36386 (time=181.93), 0.018276 s/step
Meep progress: 182.92000000000002/500.0 = 36.6% done in 657.4s, 1139.6s to go
on time step 36593 (time=182.965), 0.0193438 s/step
Meep progress: 184.09/500.0 = 36.8% done in 661.4s, 1135.1s to go
on time step 36828 (time=184.14), 0.0170774 s/step
Meep progress: 185.26500000000001/500.0 = 37.1% done in 665.4s, 1130.5s to go
on time step 37063 (time=185.315), 0.01708 s/step
Meep progress: 186.4/500.0 = 37.3% done in 669.4s, 1126.3s to go
on time step 37289 (time=186.445), 0.0177117 s/step
Meep progress: 187.57/500.0 = 37.5% done in 673.5s, 1121.8s to go
on time step 37522 (time=187.61), 0.0171969 s/step
Meep progress: 188.665/500.0 = 37.7% done in 677.5s, 1118.0s to go
on time step 37742 (time=188.71), 0.0182605 s/step
Meep progress: 189.84/500.0 = 38.0% done in 681.5s, 1113.4s to go
on time step 37971 (time=189.855), 0.0174833 s/step
Meep progress: 190.92000000000002/500.0 = 38.2% done in 685.5s, 1109.7s to go
on time step 38193 (time=190.965), 0.0180724 s/step
Meep progress: 192.07500000000002/500.0 = 38.4% done in 689.5s, 1105.4s to go
on time step 38424 (time=192.12), 0.0173502 s/step
Meep progress: 193.215/500.0 = 38.6% done in 693.5s, 1101.1s to go
on time step 38652 (time=193.26), 0.0175561 s/step
Meep progress: 194.27/500.0 = 38.9% done in 697.5s, 1097.7s to go
on time step 38862 (time=194.31), 0.0190772 s/step
Meep progress: 195.445/500.0 = 39.1% done in 701.5s, 1093.2s to go
on time step 39098 (time=195.49), 0.0169912 s/step
Meep progress: 196.635/500.0 = 39.3% done in 705.5s, 1088.5s to go
on time step 39336 (time=196.68), 0.0168667 s/step
Meep progress: 197.82/500.0 = 39.6% done in 709.5s, 1083.9s to go
on time step 39573 (time=197.865), 0.0169388 s/step
Meep progress: 198.985/500.0 = 39.8% done in 713.6s, 1079.4s to go
on time step 39807 (time=199.035), 0.0171594 s/step
Meep progress: 200.26500000000001/500.0 = 40.1% done in 717.6s, 1074.0s to go
on time step 40063 (time=200.315), 0.0156356 s/step
Meep progress: 201.445/500.0 = 40.3% done in 721.6s, 1069.4s to go
on time step 40299 (time=201.495), 0.0169806 s/step
Meep progress: 202.625/500.0 = 40.5% done in 725.6s, 1064.9s to go
on time step 40535 (time=202.675), 0.0169886 s/step
Meep progress: 203.785/500.0 = 40.8% done in 729.6s, 1060.5s to go
on time step 40767 (time=203.835), 0.0172953 s/step
Meep progress: 204.955/500.0 = 41.0% done in 733.6s, 1056.0s to go
on time step 41002 (time=205.01), 0.0170912 s/step
Meep progress: 206.13/500.0 = 41.2% done in 737.6s, 1051.6s to go
on time step 41237 (time=206.185), 0.0170388 s/step
Meep progress: 207.31/500.0 = 41.5% done in 741.6s, 1047.0s to go
on time step 41472 (time=207.36), 0.0170491 s/step
Meep progress: 208.485/500.0 = 41.7% done in 745.6s, 1042.6s to go
on time step 41707 (time=208.535), 0.0170456 s/step
Meep progress: 209.55/500.0 = 41.9% done in 749.6s, 1039.0s to go
on time step 41919 (time=209.595), 0.0189375 s/step
creating output file "./refl0.1-ez-000042000.h5"...
Meep progress: 210.48000000000002/500.0 = 42.1% done in 753.6s, 1036.7s to go
on time step 42105 (time=210.525), 0.0215836 s/step
Meep progress: 211.53/500.0 = 42.3% done in 757.7s, 1033.2s to go
on time step 42315 (time=211.575), 0.0191188 s/step
Meep progress: 212.585/500.0 = 42.5% done in 761.7s, 1029.8s to go
on time step 42526 (time=212.63), 0.0190028 s/step
Meep progress: 213.65/500.0 = 42.7% done in 765.7s, 1026.2s to go
on time step 42739 (time=213.695), 0.0188476 s/step
Meep progress: 214.715/500.0 = 42.9% done in 769.7s, 1022.7s to go
on time step 42952 (time=214.76), 0.0188361 s/step
Meep progress: 215.78/500.0 = 43.2% done in 773.7s, 1019.1s to go
on time step 43165 (time=215.825), 0.0188153 s/step
Meep progress: 216.84/500.0 = 43.4% done in 777.7s, 1015.6s to go
on time step 43378 (time=216.89), 0.0188578 s/step
Meep progress: 217.895/500.0 = 43.6% done in 781.7s, 1012.1s to go
on time step 43589 (time=217.945), 0.0190028 s/step
Meep progress: 218.96/500.0 = 43.8% done in 785.7s, 1008.5s to go
on time step 43802 (time=219.01), 0.0188152 s/step
Meep progress: 220.025/500.0 = 44.0% done in 789.7s, 1004.9s to go
on time step 44015 (time=220.075), 0.0188014 s/step
Meep progress: 221.095/500.0 = 44.2% done in 793.7s, 1001.3s to go
on time step 44229 (time=221.145), 0.0187512 s/step
Meep progress: 222.175/500.0 = 44.4% done in 797.8s, 997.6s to go
on time step 44445 (time=222.225), 0.0185996 s/step
Meep progress: 223.25/500.0 = 44.6% done in 801.8s, 993.9s to go
on time step 44660 (time=223.3), 0.0186481 s/step
Meep progress: 224.365/500.0 = 44.9% done in 805.8s, 989.9s to go
on time step 44883 (time=224.415), 0.0180051 s/step
Meep progress: 225.43/500.0 = 45.1% done in 809.8s, 986.3s to go
on time step 45096 (time=225.48), 0.0188311 s/step
Meep progress: 226.495/500.0 = 45.3% done in 813.8s, 982.7s to go
on time step 45309 (time=226.545), 0.0188481 s/step
Meep progress: 227.565/500.0 = 45.5% done in 817.8s, 979.1s to go
on time step 45523 (time=227.615), 0.0187541 s/step
Meep progress: 228.64000000000001/500.0 = 45.7% done in 821.8s, 975.4s to go
on time step 45738 (time=228.69), 0.0186643 s/step
Meep progress: 229.79/500.0 = 46.0% done in 825.8s, 971.1s to go
on time step 45970 (time=229.85), 0.0173082 s/step
Meep progress: 230.99/500.0 = 46.2% done in 829.8s, 966.4s to go
on time step 46210 (time=231.05), 0.0166939 s/step
Meep progress: 232.175/500.0 = 46.4% done in 833.8s, 961.9s to go
on time step 46447 (time=232.235), 0.0169129 s/step
Meep progress: 233.35500000000002/500.0 = 46.7% done in 837.9s, 957.4s to go
on time step 46683 (time=233.415), 0.0170078 s/step
Meep progress: 234.535/500.0 = 46.9% done in 841.9s, 952.9s to go
on time step 46919 (time=234.595), 0.0169661 s/step
Meep progress: 235.64000000000001/500.0 = 47.1% done in 845.9s, 949.0s to go
on time step 47138 (time=235.69), 0.018309 s/step
Meep progress: 236.68/500.0 = 47.3% done in 849.9s, 945.5s to go
on time step 47347 (time=236.735), 0.0192142 s/step
Meep progress: 237.73000000000002/500.0 = 47.5% done in 853.9s, 942.0s to go
on time step 47557 (time=237.785), 0.0191025 s/step
Meep progress: 238.785/500.0 = 47.8% done in 857.9s, 938.5s to go
on time step 47769 (time=238.845), 0.0189304 s/step
Meep progress: 239.86/500.0 = 48.0% done in 861.9s, 934.8s to go
on time step 47985 (time=239.925), 0.0185621 s/step
creating output file "./refl0.1-ez-000048000.h5"...
Meep progress: 240.96/500.0 = 48.2% done in 865.9s, 930.9s to go
on time step 48205 (time=241.025), 0.0182408 s/step
Meep progress: 242.135/500.0 = 48.4% done in 869.9s, 926.5s to go
on time step 48440 (time=242.2), 0.0170774 s/step
Meep progress: 243.315/500.0 = 48.7% done in 873.9s, 922.0s to go
on time step 48676 (time=243.38), 0.0169874 s/step
Meep progress: 244.485/500.0 = 48.9% done in 878.0s, 917.6s to go
on time step 48910 (time=244.55), 0.0171511 s/step
Meep progress: 245.65/500.0 = 49.1% done in 882.0s, 913.2s to go
on time step 49143 (time=245.715), 0.0172392 s/step
Meep progress: 246.76000000000002/500.0 = 49.4% done in 886.0s, 909.2s to go
on time step 49364 (time=246.82), 0.0181522 s/step
Meep progress: 247.84/500.0 = 49.6% done in 890.0s, 905.5s to go
on time step 49582 (time=247.91), 0.018359 s/step
Meep progress: 249.02/500.0 = 49.8% done in 894.0s, 901.0s to go
on time step 49818 (time=249.09), 0.016995 s/step
Meep progress: 250.195/500.0 = 50.0% done in 898.0s, 896.6s to go
on time step 50053 (time=250.265), 0.0170323 s/step
Meep progress: 251.38/500.0 = 50.3% done in 902.0s, 892.1s to go
on time step 50280 (time=251.4), 0.0176418 s/step
Meep progress: 252.52/500.0 = 50.5% done in 906.0s, 887.9s to go
on time step 50517 (time=252.585), 0.016903 s/step
Meep progress: 253.71/500.0 = 50.7% done in 910.0s, 883.4s to go
on time step 50755 (time=253.775), 0.0168556 s/step
Meep progress: 254.89000000000001/500.0 = 51.0% done in 914.0s, 879.0s to go
on time step 50991 (time=254.955), 0.0170033 s/step
Meep progress: 256.065/500.0 = 51.2% done in 918.0s, 874.6s to go
on time step 51227 (time=256.135), 0.0170172 s/step
Meep progress: 257.24/500.0 = 51.4% done in 922.1s, 870.2s to go
on time step 51462 (time=257.31), 0.0170819 s/step
Meep progress: 258.415/500.0 = 51.7% done in 926.1s, 865.8s to go
on time step 51696 (time=258.48), 0.0171102 s/step
Meep progress: 259.625/500.0 = 51.9% done in 930.1s, 861.1s to go
on time step 51945 (time=259.725), 0.0161095 s/step
Meep progress: 260.825/500.0 = 52.2% done in 934.1s, 856.5s to go
on time step 52179 (time=260.895), 0.0171348 s/step
Meep progress: 262.015/500.0 = 52.4% done in 938.1s, 852.1s to go
on time step 52417 (time=262.085), 0.0168713 s/step
Meep progress: 263.195/500.0 = 52.6% done in 942.1s, 847.6s to go
on time step 52653 (time=263.265), 0.0169837 s/step
Meep progress: 264.375/500.0 = 52.9% done in 946.1s, 843.2s to go
on time step 52889 (time=264.445), 0.0170097 s/step
Meep progress: 265.545/500.0 = 53.1% done in 950.1s, 838.9s to go
on time step 53122 (time=265.61), 0.0171946 s/step
Meep progress: 266.725/500.0 = 53.3% done in 954.1s, 834.5s to go
on time step 53358 (time=266.79), 0.0169707 s/step
Meep progress: 267.86/500.0 = 53.6% done in 958.2s, 830.4s to go
on time step 53584 (time=267.92), 0.0177817 s/step
Meep progress: 268.90500000000003/500.0 = 53.8% done in 962.2s, 826.9s to go
on time step 53793 (time=268.965), 0.0192154 s/step
Meep progress: 269.955/500.0 = 54.0% done in 966.2s, 823.3s to go
creating output file "./refl0.1-ez-000054000.h5"...
on time step 54000 (time=270), 0.0211112 s/step
Meep progress: 270.885/500.0 = 54.2% done in 970.2s, 820.6s to go
on time step 54208 (time=271.04), 0.0192792 s/step
Meep progress: 271.935/500.0 = 54.4% done in 974.2s, 817.0s to go
on time step 54419 (time=272.095), 0.0190318 s/step
Meep progress: 272.99/500.0 = 54.6% done in 978.2s, 813.4s to go
on time step 54630 (time=273.15), 0.0189966 s/step
Meep progress: 274.055/500.0 = 54.8% done in 982.2s, 809.8s to go
on time step 54842 (time=274.21), 0.0188703 s/step
Meep progress: 275.12/500.0 = 55.0% done in 986.2s, 806.1s to go
on time step 55055 (time=275.275), 0.018806 s/step
Meep progress: 276.185/500.0 = 55.2% done in 990.2s, 802.5s to go
on time step 55269 (time=276.345), 0.0187662 s/step
Meep progress: 277.38/500.0 = 55.5% done in 994.2s, 798.0s to go
on time step 55512 (time=277.56), 0.0165136 s/step
Meep progress: 278.58/500.0 = 55.7% done in 998.2s, 793.4s to go
on time step 55751 (time=278.755), 0.0167453 s/step
Meep progress: 279.76/500.0 = 56.0% done in 1002.3s, 789.0s to go
on time step 55987 (time=279.935), 0.0169999 s/step
Meep progress: 280.945/500.0 = 56.2% done in 1006.3s, 784.6s to go
on time step 56220 (time=281.1), 0.0172337 s/step
Meep progress: 281.98/500.0 = 56.4% done in 1010.3s, 781.1s to go
on time step 56427 (time=282.135), 0.0193891 s/step
Meep progress: 283.015/500.0 = 56.6% done in 1014.3s, 777.6s to go
on time step 56634 (time=283.17), 0.0193395 s/step
Meep progress: 284.08/500.0 = 56.8% done in 1018.3s, 774.0s to go
on time step 56853 (time=284.265), 0.0183297 s/step
Meep progress: 285.265/500.0 = 57.1% done in 1022.3s, 769.5s to go
on time step 57089 (time=285.445), 0.0169578 s/step
Meep progress: 286.445/500.0 = 57.3% done in 1026.3s, 765.1s to go
on time step 57325 (time=286.625), 0.0169753 s/step
Meep progress: 287.625/500.0 = 57.5% done in 1030.3s, 760.8s to go
on time step 57560 (time=287.8), 0.0170884 s/step
Meep progress: 288.73/500.0 = 57.7% done in 1034.3s, 756.8s to go
on time step 57783 (time=288.915), 0.0179689 s/step
Meep progress: 289.975/500.0 = 58.0% done in 1038.3s, 752.1s to go
on time step 58030 (time=290.15), 0.0162073 s/step
Meep progress: 291.135/500.0 = 58.2% done in 1042.3s, 747.8s to go
on time step 58260 (time=291.3), 0.0173916 s/step
Meep progress: 292.29/500.0 = 58.5% done in 1046.4s, 743.6s to go
on time step 58492 (time=292.46), 0.0172841 s/step
Meep progress: 293.45/500.0 = 58.7% done in 1050.4s, 739.3s to go
on time step 58723 (time=293.615), 0.0173534 s/step
Meep progress: 294.595/500.0 = 58.9% done in 1054.4s, 735.2s to go
on time step 58951 (time=294.755), 0.0176009 s/step
Meep progress: 295.735/500.0 = 59.1% done in 1058.4s, 731.0s to go
on time step 59179 (time=295.895), 0.0175454 s/step
Meep progress: 296.77500000000003/500.0 = 59.4% done in 1062.4s, 727.5s to go
on time step 59385 (time=296.925), 0.019464 s/step
Meep progress: 297.815/500.0 = 59.6% done in 1066.4s, 724.0s to go
on time step 59592 (time=297.96), 0.0193255 s/step
Meep progress: 298.855/500.0 = 59.8% done in 1070.4s, 720.4s to go
on time step 59801 (time=299.005), 0.0192042 s/step
Meep progress: 299.90500000000003/500.0 = 60.0% done in 1074.4s, 716.8s to go
creating output file "./refl0.1-ez-000060000.h5"...
on time step 60000 (time=300), 0.0210719 s/step
Meep progress: 300.85/500.0 = 60.2% done in 1078.4s, 713.9s to go
on time step 60211 (time=301.055), 0.0190467 s/step
Meep progress: 301.90500000000003/500.0 = 60.4% done in 1082.4s, 710.2s to go
on time step 60422 (time=302.11), 0.0190183 s/step
Meep progress: 302.955/500.0 = 60.6% done in 1086.4s, 706.6s to go
on time step 60632 (time=303.16), 0.0191252 s/step
Meep progress: 304.005/500.0 = 60.8% done in 1090.5s, 703.0s to go
on time step 60842 (time=304.21), 0.0190899 s/step
Meep progress: 305.16/500.0 = 61.0% done in 1094.5s, 698.8s to go
on time step 61084 (time=305.42), 0.0165325 s/step
Meep progress: 306.37/500.0 = 61.3% done in 1098.5s, 694.3s to go
on time step 61324 (time=306.62), 0.0166773 s/step
Meep progress: 307.545/500.0 = 61.5% done in 1102.5s, 689.9s to go
on time step 61558 (time=307.79), 0.0171153 s/step
Meep progress: 308.725/500.0 = 61.7% done in 1106.5s, 685.5s to go
on time step 61795 (time=308.975), 0.016885 s/step
Meep progress: 309.89/500.0 = 62.0% done in 1110.5s, 681.3s to go
on time step 62025 (time=310.125), 0.0173982 s/step
Meep progress: 311.055/500.0 = 62.2% done in 1114.5s, 677.0s to go
on time step 62259 (time=311.295), 0.0171269 s/step
Meep progress: 312.205/500.0 = 62.4% done in 1118.5s, 672.8s to go
on time step 62483 (time=312.415), 0.0179362 s/step
Meep progress: 313.28000000000003/500.0 = 62.7% done in 1122.5s, 669.1s to go
on time step 62706 (time=313.53), 0.0180095 s/step
Meep progress: 314.47/500.0 = 62.9% done in 1126.5s, 664.6s to go
on time step 62941 (time=314.705), 0.0170371 s/step
Meep progress: 315.615/500.0 = 63.1% done in 1130.6s, 660.5s to go
on time step 63171 (time=315.855), 0.0174655 s/step
Meep progress: 316.77500000000003/500.0 = 63.4% done in 1134.6s, 656.2s to go
on time step 63404 (time=317.02), 0.01723 s/step
Meep progress: 317.945/500.0 = 63.6% done in 1138.6s, 651.9s to go
on time step 63638 (time=318.19), 0.0171258 s/step
Meep progress: 319.1/500.0 = 63.8% done in 1142.6s, 647.7s to go
on time step 63870 (time=319.35), 0.0173023 s/step
Meep progress: 320.35/500.0 = 64.1% done in 1146.6s, 643.0s to go
on time step 64120 (time=320.6), 0.0160327 s/step
Meep progress: 321.535/500.0 = 64.3% done in 1150.6s, 638.6s to go
on time step 64356 (time=321.78), 0.016982 s/step
Meep progress: 322.71/500.0 = 64.5% done in 1154.6s, 634.3s to go
on time step 64592 (time=322.96), 0.0170157 s/step
Meep progress: 323.895/500.0 = 64.8% done in 1158.6s, 630.0s to go
on time step 64829 (time=324.145), 0.0169075 s/step
Meep progress: 325.08/500.0 = 65.0% done in 1162.6s, 625.6s to go
on time step 65066 (time=325.33), 0.016901 s/step
Meep progress: 326.255/500.0 = 65.3% done in 1166.6s, 621.3s to go
on time step 65302 (time=326.51), 0.0169919 s/step
Meep progress: 327.445/500.0 = 65.5% done in 1170.7s, 616.9s to go
on time step 65539 (time=327.695), 0.0168892 s/step
Meep progress: 328.61/500.0 = 65.7% done in 1174.7s, 612.7s to go
on time step 65772 (time=328.86), 0.0171779 s/step
Meep progress: 329.78000000000003/500.0 = 66.0% done in 1178.7s, 608.4s to go
creating output file "./refl0.1-ez-000066000.h5"...
on time step 66000 (time=330), 0.0189241 s/step
Meep progress: 330.805/500.0 = 66.2% done in 1182.7s, 604.9s to go
on time step 66221 (time=331.105), 0.0181548 s/step
Meep progress: 331.85/500.0 = 66.4% done in 1186.7s, 601.3s to go
on time step 66431 (time=332.155), 0.0190967 s/step
Meep progress: 332.91/500.0 = 66.6% done in 1190.7s, 597.6s to go
on time step 66644 (time=333.22), 0.0188384 s/step
Meep progress: 333.98/500.0 = 66.8% done in 1194.7s, 593.9s to go
on time step 66858 (time=334.29), 0.0187754 s/step
Meep progress: 335.05/500.0 = 67.0% done in 1198.7s, 590.1s to go
on time step 67073 (time=335.365), 0.018677 s/step
Meep progress: 336.12/500.0 = 67.2% done in 1202.7s, 586.4s to go
on time step 67287 (time=336.435), 0.0187642 s/step
Meep progress: 337.19/500.0 = 67.4% done in 1206.7s, 582.7s to go
on time step 67502 (time=337.51), 0.0186727 s/step
Meep progress: 338.265/500.0 = 67.7% done in 1210.7s, 578.9s to go
on time step 67718 (time=338.59), 0.0185777 s/step
Meep progress: 339.355/500.0 = 67.9% done in 1214.7s, 575.0s to go
on time step 67944 (time=339.72), 0.017772 s/step
Meep progress: 340.545/500.0 = 68.1% done in 1218.7s, 570.7s to go
on time step 68182 (time=340.91), 0.0168552 s/step
Meep progress: 341.735/500.0 = 68.3% done in 1222.7s, 566.3s to go
on time step 68415 (time=342.075), 0.0172347 s/step
Meep progress: 342.87/500.0 = 68.6% done in 1226.8s, 562.2s to go
on time step 68635 (time=343.175), 0.0181864 s/step
Meep progress: 343.92/500.0 = 68.8% done in 1230.8s, 558.6s to go
on time step 68850 (time=344.25), 0.0186095 s/step
Meep progress: 344.96/500.0 = 69.0% done in 1234.8s, 555.0s to go
on time step 69055 (time=345.275), 0.0195915 s/step
Meep progress: 346.045/500.0 = 69.2% done in 1238.8s, 551.1s to go
on time step 69274 (time=346.37), 0.018336 s/step
Meep progress: 347.11/500.0 = 69.4% done in 1242.8s, 547.4s to go
on time step 69487 (time=347.435), 0.0188167 s/step
Meep progress: 348.195/500.0 = 69.6% done in 1246.8s, 543.6s to go
on time step 69706 (time=348.53), 0.0182814 s/step
Meep progress: 349.305/500.0 = 69.9% done in 1250.8s, 539.6s to go
on time step 69925 (time=349.625), 0.0182935 s/step
Meep progress: 350.41/500.0 = 70.1% done in 1254.9s, 535.7s to go
on time step 70147 (time=350.735), 0.0180869 s/step
Meep progress: 351.52/500.0 = 70.3% done in 1258.9s, 531.7s to go
on time step 70375 (time=351.875), 0.0176029 s/step
Meep progress: 352.63/500.0 = 70.5% done in 1262.9s, 527.8s to go
on time step 70593 (time=352.965), 0.0183606 s/step
Meep progress: 353.77500000000003/500.0 = 70.8% done in 1266.9s, 523.6s to go
on time step 70811 (time=354.055), 0.0184038 s/step
Meep progress: 354.75/500.0 = 71.0% done in 1270.9s, 520.4s to go
on time step 71008 (time=355.04), 0.0203765 s/step
Meep progress: 355.73/500.0 = 71.1% done in 1274.9s, 517.0s to go
on time step 71204 (time=356.02), 0.0204238 s/step
Meep progress: 356.725/500.0 = 71.3% done in 1278.9s, 513.7s to go
on time step 71406 (time=357.03), 0.0198236 s/step
Meep progress: 357.75/500.0 = 71.6% done in 1282.9s, 510.1s to go
on time step 71608 (time=358.04), 0.0198364 s/step
Meep progress: 358.75/500.0 = 71.8% done in 1286.9s, 506.7s to go
on time step 71811 (time=359.055), 0.0198093 s/step
Meep progress: 359.82/500.0 = 72.0% done in 1290.9s, 502.9s to go
creating output file "./refl0.1-ez-000072000.h5"...
on time step 72007 (time=360.035), 0.0204873 s/step
Meep progress: 360.765/500.0 = 72.2% done in 1294.9s, 499.8s to go
on time step 72214 (time=361.07), 0.0193635 s/step
Meep progress: 361.77500000000003/500.0 = 72.4% done in 1299.0s, 496.3s to go
on time step 72411 (time=362.055), 0.0203239 s/step
Meep progress: 362.76/500.0 = 72.6% done in 1303.0s, 492.9s to go
on time step 72619 (time=363.095), 0.0192419 s/step
Meep progress: 363.815/500.0 = 72.8% done in 1307.0s, 489.2s to go
on time step 72826 (time=364.13), 0.019356 s/step
Meep progress: 364.865/500.0 = 73.0% done in 1311.0s, 485.5s to go
on time step 73032 (time=365.16), 0.0194781 s/step
Meep progress: 365.95/500.0 = 73.2% done in 1315.0s, 481.7s to go
on time step 73249 (time=366.245), 0.0184678 s/step
Meep progress: 366.95/500.0 = 73.4% done in 1319.0s, 478.2s to go
on time step 73453 (time=367.265), 0.0196384 s/step
Meep progress: 368.02500000000003/500.0 = 73.6% done in 1323.0s, 474.4s to go
on time step 73664 (time=368.32), 0.0190197 s/step
Meep progress: 369.08/500.0 = 73.8% done in 1327.0s, 470.7s to go
on time step 73880 (time=369.4), 0.018568 s/step
Meep progress: 370.125/500.0 = 74.0% done in 1331.0s, 467.1s to go
on time step 74096 (time=370.48), 0.0186087 s/step
Meep progress: 371.15500000000003/500.0 = 74.2% done in 1335.0s, 463.5s to go
on time step 74302 (time=371.51), 0.0194805 s/step
Meep progress: 372.23/500.0 = 74.4% done in 1339.0s, 459.6s to go
on time step 74524 (time=372.62), 0.0180806 s/step
Meep progress: 373.32/500.0 = 74.7% done in 1343.0s, 455.7s to go
on time step 74734 (time=373.67), 0.0190658 s/step
Meep progress: 374.32/500.0 = 74.9% done in 1347.1s, 452.3s to go
on time step 74933 (time=374.665), 0.0201625 s/step
Meep progress: 375.38/500.0 = 75.1% done in 1351.1s, 448.5s to go
on time step 75144 (time=375.72), 0.0189608 s/step
Meep progress: 376.395/500.0 = 75.3% done in 1355.1s, 445.0s to go
on time step 75352 (time=376.76), 0.0193095 s/step
Meep progress: 377.48/500.0 = 75.5% done in 1359.1s, 441.1s to go
on time step 75571 (time=377.855), 0.0183252 s/step
Meep progress: 378.605/500.0 = 75.7% done in 1363.1s, 437.1s to go
on time step 75792 (time=378.96), 0.0181192 s/step
Meep progress: 379.735/500.0 = 75.9% done in 1367.1s, 433.0s to go
on time step 76015 (time=380.075), 0.0179809 s/step
Meep progress: 380.835/500.0 = 76.2% done in 1371.1s, 429.0s to go
on time step 76243 (time=381.215), 0.0176075 s/step
Meep progress: 381.89/500.0 = 76.4% done in 1375.1s, 425.3s to go
on time step 76450 (time=382.25), 0.0194041 s/step
Meep progress: 382.97/500.0 = 76.6% done in 1379.1s, 421.4s to go
on time step 76665 (time=383.325), 0.0186712 s/step
Meep progress: 384.04/500.0 = 76.8% done in 1383.2s, 417.6s to go
on time step 76874 (time=384.37), 0.0192077 s/step
Meep progress: 385.095/500.0 = 77.0% done in 1387.2s, 413.9s to go
on time step 77093 (time=385.465), 0.0183554 s/step
Meep progress: 386.115/500.0 = 77.2% done in 1391.2s, 410.3s to go
on time step 77305 (time=386.525), 0.0188879 s/step
Meep progress: 387.31/500.0 = 77.5% done in 1395.2s, 405.9s to go
on time step 77545 (time=387.725), 0.016743 s/step
Meep progress: 388.51/500.0 = 77.7% done in 1399.2s, 401.5s to go
on time step 77785 (time=388.925), 0.0167194 s/step
Meep progress: 389.69/500.0 = 77.9% done in 1403.2s, 397.2s to go
creating output file "./refl0.1-ez-000078000.h5"...
on time step 78000 (time=390), 0.0192986 s/step
Meep progress: 390.65500000000003/500.0 = 78.1% done in 1407.2s, 393.9s to go
on time step 78212 (time=391.06), 0.0189497 s/step
Meep progress: 391.665/500.0 = 78.3% done in 1411.2s, 390.3s to go
on time step 78404 (time=392.02), 0.0208615 s/step
Meep progress: 392.575/500.0 = 78.5% done in 1415.2s, 387.3s to go
on time step 78586 (time=392.93), 0.0220092 s/step
Meep progress: 393.515/500.0 = 78.7% done in 1419.2s, 384.0s to go
on time step 78775 (time=393.875), 0.0212225 s/step
Meep progress: 394.545/500.0 = 78.9% done in 1423.2s, 380.4s to go
on time step 78989 (time=394.945), 0.0187139 s/step
Meep progress: 395.605/500.0 = 79.1% done in 1427.2s, 376.6s to go
on time step 79199 (time=395.995), 0.019075 s/step
Meep progress: 396.53000000000003/500.0 = 79.3% done in 1431.2s, 373.5s to go
on time step 79386 (time=396.93), 0.0213989 s/step
Meep progress: 397.535/500.0 = 79.5% done in 1435.2s, 369.9s to go
on time step 79585 (time=397.925), 0.0201962 s/step
Meep progress: 398.545/500.0 = 79.7% done in 1439.3s, 366.4s to go
on time step 79788 (time=398.94), 0.0197388 s/step
Meep progress: 399.52/500.0 = 79.9% done in 1443.3s, 363.0s to go
on time step 79995 (time=399.975), 0.0193607 s/step
Meep progress: 400.565/500.0 = 80.1% done in 1447.3s, 359.3s to go
on time step 80202 (time=401.01), 0.019356 s/step
Meep progress: 401.605/500.0 = 80.3% done in 1451.3s, 355.6s to go
on time step 80413 (time=402.065), 0.0189771 s/step
Meep progress: 402.64/500.0 = 80.5% done in 1455.3s, 351.9s to go
on time step 80620 (time=403.1), 0.0193261 s/step
Meep progress: 403.69/500.0 = 80.7% done in 1459.3s, 348.2s to go
on time step 80821 (time=404.105), 0.0200139 s/step
Meep progress: 404.69/500.0 = 80.9% done in 1463.3s, 344.6s to go
on time step 81024 (time=405.12), 0.0197792 s/step
Meep progress: 405.675/500.0 = 81.1% done in 1467.3s, 341.2s to go
on time step 81217 (time=406.085), 0.0208096 s/step
Meep progress: 406.63/500.0 = 81.3% done in 1471.3s, 337.8s to go
on time step 81389 (time=406.945), 0.0232583 s/step
Meep progress: 407.52/500.0 = 81.5% done in 1475.4s, 334.8s to go
on time step 81582 (time=407.91), 0.0207676 s/step
Meep progress: 408.515/500.0 = 81.7% done in 1479.4s, 331.3s to go
on time step 81787 (time=408.935), 0.0195794 s/step
Meep progress: 409.485/500.0 = 81.9% done in 1483.4s, 327.9s to go
on time step 81987 (time=409.935), 0.0200268 s/step
Meep progress: 410.53000000000003/500.0 = 82.1% done in 1487.4s, 324.2s to go
on time step 82192 (time=410.96), 0.0195446 s/step
Meep progress: 411.5/500.0 = 82.3% done in 1491.4s, 320.8s to go
on time step 82387 (time=411.935), 0.0205592 s/step
Meep progress: 412.56/500.0 = 82.5% done in 1495.4s, 316.9s to go
on time step 82599 (time=412.995), 0.0189094 s/step
Meep progress: 413.63/500.0 = 82.7% done in 1499.4s, 313.1s to go
on time step 82828 (time=414.14), 0.0174889 s/step
Meep progress: 414.83/500.0 = 83.0% done in 1503.4s, 308.7s to go
on time step 83065 (time=415.325), 0.0169427 s/step
Meep progress: 416.015/500.0 = 83.2% done in 1507.5s, 304.3s to go
on time step 83302 (time=416.51), 0.0169448 s/step
Meep progress: 417.2/500.0 = 83.4% done in 1511.5s, 300.0s to go
on time step 83541 (time=417.705), 0.0167874 s/step
Meep progress: 418.40000000000003/500.0 = 83.7% done in 1515.5s, 295.6s to go
on time step 83779 (time=418.895), 0.0168185 s/step
Meep progress: 419.59000000000003/500.0 = 83.9% done in 1519.5s, 291.2s to go
creating output file "./refl0.1-ez-000084000.h5"...
on time step 84000 (time=420), 0.0185348 s/step
Meep progress: 420.67/500.0 = 84.1% done in 1523.5s, 287.3s to go
on time step 84240 (time=421.2), 0.0167225 s/step
Meep progress: 421.875/500.0 = 84.4% done in 1527.5s, 282.9s to go
on time step 84481 (time=422.405), 0.0166754 s/step
Meep progress: 423.04/500.0 = 84.6% done in 1531.5s, 278.6s to go
on time step 84715 (time=423.575), 0.0171269 s/step
Meep progress: 424.235/500.0 = 84.8% done in 1535.5s, 274.2s to go
on time step 84953 (time=424.765), 0.0168422 s/step
Meep progress: 425.435/500.0 = 85.1% done in 1539.5s, 269.8s to go
on time step 85193 (time=425.965), 0.0167122 s/step
Meep progress: 426.63/500.0 = 85.3% done in 1543.5s, 265.4s to go
on time step 85431 (time=427.155), 0.0168503 s/step
Meep progress: 427.795/500.0 = 85.6% done in 1547.5s, 261.2s to go
on time step 85666 (time=428.33), 0.0170782 s/step
Meep progress: 428.99/500.0 = 85.8% done in 1551.5s, 256.8s to go
on time step 85906 (time=429.53), 0.0166937 s/step
Meep progress: 430.185/500.0 = 86.0% done in 1555.6s, 252.5s to go
on time step 86143 (time=430.715), 0.0168995 s/step
Meep progress: 431.38/500.0 = 86.3% done in 1559.6s, 248.1s to go
on time step 86383 (time=431.915), 0.0166941 s/step
Meep progress: 432.58/500.0 = 86.5% done in 1563.6s, 243.7s to go
on time step 86623 (time=433.115), 0.0167062 s/step
Meep progress: 433.77/500.0 = 86.8% done in 1567.6s, 239.3s to go
on time step 86860 (time=434.3), 0.0169226 s/step
Meep progress: 434.96500000000003/500.0 = 87.0% done in 1571.6s, 235.0s to go
on time step 87102 (time=435.51), 0.0165845 s/step
Meep progress: 436.175/500.0 = 87.2% done in 1575.6s, 230.6s to go
on time step 87342 (time=436.71), 0.0167341 s/step
Meep progress: 437.37/500.0 = 87.5% done in 1579.6s, 226.2s to go
on time step 87581 (time=437.905), 0.0167984 s/step
Meep progress: 438.57/500.0 = 87.7% done in 1583.6s, 221.8s to go
on time step 87822 (time=439.11), 0.016643 s/step
Meep progress: 439.77/500.0 = 88.0% done in 1587.6s, 217.4s to go
on time step 88062 (time=440.31), 0.0166917 s/step
Meep progress: 441.035/500.0 = 88.2% done in 1591.6s, 212.8s to go
on time step 88311 (time=441.555), 0.0161331 s/step
Meep progress: 442.195/500.0 = 88.4% done in 1595.7s, 208.6s to go
on time step 88546 (time=442.73), 0.0170838 s/step
Meep progress: 443.385/500.0 = 88.7% done in 1599.7s, 204.3s to go
on time step 88783 (time=443.915), 0.0169186 s/step
Meep progress: 444.58/500.0 = 88.9% done in 1603.7s, 199.9s to go
on time step 89013 (time=445.065), 0.0174372 s/step
Meep progress: 445.71500000000003/500.0 = 89.1% done in 1607.7s, 195.8s to go
on time step 89250 (time=446.25), 0.0168893 s/step
Meep progress: 446.915/500.0 = 89.4% done in 1611.7s, 191.4s to go
on time step 89489 (time=447.445), 0.0167722 s/step
Meep progress: 448.105/500.0 = 89.6% done in 1615.7s, 187.1s to go
on time step 89721 (time=448.605), 0.0172759 s/step
Meep progress: 449.21500000000003/500.0 = 89.8% done in 1619.7s, 183.1s to go
on time step 89941 (time=449.705), 0.0182432 s/step
creating output file "./refl0.1-ez-000090000.h5"...
Meep progress: 450.235/500.0 = 90.0% done in 1623.7s, 179.5s to go
on time step 90153 (time=450.765), 0.0189426 s/step
Meep progress: 451.38/500.0 = 90.3% done in 1627.8s, 175.3s to go
on time step 90369 (time=451.845), 0.0185187 s/step
Meep progress: 452.48/500.0 = 90.5% done in 1631.8s, 171.4s to go
on time step 90602 (time=453.01), 0.0172255 s/step
Meep progress: 453.665/500.0 = 90.7% done in 1635.8s, 167.1s to go
on time step 90840 (time=454.2), 0.0168483 s/step
Meep progress: 454.87/500.0 = 91.0% done in 1639.8s, 162.7s to go
on time step 91080 (time=455.4), 0.0166942 s/step
Meep progress: 456.065/500.0 = 91.2% done in 1643.8s, 158.4s to go
on time step 91319 (time=456.595), 0.0167609 s/step
Meep progress: 457.245/500.0 = 91.4% done in 1647.8s, 154.1s to go
on time step 91555 (time=457.775), 0.0169753 s/step
Meep progress: 458.45/500.0 = 91.7% done in 1651.8s, 149.7s to go
on time step 91795 (time=458.975), 0.0166716 s/step
Meep progress: 459.65000000000003/500.0 = 91.9% done in 1655.8s, 145.4s to go
on time step 92036 (time=460.18), 0.0166613 s/step
Meep progress: 460.83/500.0 = 92.2% done in 1659.8s, 141.1s to go
on time step 92272 (time=461.36), 0.0169647 s/step
Meep progress: 462.035/500.0 = 92.4% done in 1663.8s, 136.7s to go
on time step 92513 (time=462.565), 0.0166377 s/step
Meep progress: 463.24/500.0 = 92.6% done in 1667.9s, 132.4s to go
on time step 92754 (time=463.77), 0.0166384 s/step
Meep progress: 464.43/500.0 = 92.9% done in 1671.9s, 128.0s to go
on time step 92992 (time=464.96), 0.0168747 s/step
Meep progress: 465.62/500.0 = 93.1% done in 1675.9s, 123.7s to go
on time step 93229 (time=466.145), 0.0169229 s/step
Meep progress: 466.81/500.0 = 93.4% done in 1679.9s, 119.4s to go
on time step 93467 (time=467.335), 0.0168152 s/step
Meep progress: 468.005/500.0 = 93.6% done in 1683.9s, 115.1s to go
on time step 93707 (time=468.535), 0.0167216 s/step
Meep progress: 469.195/500.0 = 93.8% done in 1687.9s, 110.8s to go
on time step 93946 (time=469.73), 0.0167424 s/step
Meep progress: 470.395/500.0 = 94.1% done in 1691.9s, 106.5s to go
on time step 94198 (time=470.99), 0.0158925 s/step
Meep progress: 471.65000000000003/500.0 = 94.3% done in 1695.9s, 101.9s to go
on time step 94437 (time=472.185), 0.0167666 s/step
Meep progress: 472.83/500.0 = 94.6% done in 1699.9s, 97.7s to go
on time step 94676 (time=473.38), 0.0167429 s/step
Meep progress: 474.02/500.0 = 94.8% done in 1703.9s, 93.4s to go
on time step 94914 (time=474.57), 0.0168372 s/step
Meep progress: 475.21500000000003/500.0 = 95.0% done in 1707.9s, 89.1s to go
on time step 95152 (time=475.76), 0.0168386 s/step
Meep progress: 476.395/500.0 = 95.3% done in 1711.9s, 84.8s to go
on time step 95385 (time=476.925), 0.0172305 s/step
Meep progress: 477.55/500.0 = 95.5% done in 1715.9s, 80.7s to go
on time step 95619 (time=478.095), 0.0171038 s/step
Meep progress: 478.74/500.0 = 95.7% done in 1719.9s, 76.4s to go
on time step 95865 (time=479.325), 0.0162835 s/step
Meep progress: 479.985/500.0 = 96.0% done in 1724.0s, 71.9s to go
creating output file "./refl0.1-ez-000096000.h5"...
on time step 96086 (time=480.43), 0.0181621 s/step
Meep progress: 481.08500000000004/500.0 = 96.2% done in 1728.0s, 67.9s to go
on time step 96327 (time=481.635), 0.0166485 s/step
Meep progress: 482.285/500.0 = 96.5% done in 1732.0s, 63.6s to go
on time step 96565 (time=482.825), 0.0168219 s/step
Meep progress: 483.475/500.0 = 96.7% done in 1736.0s, 59.3s to go
on time step 96806 (time=484.03), 0.0166644 s/step
Meep progress: 484.675/500.0 = 96.9% done in 1740.0s, 55.0s to go
on time step 97043 (time=485.215), 0.0169138 s/step
Meep progress: 485.86/500.0 = 97.2% done in 1744.0s, 50.8s to go
on time step 97284 (time=486.42), 0.0166542 s/step
Meep progress: 487.055/500.0 = 97.4% done in 1748.0s, 46.5s to go
on time step 97523 (time=487.615), 0.016776 s/step
Meep progress: 488.255/500.0 = 97.7% done in 1752.0s, 42.1s to go
on time step 97762 (time=488.81), 0.0168125 s/step
Meep progress: 489.435/500.0 = 97.9% done in 1756.0s, 37.9s to go
on time step 98001 (time=490.005), 0.0167409 s/step
Meep progress: 490.65000000000003/500.0 = 98.1% done in 1760.0s, 33.5s to go
on time step 98304 (time=491.52), 0.0132294 s/step
Meep progress: 492.635/500.0 = 98.5% done in 1764.0s, 26.4s to go
on time step 98728 (time=493.64), 0.00944119 s/step
Meep progress: 494.78000000000003/500.0 = 99.0% done in 1768.0s, 18.7s to go
on time step 99157 (time=495.785), 0.00933232 s/step
Meep progress: 496.94/500.0 = 99.4% done in 1772.0s, 10.9s to go
on time step 99592 (time=497.96), 0.00920083 s/step
Meep progress: 499.105/500.0 = 99.8% done in 1776.0s, 3.2s to go
run 0 finished at t = 500.0 (100000 timesteps)
flux1:, 0.41000000000000003, -2.5008466636825624
flux1:, 0.41505050505050506, -2.564993367383042
flux1:, 0.4201010101010101, -2.63252087182293
flux1:, 0.4251515151515151, -2.70366778231461
flux1:, 0.43020202020202014, -2.7786962278590064
flux1:, 0.43525252525252517, -2.8578931240487107
flux1:, 0.4403030303030302, -2.9415712543288395
flux1:, 0.4453535353535352, -3.0300759721060486
flux1:, 0.45040404040404025, -3.123786006160423
flux1:, 0.4554545454545453, -3.22311827822766
flux1:, 0.4605050505050503, -3.3285344653086204
flux1:, 0.46555555555555533, -3.4405438758995484
flux1:, 0.47060606060606036, -3.559711741861908
flux1:, 0.4756565656565654, -3.686666470139806
flux1:, 0.4807070707070704, -3.822106904123015
flux1:, 0.48575757575757544, -3.9668140032245165
flux1:, 0.49080808080808047, -4.12166154901767
flux1:, 0.4958585858585855, -4.28762953489761
flux1:, 0.5009090909090905, -4.465821401091567
flux1:, 0.5059595959595956, -4.657481560523845
flux1:, 0.5110101010101007, -4.864018798639575
flux1:, 0.5160606060606058, -5.087033167672442
flux1:, 0.5211111111111109, -5.328344798958271
flux1:, 0.5261616161616159, -5.590043063579005
flux1:, 0.531212121212121, -5.874501388181929
flux1:, 0.5362626262626261, -6.184513535968748
flux1:, 0.5413131313131312, -6.523172179079265
flux1:, 0.5463636363636363, -6.894371045436689
flux1:, 0.5514141414141414, -7.3020301238783
flux1:, 0.5564646464646464, -7.751980096196699
flux1:, 0.5615151515151515, -8.248744612725666
flux1:, 0.5665656565656566, -8.801979643490906
flux1:, 0.5716161616161617, -9.415597711763596
flux1:, 0.5766666666666668, -10.107223911971118
flux1:, 0.5817171717171719, -10.876795271832014
flux1:, 0.5867676767676769, -11.758160328675688
flux1:, 0.591818181818182, -12.740406087970081
flux1:, 0.5968686868686871, -13.887841418079345
flux1:, 0.6019191919191922, -15.168362267044984
flux1:, 0.6069696969696973, -16.697383769501837
flux1:, 0.6120202020202024, -18.411778470753422
flux1:, 0.6170707070707074, -20.494009018436977
flux1:, 0.6221212121212125, -22.80435318763487
flux1:, 0.6271717171717176, -25.560866691813548
flux1:, 0.6322222222222227, -29.77879235414932
flux1:, 0.6372727272727278, -36.497337992395906
flux1:, 0.6423232323232329, -38.99162034787093
flux1:, 0.6473737373737379, -30.834075045900843
flux1:, 0.652424242424243, -781.6309985242664
flux1:, 0.6574747474747481, -109195.3769009773
flux1:, 0.6625252525252532, -378195.24437921203
flux1:, 0.6675757575757583, -91534.69829805994
flux1:, 0.6726262626262633, -254.50495305679
flux1:, 0.6776767676767684, -708.8301702502886
flux1:, 0.6827272727272735, -778.9853591021534
flux1:, 0.6877777777777786, -18850.853486523967
flux1:, 0.6928282828282837, -117672.51437573535
flux1:, 0.6978787878787888, -88672.31604719153
flux1:, 0.7029292929292938, -9449.012708637307
flux1:, 0.7079797979797989, -1075.1450274860588
flux1:, 0.713030303030304, -515.1754835058401
flux1:, 0.7180808080808091, -301.2124896571709
flux1:, 0.7231313131313142, -199.60059732672065
flux1:, 0.7281818181818193, -142.58240808629097
flux1:, 0.7332323232323243, -117.15050003487333
flux1:, 0.7382828282828294, -84.16666491187085
flux1:, 0.7433333333333345, -69.61261800809915
flux1:, 0.7483838383838396, -50.24616170453647
flux1:, 0.7534343434343447, -37.671464065242304
flux1:, 0.7584848484848498, -31.015225479052944
flux1:, 0.7635353535353548, -25.73509594330092
flux1:, 0.7685858585858599, -21.9454095788012
flux1:, 0.773636363636365, -18.9486957391759
flux1:, 0.7786868686868701, -16.52149995897427
flux1:, 0.7837373737373752, -14.522585726375526
flux1:, 0.7887878787878803, -12.855056428841646
flux1:, 0.7938383838383853, -11.449067743423877
flux1:, 0.7988888888888904, -10.252924738466218
flux1:, 0.8039393939393955, -9.227151812395533
flux1:, 0.8089898989899006, -8.341236276667077
flux1:, 0.8140404040404057, -7.571175184972206
flux1:, 0.8190909090909108, -6.897905459146948
flux1:, 0.8241414141414158, -6.306110352905195
flux1:, 0.8291919191919209, -5.783368609924157
flux1:, 0.834242424242426, -5.319523262272286
flux1:, 0.8392929292929311, -4.906207875333154
flux1:, 0.8443434343434362, -4.536478800020497
flux1:, 0.8493939393939413, -4.204534635612962
flux1:, 0.8544444444444463, -3.905500678827799
flux1:, 0.8594949494949514, -3.635256924755632
flux1:, 0.8645454545454565, -3.390302119361087
flux1:, 0.8695959595959616, -3.167647301288782
flux1:, 0.8746464646464667, -2.9647272625531844
flux1:, 0.8796969696969718, -2.779332087315736
flux1:, 0.8847474747474768, -2.6095492870290715
flux1:, 0.8897979797979819, -2.4537175378430875
flux1:, 0.894848484848487, -2.310388616599469
flux1:, 0.8998989898989921, -2.1782950386593147
flux1:, 0.9049494949494972, -2.0563243120954398
flux1:, 0.9100000000000023, -1.9434965380433329
flux1:, 0.41000000000000003, 0.07674701601798789
flux1:, 0.41505050505050506, 0.07871814471332554
flux1:, 0.4201010101010101, 0.08080244507670142
flux1:, 0.4251515151515151, 0.08300880378600607
flux1:, 0.43020202020202014, 0.08534707791334158
flux1:, 0.43525252525252517, 0.08782824542206555
flux1:, 0.4403030303030302, 0.09046453008886611
flux1:, 0.4453535353535352, 0.09326953203504594
flux1:, 0.45040404040404025, 0.09625839385049813
flux1:, 0.4554545454545453, 0.09944802284692315
flux1:, 0.4605050505050503, 0.10285736861481568
flux1:, 0.46555555555555533, 0.106507747155152
flux1:, 0.47060606060606036, 0.11042320802988283
flux1:, 0.4756565656565654, 0.1146309574986872
flux1:, 0.4807070707070704, 0.11916186201478926
flux1:, 0.48575757575757544, 0.124051063379504
flux1:, 0.49080808080808047, 0.1293387303328836
flux1:, 0.4958585858585855, 0.13507097154553585
flux1:, 0.5009090909090905, 0.1413009388190346
flux1:, 0.5059595959595956, 0.14809016637593306
flux1:, 0.5110101010101007, 0.15551021409637267
flux1:, 0.5160606060606058, 0.16364470662717578
flux1:, 0.5211111111111109, 0.17259189154988291
flux1:, 0.5261616161616159, 0.1824678489078518
flux1:, 0.531212121212121, 0.19341053428011937
flux1:, 0.5362626262626261, 0.2055849323415464
flux1:, 0.5413131313131312, 0.21918964115417033
flux1:, 0.5463636363636363, 0.23446539479566328
flux1:, 0.5514141414141414, 0.2517060492392199
flux1:, 0.5564646464646464, 0.27127357981803846
flux1:, 0.5615151515151515, 0.29361904305216235
flux1:, 0.5665656565656566, 0.3193099819930041
flux1:, 0.5716161616161617, 0.3490708143148123
flux1:, 0.5766666666666668, 0.3838451607687019
flux1:, 0.5817171717171719, 0.4248867259177093
flux1:, 0.5867676767676769, 0.47388846400300527
flux1:, 0.591818181818182, 0.5331738247183863
flux1:, 0.5968686868686871, 0.6060277076715327
flux1:, 0.6019191919191922, 0.697171394098404
flux1:, 0.6069696969696973, 0.8133453279441677
flux1:, 0.6120202020202024, 0.9644747274312949
flux1:, 0.6170707070707074, 1.163232703935908
flux1:, 0.6221212121212125, 1.436908381858024
flux1:, 0.6271717171717176, 2.5542561062273705
flux1:, 0.6322222222222227, 1.107086641917701
flux1:, 0.6372727272727278, 16.9581349740817
flux1:, 0.6423232323232329, 0.8289269523340446
flux1:, 0.6473737373737379, 80.30166378976314
flux1:, 0.652424242424243, 5051.009326030303
flux1:, 0.6574747474747481, 95575.3143113818
flux1:, 0.6625252525252532, 274241.3179620419
flux1:, 0.6675757575757583, 79509.36398533935
flux1:, 0.6726262626262633, 2490.2292932216064
flux1:, 0.6776767676767684, 11.844142941554267
flux1:, 0.6827272727272735, 660.4748557592379
flux1:, 0.6877777777777786, 29209.08070269553
flux1:, 0.6928282828282837, 146388.23765875213
flux1:, 0.6978787878787888, 82354.63975411069
flux1:, 0.7029292929292938, 5918.198217093203
flux1:, 0.7079797979797989, 50.893219326825175
flux1:, 0.713030303030304, 0.563372098455726
flux1:, 0.7180808080808091, 0.5350835921578785
flux1:, 0.7231313131313142, 0.2673563504833647
flux1:, 0.7281818181818193, 2.1229956895262587
flux1:, 0.7332323232323243, 58.678405308542985
flux1:, 0.7382828282828294, 233.58316999361602
flux1:, 0.7433333333333345, 243.44835192237974
flux1:, 0.7483838383838396, 68.49585867264756
flux1:, 0.7534343434343447, 5.617065176393689
flux1:, 0.7584848484848498, 0.5292508139152475
flux1:, 0.7635353535353548, 0.15114880595050204
flux1:, 0.7685858585858599, 0.10402453721293191
flux1:, 0.773636363636365, 0.09340612980298243
flux1:, 0.7786868686868701, 0.0828342459666779
flux1:, 0.7837373737373752, 0.07368397246116914
flux1:, 0.7887878787878803, 0.06570699606130112
flux1:, 0.7938383838383853, 0.05872303249166489
flux1:, 0.7988888888888904, 0.05258296752115135
flux1:, 0.8039393939393955, 0.047163696917748764
flux1:, 0.8089898989899006, 0.04236372285742087
flux1:, 0.8140404040404057, 0.03809669534513683
flux1:, 0.8190909090909108, 0.03429346844681867
flux1:, 0.8241414141414158, 0.03089078422173917
flux1:, 0.8291919191919209, 0.027841161985471728
flux1:, 0.834242424242426, 0.025098484240531977
flux1:, 0.8392929292929311, 0.02262703481030535
flux1:, 0.8443434343434362, 0.020395221356700726
flux1:, 0.8493939393939413, 0.018374363500021414
flux1:, 0.8544444444444463, 0.016542088542582208
flux1:, 0.8594949494949514, 0.014877096402349934
flux1:, 0.8645454545454565, 0.013361673272194691
flux1:, 0.8695959595959616, 0.011979814634514573
flux1:, 0.8746464646464667, 0.01071812008450127
flux1:, 0.8796969696969718, 0.009564450175916133
flux1:, 0.8847474747474768, 0.008507868790008314
flux1:, 0.8897979797979819, 0.007539175448442069
flux1:, 0.894848484848487, 0.00664988517571201
flux1:, 0.8998989898989921, 0.005832711127296551
flux1:, 0.9049494949494972, 0.005080796670054949
flux1:, 0.9100000000000023, 0.004388448718022442

Elapsed run time = 1783.85 s

Some deprecated features have been used.  Set the environment
variable GUILE_WARN_DEPRECATED to "detailed" and rerun the
program to get more information.  Set it to "no" to suppress
this message.
