-----------
Initializing structure...
Working in 2D dimensions.
Computational cell is 100 x 6 x 0 with resolution 50
     block, center = (10,1.775,0)
          size (80,3,1e+20)
          axes (1,0,0), (0,1,0), (0,0,1)
          dielectric constant epsilon diagonal = (9,9,9)
     block, center = (10,0.275,0)
          size (80,0.05,1e+20)
          axes (1,0,0), (0,1,0), (0,0,1)
          dielectric constant epsilon diagonal = (4,4,4)
     block, center = (-15,0.245,0)
          size (70,0.01,1e+20)
          axes (1,0,0), (0,1,0), (0,0,1)
          dielectric constant epsilon diagonal = (11.68,11.68,11.68)
     block, center = (30,0.245,0)
          size (20,0.01,1e+20)
          axes (1,0,0), (0,1,0), (0,0,1)
          dielectric constant epsilon diagonal = (11,11,11)
     block, center = (45,0.245,0)
          size (10,0.01,1e+20)
          axes (1,0,0), (0,1,0), (0,0,1)
          dielectric constant epsilon diagonal = (11.68,11.68,11.68)
     block, center = (0,0,0)
          size (1e+20,0.48,1e+20)
          axes (1,0,0), (0,1,0), (0,0,1)
          dielectric constant epsilon diagonal = (11.68,11.68,11.68)
     block, center = (-15,-0.245,0)
          size (70,0.01,1e+20)
          axes (1,0,0), (0,1,0), (0,0,1)
          dielectric constant epsilon diagonal = (11.68,11.68,11.68)
     block, center = (30,-0.245,0)
          size (20,0.01,1e+20)
          axes (1,0,0), (0,1,0), (0,0,1)
          dielectric constant epsilon diagonal = (11,11,11)
     block, center = (45,-0.245,0)
          size (10,0.01,1e+20)
          axes (1,0,0), (0,1,0), (0,0,1)
          dielectric constant epsilon diagonal = (11.68,11.68,11.68)
     block, center = (10,-1,0)
          size (80,1.5,1e+20)
          axes (1,0,0), (0,1,0), (0,0,1)
          dielectric constant epsilon diagonal = (9,9,9)
     block, center = (10,-2.25,0)
          size (80,1,1e+20)
          axes (1,0,0), (0,1,0), (0,0,1)
          dielectric constant epsilon diagonal = (9,9,9)
time for set_epsilon = 8.98111 s
-----------
creating output file "./reflPart0.1-eps-000000.00.h5"...
Meep progress: 1.8/500.0 = 0.4% done in 4.0s, 1108.5s to go
on time step 188 (time=1.88), 0.0212803 s/step
Meep progress: 4.02/500.0 = 0.8% done in 8.0s, 988.6s to go
on time step 410 (time=4.1), 0.0180492 s/step
Meep progress: 6.24/500.0 = 1.2% done in 12.0s, 950.7s to go
on time step 632 (time=6.32), 0.0180278 s/step
Meep progress: 8.46/500.0 = 1.7% done in 16.0s, 931.1s to go
on time step 854 (time=8.54), 0.0180664 s/step
Meep progress: 10.68/500.0 = 2.1% done in 20.0s, 918.3s to go
on time step 1076 (time=10.76), 0.0180985 s/step
Meep progress: 12.72/500.0 = 2.5% done in 24.1s, 922.0s to go
on time step 1277 (time=12.77), 0.0199423 s/step
Meep progress: 14.39/500.0 = 2.9% done in 28.1s, 947.4s to go
on time step 1445 (time=14.45), 0.0238283 s/step
Meep progress: 16.28/500.0 = 3.3% done in 32.1s, 953.4s to go
on time step 1634 (time=16.34), 0.0212442 s/step
Meep progress: 18.22/500.0 = 3.6% done in 36.1s, 954.7s to go
on time step 1827 (time=18.27), 0.0207278 s/step
Meep progress: 20.17/500.0 = 4.0% done in 40.1s, 954.4s to go
on time step 2022 (time=20.22), 0.020568 s/step
Meep progress: 22.19/500.0 = 4.4% done in 44.1s, 950.4s to go
on time step 2224 (time=22.24), 0.0198305 s/step
Meep progress: 24.28/500.0 = 4.9% done in 48.2s, 943.5s to go
on time step 2432 (time=24.32), 0.0192733 s/step
Meep progress: 26.24/500.0 = 5.2% done in 52.2s, 942.0s to go
on time step 2628 (time=26.28), 0.020512 s/step
Meep progress: 28.14/500.0 = 5.6% done in 56.2s, 942.3s to go
on time step 2818 (time=28.18), 0.0211388 s/step
creating output file "./reflPart0.1-ez-000030.00.h5"...
on time step 3000 (time=30), 0.0243666 s/step
Meep progress: 30.01/500.0 = 6.0% done in 60.7s, 951.2s to go
on time step 3201 (time=32.01), 0.019908 s/step
Meep progress: 32.03/500.0 = 6.4% done in 64.8s, 946.1s to go
on time step 3390 (time=33.9), 0.0212569 s/step
Meep progress: 33.92/500.0 = 6.8% done in 68.8s, 945.0s to go
on time step 3580 (time=35.8), 0.0211188 s/step
Meep progress: 35.82/500.0 = 7.2% done in 72.8s, 943.2s to go
on time step 3769 (time=37.69), 0.0212092 s/step
Meep progress: 37.71/500.0 = 7.5% done in 76.8s, 941.4s to go
on time step 3957 (time=39.57), 0.021285 s/step
Meep progress: 39.59/500.0 = 7.9% done in 80.8s, 939.6s to go
on time step 4148 (time=41.48), 0.0210303 s/step
Meep progress: 41.5/500.0 = 8.3% done in 84.8s, 937.0s to go
on time step 4341 (time=43.41), 0.0207333 s/step
Meep progress: 43.43/500.0 = 8.7% done in 88.8s, 933.7s to go
on time step 4530 (time=45.3), 0.0212238 s/step
Meep progress: 45.32/500.0 = 9.1% done in 92.8s, 931.3s to go
on time step 4722 (time=47.22), 0.0208807 s/step
Meep progress: 47.24/500.0 = 9.4% done in 96.8s, 928.1s to go
on time step 4910 (time=49.1), 0.0212863 s/step
Meep progress: 49.12/500.0 = 9.8% done in 100.8s, 925.7s to go
on time step 5096 (time=50.96), 0.0215538 s/step
Meep progress: 50.98/500.0 = 10.2% done in 104.8s, 923.5s to go
on time step 5295 (time=52.95), 0.0201913 s/step
Meep progress: 52.97/500.0 = 10.6% done in 108.9s, 918.7s to go
on time step 5497 (time=54.97), 0.0198187 s/step
Meep progress: 54.99/500.0 = 11.0% done in 112.9s, 913.4s to go
on time step 5684 (time=56.84), 0.0214948 s/step
Meep progress: 56.86/500.0 = 11.4% done in 116.9s, 911.0s to go
on time step 5872 (time=58.72), 0.0213087 s/step
Meep progress: 58.74/500.0 = 11.7% done in 120.9s, 908.2s to go
creating output file "./reflPart0.1-ez-000060.00.h5"...
on time step 6027 (time=60.27), 0.0258275 s/step
Meep progress: 60.29/500.0 = 12.1% done in 124.9s, 910.9s to go
on time step 6216 (time=62.16), 0.0212605 s/step
Meep progress: 62.18/500.0 = 12.4% done in 128.9s, 907.7s to go
on time step 6405 (time=64.05), 0.021255 s/step
Meep progress: 64.07/500.0 = 12.8% done in 132.9s, 904.5s to go
on time step 6601 (time=66.01), 0.0204466 s/step
Meep progress: 66.03/500.0 = 13.2% done in 136.9s, 900.0s to go
on time step 6788 (time=67.88), 0.0215076 s/step
Meep progress: 67.89/500.0 = 13.6% done in 140.9s, 897.1s to go
on time step 6973 (time=69.73), 0.021661 s/step
Meep progress: 69.74/500.0 = 13.9% done in 145.0s, 894.3s to go
on time step 7155 (time=71.55), 0.0220178 s/step
Meep progress: 71.56/500.0 = 14.3% done in 149.0s, 891.8s to go
on time step 7351 (time=73.51), 0.0204436 s/step
Meep progress: 73.52/500.0 = 14.7% done in 153.0s, 887.3s to go
on time step 7555 (time=75.55), 0.0196166 s/step
Meep progress: 75.57/500.0 = 15.1% done in 157.0s, 881.7s to go
on time step 7758 (time=77.58), 0.0197047 s/step
Meep progress: 77.6/500.0 = 15.5% done in 161.0s, 876.3s to go
on time step 7953 (time=79.53), 0.020557 s/step
Meep progress: 79.55/500.0 = 15.9% done in 165.0s, 872.1s to go
on time step 8144 (time=81.44), 0.0210455 s/step
Meep progress: 81.46/500.0 = 16.3% done in 169.0s, 868.4s to go
on time step 8327 (time=83.27), 0.0218725 s/step
Meep progress: 83.29/500.0 = 16.7% done in 173.0s, 865.7s to go
on time step 8516 (time=85.16), 0.0212008 s/step
Meep progress: 85.19/500.0 = 17.0% done in 177.0s, 862.1s to go
on time step 8716 (time=87.16), 0.020071 s/step
Meep progress: 87.19/500.0 = 17.4% done in 181.1s, 857.3s to go
on time step 8906 (time=89.06), 0.0211296 s/step
Meep progress: 89.09/500.0 = 17.8% done in 185.1s, 853.6s to go
creating output file "./reflPart0.1-ez-000090.00.h5"...
on time step 9062 (time=90.62), 0.0257383 s/step
Meep progress: 90.65/500.0 = 18.1% done in 189.1s, 853.9s to go
on time step 9249 (time=92.49), 0.0214322 s/step
Meep progress: 92.52/500.0 = 18.5% done in 193.1s, 850.5s to go
on time step 9436 (time=94.36), 0.0214287 s/step
Meep progress: 94.39/500.0 = 18.9% done in 197.1s, 847.0s to go
on time step 9617 (time=96.17), 0.0221868 s/step
Meep progress: 96.2/500.0 = 19.2% done in 201.1s, 844.2s to go
on time step 9806 (time=98.06), 0.0212763 s/step
Meep progress: 98.09/500.0 = 19.6% done in 205.1s, 840.5s to go
on time step 9995 (time=99.95), 0.0211721 s/step
Meep progress: 99.98/500.0 = 20.0% done in 209.1s, 836.8s to go
on time step 10162 (time=101.62), 0.0240569 s/step
Meep progress: 101.64/500.0 = 20.3% done in 213.1s, 835.4s to go
on time step 10346 (time=103.46), 0.0218135 s/step
Meep progress: 103.48/500.0 = 20.7% done in 217.2s, 832.1s to go
on time step 10524 (time=105.24), 0.0225306 s/step
Meep progress: 105.26/500.0 = 21.1% done in 221.2s, 829.4s to go
on time step 10709 (time=107.09), 0.0217121 s/step
Meep progress: 107.11/500.0 = 21.4% done in 225.2s, 826.0s to go
on time step 10869 (time=108.69), 0.0250206 s/step
Meep progress: 108.71/500.0 = 21.7% done in 229.2s, 825.0s to go
on time step 11034 (time=110.34), 0.0242939 s/step
Meep progress: 110.37/500.0 = 22.1% done in 233.2s, 823.3s to go
on time step 11225 (time=112.25), 0.0210304 s/step
Meep progress: 112.27/500.0 = 22.5% done in 237.2s, 819.2s to go
on time step 11409 (time=114.09), 0.0217977 s/step
Meep progress: 114.11/500.0 = 22.8% done in 241.2s, 815.8s to go
on time step 11592 (time=115.92), 0.0219666 s/step
Meep progress: 115.94/500.0 = 23.2% done in 245.2s, 812.4s to go
on time step 11783 (time=117.83), 0.0209565 s/step
Meep progress: 117.85/500.0 = 23.6% done in 249.2s, 808.2s to go
on time step 11979 (time=119.79), 0.0204275 s/step
Meep progress: 119.82/500.0 = 24.0% done in 253.3s, 803.6s to go
creating output file "./reflPart0.1-ez-000120.00.h5"...
on time step 12134 (time=121.34), 0.0258139 s/step
Meep progress: 121.37/500.0 = 24.3% done in 257.3s, 802.6s to go
on time step 12321 (time=123.21), 0.0214483 s/step
Meep progress: 123.24/500.0 = 24.6% done in 261.3s, 798.8s to go
on time step 12485 (time=124.85), 0.0244723 s/step
Meep progress: 124.88/500.0 = 25.0% done in 265.3s, 796.9s to go
on time step 12674 (time=126.74), 0.0211802 s/step
Meep progress: 126.77/500.0 = 25.4% done in 269.3s, 792.9s to go
on time step 12849 (time=128.49), 0.0228748 s/step
Meep progress: 128.52/500.0 = 25.7% done in 273.3s, 790.0s to go
on time step 13046 (time=130.46), 0.020333 s/step
Meep progress: 130.49/500.0 = 26.1% done in 277.3s, 785.3s to go
on time step 13234 (time=132.34), 0.0213585 s/step
Meep progress: 132.37/500.0 = 26.5% done in 281.3s, 781.3s to go
on time step 13414 (time=134.14), 0.0222536 s/step
Meep progress: 134.17/500.0 = 26.8% done in 285.3s, 778.0s to go
on time step 13593 (time=135.93), 0.0223708 s/step
Meep progress: 135.96/500.0 = 27.2% done in 289.3s, 774.7s to go
on time step 13772 (time=137.72), 0.0223692 s/step
Meep progress: 137.75/500.0 = 27.6% done in 293.4s, 771.4s to go
on time step 13961 (time=139.61), 0.0212462 s/step
Meep progress: 139.64/500.0 = 27.9% done in 297.4s, 767.4s to go
on time step 14148 (time=141.48), 0.0214192 s/step
Meep progress: 141.51/500.0 = 28.3% done in 301.4s, 763.4s to go
on time step 14327 (time=143.27), 0.0223784 s/step
Meep progress: 143.3/500.0 = 28.7% done in 305.4s, 760.1s to go
on time step 14515 (time=145.15), 0.0213788 s/step
Meep progress: 145.18/500.0 = 29.0% done in 309.4s, 756.1s to go
on time step 14702 (time=147.02), 0.0214334 s/step
Meep progress: 147.05/500.0 = 29.4% done in 313.4s, 752.2s to go
on time step 14896 (time=148.96), 0.0207144 s/step
Meep progress: 148.99/500.0 = 29.8% done in 317.4s, 747.8s to go
creating output file "./reflPart0.1-ez-000150.00.h5"...
on time step 15044 (time=150.44), 0.0270841 s/step
Meep progress: 150.47/500.0 = 30.1% done in 321.4s, 746.6s to go
on time step 15225 (time=152.25), 0.0221989 s/step
Meep progress: 152.28/500.0 = 30.5% done in 325.4s, 743.1s to go
on time step 15416 (time=154.16), 0.0209674 s/step
Meep progress: 154.19/500.0 = 30.8% done in 329.4s, 738.9s to go
on time step 15607 (time=156.07), 0.0209983 s/step
Meep progress: 156.1/500.0 = 31.2% done in 333.5s, 734.6s to go
on time step 15800 (time=158), 0.0207999 s/step
Meep progress: 158.03/500.0 = 31.6% done in 337.5s, 730.2s to go
on time step 15996 (time=159.96), 0.0204813 s/step
Meep progress: 159.98/500.0 = 32.0% done in 341.5s, 725.7s to go
on time step 16187 (time=161.87), 0.0209764 s/step
Meep progress: 161.89/500.0 = 32.4% done in 345.5s, 721.5s to go
on time step 16378 (time=163.78), 0.0209608 s/step
Meep progress: 163.8/500.0 = 32.8% done in 349.5s, 717.3s to go
on time step 16570 (time=165.7), 0.0208901 s/step
Meep progress: 165.72/500.0 = 33.1% done in 353.5s, 713.0s to go
on time step 16758 (time=167.58), 0.0212982 s/step
Meep progress: 167.6/500.0 = 33.5% done in 357.5s, 709.0s to go
on time step 16950 (time=169.5), 0.0208783 s/step
Meep progress: 169.52/500.0 = 33.9% done in 361.5s, 704.7s to go
on time step 17141 (time=171.41), 0.0210105 s/step
Meep progress: 171.43/500.0 = 34.3% done in 365.5s, 700.6s to go
on time step 17330 (time=173.3), 0.0212605 s/step
Meep progress: 173.32/500.0 = 34.7% done in 369.5s, 696.5s to go
on time step 17521 (time=175.21), 0.0210375 s/step
Meep progress: 175.23/500.0 = 35.0% done in 373.5s, 692.3s to go
on time step 17710 (time=177.1), 0.0212086 s/step
Meep progress: 177.12/500.0 = 35.4% done in 377.6s, 688.3s to go
on time step 17905 (time=179.05), 0.0206131 s/step
Meep progress: 179.07/500.0 = 35.8% done in 381.6s, 683.9s to go
creating output file "./reflPart0.1-ez-000180.00.h5"...
on time step 18053 (time=180.53), 0.0271538 s/step
Meep progress: 180.55/500.0 = 36.1% done in 385.6s, 682.2s to go
on time step 18242 (time=182.42), 0.0212675 s/step
Meep progress: 182.44/500.0 = 36.5% done in 389.6s, 678.2s to go
on time step 18426 (time=184.26), 0.0218364 s/step
Meep progress: 184.28/500.0 = 36.9% done in 393.6s, 674.4s to go
on time step 18616 (time=186.16), 0.0211536 s/step
Meep progress: 186.18/500.0 = 37.2% done in 397.6s, 670.3s to go
on time step 18812 (time=188.12), 0.0204383 s/step
Meep progress: 188.14/500.0 = 37.6% done in 401.7s, 665.8s to go
on time step 19002 (time=190.02), 0.0211344 s/step
Meep progress: 190.04/500.0 = 38.0% done in 405.7s, 661.7s to go
on time step 19191 (time=191.91), 0.021193 s/step
Meep progress: 191.93/500.0 = 38.4% done in 409.7s, 657.6s to go
on time step 19382 (time=193.82), 0.0210264 s/step
Meep progress: 193.84/500.0 = 38.8% done in 413.7s, 653.4s to go
on time step 19572 (time=195.72), 0.0211133 s/step
Meep progress: 195.74/500.0 = 39.1% done in 417.7s, 649.3s to go
on time step 19763 (time=197.63), 0.0210541 s/step
Meep progress: 197.64/500.0 = 39.5% done in 421.7s, 645.1s to go
on time step 19951 (time=199.51), 0.0212767 s/step
Meep progress: 199.53/500.0 = 39.9% done in 425.7s, 641.1s to go
on time step 20137 (time=201.37), 0.0215722 s/step
Meep progress: 201.39/500.0 = 40.3% done in 429.7s, 637.2s to go
on time step 20313 (time=203.13), 0.0227296 s/step
Meep progress: 203.16/500.0 = 40.6% done in 433.8s, 633.8s to go
on time step 20506 (time=205.06), 0.0208134 s/step
Meep progress: 205.09/500.0 = 41.0% done in 437.8s, 629.5s to go
on time step 20696 (time=206.96), 0.021125 s/step
Meep progress: 206.99/500.0 = 41.4% done in 441.8s, 625.4s to go
on time step 20894 (time=208.94), 0.0202514 s/step
Meep progress: 208.97/500.0 = 41.8% done in 445.8s, 620.9s to go
creating output file "./reflPart0.1-ez-000210.00.h5"...
on time step 21047 (time=210.47), 0.0262576 s/step
Meep progress: 210.5/500.0 = 42.1% done in 449.8s, 618.6s to go
on time step 21224 (time=212.24), 0.0226542 s/step
Meep progress: 212.27/500.0 = 42.5% done in 453.8s, 615.2s to go
on time step 21414 (time=214.14), 0.0211164 s/step
Meep progress: 214.17/500.0 = 42.8% done in 457.8s, 611.0s to go
on time step 21588 (time=215.88), 0.023051 s/step
Meep progress: 215.91/500.0 = 43.2% done in 461.9s, 607.7s to go
on time step 21764 (time=217.64), 0.022805 s/step
Meep progress: 217.67/500.0 = 43.5% done in 465.9s, 604.3s to go
on time step 21946 (time=219.46), 0.0220046 s/step
Meep progress: 219.49/500.0 = 43.9% done in 469.9s, 600.5s to go
on time step 22133 (time=221.33), 0.0214284 s/step
Meep progress: 221.36/500.0 = 44.3% done in 473.9s, 596.5s to go
on time step 22321 (time=223.21), 0.021324 s/step
Meep progress: 223.24/500.0 = 44.6% done in 477.9s, 592.5s to go
on time step 22499 (time=224.99), 0.0225187 s/step
Meep progress: 225.02/500.0 = 45.0% done in 481.9s, 588.9s to go
on time step 22678 (time=226.78), 0.0224274 s/step
Meep progress: 226.81/500.0 = 45.4% done in 485.9s, 585.3s to go
on time step 22867 (time=228.67), 0.0211814 s/step
Meep progress: 228.7/500.0 = 45.7% done in 489.9s, 581.2s to go
on time step 23051 (time=230.51), 0.0217506 s/step
Meep progress: 230.54/500.0 = 46.1% done in 493.9s, 577.3s to go
on time step 23239 (time=232.39), 0.0213473 s/step
Meep progress: 232.42/500.0 = 46.5% done in 497.9s, 573.3s to go
on time step 23430 (time=234.3), 0.0209814 s/step
Meep progress: 234.33/500.0 = 46.9% done in 501.9s, 569.1s to go
on time step 23625 (time=236.25), 0.0205251 s/step
Meep progress: 236.29/500.0 = 47.3% done in 505.9s, 564.7s to go
on time step 23816 (time=238.16), 0.0209926 s/step
Meep progress: 238.2/500.0 = 47.6% done in 510.0s, 560.5s to go
creating output file "./reflPart0.1-ez-000240.00.h5"...
on time step 24000 (time=240), 0.0253831 s/step
Meep progress: 240.01/500.0 = 48.0% done in 514.6s, 557.4s to go
on time step 24191 (time=241.91), 0.0210099 s/step
Meep progress: 241.92/500.0 = 48.4% done in 518.6s, 553.2s to go
on time step 24386 (time=243.86), 0.0205907 s/step
Meep progress: 243.87/500.0 = 48.8% done in 522.6s, 548.9s to go
on time step 24585 (time=245.85), 0.0201269 s/step
Meep progress: 245.86/500.0 = 49.2% done in 526.6s, 544.3s to go
on time step 24775 (time=247.75), 0.0210694 s/step
Meep progress: 247.76/500.0 = 49.6% done in 530.6s, 540.2s to go
on time step 24931 (time=249.31), 0.0257261 s/step
Meep progress: 249.32/500.0 = 49.9% done in 534.6s, 537.5s to go
on time step 25105 (time=251.05), 0.0230169 s/step
Meep progress: 251.06/500.0 = 50.2% done in 538.6s, 534.1s to go
on time step 25294 (time=252.94), 0.0212584 s/step
Meep progress: 252.95/500.0 = 50.6% done in 542.7s, 530.0s to go
on time step 25484 (time=254.84), 0.0210802 s/step
Meep progress: 254.85/500.0 = 51.0% done in 546.7s, 525.8s to go
on time step 25674 (time=256.74), 0.0210784 s/step
Meep progress: 256.75/500.0 = 51.4% done in 550.7s, 521.7s to go
on time step 25865 (time=258.65), 0.0209516 s/step
Meep progress: 258.66/500.0 = 51.7% done in 554.7s, 517.5s to go
on time step 26051 (time=260.51), 0.0215205 s/step
Meep progress: 260.52/500.0 = 52.1% done in 558.7s, 513.5s to go
on time step 26242 (time=262.42), 0.0209941 s/step
Meep progress: 262.43/500.0 = 52.5% done in 562.7s, 509.4s to go
on time step 26429 (time=264.29), 0.0214558 s/step
Meep progress: 264.3/500.0 = 52.9% done in 566.7s, 505.4s to go
on time step 26624 (time=266.24), 0.0205878 s/step
Meep progress: 266.25/500.0 = 53.2% done in 570.7s, 501.0s to go
on time step 26815 (time=268.15), 0.0210274 s/step
Meep progress: 268.16/500.0 = 53.6% done in 574.7s, 496.9s to go
creating output file "./reflPart0.1-ez-000270.00.h5"...
on time step 27000 (time=270), 0.024457 s/step
Meep progress: 270.01/500.0 = 54.0% done in 579.2s, 493.4s to go
on time step 27169 (time=271.69), 0.0237998 s/step
Meep progress: 271.7/500.0 = 54.3% done in 583.3s, 490.1s to go
on time step 27333 (time=273.33), 0.0244412 s/step
Meep progress: 273.34/500.0 = 54.7% done in 587.3s, 487.0s to go
on time step 27529 (time=275.29), 0.0204442 s/step
Meep progress: 275.3/500.0 = 55.1% done in 591.3s, 482.6s to go
on time step 27740 (time=277.4), 0.0190002 s/step
Meep progress: 277.41/500.0 = 55.5% done in 595.3s, 477.7s to go
on time step 27936 (time=279.36), 0.0205008 s/step
Meep progress: 279.37/500.0 = 55.9% done in 599.3s, 473.3s to go
on time step 28128 (time=281.28), 0.0209197 s/step
Meep progress: 281.29/500.0 = 56.3% done in 603.3s, 469.1s to go
on time step 28323 (time=283.23), 0.0206047 s/step
Meep progress: 283.24/500.0 = 56.6% done in 607.3s, 464.8s to go
on time step 28530 (time=285.3), 0.0193773 s/step
Meep progress: 285.31/500.0 = 57.1% done in 611.4s, 460.0s to go
on time step 28719 (time=287.19), 0.0211659 s/step
Meep progress: 287.2/500.0 = 57.4% done in 615.4s, 455.9s to go
on time step 28917 (time=289.17), 0.0202851 s/step
Meep progress: 289.18/500.0 = 57.8% done in 619.4s, 451.5s to go
on time step 29113 (time=291.13), 0.0205121 s/step
Meep progress: 291.14/500.0 = 58.2% done in 623.4s, 447.2s to go
on time step 29301 (time=293.01), 0.0213685 s/step
Meep progress: 293.02/500.0 = 58.6% done in 627.4s, 443.2s to go
on time step 29499 (time=294.99), 0.0202591 s/step
Meep progress: 295.0/500.0 = 59.0% done in 631.4s, 438.8s to go
on time step 29695 (time=296.95), 0.020413 s/step
Meep progress: 296.96/500.0 = 59.4% done in 635.4s, 434.5s to go
on time step 29897 (time=298.97), 0.0198195 s/step
Meep progress: 298.98/500.0 = 59.8% done in 639.4s, 429.9s to go
creating output file "./reflPart0.1-ez-000300.00.h5"...
on time step 30071 (time=300.71), 0.023087 s/step
Meep progress: 300.72/500.0 = 60.1% done in 643.4s, 426.4s to go
on time step 30275 (time=302.75), 0.0196961 s/step
Meep progress: 302.76/500.0 = 60.6% done in 647.5s, 421.8s to go
Meep progress: 304.78/500.0 = 61.0% done in 651.5s, 417.3s to go
on time step 30478 (time=304.78), 0.0198111 s/step
Meep progress: 306.79/500.0 = 61.4% done in 655.5s, 412.8s to go
on time step 30679 (time=306.79), 0.0199391 s/step
Meep progress: 308.72/500.0 = 61.7% done in 659.5s, 408.6s to go
on time step 30872 (time=308.72), 0.0208287 s/step
Meep progress: 310.74/500.0 = 62.1% done in 663.5s, 404.1s to go
on time step 31074 (time=310.74), 0.0198542 s/step
Meep progress: 312.61/500.0 = 62.5% done in 667.5s, 400.1s to go
on time step 31261 (time=312.61), 0.0213992 s/step
Meep progress: 314.55/500.0 = 62.9% done in 671.5s, 395.9s to go
on time step 31455 (time=314.55), 0.0206914 s/step
Meep progress: 316.55/500.0 = 63.3% done in 675.5s, 391.5s to go
on time step 31655 (time=316.55), 0.0200917 s/step
Meep progress: 318.67/500.0 = 63.7% done in 679.5s, 386.7s to go
on time step 31868 (time=318.68), 0.0188779 s/step
Meep progress: 320.62/500.0 = 64.1% done in 683.5s, 382.4s to go
on time step 32063 (time=320.63), 0.0205732 s/step
Meep progress: 322.54/500.0 = 64.5% done in 687.6s, 378.3s to go
on time step 32255 (time=322.55), 0.0209385 s/step
Meep progress: 324.5/500.0 = 64.9% done in 691.6s, 374.0s to go
on time step 32451 (time=324.51), 0.0204758 s/step
Meep progress: 326.53/500.0 = 65.3% done in 695.6s, 369.5s to go
on time step 32654 (time=326.54), 0.01971 s/step
Meep progress: 328.43/500.0 = 65.7% done in 699.6s, 365.5s to go
on time step 32844 (time=328.44), 0.0211227 s/step
creating output file "./reflPart0.1-ez-000330.00.h5"...
on time step 33000 (time=330), 0.0260193 s/step
Meep progress: 330.01/500.0 = 66.0% done in 703.7s, 362.5s to go
on time step 33195 (time=331.95), 0.0205579 s/step
Meep progress: 331.96/500.0 = 66.4% done in 707.7s, 358.2s to go
on time step 33384 (time=333.84), 0.0212089 s/step
Meep progress: 333.85/500.0 = 66.8% done in 711.7s, 354.2s to go
on time step 33573 (time=335.73), 0.0211688 s/step
Meep progress: 335.75/500.0 = 67.2% done in 715.7s, 350.1s to go
on time step 33780 (time=337.8), 0.0193302 s/step
Meep progress: 337.82/500.0 = 67.6% done in 719.7s, 345.5s to go
on time step 33989 (time=339.89), 0.019208 s/step
Meep progress: 339.91/500.0 = 68.0% done in 723.8s, 340.9s to go
on time step 34178 (time=341.78), 0.0212591 s/step
Meep progress: 341.8/500.0 = 68.4% done in 727.8s, 336.8s to go
on time step 34367 (time=343.67), 0.0212194 s/step
Meep progress: 343.69/500.0 = 68.7% done in 731.8s, 332.8s to go
on time step 34555 (time=345.55), 0.0212934 s/step
Meep progress: 345.58/500.0 = 69.1% done in 735.8s, 328.8s to go
on time step 34766 (time=347.66), 0.0189777 s/step
Meep progress: 347.69/500.0 = 69.5% done in 739.8s, 324.1s to go
on time step 34954 (time=349.54), 0.0213889 s/step
Meep progress: 349.56/500.0 = 69.9% done in 743.8s, 320.1s to go
on time step 35146 (time=351.46), 0.0209307 s/step
Meep progress: 351.48/500.0 = 70.3% done in 747.8s, 316.0s to go
on time step 35351 (time=353.51), 0.0195807 s/step
Meep progress: 353.53/500.0 = 70.7% done in 751.8s, 311.5s to go
on time step 35547 (time=355.47), 0.0204681 s/step
Meep progress: 355.49/500.0 = 71.1% done in 755.9s, 307.3s to go
on time step 35737 (time=357.37), 0.0210765 s/step
Meep progress: 357.39/500.0 = 71.5% done in 759.9s, 303.2s to go
on time step 35927 (time=359.27), 0.0211204 s/step
Meep progress: 359.29/500.0 = 71.9% done in 763.9s, 299.2s to go
creating output file "./reflPart0.1-ez-000360.00.h5"...
on time step 36080 (time=360.8), 0.0262221 s/step
Meep progress: 360.82/500.0 = 72.2% done in 767.9s, 296.2s to go
on time step 36269 (time=362.69), 0.021255 s/step
Meep progress: 362.71/500.0 = 72.5% done in 771.9s, 292.2s to go
on time step 36458 (time=364.58), 0.0212378 s/step
Meep progress: 364.6/500.0 = 72.9% done in 775.9s, 288.1s to go
on time step 36649 (time=366.49), 0.0209751 s/step
Meep progress: 366.51/500.0 = 73.3% done in 779.9s, 284.1s to go
on time step 36837 (time=368.37), 0.0213639 s/step
Meep progress: 368.39/500.0 = 73.7% done in 783.9s, 280.1s to go
on time step 37033 (time=370.33), 0.020475 s/step
Meep progress: 370.35/500.0 = 74.1% done in 788.0s, 275.8s to go
on time step 37221 (time=372.21), 0.0213302 s/step
Meep progress: 372.23/500.0 = 74.4% done in 792.0s, 271.8s to go
on time step 37416 (time=374.16), 0.0205526 s/step
Meep progress: 374.18/500.0 = 74.8% done in 796.0s, 267.6s to go
on time step 37616 (time=376.16), 0.0200924 s/step
Meep progress: 376.17/500.0 = 75.2% done in 800.0s, 263.3s to go
on time step 37807 (time=378.07), 0.0209677 s/step
Meep progress: 378.08/500.0 = 75.6% done in 804.0s, 259.3s to go
on time step 37999 (time=379.99), 0.0209007 s/step
Meep progress: 380.0/500.0 = 76.0% done in 808.0s, 255.2s to go
on time step 38191 (time=381.91), 0.0209226 s/step
Meep progress: 381.92/500.0 = 76.4% done in 812.0s, 251.1s to go
on time step 38389 (time=383.89), 0.0202809 s/step
Meep progress: 383.9/500.0 = 76.8% done in 816.0s, 246.8s to go
on time step 38588 (time=385.88), 0.0201209 s/step
Meep progress: 385.89/500.0 = 77.2% done in 820.0s, 242.5s to go
on time step 38780 (time=387.8), 0.0208583 s/step
Meep progress: 387.81/500.0 = 77.6% done in 824.0s, 238.4s to go
on time step 38977 (time=389.77), 0.0203773 s/step
Meep progress: 389.78/500.0 = 78.0% done in 828.0s, 234.1s to go
creating output file "./reflPart0.1-ez-000390.00.h5"...
on time step 39131 (time=391.31), 0.0260702 s/step
Meep progress: 391.32/500.0 = 78.3% done in 832.1s, 231.1s to go
on time step 39317 (time=393.17), 0.021518 s/step
Meep progress: 393.18/500.0 = 78.6% done in 836.1s, 227.1s to go
on time step 39508 (time=395.08), 0.0209832 s/step
Meep progress: 395.09/500.0 = 79.0% done in 840.1s, 223.1s to go
on time step 39698 (time=396.98), 0.021057 s/step
Meep progress: 396.99/500.0 = 79.4% done in 844.1s, 219.0s to go
on time step 39893 (time=398.93), 0.0205978 s/step
Meep progress: 398.94/500.0 = 79.8% done in 848.1s, 214.8s to go
on time step 40090 (time=400.9), 0.0203194 s/step
Meep progress: 400.91/500.0 = 80.2% done in 852.1s, 210.6s to go
on time step 40288 (time=402.88), 0.0202208 s/step
Meep progress: 402.89/500.0 = 80.6% done in 856.1s, 206.3s to go
on time step 40486 (time=404.86), 0.0202712 s/step
Meep progress: 404.87/500.0 = 81.0% done in 860.1s, 202.1s to go
on time step 40677 (time=406.77), 0.0210259 s/step
Meep progress: 406.78/500.0 = 81.4% done in 864.1s, 198.0s to go
on time step 40877 (time=408.77), 0.0200021 s/step
Meep progress: 408.78/500.0 = 81.8% done in 868.1s, 193.7s to go
on time step 41077 (time=410.77), 0.0200617 s/step
Meep progress: 410.78/500.0 = 82.2% done in 872.1s, 189.4s to go
on time step 41266 (time=412.66), 0.021207 s/step
Meep progress: 412.67/500.0 = 82.5% done in 876.1s, 185.4s to go
on time step 41455 (time=414.55), 0.0212319 s/step
Meep progress: 414.56/500.0 = 82.9% done in 880.2s, 181.4s to go
on time step 41652 (time=416.52), 0.0203564 s/step
Meep progress: 416.53/500.0 = 83.3% done in 884.2s, 177.2s to go
on time step 41842 (time=418.42), 0.0211505 s/step
Meep progress: 418.43/500.0 = 83.7% done in 888.2s, 173.1s to go
creating output file "./reflPart0.1-ez-000420.00.h5"...
on time step 42000 (time=420), 0.0259571 s/step
Meep progress: 420.01/500.0 = 84.0% done in 892.3s, 169.9s to go
on time step 42190 (time=421.9), 0.021162 s/step
Meep progress: 421.91/500.0 = 84.4% done in 896.3s, 165.9s to go
on time step 42383 (time=423.83), 0.0207305 s/step
Meep progress: 423.84/500.0 = 84.8% done in 900.3s, 161.8s to go
on time step 42587 (time=425.87), 0.0196609 s/step
Meep progress: 425.88/500.0 = 85.2% done in 904.3s, 157.4s to go
on time step 42798 (time=427.98), 0.018976 s/step
Meep progress: 427.99/500.0 = 85.6% done in 908.3s, 152.8s to go
on time step 43007 (time=430.07), 0.0192068 s/step
Meep progress: 430.08/500.0 = 86.0% done in 912.3s, 148.3s to go
on time step 43216 (time=432.16), 0.0192271 s/step
Meep progress: 432.17/500.0 = 86.4% done in 916.4s, 143.8s to go
on time step 43428 (time=434.28), 0.0189146 s/step
Meep progress: 434.29/500.0 = 86.9% done in 920.4s, 139.3s to go
on time step 43637 (time=436.37), 0.0192162 s/step
Meep progress: 436.38/500.0 = 87.3% done in 924.4s, 134.8s to go
on time step 43846 (time=438.46), 0.0191626 s/step
Meep progress: 438.47/500.0 = 87.7% done in 928.4s, 130.3s to go
on time step 44058 (time=440.58), 0.0189566 s/step
Meep progress: 440.59/500.0 = 88.1% done in 932.4s, 125.7s to go
on time step 44268 (time=442.68), 0.0190611 s/step
Meep progress: 442.69/500.0 = 88.5% done in 936.4s, 121.2s to go
on time step 44478 (time=444.78), 0.0190937 s/step
Meep progress: 444.79/500.0 = 89.0% done in 940.4s, 116.7s to go
on time step 44691 (time=446.91), 0.018794 s/step
Meep progress: 446.92/500.0 = 89.4% done in 944.4s, 112.2s to go
on time step 44903 (time=449.03), 0.0189348 s/step
Meep progress: 449.04/500.0 = 89.8% done in 948.4s, 107.6s to go
creating output file "./reflPart0.1-ez-000450.00.h5"...
on time step 45071 (time=450.71), 0.023824 s/step
Meep progress: 450.72/500.0 = 90.1% done in 952.4s, 104.1s to go
on time step 45280 (time=452.8), 0.0192003 s/step
Meep progress: 452.81/500.0 = 90.6% done in 956.4s, 99.7s to go
on time step 45489 (time=454.89), 0.0191535 s/step
Meep progress: 454.9/500.0 = 91.0% done in 960.5s, 95.2s to go
on time step 45699 (time=456.99), 0.0190994 s/step
Meep progress: 457.0/500.0 = 91.4% done in 964.5s, 90.7s to go
on time step 45909 (time=459.09), 0.0191122 s/step
Meep progress: 459.1/500.0 = 91.8% done in 968.5s, 86.3s to go
on time step 46119 (time=461.19), 0.0191187 s/step
Meep progress: 461.2/500.0 = 92.2% done in 972.5s, 81.8s to go
on time step 46328 (time=463.28), 0.0191496 s/step
Meep progress: 463.29/500.0 = 92.7% done in 976.5s, 77.4s to go
on time step 46538 (time=465.38), 0.0191197 s/step
Meep progress: 465.39/500.0 = 93.1% done in 980.5s, 72.9s to go
on time step 46749 (time=467.49), 0.0189647 s/step
Meep progress: 467.5/500.0 = 93.5% done in 984.5s, 68.4s to go
on time step 46963 (time=469.63), 0.0187244 s/step
Meep progress: 469.64/500.0 = 93.9% done in 988.5s, 63.9s to go
on time step 47181 (time=471.81), 0.0184152 s/step
Meep progress: 471.82/500.0 = 94.4% done in 992.5s, 59.3s to go
on time step 47398 (time=473.98), 0.0185142 s/step
Meep progress: 473.99/500.0 = 94.8% done in 996.5s, 54.7s to go
on time step 47608 (time=476.08), 0.0190954 s/step
Meep progress: 476.09/500.0 = 95.2% done in 1000.6s, 50.2s to go
on time step 47819 (time=478.19), 0.0190085 s/step
Meep progress: 478.2/500.0 = 95.6% done in 1004.6s, 45.8s to go
creating output file "./reflPart0.1-ez-000480.00.h5"...
on time step 48006 (time=480.06), 0.0214187 s/step
Meep progress: 480.07/500.0 = 96.0% done in 1008.6s, 41.9s to go
on time step 48223 (time=482.23), 0.0184572 s/step
Meep progress: 482.24/500.0 = 96.4% done in 1012.6s, 37.3s to go
on time step 48441 (time=484.41), 0.0183839 s/step
Meep progress: 484.42/500.0 = 96.9% done in 1016.6s, 32.7s to go
on time step 48660 (time=486.6), 0.0183426 s/step
Meep progress: 486.61/500.0 = 97.3% done in 1020.6s, 28.1s to go
on time step 48887 (time=488.87), 0.0176762 s/step
Meep progress: 488.88/500.0 = 97.8% done in 1024.6s, 23.3s to go
on time step 49117 (time=491.17), 0.0174426 s/step
Meep progress: 491.18/500.0 = 98.2% done in 1028.6s, 18.5s to go
on time step 49347 (time=493.47), 0.0174567 s/step
Meep progress: 493.48/500.0 = 98.7% done in 1032.6s, 13.6s to go
on time step 49577 (time=495.77), 0.0174437 s/step
Meep progress: 495.78/500.0 = 99.2% done in 1036.7s, 8.8s to go
on time step 49801 (time=498.01), 0.0178609 s/step
Meep progress: 498.02/500.0 = 99.6% done in 1040.7s, 4.1s to go
run 0 finished at t = 500.0 (50000 timesteps)
flux1:, 0.41, -2.52409759986227e-13
flux1:, 0.415050505050505, -2.58987875167489e-13
flux1:, 0.42010101010101, -2.8034837637647e-13
flux1:, 0.425151515151515, -2.96454502734762e-13
flux1:, 0.43020202020202, -2.98307409615934e-13
flux1:, 0.435252525252525, -3.09038282566224e-13
flux1:, 0.44030303030303, -3.3729467169975e-13
flux1:, 0.445353535353535, -3.56653588184646e-13
flux1:, 0.45040404040404, -3.60416164790885e-13
flux1:, 0.455454545454545, -3.78849491436969e-13
flux1:, 0.46050505050505, -4.15043756628521e-13
flux1:, 0.465555555555555, -4.3926731089043e-13
flux1:, 0.47060606060606, -4.49518735003126e-13
flux1:, 0.475656565656565, -4.78694739362026e-13
flux1:, 0.48070707070707, -5.26888178663804e-13
flux1:, 0.485757575757575, -5.52926450775822e-13
flux1:, 0.49080808080808, -5.49943908102023e-13
flux1:, 0.495858585858586, -5.37243770697678e-13
flux1:, 0.500909090909091, -4.71048299218921e-13
flux1:, 0.505959595959596, 5.48375890383766e-14
flux1:, 0.511010101010101, 3.20538836897328e-12
flux1:, 0.516060606060606, 2.00391259685528e-11
flux1:, 0.521111111111111, 9.83501353599334e-11
flux1:, 0.526161616161616, 4.3068329972007e-10
flux1:, 0.531212121212121, 1.74701521493272e-9
flux1:, 0.536262626262626, 6.69574276700642e-9
flux1:, 0.541313131313131, 2.44038506649817e-8
flux1:, 0.546363636363636, 8.46456786459846e-8
flux1:, 0.551414141414141, 2.79024454436613e-7
flux1:, 0.556464646464646, 8.73672668111272e-7
flux1:, 0.561515151515152, 2.60138947717374e-6
flux1:, 0.566565656565657, 7.36705180955679e-6
flux1:, 0.571616161616162, 1.98341709886741e-5
flux1:, 0.576666666666667, 5.0818873223783e-5
flux1:, 0.581717171717172, 1.24053235728863e-4
flux1:, 0.586767676767677, 2.88266902232203e-4
flux1:, 0.591818181818182, 6.37268566907302e-4
flux1:, 0.596868686868687, 0.00134079106193305
flux1:, 0.601919191919192, 0.00268354074063635
flux1:, 0.606969696969697, 0.0051034238282569
flux1:, 0.612020202020202, 0.00921897222416652
flux1:, 0.617070707070707, 0.0158158000185133
flux1:, 0.622121212121213, 0.0257546217200881
flux1:, 0.627171717171718, 0.0397719171324461
flux1:, 0.632222222222223, 0.058204384356133
flux1:, 0.637272727272728, 0.0809231634035328
flux1:, 0.642323232323233, 0.107492190890226
flux1:, 0.647373737373738, 0.136580636137263
flux1:, 0.652424242424243, 0.165151550371744
flux1:, 0.657474747474748, 0.18924704185702
flux1:, 0.662525252525253, 0.205765018471909
flux1:, 0.667575757575758, 0.212597700502365
flux1:, 0.672626262626263, 0.208217742251894
flux1:, 0.677676767676768, 0.192287089406389
flux1:, 0.682727272727274, 0.166755759397798
flux1:, 0.687777777777779, 0.136228356606953
flux1:, 0.692828282828284, 0.106314500949749
flux1:, 0.697878787878789, 0.0808246175146211
flux1:, 0.702929292929294, 0.0604680994682645
flux1:, 0.707979797979799, 0.0439400924073635
flux1:, 0.713030303030304, 0.0300706354463527
flux1:, 0.718080808080809, 0.0188656506249069
flux1:, 0.723131313131314, 0.0107906125059909
flux1:, 0.728181818181819, 0.00574993435476985
flux1:, 0.733232323232324, 0.00297348585197033
flux1:, 0.738282828282829, 0.00153965211461622
flux1:, 0.743333333333335, 7.90169821600276e-4
flux1:, 0.74838383838384, 3.84875880213811e-4
flux1:, 0.753434343434345, 1.71288702643576e-4
flux1:, 0.75848484848485, 6.90219227665849e-5
flux1:, 0.763535353535355, 2.57342609078765e-5
flux1:, 0.76858585858586, 9.26062417463532e-6
flux1:, 0.773636363636365, 3.32977623883807e-6
flux1:, 0.77868686868687, 1.18962115155334e-6
flux1:, 0.783737373737375, 4.06069527327067e-7
flux1:, 0.78878787878788, 1.27727329318145e-7
flux1:, 0.793838383838385, 3.65693479205307e-8
flux1:, 0.79888888888889, 9.66578125648093e-9
flux1:, 0.803939393939396, 2.43397913463015e-9
flux1:, 0.808989898989901, 5.9981000158204e-10
flux1:, 0.814040404040406, 1.43846777701402e-10
flux1:, 0.819090909090911, 3.1785327326901e-11
flux1:, 0.824141414141416, 5.99462520100593e-12
flux1:, 0.829191919191921, 7.62614357966936e-13
flux1:, 0.834242424242426, -1.46560557355457e-13
flux1:, 0.839292929292931, -3.11537822593575e-13
flux1:, 0.844343434343436, -3.65238481597255e-13
flux1:, 0.849393939393941, -4.00912813207538e-13
flux1:, 0.854444444444446, -3.85153544765845e-13
flux1:, 0.859494949494951, -3.30947329942406e-13
flux1:, 0.864545454545457, -3.0660294308636e-13
flux1:, 0.869595959595962, -3.12596154147375e-13
flux1:, 0.874646464646467, -2.92070366285666e-13
flux1:, 0.879696969696972, -2.50655558601538e-13
flux1:, 0.884747474747477, -2.38940258488378e-13
flux1:, 0.889797979797982, -2.50788396897735e-13
flux1:, 0.894848484848487, -2.32886459241431e-13
flux1:, 0.899898989898992, -1.98045954075815e-13
flux1:, 0.904949494949497, -1.94727262556578e-13
flux1:, 0.910000000000002, -2.05295721597008e-13
flux1:, 0.41, 7.89162170929675e-15
flux1:, 0.415050505050505, 1.10273126749717e-14
flux1:, 0.42010101010101, 3.35409476075941e-15
flux1:, 0.425151515151515, 3.63976086770821e-15
flux1:, 0.43020202020202, 1.75994160149785e-14
flux1:, 0.435252525252525, 2.10492422710201e-14
flux1:, 0.44030303030303, 6.54272263759305e-15
flux1:, 0.445353535353535, 1.34525130275213e-15
flux1:, 0.45040404040404, 1.43959436204334e-14
flux1:, 0.455454545454545, 1.78559701391435e-14
flux1:, 0.46050505050505, 5.36192614184293e-15
flux1:, 0.465555555555555, 5.63544046028599e-15
flux1:, 0.47060606060606, 2.03729525615941e-14
flux1:, 0.475656565656565, 1.79179267791349e-14
flux1:, 0.48070707070707, 1.40151610653799e-15
flux1:, 0.485757575757575, 1.32137360551898e-14
flux1:, 0.49080808080808, 6.19139361455895e-14
flux1:, 0.495858585858586, 1.23442378986604e-13
flux1:, 0.500909090909091, 2.53439267530791e-13
flux1:, 0.505959595959596, 8.5862686520915e-13
flux1:, 0.511010101010101, 4.15472166471015e-12
flux1:, 0.516060606060606, 2.09878822012466e-11
flux1:, 0.521111111111111, 9.84735774050094e-11
flux1:, 0.526161616161616, 4.26804871220217e-10
flux1:, 0.531212121212121, 1.73619472945026e-9
flux1:, 0.536262626262626, 6.69438450403966e-9
flux1:, 0.541313131313131, 2.44910225642503e-8
flux1:, 0.546363636363636, 8.49002530614663e-8
flux1:, 0.551414141414141, 2.78771089611856e-7
flux1:, 0.556464646464646, 8.68705369265265e-7
flux1:, 0.561515151515152, 2.58123426161759e-6
flux1:, 0.566565656565657, 7.32334181258509e-6
flux1:, 0.571616161616162, 1.98231828112269e-5
flux1:, 0.576666666666667, 5.11506667766488e-5
flux1:, 0.581717171717172, 1.25461590659024e-4
flux1:, 0.586767676767677, 2.91869445540374e-4
flux1:, 0.591818181818182, 6.43503676477401e-4
flux1:, 0.596868686868687, 0.00134593727704221
flux1:, 0.601919191919192, 0.00267652387094961
flux1:, 0.606969696969697, 0.00506329932443375
flux1:, 0.612020202020202, 0.00911307625048753
flux1:, 0.617070707070707, 0.0156032874309214
flux1:, 0.622121212121213, 0.0253821882530954
flux1:, 0.627171717171718, 0.0391814777678604
flux1:, 0.632222222222223, 0.0573665246371315
flux1:, 0.637272727272728, 0.0800129676497353
flux1:, 0.642323232323233, 0.106874004028889
flux1:, 0.647373737373738, 0.136204113735693
flux1:, 0.652424242424243, 0.164767366588961
flux1:, 0.657474747474748, 0.189074777438027
flux1:, 0.662525252525253, 0.205829520835032
flux1:, 0.667575757575758, 0.212804091850338
flux1:, 0.672626262626263, 0.208668213899527
flux1:, 0.677676767676768, 0.192954608883227
flux1:, 0.682727272727274, 0.167648277286903
flux1:, 0.687777777777779, 0.137226645834915
flux1:, 0.692828282828284, 0.107153063852745
flux1:, 0.697878787878789, 0.0813669984083466
flux1:, 0.702929292929294, 0.0606637711760655
flux1:, 0.707979797979799, 0.0438798496401136
flux1:, 0.713030303030304, 0.0299422845898995
flux1:, 0.718080808080809, 0.0187964373872098
flux1:, 0.723131313131314, 0.010795493474131
flux1:, 0.728181818181819, 0.00578349202614201
flux1:, 0.733232323232324, 0.0030043498202685
flux1:, 0.738282828282829, 0.00155820733853679
flux1:, 0.743333333333335, 7.97529810101675e-4
flux1:, 0.74838383838384, 3.86666996174221e-4
flux1:, 0.753434343434345, 1.71486163787588e-4
flux1:, 0.75848484848485, 6.90273572658153e-5
flux1:, 0.763535353535355, 2.57728500165845e-5
flux1:, 0.76858585858586, 9.29984910307027e-6
flux1:, 0.773636363636365, 3.35032399313835e-6
flux1:, 0.77868686868687, 1.19638539369044e-6
flux1:, 0.783737373737375, 4.07642921875493e-7
flux1:, 0.78878787878788, 1.28031983109428e-7
flux1:, 0.793838383838385, 3.66494743624396e-8
flux1:, 0.79888888888889, 9.6951370344215e-9
flux1:, 0.803939393939396, 2.44320073991588e-9
flux1:, 0.808989898989901, 6.02759112086667e-10
flux1:, 0.814040404040406, 1.44761443301089e-10
flux1:, 0.819090909090911, 3.24417344091421e-11
flux1:, 0.824141414141416, 6.58223034073564e-12
flux1:, 0.829191919191921, 1.33311570983545e-12
flux1:, 0.834242424242426, 3.75879916398074e-13
flux1:, 0.839292929292931, 1.7376985868825e-13
flux1:, 0.844343434343436, 8.22777978813073e-14
flux1:, 0.849393939393941, 1.66181766519956e-14
flux1:, 0.854444444444446, 6.10275383088e-15
flux1:, 0.859494949494951, 3.67119348331353e-14
flux1:, 0.864545454545457, 4.03113034624362e-14
flux1:, 0.869595959595962, 1.08692565957639e-14
flux1:, 0.874646464646467, 9.05217584992708e-15
flux1:, 0.879696969696972, 3.2194937173563e-14
flux1:, 0.884747474747477, 2.7013363494324e-14
flux1:, 0.889797979797982, 5.14461725238738e-15
flux1:, 0.894848484848487, 1.32519325792312e-14
flux1:, 0.899898989898992, 3.68725352945491e-14
flux1:, 0.904949494949497, 2.98292245727146e-14
flux1:, 0.910000000000002, 5.8053549494228e-15

Elapsed run time = 1053.29 s

Some deprecated features have been used.  Set the environment
variable GUILE_WARN_DEPRECATED to "detailed" and rerun the
program to get more information.  Set it to "no" to suppress
this message.
