-----------
Initializing structure...
Working in 2D dimensions.
Computational cell is 100 x 6 x 0 with resolution 50
     block, center = (10,1.775,0)
          size (80,3,1e+20)
          axes (1,0,0), (0,1,0), (0,0,1)
          dielectric constant epsilon diagonal = (9,9,9)
     block, center = (10,0.275,0)
          size (80,0.05,1e+20)
          axes (1,0,0), (0,1,0), (0,0,1)
          dielectric constant epsilon diagonal = (4,4,4)
     block, center = (-15,0.245,0)
          size (70,0.01,1e+20)
          axes (1,0,0), (0,1,0), (0,0,1)
          dielectric constant epsilon diagonal = (11.68,11.68,11.68)
     block, center = (30,0.245,0)
          size (20,0.01,1e+20)
          axes (1,0,0), (0,1,0), (0,0,1)
          dielectric constant epsilon diagonal = (11.673,11.673,11.673)
     block, center = (45,0.245,0)
          size (10,0.01,1e+20)
          axes (1,0,0), (0,1,0), (0,0,1)
          dielectric constant epsilon diagonal = (11.68,11.68,11.68)
     block, center = (0,0,0)
          size (1e+20,0.48,1e+20)
          axes (1,0,0), (0,1,0), (0,0,1)
          dielectric constant epsilon diagonal = (11.68,11.68,11.68)
     block, center = (-15,-0.245,0)
          size (70,0.01,1e+20)
          axes (1,0,0), (0,1,0), (0,0,1)
          dielectric constant epsilon diagonal = (11.68,11.68,11.68)
     block, center = (30,-0.245,0)
          size (20,0.01,1e+20)
          axes (1,0,0), (0,1,0), (0,0,1)
          dielectric constant epsilon diagonal = (11.673,11.673,11.673)
     block, center = (45,-0.245,0)
          size (10,0.01,1e+20)
          axes (1,0,0), (0,1,0), (0,0,1)
          dielectric constant epsilon diagonal = (11.68,11.68,11.68)
     block, center = (10,-1,0)
          size (80,1.5,1e+20)
          axes (1,0,0), (0,1,0), (0,0,1)
          dielectric constant epsilon diagonal = (9,9,9)
     block, center = (10,-2.25,0)
          size (80,1,1e+20)
          axes (1,0,0), (0,1,0), (0,0,1)
          dielectric constant epsilon diagonal = (9,9,9)
time for set_epsilon = 9.33888 s
-----------
creating output file "./reflPart0.001-eps-000000.00.h5"...
Meep progress: 1.64/500.0 = 0.3% done in 4.0s, 1219.7s to go
on time step 171 (time=1.71), 0.0234081 s/step
Meep progress: 3.57/500.0 = 0.7% done in 8.0s, 1114.6s to go
on time step 364 (time=3.64), 0.0208078 s/step
Meep progress: 5.45/500.0 = 1.1% done in 12.0s, 1091.0s to go
on time step 552 (time=5.52), 0.0213224 s/step
Meep progress: 7.25/500.0 = 1.4% done in 16.0s, 1089.6s to go
on time step 732 (time=7.32), 0.0222902 s/step
Meep progress: 9.08/500.0 = 1.8% done in 20.0s, 1083.9s to go
on time step 916 (time=9.16), 0.0218243 s/step
Meep progress: 10.89/500.0 = 2.2% done in 24.1s, 1081.0s to go
on time step 1095 (time=10.95), 0.0224702 s/step
Meep progress: 12.67/500.0 = 2.5% done in 28.1s, 1079.7s to go
on time step 1274 (time=12.74), 0.0224187 s/step
Meep progress: 14.33/500.0 = 2.9% done in 32.1s, 1087.0s to go
on time step 1441 (time=14.41), 0.0239953 s/step
Meep progress: 16.14/500.0 = 3.2% done in 36.1s, 1081.5s to go
on time step 1622 (time=16.22), 0.0221469 s/step
Meep progress: 18.09/500.0 = 3.6% done in 40.1s, 1067.7s to go
on time step 1818 (time=18.18), 0.0205119 s/step
Meep progress: 19.77/500.0 = 4.0% done in 44.1s, 1071.2s to go
on time step 1986 (time=19.86), 0.0239073 s/step
Meep progress: 21.66/500.0 = 4.3% done in 48.1s, 1062.6s to go
on time step 2175 (time=21.75), 0.0212545 s/step
Meep progress: 23.54/500.0 = 4.7% done in 52.1s, 1054.8s to go
on time step 2364 (time=23.64), 0.0212754 s/step
Meep progress: 25.43/500.0 = 5.1% done in 56.1s, 1047.5s to go
on time step 2553 (time=25.53), 0.0212479 s/step
Meep progress: 27.31/500.0 = 5.5% done in 60.1s, 1040.9s to go
on time step 2741 (time=27.41), 0.0213155 s/step
Meep progress: 29.17/500.0 = 5.8% done in 64.1s, 1035.3s to go
on time step 2927 (time=29.27), 0.0215432 s/step
creating output file "./reflPart0.001-ez-000030.00.h5"...
Meep progress: 30.7/500.0 = 6.1% done in 68.2s, 1042.0s to go
on time step 3080 (time=30.8), 0.0262423 s/step
Meep progress: 32.57/500.0 = 6.5% done in 72.2s, 1035.7s to go
on time step 3267 (time=32.67), 0.021421 s/step
Meep progress: 34.43/500.0 = 6.9% done in 76.2s, 1030.1s to go
on time step 3453 (time=34.53), 0.0215762 s/step
Meep progress: 36.33/500.0 = 7.3% done in 80.2s, 1023.5s to go
on time step 3643 (time=36.43), 0.0211138 s/step
Meep progress: 38.22/500.0 = 7.6% done in 84.2s, 1017.4s to go
on time step 3832 (time=38.32), 0.0212778 s/step
Meep progress: 40.04/500.0 = 8.0% done in 88.2s, 1013.3s to go
on time step 4016 (time=40.16), 0.0218346 s/step
Meep progress: 41.96/500.0 = 8.4% done in 92.2s, 1006.8s to go
on time step 4207 (time=42.07), 0.0210492 s/step
Meep progress: 43.83/500.0 = 8.8% done in 96.2s, 1001.6s to go
on time step 4394 (time=43.94), 0.0214455 s/step
Meep progress: 45.71/500.0 = 9.1% done in 100.3s, 996.4s to go
on time step 4582 (time=45.82), 0.0213373 s/step
Meep progress: 47.67/500.0 = 9.5% done in 104.3s, 989.4s to go
on time step 4778 (time=47.78), 0.0204798 s/step
Meep progress: 49.56/500.0 = 9.9% done in 108.3s, 984.1s to go
on time step 4967 (time=49.67), 0.0212345 s/step
Meep progress: 51.47/500.0 = 10.3% done in 112.3s, 978.6s to go
on time step 5159 (time=51.59), 0.0209081 s/step
Meep progress: 53.26/500.0 = 10.7% done in 116.3s, 975.5s to go
on time step 5335 (time=53.35), 0.0227395 s/step
Meep progress: 55.23/500.0 = 11.0% done in 120.3s, 968.9s to go
on time step 5536 (time=55.36), 0.0199844 s/step
Meep progress: 57.35/500.0 = 11.5% done in 124.3s, 959.5s to go
on time step 5747 (time=57.47), 0.0190505 s/step
Meep progress: 59.44/500.0 = 11.9% done in 128.3s, 951.1s to go
on time step 5958 (time=59.58), 0.0189827 s/step
creating output file "./reflPart0.001-ez-000060.00.h5"...
Meep progress: 61.25/500.0 = 12.2% done in 132.3s, 947.8s to go
on time step 6139 (time=61.39), 0.0221072 s/step
Meep progress: 63.18/500.0 = 12.6% done in 136.3s, 942.5s to go
on time step 6332 (time=63.32), 0.0207384 s/step
Meep progress: 65.2/500.0 = 13.0% done in 140.3s, 935.8s to go
on time step 6534 (time=65.34), 0.019832 s/step
Meep progress: 67.34/500.0 = 13.5% done in 144.3s, 927.3s to go
on time step 6748 (time=67.48), 0.0187183 s/step
Meep progress: 69.52/500.0 = 13.9% done in 148.3s, 918.6s to go
on time step 6966 (time=69.66), 0.0183919 s/step
Meep progress: 71.58/500.0 = 14.3% done in 152.3s, 911.8s to go
on time step 7172 (time=71.72), 0.0194389 s/step
Meep progress: 73.71/500.0 = 14.7% done in 156.4s, 904.2s to go
on time step 7385 (time=73.85), 0.0188093 s/step
Meep progress: 75.76/500.0 = 15.2% done in 160.4s, 898.0s to go
on time step 7590 (time=75.9), 0.0195502 s/step
Meep progress: 77.97/500.0 = 15.6% done in 164.4s, 889.6s to go
on time step 7811 (time=78.11), 0.0181076 s/step
Meep progress: 79.97/500.0 = 16.0% done in 168.4s, 884.4s to go
on time step 8009 (time=80.09), 0.0202612 s/step
Meep progress: 82.09/500.0 = 16.4% done in 172.4s, 877.6s to go
on time step 8222 (time=82.22), 0.0187896 s/step
Meep progress: 84.25/500.0 = 16.8% done in 176.4s, 870.4s to go
on time step 8439 (time=84.39), 0.0184961 s/step
Meep progress: 86.24/500.0 = 17.2% done in 180.4s, 865.5s to go
on time step 8637 (time=86.37), 0.0202244 s/step
Meep progress: 88.44/500.0 = 17.7% done in 184.4s, 858.2s to go
on time step 8858 (time=88.58), 0.0181692 s/step
creating output file "./reflPart0.001-ez-000090.00.h5"...
Meep progress: 90.32/500.0 = 18.1% done in 188.4s, 854.6s to go
on time step 9046 (time=90.46), 0.0213452 s/step
Meep progress: 92.22/500.0 = 18.4% done in 192.4s, 850.8s to go
on time step 9235 (time=92.35), 0.0211732 s/step
Meep progress: 94.33/500.0 = 18.9% done in 196.4s, 844.7s to go
on time step 9446 (time=94.46), 0.0190426 s/step
Meep progress: 96.38/500.0 = 19.3% done in 200.4s, 839.4s to go
on time step 9652 (time=96.52), 0.0194748 s/step
Meep progress: 98.49/500.0 = 19.7% done in 204.5s, 833.5s to go
on time step 9862 (time=98.62), 0.0191401 s/step
Meep progress: 100.39/500.0 = 20.1% done in 208.5s, 829.8s to go
on time step 10052 (time=100.52), 0.0210834 s/step
Meep progress: 102.4/500.0 = 20.5% done in 212.5s, 825.0s to go
on time step 10255 (time=102.55), 0.019717 s/step
Meep progress: 104.48/500.0 = 20.9% done in 216.5s, 819.5s to go
on time step 10463 (time=104.63), 0.01928 s/step
Meep progress: 106.63/500.0 = 21.3% done in 220.5s, 813.4s to go
on time step 10678 (time=106.78), 0.0186606 s/step
Meep progress: 108.77/500.0 = 21.8% done in 224.5s, 807.5s to go
on time step 10892 (time=108.92), 0.0187558 s/step
Meep progress: 110.96/500.0 = 22.2% done in 228.5s, 801.2s to go
on time step 11111 (time=111.11), 0.0182721 s/step
Meep progress: 113.13/500.0 = 22.6% done in 232.5s, 795.1s to go
on time step 11328 (time=113.28), 0.0185109 s/step
Meep progress: 115.3/500.0 = 23.1% done in 236.5s, 789.1s to go
on time step 11546 (time=115.46), 0.0184279 s/step
Meep progress: 117.4/500.0 = 23.5% done in 240.5s, 783.9s to go
on time step 11753 (time=117.53), 0.0193251 s/step
Meep progress: 119.39/500.0 = 23.9% done in 244.5s, 779.6s to go
on time step 11954 (time=119.54), 0.0199074 s/step
creating output file "./reflPart0.001-ez-000120.00.h5"...
Meep progress: 121.23/500.0 = 24.2% done in 248.6s, 776.6s to go
on time step 12138 (time=121.38), 0.0217949 s/step
Meep progress: 123.27/500.0 = 24.7% done in 252.6s, 771.9s to go
on time step 12342 (time=123.42), 0.0196675 s/step
Meep progress: 125.47/500.0 = 25.1% done in 256.6s, 765.8s to go
on time step 12562 (time=125.62), 0.0182067 s/step
Meep progress: 127.67/500.0 = 25.5% done in 260.6s, 759.9s to go
on time step 12782 (time=127.82), 0.0182331 s/step
Meep progress: 129.75/500.0 = 26.0% done in 264.6s, 755.0s to go
on time step 12988 (time=129.88), 0.0194937 s/step
Meep progress: 131.81/500.0 = 26.4% done in 268.6s, 750.3s to go
on time step 13195 (time=131.95), 0.0194272 s/step
Meep progress: 133.83/500.0 = 26.8% done in 272.6s, 745.8s to go
on time step 13400 (time=134), 0.0195775 s/step
Meep progress: 136.03/500.0 = 27.2% done in 276.6s, 740.1s to go
on time step 13621 (time=136.21), 0.0181518 s/step
Meep progress: 138.23/500.0 = 27.6% done in 280.6s, 734.4s to go
on time step 13840 (time=138.4), 0.0183034 s/step
Meep progress: 140.32/500.0 = 28.1% done in 284.6s, 729.6s to go
on time step 14049 (time=140.49), 0.0191893 s/step
Meep progress: 142.51/500.0 = 28.5% done in 288.6s, 724.0s to go
on time step 14268 (time=142.68), 0.0182724 s/step
Meep progress: 144.7/500.0 = 28.9% done in 292.6s, 718.5s to go
on time step 14487 (time=144.87), 0.0182906 s/step
Meep progress: 146.87/500.0 = 29.4% done in 296.6s, 713.2s to go
on time step 14704 (time=147.04), 0.0184701 s/step
Meep progress: 148.97/500.0 = 29.8% done in 300.6s, 708.4s to go
on time step 14912 (time=149.12), 0.0193051 s/step
creating output file "./reflPart0.001-ez-000150.00.h5"...
Meep progress: 150.72/500.0 = 30.1% done in 304.7s, 706.0s to go
on time step 15089 (time=150.89), 0.0226285 s/step
Meep progress: 152.91/500.0 = 30.6% done in 308.7s, 700.7s to go
on time step 15308 (time=153.08), 0.0183253 s/step
Meep progress: 155.11/500.0 = 31.0% done in 312.7s, 695.3s to go
on time step 15528 (time=155.28), 0.0182268 s/step
Meep progress: 157.31/500.0 = 31.5% done in 316.7s, 689.9s to go
on time step 15748 (time=157.48), 0.0182259 s/step
Meep progress: 159.51/500.0 = 31.9% done in 320.7s, 684.6s to go
on time step 15967 (time=159.67), 0.0182706 s/step
Meep progress: 161.72/500.0 = 32.3% done in 324.7s, 679.3s to go
on time step 16188 (time=161.88), 0.0181665 s/step
Meep progress: 163.91/500.0 = 32.8% done in 328.7s, 674.1s to go
on time step 16407 (time=164.07), 0.0182893 s/step
Meep progress: 166.12/500.0 = 33.2% done in 332.8s, 668.8s to go
on time step 16628 (time=166.28), 0.01817 s/step
Meep progress: 168.31/500.0 = 33.7% done in 336.8s, 663.7s to go
on time step 16847 (time=168.47), 0.0183128 s/step
Meep progress: 170.42/500.0 = 34.1% done in 340.8s, 659.0s to go
on time step 17057 (time=170.57), 0.0190623 s/step
Meep progress: 172.59/500.0 = 34.5% done in 344.8s, 654.1s to go
on time step 17275 (time=172.75), 0.0183962 s/step
Meep progress: 174.78/500.0 = 35.0% done in 348.8s, 649.0s to go
on time step 17494 (time=174.94), 0.0182703 s/step
Meep progress: 176.98/500.0 = 35.4% done in 352.8s, 643.9s to go
on time step 17714 (time=177.14), 0.0182448 s/step
Meep progress: 179.18/500.0 = 35.8% done in 356.8s, 638.9s to go
on time step 17934 (time=179.34), 0.0182384 s/step
creating output file "./reflPart0.001-ez-000180.00.h5"...
Meep progress: 180.97/500.0 = 36.2% done in 360.8s, 636.1s to go
on time step 18113 (time=181.13), 0.0223961 s/step
Meep progress: 183.07/500.0 = 36.6% done in 364.8s, 631.6s to go
on time step 18323 (time=183.23), 0.0191159 s/step
Meep progress: 185.27/500.0 = 37.1% done in 368.8s, 626.6s to go
on time step 18542 (time=185.42), 0.0183333 s/step
Meep progress: 187.41/500.0 = 37.5% done in 372.8s, 621.9s to go
on time step 18757 (time=187.57), 0.0186187 s/step
Meep progress: 189.61/500.0 = 37.9% done in 376.8s, 616.9s to go
on time step 18977 (time=189.77), 0.0182101 s/step
Meep progress: 191.8/500.0 = 38.4% done in 380.9s, 612.0s to go
on time step 19196 (time=191.96), 0.0182668 s/step
Meep progress: 193.99/500.0 = 38.8% done in 384.9s, 607.1s to go
on time step 19414 (time=194.14), 0.0183517 s/step
Meep progress: 196.19/500.0 = 39.2% done in 388.9s, 602.2s to go
on time step 19635 (time=196.35), 0.0181627 s/step
Meep progress: 198.4/500.0 = 39.7% done in 392.9s, 597.3s to go
on time step 19855 (time=198.55), 0.0182168 s/step
Meep progress: 200.6/500.0 = 40.1% done in 396.9s, 592.4s to go
on time step 20075 (time=200.75), 0.0181885 s/step
Meep progress: 202.81/500.0 = 40.6% done in 400.9s, 587.5s to go
on time step 20296 (time=202.96), 0.0181801 s/step
Meep progress: 205.02/500.0 = 41.0% done in 404.9s, 582.6s to go
on time step 20517 (time=205.17), 0.0181697 s/step
Meep progress: 207.14/500.0 = 41.4% done in 408.9s, 578.2s to go
on time step 20726 (time=207.26), 0.0191426 s/step
Meep progress: 209.27/500.0 = 41.9% done in 413.0s, 573.7s to go
on time step 20941 (time=209.41), 0.0186392 s/step
creating output file "./reflPart0.001-ez-000210.00.h5"...
Meep progress: 211.07/500.0 = 42.2% done in 417.0s, 570.8s to go
on time step 21121 (time=211.21), 0.0222913 s/step
Meep progress: 213.27/500.0 = 42.7% done in 421.0s, 566.0s to go
on time step 21341 (time=213.41), 0.0182334 s/step
Meep progress: 215.44/500.0 = 43.1% done in 425.0s, 561.3s to go
on time step 21558 (time=215.58), 0.0184555 s/step
Meep progress: 217.64/500.0 = 43.5% done in 429.0s, 556.6s to go
on time step 21777 (time=217.77), 0.0182781 s/step
Meep progress: 219.62/500.0 = 43.9% done in 433.0s, 552.8s to go
on time step 21975 (time=219.75), 0.0202177 s/step
Meep progress: 221.81/500.0 = 44.4% done in 437.0s, 548.1s to go
on time step 22194 (time=221.94), 0.0182692 s/step
Meep progress: 223.8/500.0 = 44.8% done in 441.0s, 544.3s to go
on time step 22391 (time=223.91), 0.020343 s/step
Meep progress: 225.83/500.0 = 45.2% done in 445.0s, 540.3s to go
on time step 22596 (time=225.96), 0.0195197 s/step
Meep progress: 227.98/500.0 = 45.6% done in 449.0s, 535.8s to go
on time step 22811 (time=228.11), 0.0186271 s/step
Meep progress: 230.17/500.0 = 46.0% done in 453.0s, 531.1s to go
on time step 23030 (time=230.3), 0.0183141 s/step
Meep progress: 232.37/500.0 = 46.5% done in 457.0s, 526.4s to go
on time step 23250 (time=232.5), 0.0182041 s/step
Meep progress: 234.41/500.0 = 46.9% done in 461.0s, 522.4s to go
on time step 23452 (time=234.52), 0.0198362 s/step
Meep progress: 236.54/500.0 = 47.3% done in 465.1s, 518.0s to go
on time step 23667 (time=236.67), 0.0186447 s/step
Meep progress: 238.72/500.0 = 47.7% done in 469.1s, 513.4s to go
on time step 23885 (time=238.85), 0.0184047 s/step
creating output file "./reflPart0.001-ez-000240.00.h5"...
Meep progress: 240.53/500.0 = 48.1% done in 473.1s, 510.3s to go
on time step 24066 (time=240.66), 0.0221554 s/step
Meep progress: 242.7/500.0 = 48.5% done in 477.1s, 505.8s to go
on time step 24283 (time=242.83), 0.0184666 s/step
Meep progress: 244.9/500.0 = 49.0% done in 481.1s, 501.1s to go
on time step 24503 (time=245.03), 0.0181996 s/step
Meep progress: 247.09/500.0 = 49.4% done in 485.1s, 496.5s to go
on time step 24721 (time=247.21), 0.0184413 s/step
Meep progress: 249.21/500.0 = 49.8% done in 489.1s, 492.2s to go
on time step 24935 (time=249.35), 0.0187704 s/step
Meep progress: 251.41/500.0 = 50.3% done in 493.1s, 487.6s to go
on time step 25155 (time=251.55), 0.018206 s/step
Meep progress: 253.61/500.0 = 50.7% done in 497.1s, 483.0s to go
on time step 25375 (time=253.75), 0.0182273 s/step
Meep progress: 255.77/500.0 = 51.2% done in 501.1s, 478.5s to go
on time step 25591 (time=255.91), 0.0185328 s/step
Meep progress: 257.96/500.0 = 51.6% done in 505.2s, 474.0s to go
on time step 25808 (time=258.08), 0.0184686 s/step
Meep progress: 260.05/500.0 = 52.0% done in 509.2s, 469.8s to go
on time step 26016 (time=260.16), 0.0193238 s/step
Meep progress: 261.91/500.0 = 52.4% done in 513.2s, 466.5s to go
on time step 26202 (time=262.02), 0.0215275 s/step
Meep progress: 263.95/500.0 = 52.8% done in 517.2s, 462.5s to go
on time step 26408 (time=264.08), 0.0194708 s/step
Meep progress: 266.15/500.0 = 53.2% done in 521.2s, 457.9s to go
on time step 26628 (time=266.28), 0.0181989 s/step
Meep progress: 268.35/500.0 = 53.7% done in 525.2s, 453.4s to go
on time step 26848 (time=268.48), 0.0181978 s/step
creating output file "./reflPart0.001-ez-000270.00.h5"...
Meep progress: 270.22/500.0 = 54.0% done in 529.2s, 450.0s to go
on time step 27035 (time=270.35), 0.0214831 s/step
Meep progress: 272.42/500.0 = 54.5% done in 533.2s, 445.5s to go
on time step 27254 (time=272.54), 0.0182933 s/step
Meep progress: 274.56/500.0 = 54.9% done in 537.2s, 441.1s to go
on time step 27467 (time=274.67), 0.018855 s/step
Meep progress: 276.75/500.0 = 55.4% done in 541.3s, 436.6s to go
on time step 27687 (time=276.87), 0.0181945 s/step
Meep progress: 278.95/500.0 = 55.8% done in 545.3s, 432.1s to go
on time step 27907 (time=279.07), 0.018203 s/step
Meep progress: 281.14/500.0 = 56.2% done in 549.3s, 427.6s to go
on time step 28126 (time=281.26), 0.0182747 s/step
Meep progress: 283.34/500.0 = 56.7% done in 553.3s, 423.1s to go
on time step 28346 (time=283.46), 0.0182169 s/step
Meep progress: 285.54/500.0 = 57.1% done in 557.3s, 418.6s to go
on time step 28567 (time=285.67), 0.0181731 s/step
Meep progress: 287.52/500.0 = 57.5% done in 561.3s, 414.8s to go
on time step 28763 (time=287.63), 0.0204687 s/step
Meep progress: 289.4/500.0 = 57.9% done in 565.3s, 411.4s to go
on time step 28951 (time=289.51), 0.0212844 s/step
Meep progress: 291.55/500.0 = 58.3% done in 569.3s, 407.0s to go
on time step 29168 (time=291.68), 0.018454 s/step
Meep progress: 293.48/500.0 = 58.7% done in 573.3s, 403.4s to go
on time step 29359 (time=293.59), 0.021021 s/step
Meep progress: 295.55/500.0 = 59.1% done in 577.3s, 399.4s to go
on time step 29568 (time=295.68), 0.0191798 s/step
Meep progress: 297.74/500.0 = 59.5% done in 581.3s, 394.9s to go
on time step 29787 (time=297.87), 0.0183325 s/step
Meep progress: 299.91/500.0 = 60.0% done in 585.3s, 390.5s to go
creating output file "./reflPart0.001-ez-000300.00.h5"...
on time step 30000 (time=300), 0.022279 s/step
Meep progress: 301.43/500.0 = 60.3% done in 589.3s, 388.2s to go
on time step 30196 (time=301.96), 0.0204454 s/step
Meep progress: 303.63/500.0 = 60.7% done in 593.4s, 383.8s to go
on time step 30416 (time=304.16), 0.0182346 s/step
Meep progress: 305.72/500.0 = 61.1% done in 597.4s, 379.6s to go
on time step 30625 (time=306.25), 0.0191997 s/step
Meep progress: 307.83/500.0 = 61.6% done in 601.4s, 375.4s to go
on time step 30836 (time=308.36), 0.0189977 s/step
Meep progress: 310.03/500.0 = 62.0% done in 605.4s, 370.9s to go
on time step 31056 (time=310.56), 0.0181859 s/step
Meep progress: 312.2/500.0 = 62.4% done in 609.4s, 366.6s to go
on time step 31271 (time=312.71), 0.0186668 s/step
Meep progress: 314.3/500.0 = 62.9% done in 613.4s, 362.4s to go
on time step 31482 (time=314.82), 0.0190283 s/step
Meep progress: 316.37/500.0 = 63.3% done in 617.4s, 358.4s to go
on time step 31691 (time=316.91), 0.0191525 s/step
Meep progress: 318.37/500.0 = 63.7% done in 621.4s, 354.5s to go
on time step 31884 (time=318.84), 0.0208095 s/step
Meep progress: 320.31/500.0 = 64.1% done in 625.4s, 350.9s to go
on time step 32083 (time=320.83), 0.0201426 s/step
Meep progress: 322.32/500.0 = 64.5% done in 629.4s, 347.0s to go
on time step 32279 (time=322.79), 0.0204204 s/step
Meep progress: 324.21/500.0 = 64.8% done in 633.4s, 343.5s to go
on time step 32474 (time=324.74), 0.0205312 s/step
Meep progress: 326.41/500.0 = 65.3% done in 637.5s, 339.0s to go
on time step 32694 (time=326.94), 0.018225 s/step
Meep progress: 328.48/500.0 = 65.7% done in 641.5s, 334.9s to go
on time step 32898 (time=328.98), 0.0196184 s/step
creating output file "./reflPart0.001-ez-000330.00.h5"...
Meep progress: 330.31/500.0 = 66.1% done in 645.5s, 331.6s to go
on time step 33082 (time=330.82), 0.0217827 s/step
Meep progress: 332.46/500.0 = 66.5% done in 649.5s, 327.3s to go
on time step 33298 (time=332.98), 0.0185249 s/step
Meep progress: 334.57/500.0 = 66.9% done in 653.5s, 323.1s to go
on time step 33502 (time=335.02), 0.0196664 s/step
Meep progress: 336.45/500.0 = 67.3% done in 657.5s, 319.6s to go
on time step 33690 (time=336.9), 0.0212907 s/step
Meep progress: 338.55/500.0 = 67.7% done in 661.5s, 315.5s to go
on time step 33906 (time=339.06), 0.0185514 s/step
Meep progress: 340.75/500.0 = 68.2% done in 665.5s, 311.0s to go
on time step 34126 (time=341.26), 0.0182133 s/step
Meep progress: 342.85/500.0 = 68.6% done in 669.5s, 306.9s to go
on time step 34336 (time=343.36), 0.0190915 s/step
Meep progress: 344.97/500.0 = 69.0% done in 673.5s, 302.7s to go
on time step 34547 (time=345.47), 0.0189612 s/step
Meep progress: 347.18/500.0 = 69.4% done in 677.6s, 298.2s to go
on time step 34768 (time=347.68), 0.0181163 s/step
Meep progress: 349.38/500.0 = 69.9% done in 681.6s, 293.8s to go
on time step 34988 (time=349.88), 0.0182198 s/step
Meep progress: 351.53/500.0 = 70.3% done in 685.6s, 289.6s to go
on time step 35199 (time=351.99), 0.0190053 s/step
Meep progress: 353.69/500.0 = 70.7% done in 689.6s, 285.3s to go
on time step 35419 (time=354.19), 0.0181952 s/step
Meep progress: 355.9/500.0 = 71.2% done in 693.6s, 280.8s to go
on time step 35638 (time=356.38), 0.0183619 s/step
Meep progress: 357.82/500.0 = 71.6% done in 697.6s, 277.2s to go
on time step 35825 (time=358.25), 0.0214431 s/step
Meep progress: 359.76/500.0 = 72.0% done in 701.6s, 273.5s to go
creating output file "./reflPart0.001-ez-000360.00.h5"...
on time step 36000 (time=360), 0.0234937 s/step
Meep progress: 361.63/500.0 = 72.3% done in 705.6s, 270.0s to go
on time step 36219 (time=362.19), 0.0182995 s/step
Meep progress: 363.82/500.0 = 72.8% done in 709.6s, 265.6s to go
on time step 36438 (time=364.38), 0.0182978 s/step
Meep progress: 366.02/500.0 = 73.2% done in 713.6s, 261.2s to go
on time step 36653 (time=366.53), 0.0186679 s/step
Meep progress: 367.94/500.0 = 73.6% done in 717.7s, 257.6s to go
on time step 36844 (time=368.44), 0.0209549 s/step
Meep progress: 370.08/500.0 = 74.0% done in 721.7s, 253.3s to go
on time step 37064 (time=370.64), 0.0182551 s/step
Meep progress: 372.25/500.0 = 74.4% done in 725.7s, 249.0s to go
on time step 37281 (time=372.81), 0.0184924 s/step
Meep progress: 374.23/500.0 = 74.8% done in 729.7s, 245.2s to go
on time step 37479 (time=374.79), 0.0202826 s/step
Meep progress: 376.44/500.0 = 75.3% done in 733.7s, 240.8s to go
on time step 37700 (time=377), 0.0181625 s/step
Meep progress: 378.63/500.0 = 75.7% done in 737.7s, 236.5s to go
on time step 37919 (time=379.19), 0.018335 s/step
Meep progress: 380.82/500.0 = 76.2% done in 741.7s, 232.1s to go
on time step 38138 (time=381.38), 0.0182689 s/step
Meep progress: 383.01/500.0 = 76.6% done in 745.7s, 227.8s to go
on time step 38356 (time=383.56), 0.0183668 s/step
Meep progress: 385.2/500.0 = 77.0% done in 749.7s, 223.4s to go
on time step 38575 (time=385.75), 0.0182679 s/step
Meep progress: 387.39/500.0 = 77.5% done in 753.7s, 219.1s to go
on time step 38795 (time=387.95), 0.0182617 s/step
Meep progress: 389.58/500.0 = 77.9% done in 757.7s, 214.8s to go
creating output file "./reflPart0.001-ez-000390.00.h5"...
on time step 39000 (time=390), 0.0213344 s/step
Meep progress: 391.39/500.0 = 78.3% done in 761.8s, 211.4s to go
on time step 39215 (time=392.15), 0.0186315 s/step
Meep progress: 393.58/500.0 = 78.7% done in 765.8s, 207.1s to go
on time step 39433 (time=394.33), 0.018408 s/step
Meep progress: 395.75/500.0 = 79.2% done in 769.8s, 202.8s to go
on time step 39651 (time=396.51), 0.0184067 s/step
Meep progress: 397.94/500.0 = 79.6% done in 773.8s, 198.5s to go
on time step 39860 (time=398.6), 0.0191598 s/step
Meep progress: 399.98/500.0 = 80.0% done in 777.8s, 194.5s to go
on time step 40074 (time=400.74), 0.0187646 s/step
Meep progress: 402.18/500.0 = 80.4% done in 781.8s, 190.2s to go
on time step 40293 (time=402.93), 0.0183354 s/step
Meep progress: 404.37/500.0 = 80.9% done in 785.8s, 185.8s to go
on time step 40513 (time=405.13), 0.0181822 s/step
Meep progress: 406.57/500.0 = 81.3% done in 789.9s, 181.5s to go
on time step 40731 (time=407.31), 0.0183743 s/step
Meep progress: 408.66/500.0 = 81.7% done in 793.9s, 177.4s to go
on time step 40941 (time=409.41), 0.0190827 s/step
Meep progress: 410.84/500.0 = 82.2% done in 797.9s, 173.2s to go
on time step 41155 (time=411.55), 0.0187683 s/step
Meep progress: 412.99/500.0 = 82.6% done in 801.9s, 168.9s to go
on time step 41374 (time=413.74), 0.018348 s/step
Meep progress: 415.11/500.0 = 83.0% done in 805.9s, 164.8s to go
on time step 41586 (time=415.86), 0.0188966 s/step
Meep progress: 417.28/500.0 = 83.5% done in 809.9s, 160.6s to go
on time step 41801 (time=418.01), 0.0186893 s/step
Meep progress: 419.45/500.0 = 83.9% done in 813.9s, 156.3s to go
creating output file "./reflPart0.001-ez-000420.00.h5"...
on time step 42000 (time=420), 0.0213307 s/step
Meep progress: 421.31/500.0 = 84.3% done in 817.9s, 152.8s to go
on time step 42212 (time=422.12), 0.0189044 s/step
Meep progress: 423.4/500.0 = 84.7% done in 821.9s, 148.7s to go
on time step 42428 (time=424.28), 0.0185994 s/step
Meep progress: 425.55/500.0 = 85.1% done in 826.0s, 144.5s to go
on time step 42643 (time=426.43), 0.0186664 s/step
Meep progress: 427.74/500.0 = 85.5% done in 830.0s, 140.2s to go
on time step 42860 (time=428.6), 0.0185134 s/step
Meep progress: 429.88/500.0 = 86.0% done in 834.0s, 136.0s to go
on time step 43064 (time=430.64), 0.0196675 s/step
Meep progress: 431.92/500.0 = 86.4% done in 838.0s, 132.1s to go
on time step 43281 (time=432.81), 0.0184769 s/step
Meep progress: 434.11/500.0 = 86.8% done in 842.0s, 127.8s to go
on time step 43501 (time=435.01), 0.0182313 s/step
Meep progress: 436.19/500.0 = 87.2% done in 846.0s, 123.8s to go
on time step 43707 (time=437.07), 0.0195166 s/step
Meep progress: 438.25/500.0 = 87.6% done in 850.0s, 119.8s to go
on time step 43915 (time=439.15), 0.0192919 s/step
Meep progress: 440.44/500.0 = 88.1% done in 854.0s, 115.5s to go
on time step 44134 (time=441.34), 0.0182692 s/step
Meep progress: 442.63/500.0 = 88.5% done in 858.0s, 111.2s to go
on time step 44353 (time=443.53), 0.0182932 s/step
Meep progress: 444.82/500.0 = 89.0% done in 862.0s, 106.9s to go
on time step 44572 (time=445.72), 0.018284 s/step
Meep progress: 447.01/500.0 = 89.4% done in 866.0s, 102.7s to go
on time step 44791 (time=447.91), 0.0182681 s/step
Meep progress: 449.21/500.0 = 89.8% done in 870.0s, 98.4s to go
creating output file "./reflPart0.001-ez-000450.00.h5"...
on time step 45000 (time=450), 0.0209075 s/step
Meep progress: 451.1/500.0 = 90.2% done in 874.1s, 94.7s to go
on time step 45219 (time=452.19), 0.0183308 s/step
Meep progress: 453.23/500.0 = 90.6% done in 878.1s, 90.6s to go
on time step 45432 (time=454.32), 0.018812 s/step
Meep progress: 455.42/500.0 = 91.1% done in 882.1s, 86.3s to go
on time step 45651 (time=456.51), 0.0183375 s/step
Meep progress: 457.6/500.0 = 91.5% done in 886.1s, 82.1s to go
on time step 45869 (time=458.69), 0.0183577 s/step
Meep progress: 459.78/500.0 = 92.0% done in 890.1s, 77.9s to go
on time step 46087 (time=460.87), 0.0183597 s/step
Meep progress: 461.96/500.0 = 92.4% done in 894.1s, 73.6s to go
on time step 46306 (time=463.06), 0.0183471 s/step
Meep progress: 464.15/500.0 = 92.8% done in 898.1s, 69.4s to go
on time step 46524 (time=465.24), 0.0183525 s/step
Meep progress: 466.33/500.0 = 93.3% done in 902.1s, 65.1s to go
on time step 46742 (time=467.42), 0.0183489 s/step
Meep progress: 468.51/500.0 = 93.7% done in 906.1s, 60.9s to go
on time step 46960 (time=469.6), 0.0183544 s/step
Meep progress: 470.69/500.0 = 94.1% done in 910.1s, 56.7s to go
on time step 47179 (time=471.79), 0.0183395 s/step
Meep progress: 472.88/500.0 = 94.6% done in 914.1s, 52.4s to go
on time step 47397 (time=473.97), 0.0183723 s/step
Meep progress: 475.06/500.0 = 95.0% done in 918.1s, 48.2s to go
on time step 47616 (time=476.16), 0.0183162 s/step
Meep progress: 477.25/500.0 = 95.4% done in 922.1s, 44.0s to go
on time step 47834 (time=478.34), 0.0183496 s/step
Meep progress: 479.43/500.0 = 95.9% done in 926.1s, 39.7s to go
creating output file "./reflPart0.001-ez-000480.00.h5"...
on time step 48022 (time=480.22), 0.0213345 s/step
Meep progress: 481.31/500.0 = 96.3% done in 930.1s, 36.1s to go
on time step 48241 (time=482.41), 0.0183187 s/step
Meep progress: 483.49/500.0 = 96.7% done in 934.2s, 31.9s to go
on time step 48458 (time=484.58), 0.0184807 s/step
Meep progress: 485.67/500.0 = 97.1% done in 938.2s, 27.7s to go
on time step 48676 (time=486.76), 0.0184271 s/step
Meep progress: 487.84/500.0 = 97.6% done in 942.2s, 23.5s to go
on time step 48894 (time=488.94), 0.0184291 s/step
Meep progress: 490.02/500.0 = 98.0% done in 946.2s, 19.3s to go
on time step 49111 (time=491.11), 0.0184338 s/step
Meep progress: 492.19/500.0 = 98.4% done in 950.2s, 15.1s to go
on time step 49328 (time=493.28), 0.0184581 s/step
Meep progress: 494.36/500.0 = 98.9% done in 954.2s, 10.9s to go
on time step 49546 (time=495.46), 0.0184119 s/step
Meep progress: 496.54/500.0 = 99.3% done in 958.2s, 6.7s to go
on time step 49764 (time=497.64), 0.0184284 s/step
Meep progress: 498.73/500.0 = 99.7% done in 962.2s, 2.5s to go
on time step 49984 (time=499.84), 0.0182289 s/step
run 0 finished at t = 500.0 (50000 timesteps)
flux1:, 0.41, -2.52409759986227e-13
flux1:, 0.415050505050505, -2.58987875167489e-13
flux1:, 0.42010101010101, -2.8034837637647e-13
flux1:, 0.425151515151515, -2.96454502734762e-13
flux1:, 0.43020202020202, -2.98307409615934e-13
flux1:, 0.435252525252525, -3.09038282566224e-13
flux1:, 0.44030303030303, -3.3729467169975e-13
flux1:, 0.445353535353535, -3.56653588184646e-13
flux1:, 0.45040404040404, -3.60416164790885e-13
flux1:, 0.455454545454545, -3.78849491436969e-13
flux1:, 0.46050505050505, -4.15043756628521e-13
flux1:, 0.465555555555555, -4.3926731089043e-13
flux1:, 0.47060606060606, -4.49518735003126e-13
flux1:, 0.475656565656565, -4.78694739362026e-13
flux1:, 0.48070707070707, -5.26888178663804e-13
flux1:, 0.485757575757575, -5.52926450775822e-13
flux1:, 0.49080808080808, -5.49943908102023e-13
flux1:, 0.495858585858586, -5.37243770697678e-13
flux1:, 0.500909090909091, -4.71048299218921e-13
flux1:, 0.505959595959596, 5.48375890383766e-14
flux1:, 0.511010101010101, 3.20538836897328e-12
flux1:, 0.516060606060606, 2.00391259685528e-11
flux1:, 0.521111111111111, 9.83501353599334e-11
flux1:, 0.526161616161616, 4.3068329972007e-10
flux1:, 0.531212121212121, 1.74701521493272e-9
flux1:, 0.536262626262626, 6.69574276700642e-9
flux1:, 0.541313131313131, 2.44038506649817e-8
flux1:, 0.546363636363636, 8.46456786459846e-8
flux1:, 0.551414141414141, 2.79024454436613e-7
flux1:, 0.556464646464646, 8.73672668111272e-7
flux1:, 0.561515151515152, 2.60138947717374e-6
flux1:, 0.566565656565657, 7.36705180955679e-6
flux1:, 0.571616161616162, 1.98341709886741e-5
flux1:, 0.576666666666667, 5.0818873223783e-5
flux1:, 0.581717171717172, 1.24053235728863e-4
flux1:, 0.586767676767677, 2.88266902232203e-4
flux1:, 0.591818181818182, 6.37268566907302e-4
flux1:, 0.596868686868687, 0.00134079106193305
flux1:, 0.601919191919192, 0.00268354074063635
flux1:, 0.606969696969697, 0.0051034238282569
flux1:, 0.612020202020202, 0.00921897222416652
flux1:, 0.617070707070707, 0.0158158000185133
flux1:, 0.622121212121213, 0.0257546217200881
flux1:, 0.627171717171718, 0.0397719171324461
flux1:, 0.632222222222223, 0.058204384356133
flux1:, 0.637272727272728, 0.0809231634035328
flux1:, 0.642323232323233, 0.107492190890226
flux1:, 0.647373737373738, 0.136580636137263
flux1:, 0.652424242424243, 0.165151550371744
flux1:, 0.657474747474748, 0.18924704185702
flux1:, 0.662525252525253, 0.205765018471909
flux1:, 0.667575757575758, 0.212597700502365
flux1:, 0.672626262626263, 0.208217742251894
flux1:, 0.677676767676768, 0.192287089406389
flux1:, 0.682727272727274, 0.166755759397798
flux1:, 0.687777777777779, 0.136228356606953
flux1:, 0.692828282828284, 0.106314500949749
flux1:, 0.697878787878789, 0.0808246175146211
flux1:, 0.702929292929294, 0.0604680994682645
flux1:, 0.707979797979799, 0.0439400924073635
flux1:, 0.713030303030304, 0.0300706354463527
flux1:, 0.718080808080809, 0.0188656506249069
flux1:, 0.723131313131314, 0.0107906125059909
flux1:, 0.728181818181819, 0.00574993435476985
flux1:, 0.733232323232324, 0.00297348585197033
flux1:, 0.738282828282829, 0.00153965211461622
flux1:, 0.743333333333335, 7.90169821600276e-4
flux1:, 0.74838383838384, 3.84875880213811e-4
flux1:, 0.753434343434345, 1.71288702643576e-4
flux1:, 0.75848484848485, 6.90219227665849e-5
flux1:, 0.763535353535355, 2.57342609078765e-5
flux1:, 0.76858585858586, 9.26062417463532e-6
flux1:, 0.773636363636365, 3.32977623883807e-6
flux1:, 0.77868686868687, 1.18962115155334e-6
flux1:, 0.783737373737375, 4.06069527327067e-7
flux1:, 0.78878787878788, 1.27727329318145e-7
flux1:, 0.793838383838385, 3.65693479205307e-8
flux1:, 0.79888888888889, 9.66578125648093e-9
flux1:, 0.803939393939396, 2.43397913463015e-9
flux1:, 0.808989898989901, 5.9981000158204e-10
flux1:, 0.814040404040406, 1.43846777701402e-10
flux1:, 0.819090909090911, 3.1785327326901e-11
flux1:, 0.824141414141416, 5.99462520100593e-12
flux1:, 0.829191919191921, 7.62614357966936e-13
flux1:, 0.834242424242426, -1.46560557355457e-13
flux1:, 0.839292929292931, -3.11537822593575e-13
flux1:, 0.844343434343436, -3.65238481597255e-13
flux1:, 0.849393939393941, -4.00912813207538e-13
flux1:, 0.854444444444446, -3.85153544765845e-13
flux1:, 0.859494949494951, -3.30947329942406e-13
flux1:, 0.864545454545457, -3.0660294308636e-13
flux1:, 0.869595959595962, -3.12596154147375e-13
flux1:, 0.874646464646467, -2.92070366285666e-13
flux1:, 0.879696969696972, -2.50655558601538e-13
flux1:, 0.884747474747477, -2.38940258488378e-13
flux1:, 0.889797979797982, -2.50788396897735e-13
flux1:, 0.894848484848487, -2.32886459241431e-13
flux1:, 0.899898989898992, -1.98045954075815e-13
flux1:, 0.904949494949497, -1.94727262556578e-13
flux1:, 0.910000000000002, -2.05295721597008e-13
flux1:, 0.41, 7.89162170929675e-15
flux1:, 0.415050505050505, 1.10273126749717e-14
flux1:, 0.42010101010101, 3.35409476075941e-15
flux1:, 0.425151515151515, 3.63976086770821e-15
flux1:, 0.43020202020202, 1.75994160149785e-14
flux1:, 0.435252525252525, 2.10492422710201e-14
flux1:, 0.44030303030303, 6.54272263759305e-15
flux1:, 0.445353535353535, 1.34525130275213e-15
flux1:, 0.45040404040404, 1.43959436204334e-14
flux1:, 0.455454545454545, 1.78559701391435e-14
flux1:, 0.46050505050505, 5.36192614184293e-15
flux1:, 0.465555555555555, 5.63544046028599e-15
flux1:, 0.47060606060606, 2.03729525615941e-14
flux1:, 0.475656565656565, 1.79179267791349e-14
flux1:, 0.48070707070707, 1.40151610653799e-15
flux1:, 0.485757575757575, 1.32137360551898e-14
flux1:, 0.49080808080808, 6.19139361455895e-14
flux1:, 0.495858585858586, 1.23442378986604e-13
flux1:, 0.500909090909091, 2.53439267530791e-13
flux1:, 0.505959595959596, 8.5862686520915e-13
flux1:, 0.511010101010101, 4.15472166471015e-12
flux1:, 0.516060606060606, 2.09878822012466e-11
flux1:, 0.521111111111111, 9.84735774050094e-11
flux1:, 0.526161616161616, 4.26804871220217e-10
flux1:, 0.531212121212121, 1.73619472945026e-9
flux1:, 0.536262626262626, 6.69438450403966e-9
flux1:, 0.541313131313131, 2.44910225642503e-8
flux1:, 0.546363636363636, 8.49002530614663e-8
flux1:, 0.551414141414141, 2.78771089611856e-7
flux1:, 0.556464646464646, 8.68705369265265e-7
flux1:, 0.561515151515152, 2.58123426161759e-6
flux1:, 0.566565656565657, 7.32334181258509e-6
flux1:, 0.571616161616162, 1.98231828112269e-5
flux1:, 0.576666666666667, 5.11506667766488e-5
flux1:, 0.581717171717172, 1.25461590659024e-4
flux1:, 0.586767676767677, 2.91869445540374e-4
flux1:, 0.591818181818182, 6.43503676477401e-4
flux1:, 0.596868686868687, 0.00134593727704221
flux1:, 0.601919191919192, 0.00267652387094961
flux1:, 0.606969696969697, 0.00506329932443375
flux1:, 0.612020202020202, 0.00911307625048753
flux1:, 0.617070707070707, 0.0156032874309214
flux1:, 0.622121212121213, 0.0253821882530954
flux1:, 0.627171717171718, 0.0391814777678604
flux1:, 0.632222222222223, 0.0573665246371315
flux1:, 0.637272727272728, 0.0800129676497353
flux1:, 0.642323232323233, 0.106874004028889
flux1:, 0.647373737373738, 0.136204113735693
flux1:, 0.652424242424243, 0.164767366588961
flux1:, 0.657474747474748, 0.189074777438027
flux1:, 0.662525252525253, 0.205829520835032
flux1:, 0.667575757575758, 0.212804091850338
flux1:, 0.672626262626263, 0.208668213899527
flux1:, 0.677676767676768, 0.192954608883227
flux1:, 0.682727272727274, 0.167648277286903
flux1:, 0.687777777777779, 0.137226645834915
flux1:, 0.692828282828284, 0.107153063852745
flux1:, 0.697878787878789, 0.0813669984083466
flux1:, 0.702929292929294, 0.0606637711760655
flux1:, 0.707979797979799, 0.0438798496401136
flux1:, 0.713030303030304, 0.0299422845898995
flux1:, 0.718080808080809, 0.0187964373872098
flux1:, 0.723131313131314, 0.010795493474131
flux1:, 0.728181818181819, 0.00578349202614201
flux1:, 0.733232323232324, 0.0030043498202685
flux1:, 0.738282828282829, 0.00155820733853679
flux1:, 0.743333333333335, 7.97529810101675e-4
flux1:, 0.74838383838384, 3.86666996174221e-4
flux1:, 0.753434343434345, 1.71486163787588e-4
flux1:, 0.75848484848485, 6.90273572658153e-5
flux1:, 0.763535353535355, 2.57728500165845e-5
flux1:, 0.76858585858586, 9.29984910307027e-6
flux1:, 0.773636363636365, 3.35032399313835e-6
flux1:, 0.77868686868687, 1.19638539369044e-6
flux1:, 0.783737373737375, 4.07642921875493e-7
flux1:, 0.78878787878788, 1.28031983109428e-7
flux1:, 0.793838383838385, 3.66494743624396e-8
flux1:, 0.79888888888889, 9.6951370344215e-9
flux1:, 0.803939393939396, 2.44320073991588e-9
flux1:, 0.808989898989901, 6.02759112086667e-10
flux1:, 0.814040404040406, 1.44761443301089e-10
flux1:, 0.819090909090911, 3.24417344091421e-11
flux1:, 0.824141414141416, 6.58223034073564e-12
flux1:, 0.829191919191921, 1.33311570983545e-12
flux1:, 0.834242424242426, 3.75879916398074e-13
flux1:, 0.839292929292931, 1.7376985868825e-13
flux1:, 0.844343434343436, 8.22777978813073e-14
flux1:, 0.849393939393941, 1.66181766519956e-14
flux1:, 0.854444444444446, 6.10275383088e-15
flux1:, 0.859494949494951, 3.67119348331353e-14
flux1:, 0.864545454545457, 4.03113034624362e-14
flux1:, 0.869595959595962, 1.08692565957639e-14
flux1:, 0.874646464646467, 9.05217584992708e-15
flux1:, 0.879696969696972, 3.2194937173563e-14
flux1:, 0.884747474747477, 2.7013363494324e-14
flux1:, 0.889797979797982, 5.14461725238738e-15
flux1:, 0.894848484848487, 1.32519325792312e-14
flux1:, 0.899898989898992, 3.68725352945491e-14
flux1:, 0.904949494949497, 2.98292245727146e-14
flux1:, 0.910000000000002, 5.8053549494228e-15

Elapsed run time = 974.003 s

Some deprecated features have been used.  Set the environment
variable GUILE_WARN_DEPRECATED to "detailed" and rerun the
program to get more information.  Set it to "no" to suppress
this message.
