-----------
Initializing structure...
Working in 2D dimensions.
Computational cell is 100 x 6 x 0 with resolution 50
     block, center = (10,1.775,0)
          size (80,3,1e+20)
          axes (1,0,0), (0,1,0), (0,0,1)
          dielectric constant epsilon diagonal = (9,9,9)
     block, center = (10,0.275,0)
          size (80,0.05,1e+20)
          axes (1,0,0), (0,1,0), (0,0,1)
          dielectric constant epsilon diagonal = (4,4,4)
     block, center = (-15,0.245,0)
          size (70,0.01,1e+20)
          axes (1,0,0), (0,1,0), (0,0,1)
          dielectric constant epsilon diagonal = (11.68,11.68,11.68)
     block, center = (30,0.245,0)
          size (20,0.01,1e+20)
          axes (1,0,0), (0,1,0), (0,0,1)
          dielectric constant epsilon diagonal = (11.61,11.61,11.61)
     block, center = (45,0.245,0)
          size (10,0.01,1e+20)
          axes (1,0,0), (0,1,0), (0,0,1)
          dielectric constant epsilon diagonal = (11.68,11.68,11.68)
     block, center = (0,0,0)
          size (1e+20,0.48,1e+20)
          axes (1,0,0), (0,1,0), (0,0,1)
          dielectric constant epsilon diagonal = (11.68,11.68,11.68)
     block, center = (-15,-0.245,0)
          size (70,0.01,1e+20)
          axes (1,0,0), (0,1,0), (0,0,1)
          dielectric constant epsilon diagonal = (11.68,11.68,11.68)
     block, center = (30,-0.245,0)
          size (20,0.01,1e+20)
          axes (1,0,0), (0,1,0), (0,0,1)
          dielectric constant epsilon diagonal = (11.61,11.61,11.61)
     block, center = (45,-0.245,0)
          size (10,0.01,1e+20)
          axes (1,0,0), (0,1,0), (0,0,1)
          dielectric constant epsilon diagonal = (11.68,11.68,11.68)
     block, center = (10,-1,0)
          size (80,1.5,1e+20)
          axes (1,0,0), (0,1,0), (0,0,1)
          dielectric constant epsilon diagonal = (9,9,9)
     block, center = (10,-2.25,0)
          size (80,1,1e+20)
          axes (1,0,0), (0,1,0), (0,0,1)
          dielectric constant epsilon diagonal = (9,9,9)
time for set_epsilon = 9.20384 s
-----------
creating output file "./reflPart0.01-eps-000000.00.h5"...
Meep progress: 1.85/500.0 = 0.4% done in 4.0s, 1079.6s to go
on time step 193 (time=1.93), 0.0208016 s/step
Meep progress: 4.05/500.0 = 0.8% done in 8.0s, 981.4s to go
on time step 413 (time=4.13), 0.0182035 s/step
Meep progress: 6.08/500.0 = 1.2% done in 12.0s, 976.4s to go
on time step 615 (time=6.15), 0.0198557 s/step
Meep progress: 8.12/500.0 = 1.6% done in 16.0s, 971.0s to go
on time step 820 (time=8.2), 0.0195315 s/step
Meep progress: 10.33/500.0 = 2.1% done in 20.0s, 950.3s to go
on time step 1041 (time=10.41), 0.0181782 s/step
Meep progress: 12.48/500.0 = 2.5% done in 24.1s, 939.8s to go
on time step 1255 (time=12.55), 0.0187194 s/step
Meep progress: 14.59/500.0 = 2.9% done in 28.1s, 933.8s to go
on time step 1466 (time=14.66), 0.0190537 s/step
Meep progress: 16.51/500.0 = 3.3% done in 32.1s, 939.3s to go
on time step 1659 (time=16.59), 0.0208265 s/step
Meep progress: 18.43/500.0 = 3.7% done in 36.1s, 943.0s to go
on time step 1851 (time=18.51), 0.0208837 s/step
Meep progress: 20.55/500.0 = 4.1% done in 40.1s, 935.4s to go
on time step 2064 (time=20.64), 0.0188246 s/step
Meep progress: 22.69/500.0 = 4.5% done in 44.1s, 927.7s to go
on time step 2278 (time=22.78), 0.0187286 s/step
Meep progress: 24.88/500.0 = 5.0% done in 48.1s, 918.6s to go
on time step 2497 (time=24.97), 0.0182722 s/step
Meep progress: 26.9/500.0 = 5.4% done in 52.1s, 916.5s to go
on time step 2699 (time=26.99), 0.0198396 s/step
Meep progress: 29.11/500.0 = 5.8% done in 56.1s, 907.9s to go
on time step 2920 (time=29.2), 0.0181599 s/step
creating output file "./reflPart0.01-ez-000030.00.h5"...
Meep progress: 30.97/500.0 = 6.2% done in 60.1s, 910.8s to go
on time step 3106 (time=31.06), 0.0215705 s/step
Meep progress: 33.17/500.0 = 6.6% done in 64.2s, 902.9s to go
on time step 3326 (time=33.26), 0.0182597 s/step
Meep progress: 35.38/500.0 = 7.1% done in 68.2s, 895.2s to go
on time step 3547 (time=35.47), 0.0181511 s/step
Meep progress: 37.55/500.0 = 7.5% done in 72.2s, 888.9s to go
on time step 3764 (time=37.64), 0.0184759 s/step
Meep progress: 39.75/500.0 = 8.0% done in 76.2s, 882.0s to go
on time step 3984 (time=39.84), 0.018191 s/step
Meep progress: 41.97/500.0 = 8.4% done in 80.2s, 875.2s to go
on time step 4206 (time=42.06), 0.0180904 s/step
Meep progress: 44.07/500.0 = 8.8% done in 84.2s, 871.1s to go
on time step 4416 (time=44.16), 0.0191036 s/step
Meep progress: 46.24/500.0 = 9.2% done in 88.2s, 865.6s to go
on time step 4633 (time=46.33), 0.0184515 s/step
Meep progress: 48.45/500.0 = 9.7% done in 92.2s, 859.4s to go
on time step 4854 (time=48.54), 0.0181283 s/step
Meep progress: 50.42/500.0 = 10.1% done in 96.2s, 857.9s to go
on time step 5050 (time=50.5), 0.0204514 s/step
Meep progress: 52.43/500.0 = 10.5% done in 100.2s, 855.5s to go
on time step 5253 (time=52.53), 0.0197908 s/step
Meep progress: 54.64/500.0 = 10.9% done in 104.2s, 849.5s to go
on time step 5474 (time=54.74), 0.0181002 s/step
Meep progress: 56.85/500.0 = 11.4% done in 108.2s, 843.6s to go
on time step 5695 (time=56.95), 0.0181186 s/step
Meep progress: 59.06/500.0 = 11.8% done in 112.2s, 838.0s to go
on time step 5916 (time=59.16), 0.0181682 s/step
creating output file "./reflPart0.01-ez-000060.00.h5"...
Meep progress: 60.95/500.0 = 12.2% done in 116.3s, 837.5s to go
on time step 6105 (time=61.05), 0.0212442 s/step
Meep progress: 63.12/500.0 = 12.6% done in 120.3s, 832.5s to go
on time step 6320 (time=63.2), 0.018634 s/step
Meep progress: 65.01/500.0 = 13.0% done in 124.3s, 831.7s to go
on time step 6509 (time=65.09), 0.0212633 s/step
Meep progress: 66.9/500.0 = 13.4% done in 128.3s, 830.6s to go
on time step 6698 (time=66.98), 0.021218 s/step
Meep progress: 68.83/500.0 = 13.8% done in 132.3s, 828.8s to go
on time step 6892 (time=68.92), 0.0206278 s/step
Meep progress: 70.78/500.0 = 14.2% done in 136.3s, 826.6s to go
on time step 7086 (time=70.86), 0.0206433 s/step
Meep progress: 72.73/500.0 = 14.5% done in 140.3s, 824.3s to go
on time step 7281 (time=72.81), 0.0205437 s/step
Meep progress: 74.4/500.0 = 14.9% done in 144.3s, 825.6s to go
on time step 7448 (time=74.48), 0.0240094 s/step
Meep progress: 76.12/500.0 = 15.2% done in 148.3s, 826.0s to go
on time step 7620 (time=76.2), 0.0233063 s/step
Meep progress: 77.97/500.0 = 15.6% done in 152.3s, 824.6s to go
on time step 7805 (time=78.05), 0.0216485 s/step
Meep progress: 79.88/500.0 = 16.0% done in 156.4s, 822.4s to go
on time step 7996 (time=79.96), 0.0210238 s/step
Meep progress: 81.88/500.0 = 16.4% done in 160.4s, 819.0s to go
on time step 8196 (time=81.96), 0.0200794 s/step
Meep progress: 83.79/500.0 = 16.8% done in 164.4s, 816.5s to go
on time step 8387 (time=83.87), 0.020983 s/step
Meep progress: 85.53/500.0 = 17.1% done in 168.4s, 816.0s to go
on time step 8561 (time=85.61), 0.023025 s/step
Meep progress: 87.42/500.0 = 17.5% done in 172.4s, 813.6s to go
on time step 8750 (time=87.5), 0.0211698 s/step
Meep progress: 89.48/500.0 = 17.9% done in 176.4s, 809.3s to go
on time step 8957 (time=89.57), 0.0193486 s/step
creating output file "./reflPart0.01-ez-000090.00.h5"...
Meep progress: 91.05/500.0 = 18.2% done in 180.4s, 810.3s to go
on time step 9113 (time=91.13), 0.025702 s/step
Meep progress: 92.96/500.0 = 18.6% done in 184.4s, 807.5s to go
on time step 9304 (time=93.04), 0.0209787 s/step
Meep progress: 94.92/500.0 = 19.0% done in 188.4s, 804.2s to go
on time step 9500 (time=95), 0.0204883 s/step
Meep progress: 96.84/500.0 = 19.4% done in 192.5s, 801.2s to go
on time step 9691 (time=96.91), 0.0209582 s/step
Meep progress: 98.74/500.0 = 19.7% done in 196.5s, 798.4s to go
on time step 9881 (time=98.81), 0.0210902 s/step
Meep progress: 100.87/500.0 = 20.2% done in 200.5s, 793.3s to go
on time step 10094 (time=100.94), 0.0187901 s/step
Meep progress: 102.83/500.0 = 20.6% done in 204.5s, 789.8s to go
on time step 10290 (time=102.9), 0.0204714 s/step
Meep progress: 104.84/500.0 = 21.0% done in 208.5s, 785.9s to go
on time step 10490 (time=104.9), 0.0200443 s/step
Meep progress: 106.81/500.0 = 21.4% done in 212.5s, 782.3s to go
on time step 10688 (time=106.88), 0.0202967 s/step
Meep progress: 108.92/500.0 = 21.8% done in 216.5s, 777.5s to go
on time step 10899 (time=108.99), 0.0190168 s/step
Meep progress: 110.95/500.0 = 22.2% done in 220.5s, 773.4s to go
on time step 11101 (time=111.01), 0.0198521 s/step
Meep progress: 112.93/500.0 = 22.6% done in 224.6s, 769.7s to go
on time step 11299 (time=112.99), 0.0202655 s/step
Meep progress: 114.9/500.0 = 23.0% done in 228.6s, 766.1s to go
on time step 11496 (time=114.96), 0.0203559 s/step
Meep progress: 116.85/500.0 = 23.4% done in 232.6s, 762.7s to go
on time step 11691 (time=116.91), 0.020611 s/step
Meep progress: 118.76/500.0 = 23.8% done in 236.6s, 759.5s to go
on time step 11882 (time=118.82), 0.0209853 s/step
creating output file "./reflPart0.01-ez-000120.00.h5"...
Meep progress: 120.28/500.0 = 24.1% done in 240.6s, 759.6s to go
on time step 12035 (time=120.35), 0.0262474 s/step
Meep progress: 122.22/500.0 = 24.4% done in 244.6s, 756.1s to go
on time step 12228 (time=122.28), 0.0208158 s/step
Meep progress: 124.19/500.0 = 24.8% done in 248.6s, 752.4s to go
on time step 12426 (time=124.26), 0.0202848 s/step
Meep progress: 126.21/500.0 = 25.2% done in 252.6s, 748.3s to go
on time step 12628 (time=126.28), 0.0199061 s/step
Meep progress: 128.11/500.0 = 25.6% done in 256.7s, 745.1s to go
on time step 12817 (time=128.17), 0.021169 s/step
Meep progress: 130.11/500.0 = 26.0% done in 260.7s, 741.1s to go
on time step 13017 (time=130.17), 0.0200002 s/step
Meep progress: 132.08/500.0 = 26.4% done in 264.7s, 737.3s to go
on time step 13214 (time=132.14), 0.0203514 s/step
Meep progress: 133.98/500.0 = 26.8% done in 268.7s, 734.0s to go
on time step 13404 (time=134.04), 0.0210554 s/step
Meep progress: 135.96/500.0 = 27.2% done in 272.7s, 730.1s to go
on time step 13603 (time=136.03), 0.0201883 s/step
Meep progress: 137.87/500.0 = 27.6% done in 276.7s, 726.8s to go
on time step 13792 (time=137.92), 0.0211797 s/step
Meep progress: 139.87/500.0 = 28.0% done in 280.7s, 722.8s to go
on time step 13993 (time=139.93), 0.0199919 s/step
Meep progress: 141.78/500.0 = 28.4% done in 284.7s, 719.4s to go
on time step 14184 (time=141.84), 0.0210272 s/step
Meep progress: 143.68/500.0 = 28.7% done in 288.8s, 716.1s to go
on time step 14374 (time=143.74), 0.0211416 s/step
Meep progress: 145.66/500.0 = 29.1% done in 292.8s, 712.2s to go
on time step 14572 (time=145.72), 0.0202757 s/step
Meep progress: 147.55/500.0 = 29.5% done in 296.8s, 708.9s to go
on time step 14761 (time=147.61), 0.0212725 s/step
Meep progress: 149.43/500.0 = 29.9% done in 300.8s, 705.7s to go
on time step 14949 (time=149.49), 0.0213116 s/step
creating output file "./reflPart0.01-ez-000150.00.h5"...
Meep progress: 150.93/500.0 = 30.2% done in 304.8s, 705.0s to go
on time step 15099 (time=150.99), 0.0267898 s/step
Meep progress: 152.93/500.0 = 30.6% done in 308.8s, 700.9s to go
on time step 15300 (time=153), 0.01999 s/step
Meep progress: 154.85/500.0 = 31.0% done in 312.8s, 697.3s to go
on time step 15491 (time=154.91), 0.021006 s/step
Meep progress: 156.75/500.0 = 31.4% done in 316.9s, 693.8s to go
on time step 15681 (time=156.81), 0.0211038 s/step
Meep progress: 158.66/500.0 = 31.7% done in 320.9s, 690.3s to go
on time step 15872 (time=158.72), 0.0210496 s/step
Meep progress: 160.62/500.0 = 32.1% done in 324.9s, 686.4s to go
on time step 16068 (time=160.68), 0.0204366 s/step
Meep progress: 162.51/500.0 = 32.5% done in 328.9s, 683.0s to go
on time step 16257 (time=162.57), 0.0211821 s/step
Meep progress: 164.4/500.0 = 32.9% done in 332.9s, 679.5s to go
on time step 16446 (time=164.46), 0.0211825 s/step
Meep progress: 166.3/500.0 = 33.3% done in 336.9s, 676.0s to go
on time step 16636 (time=166.36), 0.021131 s/step
Meep progress: 168.21/500.0 = 33.6% done in 340.9s, 672.5s to go
on time step 16827 (time=168.27), 0.0210556 s/step
Meep progress: 170.12/500.0 = 34.0% done in 344.9s, 668.8s to go
on time step 17018 (time=170.18), 0.020962 s/step
Meep progress: 171.95/500.0 = 34.4% done in 348.9s, 665.7s to go
on time step 17201 (time=172.01), 0.0218716 s/step
Meep progress: 173.86/500.0 = 34.8% done in 352.9s, 662.1s to go
on time step 17392 (time=173.92), 0.0210184 s/step
Meep progress: 175.76/500.0 = 35.2% done in 357.0s, 658.5s to go
on time step 17582 (time=175.82), 0.0211426 s/step
Meep progress: 177.66/500.0 = 35.5% done in 361.0s, 654.9s to go
on time step 17772 (time=177.72), 0.0211558 s/step
Meep progress: 179.55/500.0 = 35.9% done in 365.0s, 651.4s to go
on time step 17961 (time=179.61), 0.021217 s/step
creating output file "./reflPart0.01-ez-000180.00.h5"...
Meep progress: 181.13/500.0 = 36.2% done in 369.0s, 649.6s to go
on time step 18119 (time=181.19), 0.0253924 s/step
Meep progress: 183.16/500.0 = 36.6% done in 373.0s, 645.3s to go
on time step 18322 (time=183.22), 0.0197696 s/step
Meep progress: 185.06/500.0 = 37.0% done in 377.0s, 641.6s to go
on time step 18513 (time=185.13), 0.0210264 s/step
Meep progress: 187.0/500.0 = 37.4% done in 381.0s, 637.8s to go
on time step 18706 (time=187.06), 0.020734 s/step
Meep progress: 188.9/500.0 = 37.8% done in 385.1s, 634.1s to go
on time step 18896 (time=188.96), 0.0211458 s/step
Meep progress: 190.87/500.0 = 38.2% done in 389.1s, 630.1s to go
on time step 19093 (time=190.93), 0.02035 s/step
Meep progress: 192.78/500.0 = 38.6% done in 393.1s, 626.4s to go
on time step 19284 (time=192.84), 0.0209593 s/step
Meep progress: 194.69/500.0 = 38.9% done in 397.1s, 622.7s to go
on time step 19476 (time=194.76), 0.0209395 s/step
Meep progress: 196.6/500.0 = 39.3% done in 401.1s, 619.0s to go
on time step 19667 (time=196.67), 0.0210015 s/step
Meep progress: 198.5/500.0 = 39.7% done in 405.1s, 615.3s to go
on time step 19858 (time=198.58), 0.0210499 s/step
Meep progress: 200.4/500.0 = 40.1% done in 409.1s, 611.6s to go
on time step 20048 (time=200.48), 0.02111 s/step
Meep progress: 202.29/500.0 = 40.5% done in 413.1s, 608.0s to go
on time step 20237 (time=202.37), 0.0212699 s/step
Meep progress: 204.25/500.0 = 40.8% done in 417.1s, 604.0s to go
on time step 20434 (time=204.34), 0.0203758 s/step
Meep progress: 206.18/500.0 = 41.2% done in 421.1s, 600.1s to go
on time step 20626 (time=206.26), 0.0209106 s/step
Meep progress: 207.99/500.0 = 41.6% done in 425.1s, 596.9s to go
on time step 20807 (time=208.07), 0.0221376 s/step
Meep progress: 209.87/500.0 = 42.0% done in 429.1s, 593.3s to go
on time step 20995 (time=209.95), 0.0212853 s/step
creating output file "./reflPart0.01-ez-000210.00.h5"...
Meep progress: 211.38/500.0 = 42.3% done in 433.2s, 591.4s to go
on time step 21146 (time=211.46), 0.0265645 s/step
Meep progress: 213.34/500.0 = 42.7% done in 437.2s, 587.4s to go
on time step 21342 (time=213.42), 0.0205363 s/step
Meep progress: 215.3/500.0 = 43.1% done in 441.2s, 583.4s to go
on time step 21538 (time=215.38), 0.020425 s/step
Meep progress: 217.22/500.0 = 43.4% done in 445.2s, 579.6s to go
on time step 21730 (time=217.3), 0.0209011 s/step
Meep progress: 219.26/500.0 = 43.9% done in 449.2s, 575.2s to go
on time step 21935 (time=219.35), 0.0195385 s/step
Meep progress: 221.32/500.0 = 44.3% done in 453.2s, 570.7s to go
on time step 22140 (time=221.4), 0.0195921 s/step
Meep progress: 223.27/500.0 = 44.7% done in 457.2s, 566.7s to go
on time step 22335 (time=223.35), 0.0205233 s/step
Meep progress: 225.19/500.0 = 45.0% done in 461.2s, 562.9s to go
on time step 22527 (time=225.27), 0.0208797 s/step
Meep progress: 227.09/500.0 = 45.4% done in 465.2s, 559.1s to go
on time step 22717 (time=227.17), 0.0210983 s/step
Meep progress: 229.1/500.0 = 45.8% done in 469.3s, 554.9s to go
on time step 22919 (time=229.19), 0.0198937 s/step
Meep progress: 231.05/500.0 = 46.2% done in 473.3s, 550.9s to go
on time step 23113 (time=231.13), 0.0206671 s/step
Meep progress: 232.97/500.0 = 46.6% done in 477.3s, 547.1s to go
on time step 23305 (time=233.05), 0.0209273 s/step
Meep progress: 234.91/500.0 = 47.0% done in 481.3s, 543.1s to go
on time step 23499 (time=234.99), 0.0206689 s/step
Meep progress: 236.84/500.0 = 47.4% done in 485.3s, 539.2s to go
on time step 23692 (time=236.92), 0.0207912 s/step
Meep progress: 238.75/500.0 = 47.8% done in 489.3s, 535.4s to go
on time step 23883 (time=238.83), 0.020946 s/step
creating output file "./reflPart0.01-ez-000240.00.h5"...
Meep progress: 240.3/500.0 = 48.1% done in 493.3s, 533.1s to go
on time step 24039 (time=240.39), 0.0257499 s/step
Meep progress: 242.18/500.0 = 48.4% done in 497.3s, 529.5s to go
on time step 24226 (time=242.26), 0.0214328 s/step
Meep progress: 244.13/500.0 = 48.8% done in 501.3s, 525.4s to go
on time step 24421 (time=244.21), 0.0205271 s/step
Meep progress: 246.03/500.0 = 49.2% done in 505.3s, 521.7s to go
on time step 24611 (time=246.11), 0.0211145 s/step
Meep progress: 247.89/500.0 = 49.6% done in 509.4s, 518.0s to go
on time step 24797 (time=247.97), 0.0216134 s/step
Meep progress: 249.81/500.0 = 50.0% done in 513.4s, 514.2s to go
on time step 24989 (time=249.89), 0.0208982 s/step
Meep progress: 251.7/500.0 = 50.3% done in 517.4s, 510.4s to go
on time step 25179 (time=251.79), 0.021123 s/step
Meep progress: 253.82/500.0 = 50.8% done in 521.4s, 505.7s to go
on time step 25391 (time=253.91), 0.0189275 s/step
Meep progress: 255.82/500.0 = 51.2% done in 525.4s, 501.5s to go
on time step 25590 (time=255.9), 0.0201228 s/step
Meep progress: 257.71/500.0 = 51.5% done in 529.4s, 497.7s to go
on time step 25779 (time=257.79), 0.0212248 s/step
Meep progress: 259.61/500.0 = 51.9% done in 533.4s, 493.9s to go
on time step 25969 (time=259.69), 0.0211167 s/step
Meep progress: 261.5/500.0 = 52.3% done in 537.4s, 490.2s to go
on time step 26158 (time=261.58), 0.0212577 s/step
Meep progress: 263.39/500.0 = 52.7% done in 541.5s, 486.4s to go
on time step 26347 (time=263.47), 0.0211724 s/step
Meep progress: 265.29/500.0 = 53.1% done in 545.5s, 482.6s to go
on time step 26537 (time=265.37), 0.0211476 s/step
Meep progress: 267.19/500.0 = 53.4% done in 549.5s, 478.8s to go
on time step 26727 (time=267.27), 0.0211121 s/step
Meep progress: 269.06/500.0 = 53.8% done in 553.5s, 475.1s to go
on time step 26914 (time=269.14), 0.0214255 s/step
creating output file "./reflPart0.01-ez-000270.00.h5"...
Meep progress: 270.58/500.0 = 54.1% done in 557.5s, 472.7s to go
on time step 27066 (time=270.66), 0.0263339 s/step
Meep progress: 272.47/500.0 = 54.5% done in 561.5s, 468.9s to go
on time step 27255 (time=272.55), 0.0212219 s/step
Meep progress: 274.38/500.0 = 54.9% done in 565.5s, 465.0s to go
on time step 27447 (time=274.47), 0.0208521 s/step
Meep progress: 276.4/500.0 = 55.3% done in 569.5s, 460.7s to go
on time step 27649 (time=276.49), 0.0198331 s/step
Meep progress: 278.53/500.0 = 55.7% done in 573.5s, 456.0s to go
on time step 27862 (time=278.62), 0.0188512 s/step
Meep progress: 280.52/500.0 = 56.1% done in 577.5s, 451.9s to go
on time step 28060 (time=280.6), 0.0202551 s/step
Meep progress: 282.62/500.0 = 56.5% done in 581.6s, 447.3s to go
on time step 28271 (time=282.71), 0.0190075 s/step
Meep progress: 284.61/500.0 = 56.9% done in 585.6s, 443.1s to go
on time step 28469 (time=284.69), 0.0202411 s/step
Meep progress: 286.53/500.0 = 57.3% done in 589.6s, 439.2s to go
on time step 28661 (time=286.61), 0.0209109 s/step
Meep progress: 288.47/500.0 = 57.7% done in 593.6s, 435.3s to go
on time step 28856 (time=288.56), 0.0205852 s/step
Meep progress: 290.58/500.0 = 58.1% done in 597.6s, 430.7s to go
on time step 29066 (time=290.66), 0.019103 s/step
Meep progress: 292.48/500.0 = 58.5% done in 601.6s, 426.9s to go
on time step 29256 (time=292.56), 0.0211492 s/step
Meep progress: 294.46/500.0 = 58.9% done in 605.6s, 422.7s to go
on time step 29454 (time=294.54), 0.0202419 s/step
Meep progress: 296.37/500.0 = 59.3% done in 609.6s, 418.9s to go
on time step 29646 (time=296.46), 0.0209409 s/step
Meep progress: 298.25/500.0 = 59.6% done in 613.6s, 415.1s to go
on time step 29834 (time=298.34), 0.0212952 s/step
creating output file "./reflPart0.01-ez-000300.00.h5"...
on time step 30000 (time=300), 0.0255001 s/step
Meep progress: 300.01/500.0 = 60.0% done in 618.1s, 412.0s to go
on time step 30184 (time=301.84), 0.0217651 s/step
Meep progress: 301.86/500.0 = 60.4% done in 622.1s, 408.3s to go
on time step 30386 (time=303.86), 0.0198526 s/step
Meep progress: 303.88/500.0 = 60.8% done in 626.1s, 404.1s to go
on time step 30581 (time=305.81), 0.0205533 s/step
Meep progress: 305.83/500.0 = 61.2% done in 630.1s, 400.1s to go
on time step 30786 (time=307.86), 0.0195357 s/step
Meep progress: 307.88/500.0 = 61.6% done in 634.1s, 395.7s to go
on time step 30991 (time=309.91), 0.0195343 s/step
Meep progress: 309.93/500.0 = 62.0% done in 638.1s, 391.3s to go
on time step 31204 (time=312.04), 0.0187855 s/step
Meep progress: 312.07/500.0 = 62.4% done in 642.1s, 386.7s to go
on time step 31396 (time=313.96), 0.0208468 s/step
Meep progress: 313.99/500.0 = 62.8% done in 646.2s, 382.8s to go
on time step 31598 (time=315.98), 0.019891 s/step
Meep progress: 316.01/500.0 = 63.2% done in 650.2s, 378.5s to go
on time step 31786 (time=317.86), 0.0213571 s/step
Meep progress: 317.89/500.0 = 63.6% done in 654.2s, 374.8s to go
on time step 31980 (time=319.8), 0.0206647 s/step
Meep progress: 319.83/500.0 = 64.0% done in 658.2s, 370.8s to go
on time step 32179 (time=321.79), 0.0201582 s/step
Meep progress: 321.82/500.0 = 64.4% done in 662.2s, 366.6s to go
on time step 32391 (time=323.91), 0.0189518 s/step
Meep progress: 323.94/500.0 = 64.8% done in 666.2s, 362.1s to go
on time step 32583 (time=325.83), 0.0208642 s/step
Meep progress: 325.86/500.0 = 65.2% done in 670.2s, 358.2s to go
on time step 32774 (time=327.74), 0.0210491 s/step
Meep progress: 327.77/500.0 = 65.6% done in 674.3s, 354.3s to go
on time step 32957 (time=329.57), 0.0218621 s/step
Meep progress: 329.6/500.0 = 65.9% done in 678.3s, 350.6s to go
creating output file "./reflPart0.01-ez-000330.00.h5"...
on time step 33112 (time=331.12), 0.0258899 s/step
Meep progress: 331.15/500.0 = 66.2% done in 682.3s, 347.9s to go
on time step 33301 (time=333.01), 0.0212767 s/step
Meep progress: 333.03/500.0 = 66.6% done in 686.3s, 344.1s to go
on time step 33495 (time=334.95), 0.0206941 s/step
Meep progress: 334.97/500.0 = 67.0% done in 690.3s, 340.1s to go
on time step 33693 (time=336.93), 0.0202669 s/step
Meep progress: 336.95/500.0 = 67.4% done in 694.3s, 336.0s to go
on time step 33884 (time=338.84), 0.0210172 s/step
Meep progress: 338.86/500.0 = 67.8% done in 698.3s, 332.1s to go
on time step 34073 (time=340.73), 0.0211848 s/step
Meep progress: 340.75/500.0 = 68.2% done in 702.3s, 328.2s to go
on time step 34283 (time=342.83), 0.0191115 s/step
Meep progress: 342.85/500.0 = 68.6% done in 706.3s, 323.8s to go
on time step 34494 (time=344.94), 0.0190299 s/step
Meep progress: 344.96/500.0 = 69.0% done in 710.3s, 319.3s to go
on time step 34684 (time=346.84), 0.0211216 s/step
Meep progress: 346.86/500.0 = 69.4% done in 714.4s, 315.4s to go
on time step 34874 (time=348.74), 0.0211097 s/step
Meep progress: 348.76/500.0 = 69.8% done in 718.4s, 311.5s to go
on time step 35062 (time=350.62), 0.0213372 s/step
Meep progress: 350.64/500.0 = 70.1% done in 722.4s, 307.7s to go
on time step 35264 (time=352.64), 0.0198423 s/step
Meep progress: 352.66/500.0 = 70.5% done in 726.4s, 303.5s to go
on time step 35452 (time=354.52), 0.0213246 s/step
Meep progress: 354.54/500.0 = 70.9% done in 730.4s, 299.7s to go
on time step 35643 (time=356.43), 0.0209742 s/step
Meep progress: 356.45/500.0 = 71.3% done in 734.4s, 295.8s to go
on time step 35850 (time=358.5), 0.0194152 s/step
Meep progress: 358.52/500.0 = 71.7% done in 738.4s, 291.4s to go
creating output file "./reflPart0.01-ez-000360.00.h5"...
on time step 36006 (time=360.06), 0.0257538 s/step
Meep progress: 360.08/500.0 = 72.0% done in 742.4s, 288.5s to go
on time step 36197 (time=361.97), 0.0209824 s/step
Meep progress: 361.99/500.0 = 72.4% done in 746.4s, 284.6s to go
on time step 36386 (time=363.86), 0.0211692 s/step
Meep progress: 363.88/500.0 = 72.8% done in 750.4s, 280.7s to go
on time step 36582 (time=365.82), 0.0204258 s/step
Meep progress: 365.84/500.0 = 73.2% done in 754.4s, 276.7s to go
on time step 36771 (time=367.71), 0.0212137 s/step
Meep progress: 367.73/500.0 = 73.5% done in 758.5s, 272.8s to go
on time step 36959 (time=369.59), 0.0212912 s/step
Meep progress: 369.61/500.0 = 73.9% done in 762.5s, 269.0s to go
on time step 37149 (time=371.49), 0.0211455 s/step
Meep progress: 371.51/500.0 = 74.3% done in 766.5s, 265.1s to go
on time step 37340 (time=373.4), 0.0209532 s/step
Meep progress: 373.42/500.0 = 74.7% done in 770.5s, 261.2s to go
on time step 37536 (time=375.36), 0.0204736 s/step
Meep progress: 375.38/500.0 = 75.1% done in 774.5s, 257.1s to go
on time step 37726 (time=377.26), 0.021105 s/step
Meep progress: 377.28/500.0 = 75.5% done in 778.5s, 253.2s to go
on time step 37920 (time=379.2), 0.0207099 s/step
Meep progress: 379.22/500.0 = 75.8% done in 782.5s, 249.2s to go
on time step 38119 (time=381.19), 0.0201789 s/step
Meep progress: 381.21/500.0 = 76.2% done in 786.5s, 245.1s to go
on time step 38308 (time=383.08), 0.0211743 s/step
Meep progress: 383.1/500.0 = 76.6% done in 790.5s, 241.2s to go
on time step 38498 (time=384.98), 0.021097 s/step
Meep progress: 385.0/500.0 = 77.0% done in 794.5s, 237.3s to go
on time step 38689 (time=386.89), 0.0210524 s/step
Meep progress: 386.91/500.0 = 77.4% done in 798.6s, 233.4s to go
on time step 38885 (time=388.85), 0.0204425 s/step
Meep progress: 388.87/500.0 = 77.8% done in 802.6s, 229.4s to go
creating output file "./reflPart0.01-ez-000390.00.h5"...
on time step 39037 (time=390.37), 0.0263959 s/step
Meep progress: 390.39/500.0 = 78.1% done in 806.6s, 226.5s to go
on time step 39228 (time=392.28), 0.0210424 s/step
Meep progress: 392.3/500.0 = 78.5% done in 810.6s, 222.5s to go
on time step 39423 (time=394.23), 0.0205684 s/step
Meep progress: 394.25/500.0 = 78.8% done in 814.6s, 218.5s to go
on time step 39622 (time=396.22), 0.0201029 s/step
Meep progress: 396.24/500.0 = 79.2% done in 818.6s, 214.4s to go
on time step 39814 (time=398.14), 0.0209386 s/step
Meep progress: 398.16/500.0 = 79.6% done in 822.6s, 210.4s to go
on time step 40005 (time=400.05), 0.0209806 s/step
Meep progress: 400.07/500.0 = 80.0% done in 826.6s, 206.5s to go
on time step 40202 (time=402.02), 0.0204111 s/step
Meep progress: 402.03/500.0 = 80.4% done in 830.6s, 202.4s to go
on time step 40395 (time=403.95), 0.0207897 s/step
Meep progress: 403.96/500.0 = 80.8% done in 834.7s, 198.4s to go
on time step 40591 (time=405.91), 0.0204219 s/step
Meep progress: 405.92/500.0 = 81.2% done in 838.7s, 194.4s to go
on time step 40788 (time=407.88), 0.020356 s/step
Meep progress: 407.89/500.0 = 81.6% done in 842.7s, 190.3s to go
on time step 40985 (time=409.85), 0.0203979 s/step
Meep progress: 409.86/500.0 = 82.0% done in 846.7s, 186.2s to go
on time step 41174 (time=411.74), 0.0212408 s/step
Meep progress: 411.75/500.0 = 82.4% done in 850.7s, 182.3s to go
on time step 41369 (time=413.69), 0.0205818 s/step
Meep progress: 413.7/500.0 = 82.7% done in 854.7s, 178.3s to go
on time step 41569 (time=415.69), 0.0200859 s/step
Meep progress: 415.7/500.0 = 83.1% done in 858.7s, 174.1s to go
on time step 41758 (time=417.58), 0.0212249 s/step
Meep progress: 417.59/500.0 = 83.5% done in 862.7s, 170.3s to go
on time step 41946 (time=419.46), 0.0212874 s/step
Meep progress: 419.47/500.0 = 83.9% done in 866.7s, 166.4s to go
creating output file "./reflPart0.01-ez-000420.00.h5"...
on time step 42102 (time=421.02), 0.025646 s/step
Meep progress: 421.03/500.0 = 84.2% done in 870.8s, 163.3s to go
on time step 42291 (time=422.91), 0.0212054 s/step
Meep progress: 422.92/500.0 = 84.6% done in 874.8s, 159.4s to go
on time step 42487 (time=424.87), 0.0204994 s/step
Meep progress: 424.88/500.0 = 85.0% done in 878.8s, 155.4s to go
on time step 42678 (time=426.78), 0.0209893 s/step
Meep progress: 426.79/500.0 = 85.4% done in 882.8s, 151.4s to go
on time step 42870 (time=428.7), 0.0208865 s/step
Meep progress: 428.71/500.0 = 85.7% done in 886.8s, 147.5s to go
on time step 43073 (time=430.73), 0.0197827 s/step
Meep progress: 430.74/500.0 = 86.1% done in 890.8s, 143.2s to go
on time step 43284 (time=432.84), 0.0190042 s/step
Meep progress: 432.85/500.0 = 86.6% done in 894.8s, 138.8s to go
on time step 43493 (time=434.93), 0.0192073 s/step
Meep progress: 434.94/500.0 = 87.0% done in 898.8s, 134.5s to go
on time step 43699 (time=436.99), 0.0194496 s/step
Meep progress: 437.0/500.0 = 87.4% done in 902.8s, 130.2s to go
on time step 43888 (time=438.88), 0.0211731 s/step
Meep progress: 438.9/500.0 = 87.8% done in 906.9s, 126.2s to go
on time step 44097 (time=440.97), 0.0192182 s/step
Meep progress: 440.99/500.0 = 88.2% done in 910.9s, 121.9s to go
on time step 44306 (time=443.06), 0.0192113 s/step
Meep progress: 443.08/500.0 = 88.6% done in 914.9s, 117.5s to go
on time step 44517 (time=445.17), 0.0189714 s/step
Meep progress: 445.19/500.0 = 89.0% done in 918.9s, 113.1s to go
on time step 44699 (time=446.99), 0.0219807 s/step
Meep progress: 447.01/500.0 = 89.4% done in 922.9s, 109.4s to go
on time step 44877 (time=448.77), 0.0225402 s/step
Meep progress: 448.79/500.0 = 89.8% done in 926.9s, 105.8s to go
creating output file "./reflPart0.01-ez-000450.00.h5"...
on time step 45035 (time=450.35), 0.0253597 s/step
Meep progress: 450.37/500.0 = 90.1% done in 930.9s, 102.6s to go
on time step 45243 (time=452.43), 0.019306 s/step
Meep progress: 452.45/500.0 = 90.5% done in 934.9s, 98.3s to go
on time step 45443 (time=454.43), 0.0200625 s/step
Meep progress: 454.45/500.0 = 90.9% done in 938.9s, 94.1s to go
on time step 45656 (time=456.56), 0.0188158 s/step
Meep progress: 456.58/500.0 = 91.3% done in 943.0s, 89.7s to go
on time step 45863 (time=458.63), 0.019354 s/step
Meep progress: 458.65/500.0 = 91.7% done in 947.0s, 85.4s to go
on time step 46074 (time=460.74), 0.0190038 s/step
Meep progress: 460.76/500.0 = 92.2% done in 951.0s, 81.0s to go
on time step 46284 (time=462.84), 0.0190968 s/step
Meep progress: 462.86/500.0 = 92.6% done in 955.0s, 76.6s to go
on time step 46495 (time=464.95), 0.0190107 s/step
Meep progress: 464.97/500.0 = 93.0% done in 959.0s, 72.2s to go
on time step 46706 (time=467.06), 0.0190275 s/step
Meep progress: 467.08/500.0 = 93.4% done in 963.0s, 67.9s to go
on time step 46917 (time=469.17), 0.0190027 s/step
Meep progress: 469.19/500.0 = 93.8% done in 967.0s, 63.5s to go
on time step 47131 (time=471.31), 0.0187643 s/step
Meep progress: 471.33/500.0 = 94.3% done in 971.0s, 59.1s to go
on time step 47335 (time=473.35), 0.0196417 s/step
Meep progress: 473.37/500.0 = 94.7% done in 975.0s, 54.9s to go
on time step 47549 (time=475.49), 0.0187713 s/step
Meep progress: 475.51/500.0 = 95.1% done in 979.1s, 50.4s to go
on time step 47761 (time=477.61), 0.0188772 s/step
Meep progress: 477.64/500.0 = 95.5% done in 983.1s, 46.0s to go
on time step 47978 (time=479.78), 0.0184439 s/step
Meep progress: 479.81/500.0 = 96.0% done in 987.1s, 41.5s to go
creating output file "./reflPart0.01-ez-000480.00.h5"...
on time step 48154 (time=481.54), 0.0227645 s/step
Meep progress: 481.57/500.0 = 96.3% done in 991.1s, 37.9s to go
on time step 48374 (time=483.74), 0.0181925 s/step
Meep progress: 483.77/500.0 = 96.8% done in 995.1s, 33.4s to go
on time step 48600 (time=486), 0.0177499 s/step
Meep progress: 486.03/500.0 = 97.2% done in 999.1s, 28.7s to go
on time step 48825 (time=488.25), 0.0178152 s/step
Meep progress: 488.28/500.0 = 97.7% done in 1003.1s, 24.1s to go
on time step 49052 (time=490.52), 0.0176569 s/step
Meep progress: 490.55/500.0 = 98.1% done in 1007.1s, 19.4s to go
on time step 49280 (time=492.8), 0.0175549 s/step
Meep progress: 492.83/500.0 = 98.6% done in 1011.1s, 14.7s to go
on time step 49511 (time=495.11), 0.0173715 s/step
Meep progress: 495.14/500.0 = 99.0% done in 1015.1s, 10.0s to go
on time step 49742 (time=497.42), 0.0173446 s/step
Meep progress: 497.45/500.0 = 99.5% done in 1019.1s, 5.2s to go
on time step 49973 (time=499.73), 0.0173578 s/step
Meep progress: 499.76/500.0 = 100.0% done in 1023.1s, 0.5s to go
run 0 finished at t = 500.0 (50000 timesteps)
flux1:, 0.41, -2.52409759986227e-13
flux1:, 0.415050505050505, -2.58987875167489e-13
flux1:, 0.42010101010101, -2.8034837637647e-13
flux1:, 0.425151515151515, -2.96454502734762e-13
flux1:, 0.43020202020202, -2.98307409615934e-13
flux1:, 0.435252525252525, -3.09038282566224e-13
flux1:, 0.44030303030303, -3.3729467169975e-13
flux1:, 0.445353535353535, -3.56653588184646e-13
flux1:, 0.45040404040404, -3.60416164790885e-13
flux1:, 0.455454545454545, -3.78849491436969e-13
flux1:, 0.46050505050505, -4.15043756628521e-13
flux1:, 0.465555555555555, -4.3926731089043e-13
flux1:, 0.47060606060606, -4.49518735003126e-13
flux1:, 0.475656565656565, -4.78694739362026e-13
flux1:, 0.48070707070707, -5.26888178663804e-13
flux1:, 0.485757575757575, -5.52926450775822e-13
flux1:, 0.49080808080808, -5.49943908102023e-13
flux1:, 0.495858585858586, -5.37243770697678e-13
flux1:, 0.500909090909091, -4.71048299218921e-13
flux1:, 0.505959595959596, 5.48375890383766e-14
flux1:, 0.511010101010101, 3.20538836897328e-12
flux1:, 0.516060606060606, 2.00391259685528e-11
flux1:, 0.521111111111111, 9.83501353599334e-11
flux1:, 0.526161616161616, 4.3068329972007e-10
flux1:, 0.531212121212121, 1.74701521493272e-9
flux1:, 0.536262626262626, 6.69574276700642e-9
flux1:, 0.541313131313131, 2.44038506649817e-8
flux1:, 0.546363636363636, 8.46456786459846e-8
flux1:, 0.551414141414141, 2.79024454436613e-7
flux1:, 0.556464646464646, 8.73672668111272e-7
flux1:, 0.561515151515152, 2.60138947717374e-6
flux1:, 0.566565656565657, 7.36705180955679e-6
flux1:, 0.571616161616162, 1.98341709886741e-5
flux1:, 0.576666666666667, 5.0818873223783e-5
flux1:, 0.581717171717172, 1.24053235728863e-4
flux1:, 0.586767676767677, 2.88266902232203e-4
flux1:, 0.591818181818182, 6.37268566907302e-4
flux1:, 0.596868686868687, 0.00134079106193305
flux1:, 0.601919191919192, 0.00268354074063635
flux1:, 0.606969696969697, 0.0051034238282569
flux1:, 0.612020202020202, 0.00921897222416652
flux1:, 0.617070707070707, 0.0158158000185133
flux1:, 0.622121212121213, 0.0257546217200881
flux1:, 0.627171717171718, 0.0397719171324461
flux1:, 0.632222222222223, 0.058204384356133
flux1:, 0.637272727272728, 0.0809231634035328
flux1:, 0.642323232323233, 0.107492190890226
flux1:, 0.647373737373738, 0.136580636137263
flux1:, 0.652424242424243, 0.165151550371744
flux1:, 0.657474747474748, 0.18924704185702
flux1:, 0.662525252525253, 0.205765018471909
flux1:, 0.667575757575758, 0.212597700502365
flux1:, 0.672626262626263, 0.208217742251894
flux1:, 0.677676767676768, 0.192287089406389
flux1:, 0.682727272727274, 0.166755759397798
flux1:, 0.687777777777779, 0.136228356606953
flux1:, 0.692828282828284, 0.106314500949749
flux1:, 0.697878787878789, 0.0808246175146211
flux1:, 0.702929292929294, 0.0604680994682645
flux1:, 0.707979797979799, 0.0439400924073635
flux1:, 0.713030303030304, 0.0300706354463527
flux1:, 0.718080808080809, 0.0188656506249069
flux1:, 0.723131313131314, 0.0107906125059909
flux1:, 0.728181818181819, 0.00574993435476985
flux1:, 0.733232323232324, 0.00297348585197033
flux1:, 0.738282828282829, 0.00153965211461622
flux1:, 0.743333333333335, 7.90169821600276e-4
flux1:, 0.74838383838384, 3.84875880213811e-4
flux1:, 0.753434343434345, 1.71288702643576e-4
flux1:, 0.75848484848485, 6.90219227665849e-5
flux1:, 0.763535353535355, 2.57342609078765e-5
flux1:, 0.76858585858586, 9.26062417463532e-6
flux1:, 0.773636363636365, 3.32977623883807e-6
flux1:, 0.77868686868687, 1.18962115155334e-6
flux1:, 0.783737373737375, 4.06069527327067e-7
flux1:, 0.78878787878788, 1.27727329318145e-7
flux1:, 0.793838383838385, 3.65693479205307e-8
flux1:, 0.79888888888889, 9.66578125648093e-9
flux1:, 0.803939393939396, 2.43397913463015e-9
flux1:, 0.808989898989901, 5.9981000158204e-10
flux1:, 0.814040404040406, 1.43846777701402e-10
flux1:, 0.819090909090911, 3.1785327326901e-11
flux1:, 0.824141414141416, 5.99462520100593e-12
flux1:, 0.829191919191921, 7.62614357966936e-13
flux1:, 0.834242424242426, -1.46560557355457e-13
flux1:, 0.839292929292931, -3.11537822593575e-13
flux1:, 0.844343434343436, -3.65238481597255e-13
flux1:, 0.849393939393941, -4.00912813207538e-13
flux1:, 0.854444444444446, -3.85153544765845e-13
flux1:, 0.859494949494951, -3.30947329942406e-13
flux1:, 0.864545454545457, -3.0660294308636e-13
flux1:, 0.869595959595962, -3.12596154147375e-13
flux1:, 0.874646464646467, -2.92070366285666e-13
flux1:, 0.879696969696972, -2.50655558601538e-13
flux1:, 0.884747474747477, -2.38940258488378e-13
flux1:, 0.889797979797982, -2.50788396897735e-13
flux1:, 0.894848484848487, -2.32886459241431e-13
flux1:, 0.899898989898992, -1.98045954075815e-13
flux1:, 0.904949494949497, -1.94727262556578e-13
flux1:, 0.910000000000002, -2.05295721597008e-13
flux1:, 0.41, 7.89162170929675e-15
flux1:, 0.415050505050505, 1.10273126749717e-14
flux1:, 0.42010101010101, 3.35409476075941e-15
flux1:, 0.425151515151515, 3.63976086770821e-15
flux1:, 0.43020202020202, 1.75994160149785e-14
flux1:, 0.435252525252525, 2.10492422710201e-14
flux1:, 0.44030303030303, 6.54272263759305e-15
flux1:, 0.445353535353535, 1.34525130275213e-15
flux1:, 0.45040404040404, 1.43959436204334e-14
flux1:, 0.455454545454545, 1.78559701391435e-14
flux1:, 0.46050505050505, 5.36192614184293e-15
flux1:, 0.465555555555555, 5.63544046028599e-15
flux1:, 0.47060606060606, 2.03729525615941e-14
flux1:, 0.475656565656565, 1.79179267791349e-14
flux1:, 0.48070707070707, 1.40151610653799e-15
flux1:, 0.485757575757575, 1.32137360551898e-14
flux1:, 0.49080808080808, 6.19139361455895e-14
flux1:, 0.495858585858586, 1.23442378986604e-13
flux1:, 0.500909090909091, 2.53439267530791e-13
flux1:, 0.505959595959596, 8.5862686520915e-13
flux1:, 0.511010101010101, 4.15472166471015e-12
flux1:, 0.516060606060606, 2.09878822012466e-11
flux1:, 0.521111111111111, 9.84735774050094e-11
flux1:, 0.526161616161616, 4.26804871220217e-10
flux1:, 0.531212121212121, 1.73619472945026e-9
flux1:, 0.536262626262626, 6.69438450403966e-9
flux1:, 0.541313131313131, 2.44910225642503e-8
flux1:, 0.546363636363636, 8.49002530614663e-8
flux1:, 0.551414141414141, 2.78771089611856e-7
flux1:, 0.556464646464646, 8.68705369265265e-7
flux1:, 0.561515151515152, 2.58123426161759e-6
flux1:, 0.566565656565657, 7.32334181258509e-6
flux1:, 0.571616161616162, 1.98231828112269e-5
flux1:, 0.576666666666667, 5.11506667766488e-5
flux1:, 0.581717171717172, 1.25461590659024e-4
flux1:, 0.586767676767677, 2.91869445540374e-4
flux1:, 0.591818181818182, 6.43503676477401e-4
flux1:, 0.596868686868687, 0.00134593727704221
flux1:, 0.601919191919192, 0.00267652387094961
flux1:, 0.606969696969697, 0.00506329932443375
flux1:, 0.612020202020202, 0.00911307625048753
flux1:, 0.617070707070707, 0.0156032874309214
flux1:, 0.622121212121213, 0.0253821882530954
flux1:, 0.627171717171718, 0.0391814777678604
flux1:, 0.632222222222223, 0.0573665246371315
flux1:, 0.637272727272728, 0.0800129676497353
flux1:, 0.642323232323233, 0.106874004028889
flux1:, 0.647373737373738, 0.136204113735693
flux1:, 0.652424242424243, 0.164767366588961
flux1:, 0.657474747474748, 0.189074777438027
flux1:, 0.662525252525253, 0.205829520835032
flux1:, 0.667575757575758, 0.212804091850338
flux1:, 0.672626262626263, 0.208668213899527
flux1:, 0.677676767676768, 0.192954608883227
flux1:, 0.682727272727274, 0.167648277286903
flux1:, 0.687777777777779, 0.137226645834915
flux1:, 0.692828282828284, 0.107153063852745
flux1:, 0.697878787878789, 0.0813669984083466
flux1:, 0.702929292929294, 0.0606637711760655
flux1:, 0.707979797979799, 0.0438798496401136
flux1:, 0.713030303030304, 0.0299422845898995
flux1:, 0.718080808080809, 0.0187964373872098
flux1:, 0.723131313131314, 0.010795493474131
flux1:, 0.728181818181819, 0.00578349202614201
flux1:, 0.733232323232324, 0.0030043498202685
flux1:, 0.738282828282829, 0.00155820733853679
flux1:, 0.743333333333335, 7.97529810101675e-4
flux1:, 0.74838383838384, 3.86666996174221e-4
flux1:, 0.753434343434345, 1.71486163787588e-4
flux1:, 0.75848484848485, 6.90273572658153e-5
flux1:, 0.763535353535355, 2.57728500165845e-5
flux1:, 0.76858585858586, 9.29984910307027e-6
flux1:, 0.773636363636365, 3.35032399313835e-6
flux1:, 0.77868686868687, 1.19638539369044e-6
flux1:, 0.783737373737375, 4.07642921875493e-7
flux1:, 0.78878787878788, 1.28031983109428e-7
flux1:, 0.793838383838385, 3.66494743624396e-8
flux1:, 0.79888888888889, 9.6951370344215e-9
flux1:, 0.803939393939396, 2.44320073991588e-9
flux1:, 0.808989898989901, 6.02759112086667e-10
flux1:, 0.814040404040406, 1.44761443301089e-10
flux1:, 0.819090909090911, 3.24417344091421e-11
flux1:, 0.824141414141416, 6.58223034073564e-12
flux1:, 0.829191919191921, 1.33311570983545e-12
flux1:, 0.834242424242426, 3.75879916398074e-13
flux1:, 0.839292929292931, 1.7376985868825e-13
flux1:, 0.844343434343436, 8.22777978813073e-14
flux1:, 0.849393939393941, 1.66181766519956e-14
flux1:, 0.854444444444446, 6.10275383088e-15
flux1:, 0.859494949494951, 3.67119348331353e-14
flux1:, 0.864545454545457, 4.03113034624362e-14
flux1:, 0.869595959595962, 1.08692565957639e-14
flux1:, 0.874646464646467, 9.05217584992708e-15
flux1:, 0.879696969696972, 3.2194937173563e-14
flux1:, 0.884747474747477, 2.7013363494324e-14
flux1:, 0.889797979797982, 5.14461725238738e-15
flux1:, 0.894848484848487, 1.32519325792312e-14
flux1:, 0.899898989898992, 3.68725352945491e-14
flux1:, 0.904949494949497, 2.98292245727146e-14
flux1:, 0.910000000000002, 5.8053549494228e-15

Elapsed run time = 1032.87 s

Some deprecated features have been used.  Set the environment
variable GUILE_WARN_DEPRECATED to "detailed" and rerun the
program to get more information.  Set it to "no" to suppress
this message.
