-----------
Initializing structure...
Working in 2D dimensions.
Computational cell is 100 x 6 x 0 with resolution 50
     block, center = (10,1.775,0)
          size (80,3,1e+20)
          axes (1,0,0), (0,1,0), (0,0,1)
          dielectric constant epsilon diagonal = (9,9,9)
     block, center = (10,0.275,0)
          size (80,0.05,1e+20)
          axes (1,0,0), (0,1,0), (0,0,1)
          dielectric constant epsilon diagonal = (4,4,4)
     block, center = (-15,0.245,0)
          size (70,0.01,1e+20)
          axes (1,0,0), (0,1,0), (0,0,1)
          dielectric constant epsilon diagonal = (11.68,11.68,11.68)
     block, center = (30,0.245,0)
          size (20,0.01,1e+20)
          axes (1,0,0), (0,1,0), (0,0,1)
          dielectric constant epsilon diagonal = (11.68,11.68,11.68)
     block, center = (45,0.245,0)
          size (10,0.01,1e+20)
          axes (1,0,0), (0,1,0), (0,0,1)
          dielectric constant epsilon diagonal = (11.68,11.68,11.68)
     block, center = (0,0,0)
          size (1e+20,0.48,1e+20)
          axes (1,0,0), (0,1,0), (0,0,1)
          dielectric constant epsilon diagonal = (11.68,11.68,11.68)
     block, center = (-15,-0.245,0)
          size (70,0.01,1e+20)
          axes (1,0,0), (0,1,0), (0,0,1)
          dielectric constant epsilon diagonal = (11.68,11.68,11.68)
     block, center = (30,-0.245,0)
          size (20,0.01,1e+20)
          axes (1,0,0), (0,1,0), (0,0,1)
          dielectric constant epsilon diagonal = (11.68,11.68,11.68)
     block, center = (45,-0.245,0)
          size (10,0.01,1e+20)
          axes (1,0,0), (0,1,0), (0,0,1)
          dielectric constant epsilon diagonal = (11.68,11.68,11.68)
     block, center = (10,-1,0)
          size (80,1.5,1e+20)
          axes (1,0,0), (0,1,0), (0,0,1)
          dielectric constant epsilon diagonal = (9,9,9)
     block, center = (10,-2.25,0)
          size (80,1,1e+20)
          axes (1,0,0), (0,1,0), (0,0,1)
          dielectric constant epsilon diagonal = (9,9,9)
time for set_epsilon = 8.5534 s
-----------
creating output file "./reflPart0-eps-000000.00.h5"...
Meep progress: 1.88/500.0 = 0.4% done in 4.0s, 1064.4s to go
on time step 196 (time=1.96), 0.0204921 s/step
Meep progress: 4.11/500.0 = 0.8% done in 8.0s, 968.3s to go
on time step 419 (time=4.19), 0.0179661 s/step
Meep progress: 6.36/500.0 = 1.3% done in 12.0s, 934.4s to go
on time step 644 (time=6.44), 0.017837 s/step
Meep progress: 8.6/500.0 = 1.7% done in 16.0s, 916.6s to go
on time step 868 (time=8.68), 0.017874 s/step
Meep progress: 10.84/500.0 = 2.2% done in 20.0s, 904.6s to go
on time step 1092 (time=10.92), 0.0178745 s/step
Meep progress: 13.08/500.0 = 2.6% done in 24.1s, 895.6s to go
on time step 1316 (time=13.16), 0.0179115 s/step
Meep progress: 15.36/500.0 = 3.1% done in 28.1s, 885.7s to go
on time step 1544 (time=15.44), 0.0175822 s/step
Meep progress: 17.66/500.0 = 3.5% done in 32.1s, 876.3s to go
on time step 1774 (time=17.74), 0.0174458 s/step
Meep progress: 19.96/500.0 = 4.0% done in 36.1s, 868.1s to go
on time step 2004 (time=20.04), 0.0174506 s/step
Meep progress: 22.26/500.0 = 4.5% done in 40.1s, 860.9s to go
on time step 2234 (time=22.34), 0.0174589 s/step
Meep progress: 24.56/500.0 = 4.9% done in 44.1s, 854.1s to go
on time step 2464 (time=24.64), 0.0174342 s/step
Meep progress: 26.86/500.0 = 5.4% done in 48.1s, 847.8s to go
on time step 2694 (time=26.94), 0.0174243 s/step
Meep progress: 29.16/500.0 = 5.8% done in 52.1s, 841.9s to go
on time step 2924 (time=29.24), 0.0174237 s/step
creating output file "./reflPart0-ez-000030.00.h5"...
Meep progress: 31.1/500.0 = 6.2% done in 56.2s, 846.6s to go
on time step 3117 (time=31.17), 0.0207395 s/step
Meep progress: 33.32/500.0 = 6.7% done in 60.2s, 842.6s to go
on time step 3339 (time=33.39), 0.0180565 s/step
Meep progress: 35.54/500.0 = 7.1% done in 64.2s, 838.5s to go
on time step 3561 (time=35.61), 0.0180234 s/step
Meep progress: 37.76/500.0 = 7.6% done in 68.2s, 834.5s to go
on time step 3783 (time=37.83), 0.0180522 s/step
Meep progress: 39.98/500.0 = 8.0% done in 72.2s, 830.6s to go
on time step 4005 (time=40.05), 0.0180941 s/step
Meep progress: 42.12/500.0 = 8.4% done in 76.2s, 828.4s to go
on time step 4218 (time=42.18), 0.018806 s/step
Meep progress: 44.21/500.0 = 8.8% done in 80.2s, 826.9s to go
on time step 4428 (time=44.28), 0.0191313 s/step
Meep progress: 46.13/500.0 = 9.2% done in 84.2s, 828.7s to go
on time step 4619 (time=46.19), 0.0210195 s/step
Meep progress: 48.03/500.0 = 9.6% done in 88.2s, 830.3s to go
on time step 4809 (time=48.09), 0.0210905 s/step
Meep progress: 50.01/500.0 = 10.0% done in 92.3s, 830.2s to go
on time step 5005 (time=50.05), 0.0204218 s/step
Meep progress: 51.86/500.0 = 10.4% done in 96.3s, 831.8s to go
on time step 5190 (time=51.9), 0.0216248 s/step
Meep progress: 53.87/500.0 = 10.8% done in 100.3s, 830.3s to go
on time step 5392 (time=53.92), 0.0198237 s/step
Meep progress: 55.84/500.0 = 11.2% done in 104.3s, 829.4s to go
on time step 5589 (time=55.89), 0.0203676 s/step
Meep progress: 57.75/500.0 = 11.6% done in 108.3s, 829.3s to go
on time step 5780 (time=57.8), 0.0210203 s/step
Meep progress: 59.68/500.0 = 11.9% done in 112.3s, 828.6s to go
on time step 5973 (time=59.73), 0.0207831 s/step
creating output file "./reflPart0-ez-000060.00.h5"...
Meep progress: 61.38/500.0 = 12.3% done in 116.3s, 831.1s to go
on time step 6144 (time=61.44), 0.0234609 s/step
Meep progress: 63.33/500.0 = 12.7% done in 120.3s, 829.6s to go
on time step 6339 (time=63.39), 0.0206163 s/step
Meep progress: 65.23/500.0 = 13.0% done in 124.3s, 828.7s to go
on time step 6529 (time=65.29), 0.0211421 s/step
Meep progress: 67.12/500.0 = 13.4% done in 128.3s, 827.7s to go
on time step 6718 (time=67.18), 0.021174 s/step
Meep progress: 69.01/500.0 = 13.8% done in 132.3s, 826.5s to go
on time step 6907 (time=69.07), 0.021197 s/step
Meep progress: 70.89/500.0 = 14.2% done in 136.4s, 825.4s to go
on time step 7095 (time=70.95), 0.0213596 s/step
Meep progress: 72.77/500.0 = 14.6% done in 140.4s, 824.0s to go
on time step 7284 (time=72.84), 0.0212583 s/step
Meep progress: 74.71/500.0 = 14.9% done in 144.4s, 821.8s to go
on time step 7478 (time=74.78), 0.0206908 s/step
Meep progress: 76.57/500.0 = 15.3% done in 148.4s, 820.5s to go
on time step 7664 (time=76.64), 0.0215692 s/step
Meep progress: 78.51/500.0 = 15.7% done in 152.4s, 818.1s to go
on time step 7858 (time=78.58), 0.020682 s/step
Meep progress: 80.43/500.0 = 16.1% done in 156.4s, 815.8s to go
on time step 8050 (time=80.5), 0.0208536 s/step
Meep progress: 82.33/500.0 = 16.5% done in 160.4s, 813.7s to go
on time step 8240 (time=82.4), 0.0211622 s/step
Meep progress: 84.08/500.0 = 16.8% done in 164.4s, 813.3s to go
on time step 8416 (time=84.16), 0.0227836 s/step
Meep progress: 85.98/500.0 = 17.2% done in 168.4s, 810.9s to go
on time step 8606 (time=86.06), 0.0210871 s/step
Meep progress: 87.86/500.0 = 17.6% done in 172.4s, 808.8s to go
on time step 8794 (time=87.94), 0.0213086 s/step
Meep progress: 89.75/500.0 = 18.0% done in 176.4s, 806.4s to go
on time step 8983 (time=89.83), 0.0211775 s/step
creating output file "./reflPart0-ez-000090.00.h5"...
Meep progress: 91.36/500.0 = 18.3% done in 180.4s, 807.0s to go
on time step 9144 (time=91.44), 0.0248827 s/step
Meep progress: 93.25/500.0 = 18.6% done in 184.4s, 804.5s to go
on time step 9333 (time=93.33), 0.0211764 s/step
Meep progress: 95.06/500.0 = 19.0% done in 188.4s, 802.7s to go
on time step 9515 (time=95.15), 0.0219913 s/step
Meep progress: 97.19/500.0 = 19.4% done in 192.4s, 797.6s to go
on time step 9728 (time=97.28), 0.0188189 s/step
Meep progress: 99.37/500.0 = 19.9% done in 196.4s, 792.0s to go
on time step 9946 (time=99.46), 0.0183659 s/step
Meep progress: 101.41/500.0 = 20.3% done in 200.5s, 787.9s to go
on time step 10150 (time=101.5), 0.0196743 s/step
Meep progress: 103.63/500.0 = 20.7% done in 204.5s, 782.1s to go
on time step 10372 (time=103.72), 0.0180494 s/step
Meep progress: 105.76/500.0 = 21.2% done in 208.5s, 777.2s to go
on time step 10583 (time=105.83), 0.018973 s/step
Meep progress: 107.74/500.0 = 21.5% done in 212.5s, 773.7s to go
on time step 10782 (time=107.82), 0.0201339 s/step
Meep progress: 109.76/500.0 = 22.0% done in 216.5s, 769.8s to go
on time step 10984 (time=109.84), 0.019847 s/step
Meep progress: 111.97/500.0 = 22.4% done in 220.5s, 764.2s to go
on time step 11205 (time=112.05), 0.0181402 s/step
Meep progress: 114.17/500.0 = 22.8% done in 224.5s, 758.8s to go
on time step 11425 (time=114.25), 0.0182513 s/step
Meep progress: 116.25/500.0 = 23.2% done in 228.5s, 754.5s to go
on time step 11633 (time=116.33), 0.019314 s/step
Meep progress: 118.31/500.0 = 23.7% done in 232.6s, 750.3s to go
on time step 11838 (time=118.38), 0.0195861 s/step
creating output file "./reflPart0-ez-000120.00.h5"...
Meep progress: 120.1/500.0 = 24.0% done in 236.6s, 748.3s to go
on time step 12019 (time=120.19), 0.0221776 s/step
Meep progress: 122.23/500.0 = 24.4% done in 240.6s, 743.5s to go
on time step 12231 (time=122.31), 0.0188908 s/step
Meep progress: 124.29/500.0 = 24.9% done in 244.6s, 739.3s to go
on time step 12438 (time=124.38), 0.0194076 s/step
Meep progress: 126.42/500.0 = 25.3% done in 248.6s, 734.6s to go
on time step 12651 (time=126.51), 0.0187923 s/step
Meep progress: 128.54/500.0 = 25.7% done in 252.6s, 729.9s to go
on time step 12862 (time=128.62), 0.0190088 s/step
Meep progress: 130.62/500.0 = 26.1% done in 256.6s, 725.6s to go
on time step 13072 (time=130.72), 0.0191202 s/step
Meep progress: 132.83/500.0 = 26.6% done in 260.6s, 720.4s to go
on time step 13293 (time=132.93), 0.0181213 s/step
Meep progress: 134.94/500.0 = 27.0% done in 264.6s, 715.9s to go
on time step 13502 (time=135.02), 0.0191455 s/step
Meep progress: 136.94/500.0 = 27.4% done in 268.6s, 712.2s to go
on time step 13704 (time=137.04), 0.019873 s/step
Meep progress: 138.94/500.0 = 27.8% done in 272.6s, 708.5s to go
on time step 13903 (time=139.03), 0.0201531 s/step
Meep progress: 141.08/500.0 = 28.2% done in 276.6s, 703.8s to go
on time step 14118 (time=141.18), 0.0186464 s/step
Meep progress: 143.11/500.0 = 28.6% done in 280.6s, 699.9s to go
on time step 14320 (time=143.2), 0.019855 s/step
Meep progress: 145.01/500.0 = 29.0% done in 284.7s, 696.8s to go
on time step 14510 (time=145.1), 0.0211475 s/step
Meep progress: 147.09/500.0 = 29.4% done in 288.7s, 692.6s to go
on time step 14720 (time=147.2), 0.0191171 s/step
Meep progress: 149.25/500.0 = 29.8% done in 292.7s, 687.8s to go
on time step 14936 (time=149.36), 0.018587 s/step
creating output file "./reflPart0-ez-000150.00.h5"...
Meep progress: 150.98/500.0 = 30.2% done in 296.7s, 685.8s to go
on time step 15109 (time=151.09), 0.0231835 s/step
Meep progress: 153.13/500.0 = 30.6% done in 300.7s, 681.1s to go
on time step 15324 (time=153.24), 0.0186748 s/step
Meep progress: 155.35/500.0 = 31.1% done in 304.7s, 676.0s to go
on time step 15546 (time=155.46), 0.0180802 s/step
Meep progress: 157.52/500.0 = 31.5% done in 308.7s, 671.2s to go
on time step 15763 (time=157.63), 0.0184646 s/step
Meep progress: 159.73/500.0 = 31.9% done in 312.7s, 666.2s to go
on time step 15984 (time=159.84), 0.0181242 s/step
Meep progress: 161.7/500.0 = 32.3% done in 316.7s, 662.7s to go
on time step 16179 (time=161.79), 0.0205173 s/step
Meep progress: 163.84/500.0 = 32.8% done in 320.7s, 658.1s to go
on time step 16395 (time=163.95), 0.0185333 s/step
Meep progress: 166.02/500.0 = 33.2% done in 324.7s, 653.3s to go
on time step 16611 (time=166.11), 0.0185356 s/step
Meep progress: 168.1/500.0 = 33.6% done in 328.7s, 649.1s to go
on time step 16821 (time=168.21), 0.0191176 s/step
Meep progress: 170.29/500.0 = 34.1% done in 332.8s, 644.3s to go
on time step 17040 (time=170.4), 0.0182787 s/step
Meep progress: 172.41/500.0 = 34.5% done in 336.8s, 639.9s to go
on time step 17252 (time=172.52), 0.0189146 s/step
Meep progress: 174.49/500.0 = 34.9% done in 340.8s, 635.7s to go
on time step 17460 (time=174.6), 0.0192603 s/step
Meep progress: 176.59/500.0 = 35.3% done in 344.8s, 631.4s to go
on time step 17669 (time=176.69), 0.0191983 s/step
Meep progress: 178.67/500.0 = 35.7% done in 348.8s, 627.3s to go
on time step 17878 (time=178.78), 0.019169 s/step
creating output file "./reflPart0-ez-000180.00.h5"...
Meep progress: 180.38/500.0 = 36.1% done in 352.8s, 625.2s to go
on time step 18047 (time=180.47), 0.023684 s/step
Meep progress: 182.58/500.0 = 36.5% done in 356.8s, 620.4s to go
on time step 18266 (time=182.66), 0.0182688 s/step
Meep progress: 184.67/500.0 = 36.9% done in 360.8s, 616.1s to go
on time step 18476 (time=184.76), 0.0190725 s/step
Meep progress: 186.87/500.0 = 37.4% done in 364.8s, 611.3s to go
on time step 18696 (time=186.96), 0.0181978 s/step
Meep progress: 189.06/500.0 = 37.8% done in 368.8s, 606.6s to go
on time step 18915 (time=189.15), 0.018279 s/step
Meep progress: 191.22/500.0 = 38.2% done in 372.9s, 602.1s to go
on time step 19130 (time=191.3), 0.0186112 s/step
Meep progress: 193.26/500.0 = 38.7% done in 376.9s, 598.2s to go
on time step 19334 (time=193.34), 0.0196728 s/step
Meep progress: 195.44/500.0 = 39.1% done in 380.9s, 593.5s to go
on time step 19552 (time=195.52), 0.0183851 s/step
Meep progress: 197.65/500.0 = 39.5% done in 384.9s, 588.8s to go
on time step 19773 (time=197.73), 0.018156 s/step
Meep progress: 199.85/500.0 = 40.0% done in 388.9s, 584.1s to go
on time step 19993 (time=199.93), 0.0181967 s/step
Meep progress: 202.06/500.0 = 40.4% done in 392.9s, 579.4s to go
on time step 20214 (time=202.14), 0.0181802 s/step
Meep progress: 204.25/500.0 = 40.8% done in 396.9s, 574.7s to go
on time step 20433 (time=204.33), 0.0182649 s/step
Meep progress: 206.46/500.0 = 41.3% done in 400.9s, 570.0s to go
on time step 20654 (time=206.54), 0.0181558 s/step
Meep progress: 208.66/500.0 = 41.7% done in 404.9s, 565.4s to go
on time step 20874 (time=208.74), 0.018224 s/step
creating output file "./reflPart0-ez-000210.00.h5"...
Meep progress: 210.43/500.0 = 42.1% done in 408.9s, 562.7s to go
on time step 21051 (time=210.51), 0.0226613 s/step
Meep progress: 212.64/500.0 = 42.5% done in 413.0s, 558.1s to go
on time step 21272 (time=212.72), 0.0181588 s/step
Meep progress: 214.74/500.0 = 42.9% done in 417.0s, 553.9s to go
on time step 21482 (time=214.82), 0.0190699 s/step
Meep progress: 216.96/500.0 = 43.4% done in 421.0s, 549.2s to go
on time step 21704 (time=217.04), 0.0180643 s/step
Meep progress: 219.17/500.0 = 43.8% done in 425.0s, 544.5s to go
on time step 21926 (time=219.26), 0.0180994 s/step
Meep progress: 221.39/500.0 = 44.3% done in 429.0s, 539.9s to go
on time step 22148 (time=221.48), 0.0180681 s/step
Meep progress: 223.61/500.0 = 44.7% done in 433.0s, 535.2s to go
on time step 22370 (time=223.7), 0.0180335 s/step
Meep progress: 225.8/500.0 = 45.2% done in 437.0s, 530.7s to go
on time step 22588 (time=225.88), 0.0183678 s/step
Meep progress: 227.95/500.0 = 45.6% done in 441.0s, 526.3s to go
on time step 22803 (time=228.03), 0.0186247 s/step
Meep progress: 230.1/500.0 = 46.0% done in 445.0s, 522.0s to go
on time step 23018 (time=230.18), 0.018631 s/step
Meep progress: 232.32/500.0 = 46.5% done in 449.0s, 517.4s to go
on time step 23240 (time=232.4), 0.0180749 s/step
Meep progress: 234.52/500.0 = 46.9% done in 453.0s, 512.8s to go
on time step 23460 (time=234.6), 0.0182007 s/step
Meep progress: 236.72/500.0 = 47.3% done in 457.1s, 508.3s to go
on time step 23680 (time=236.8), 0.0182617 s/step
Meep progress: 238.91/500.0 = 47.8% done in 461.1s, 503.9s to go
on time step 23900 (time=239), 0.0182622 s/step
creating output file "./reflPart0-ez-000240.00.h5"...
Meep progress: 240.78/500.0 = 48.2% done in 465.1s, 500.7s to go
on time step 24087 (time=240.87), 0.0214005 s/step
Meep progress: 242.98/500.0 = 48.6% done in 469.1s, 496.2s to go
on time step 24307 (time=243.07), 0.0182021 s/step
Meep progress: 245.19/500.0 = 49.0% done in 473.1s, 491.6s to go
on time step 24528 (time=245.28), 0.0181394 s/step
Meep progress: 247.4/500.0 = 49.5% done in 477.1s, 487.1s to go
on time step 24749 (time=247.49), 0.0181268 s/step
Meep progress: 249.61/500.0 = 49.9% done in 481.1s, 482.6s to go
on time step 24970 (time=249.7), 0.0181417 s/step
Meep progress: 251.65/500.0 = 50.3% done in 485.1s, 478.7s to go
on time step 25174 (time=251.74), 0.0196209 s/step
Meep progress: 253.86/500.0 = 50.8% done in 489.1s, 474.2s to go
on time step 25395 (time=253.95), 0.0181419 s/step
Meep progress: 256.0/500.0 = 51.2% done in 493.1s, 470.0s to go
on time step 25609 (time=256.09), 0.0187629 s/step
Meep progress: 258.19/500.0 = 51.6% done in 497.1s, 465.6s to go
on time step 25828 (time=258.28), 0.0183186 s/step
Meep progress: 260.4/500.0 = 52.1% done in 501.1s, 461.1s to go
on time step 26049 (time=260.49), 0.0181522 s/step
Meep progress: 262.48/500.0 = 52.5% done in 505.1s, 457.1s to go
on time step 26256 (time=262.56), 0.0193849 s/step
Meep progress: 264.58/500.0 = 52.9% done in 509.2s, 453.0s to go
on time step 26468 (time=264.68), 0.0189426 s/step
Meep progress: 266.74/500.0 = 53.3% done in 513.2s, 448.8s to go
on time step 26682 (time=266.82), 0.0187158 s/step
Meep progress: 268.67/500.0 = 53.7% done in 517.2s, 445.3s to go
on time step 26876 (time=268.76), 0.0207176 s/step
creating output file "./reflPart0-ez-000270.00.h5"...
Meep progress: 270.37/500.0 = 54.1% done in 521.2s, 442.7s to go
on time step 27047 (time=270.47), 0.0234789 s/step
Meep progress: 272.57/500.0 = 54.5% done in 525.2s, 438.2s to go
on time step 27267 (time=272.67), 0.01823 s/step
Meep progress: 274.78/500.0 = 55.0% done in 529.2s, 433.7s to go
on time step 27489 (time=274.89), 0.018078 s/step
Meep progress: 277.0/500.0 = 55.4% done in 533.2s, 429.3s to go
on time step 27711 (time=277.11), 0.0180406 s/step
Meep progress: 278.98/500.0 = 55.8% done in 537.2s, 425.6s to go
on time step 27909 (time=279.09), 0.0202749 s/step
Meep progress: 281.19/500.0 = 56.2% done in 541.2s, 421.2s to go
on time step 28129 (time=281.29), 0.0182467 s/step
Meep progress: 283.34/500.0 = 56.7% done in 545.2s, 416.9s to go
on time step 28345 (time=283.45), 0.0185316 s/step
Meep progress: 285.56/500.0 = 57.1% done in 549.2s, 412.4s to go
on time step 28567 (time=285.67), 0.0180333 s/step
Meep progress: 287.75/500.0 = 57.6% done in 553.2s, 408.1s to go
on time step 28786 (time=287.86), 0.0182861 s/step
Meep progress: 289.96/500.0 = 58.0% done in 557.2s, 403.7s to go
on time step 29007 (time=290.07), 0.0181117 s/step
Meep progress: 292.1/500.0 = 58.4% done in 561.3s, 399.5s to go
on time step 29221 (time=292.21), 0.0187678 s/step
Meep progress: 294.31/500.0 = 58.9% done in 565.3s, 395.1s to go
on time step 29442 (time=294.42), 0.0181673 s/step
Meep progress: 296.53/500.0 = 59.3% done in 569.3s, 390.6s to go
on time step 29664 (time=296.64), 0.0180598 s/step
Meep progress: 298.75/500.0 = 59.8% done in 573.3s, 386.2s to go
on time step 29886 (time=298.86), 0.0180472 s/step
creating output file "./reflPart0-ez-000300.00.h5"...
Meep progress: 300.57/500.0 = 60.1% done in 577.3s, 383.0s to go
on time step 30068 (time=300.68), 0.0220371 s/step
Meep progress: 302.76/500.0 = 60.6% done in 581.3s, 378.7s to go
on time step 30286 (time=302.86), 0.0183643 s/step
Meep progress: 304.73/500.0 = 60.9% done in 585.3s, 375.1s to go
on time step 30481 (time=304.81), 0.0205254 s/step
Meep progress: 306.59/500.0 = 61.3% done in 589.3s, 371.8s to go
on time step 30668 (time=306.68), 0.0214897 s/step
Meep progress: 308.78/500.0 = 61.8% done in 593.3s, 367.4s to go
on time step 30889 (time=308.89), 0.0181401 s/step
Meep progress: 311.0/500.0 = 62.2% done in 597.3s, 363.0s to go
on time step 31111 (time=311.11), 0.0180539 s/step
Meep progress: 313.21/500.0 = 62.6% done in 601.4s, 358.6s to go
on time step 31331 (time=313.31), 0.018215 s/step
Meep progress: 315.43/500.0 = 63.1% done in 605.4s, 354.2s to go
on time step 31553 (time=315.53), 0.0180302 s/step
Meep progress: 317.64/500.0 = 63.5% done in 609.4s, 349.9s to go
on time step 31774 (time=317.74), 0.0181786 s/step
Meep progress: 319.79/500.0 = 64.0% done in 613.4s, 345.7s to go
on time step 31989 (time=319.89), 0.0186222 s/step
Meep progress: 322.01/500.0 = 64.4% done in 617.4s, 341.3s to go
on time step 32211 (time=322.11), 0.018056 s/step
Meep progress: 324.23/500.0 = 64.8% done in 621.4s, 336.9s to go
on time step 32433 (time=324.33), 0.0180784 s/step
Meep progress: 326.44/500.0 = 65.3% done in 625.4s, 332.5s to go
on time step 32654 (time=326.54), 0.0181617 s/step
Meep progress: 328.66/500.0 = 65.7% done in 629.4s, 328.1s to go
on time step 32876 (time=328.76), 0.0180618 s/step
creating output file "./reflPart0-ez-000330.00.h5"...
Meep progress: 330.49/500.0 = 66.1% done in 633.5s, 324.9s to go
on time step 33057 (time=330.57), 0.0221296 s/step
Meep progress: 332.37/500.0 = 66.5% done in 637.5s, 321.5s to go
on time step 33246 (time=332.46), 0.0212759 s/step
Meep progress: 334.34/500.0 = 66.9% done in 641.5s, 317.8s to go
on time step 33444 (time=334.44), 0.0202138 s/step
Meep progress: 336.47/500.0 = 67.3% done in 645.5s, 313.7s to go
on time step 33655 (time=336.55), 0.0189601 s/step
Meep progress: 338.36/500.0 = 67.7% done in 649.5s, 310.3s to go
on time step 33845 (time=338.45), 0.0211039 s/step
Meep progress: 340.58/500.0 = 68.1% done in 653.5s, 305.9s to go
on time step 34066 (time=340.66), 0.0181472 s/step
Meep progress: 342.78/500.0 = 68.6% done in 657.5s, 301.6s to go
on time step 34287 (time=342.87), 0.0181494 s/step
Meep progress: 344.9/500.0 = 69.0% done in 661.5s, 297.5s to go
on time step 34498 (time=344.98), 0.0190286 s/step
Meep progress: 346.92/500.0 = 69.4% done in 665.5s, 293.7s to go
on time step 34701 (time=347.01), 0.0197342 s/step
Meep progress: 349.14/500.0 = 69.8% done in 669.5s, 289.3s to go
on time step 34922 (time=349.22), 0.0181248 s/step
Meep progress: 351.23/500.0 = 70.2% done in 673.6s, 285.3s to go
on time step 35131 (time=351.31), 0.0192268 s/step
Meep progress: 353.36/500.0 = 70.7% done in 677.6s, 281.2s to go
on time step 35345 (time=353.45), 0.0187032 s/step
Meep progress: 355.58/500.0 = 71.1% done in 681.6s, 276.8s to go
on time step 35567 (time=355.67), 0.0180529 s/step
Meep progress: 357.73/500.0 = 71.5% done in 685.6s, 272.7s to go
on time step 35782 (time=357.82), 0.0186337 s/step
Meep progress: 359.8/500.0 = 72.0% done in 689.6s, 268.7s to go
on time step 35988 (time=359.88), 0.0195172 s/step
creating output file "./reflPart0-ez-000360.00.h5"...
Meep progress: 361.49/500.0 = 72.3% done in 693.6s, 265.8s to go
on time step 36157 (time=361.57), 0.0236743 s/step
Meep progress: 363.39/500.0 = 72.7% done in 697.6s, 262.3s to go
on time step 36347 (time=363.47), 0.0211318 s/step
Meep progress: 365.39/500.0 = 73.1% done in 701.6s, 258.5s to go
on time step 36548 (time=365.48), 0.0199121 s/step
Meep progress: 367.34/500.0 = 73.5% done in 705.6s, 254.8s to go
on time step 36742 (time=367.42), 0.0207049 s/step
Meep progress: 369.35/500.0 = 73.9% done in 709.6s, 251.0s to go
on time step 36945 (time=369.45), 0.0197841 s/step
Meep progress: 371.55/500.0 = 74.3% done in 713.6s, 246.7s to go
on time step 37165 (time=371.65), 0.0182027 s/step
Meep progress: 373.59/500.0 = 74.7% done in 717.7s, 242.8s to go
on time step 37369 (time=373.69), 0.0196598 s/step
Meep progress: 375.76/500.0 = 75.2% done in 721.7s, 238.6s to go
on time step 37586 (time=375.86), 0.0184741 s/step
Meep progress: 377.97/500.0 = 75.6% done in 725.7s, 234.3s to go
on time step 37807 (time=378.07), 0.0181783 s/step
Meep progress: 379.95/500.0 = 76.0% done in 729.7s, 230.6s to go
on time step 38004 (time=380.04), 0.0204045 s/step
Meep progress: 381.87/500.0 = 76.4% done in 733.7s, 227.0s to go
on time step 38198 (time=381.98), 0.0206829 s/step
Meep progress: 384.05/500.0 = 76.8% done in 737.7s, 222.7s to go
on time step 38416 (time=384.16), 0.018363 s/step
Meep progress: 386.25/500.0 = 77.2% done in 741.7s, 218.4s to go
on time step 38636 (time=386.36), 0.0182066 s/step
Meep progress: 388.36/500.0 = 77.7% done in 745.7s, 214.4s to go
on time step 38847 (time=388.47), 0.0190239 s/step
creating output file "./reflPart0-ez-000390.00.h5"...
Meep progress: 390.12/500.0 = 78.0% done in 749.7s, 211.2s to go
on time step 39024 (time=390.24), 0.0226988 s/step
Meep progress: 392.33/500.0 = 78.5% done in 753.7s, 206.9s to go
on time step 39245 (time=392.45), 0.0181613 s/step
Meep progress: 394.53/500.0 = 78.9% done in 757.7s, 202.6s to go
on time step 39465 (time=394.65), 0.0182227 s/step
Meep progress: 396.64/500.0 = 79.3% done in 761.7s, 198.5s to go
on time step 39676 (time=396.76), 0.0189965 s/step
Meep progress: 398.85/500.0 = 79.8% done in 765.8s, 194.2s to go
on time step 39897 (time=398.97), 0.0181204 s/step
Meep progress: 400.97/500.0 = 80.2% done in 769.8s, 190.1s to go
on time step 40107 (time=401.07), 0.0190494 s/step
Meep progress: 402.89/500.0 = 80.6% done in 773.8s, 186.5s to go
on time step 40299 (time=402.99), 0.0208755 s/step
Meep progress: 404.98/500.0 = 81.0% done in 777.8s, 182.5s to go
on time step 40509 (time=405.09), 0.0190614 s/step
Meep progress: 407.18/500.0 = 81.4% done in 781.8s, 178.2s to go
on time step 40729 (time=407.29), 0.018216 s/step
Meep progress: 409.4/500.0 = 81.9% done in 785.8s, 173.9s to go
on time step 40951 (time=409.51), 0.0180671 s/step
Meep progress: 411.52/500.0 = 82.3% done in 789.8s, 169.8s to go
on time step 41161 (time=411.61), 0.0190872 s/step
Meep progress: 413.49/500.0 = 82.7% done in 793.8s, 166.1s to go
on time step 41360 (time=413.6), 0.0201821 s/step
Meep progress: 415.71/500.0 = 83.1% done in 797.8s, 161.8s to go
on time step 41582 (time=415.82), 0.0180711 s/step
Meep progress: 417.87/500.0 = 83.6% done in 801.8s, 157.6s to go
on time step 41797 (time=417.97), 0.0186831 s/step
Meep progress: 419.89/500.0 = 84.0% done in 805.8s, 153.7s to go
creating output file "./reflPart0-ez-000420.00.h5"...
on time step 42000 (time=420), 0.0224952 s/step
Meep progress: 421.78/500.0 = 84.4% done in 809.8s, 150.2s to go
on time step 42221 (time=422.21), 0.0181388 s/step
Meep progress: 423.98/500.0 = 84.8% done in 813.9s, 145.9s to go
on time step 42441 (time=424.41), 0.0181856 s/step
Meep progress: 426.2/500.0 = 85.2% done in 817.9s, 141.6s to go
on time step 42663 (time=426.63), 0.0180937 s/step
Meep progress: 428.41/500.0 = 85.7% done in 821.9s, 137.3s to go
on time step 42884 (time=428.84), 0.0181453 s/step
Meep progress: 430.63/500.0 = 86.1% done in 825.9s, 133.0s to go
on time step 43106 (time=431.06), 0.0180976 s/step
Meep progress: 432.85/500.0 = 86.6% done in 829.9s, 128.7s to go
on time step 43327 (time=433.27), 0.0181065 s/step
Meep progress: 435.06/500.0 = 87.0% done in 833.9s, 124.5s to go
on time step 43547 (time=435.47), 0.0181982 s/step
Meep progress: 437.27/500.0 = 87.5% done in 837.9s, 120.2s to go
on time step 43768 (time=437.68), 0.018101 s/step
Meep progress: 439.47/500.0 = 87.9% done in 841.9s, 116.0s to go
on time step 43987 (time=439.87), 0.0182966 s/step
Meep progress: 441.67/500.0 = 88.3% done in 846.0s, 111.7s to go
on time step 44208 (time=442.08), 0.0181408 s/step
Meep progress: 443.76/500.0 = 88.8% done in 850.0s, 107.7s to go
on time step 44413 (time=444.13), 0.01956 s/step
Meep progress: 445.94/500.0 = 89.2% done in 854.0s, 103.5s to go
on time step 44635 (time=446.35), 0.0180788 s/step
Meep progress: 448.15/500.0 = 89.6% done in 858.0s, 99.3s to go
on time step 44856 (time=448.56), 0.0181247 s/step
creating output file "./reflPart0-ez-000450.00.h5"...
Meep progress: 450.06/500.0 = 90.0% done in 862.0s, 95.6s to go
on time step 45047 (time=450.47), 0.0210063 s/step
Meep progress: 452.25/500.0 = 90.4% done in 866.0s, 91.4s to go
on time step 45260 (time=452.6), 0.0188594 s/step
Meep progress: 454.38/500.0 = 90.9% done in 870.0s, 87.4s to go
on time step 45479 (time=454.79), 0.0183314 s/step
Meep progress: 456.54/500.0 = 91.3% done in 874.0s, 83.2s to go
on time step 45695 (time=456.95), 0.0185935 s/step
Meep progress: 458.75/500.0 = 91.8% done in 878.1s, 79.0s to go
on time step 45913 (time=459.13), 0.0183977 s/step
Meep progress: 460.89/500.0 = 92.2% done in 882.1s, 74.8s to go
on time step 46130 (time=461.3), 0.0184785 s/step
Meep progress: 463.06/500.0 = 92.6% done in 886.1s, 70.7s to go
on time step 46346 (time=463.46), 0.0185326 s/step
Meep progress: 465.26/500.0 = 93.1% done in 890.1s, 66.5s to go
on time step 46566 (time=465.66), 0.0182377 s/step
Meep progress: 467.4/500.0 = 93.5% done in 894.1s, 62.4s to go
on time step 46777 (time=467.77), 0.0190084 s/step
Meep progress: 469.59/500.0 = 93.9% done in 898.1s, 58.2s to go
on time step 46999 (time=469.99), 0.0180806 s/step
Meep progress: 471.76/500.0 = 94.4% done in 902.1s, 54.0s to go
on time step 47216 (time=472.16), 0.0184858 s/step
Meep progress: 473.94/500.0 = 94.8% done in 906.1s, 49.8s to go
on time step 47434 (time=474.34), 0.018367 s/step
Meep progress: 475.99/500.0 = 95.2% done in 910.1s, 45.9s to go
on time step 47637 (time=476.37), 0.0197746 s/step
Meep progress: 478.18/500.0 = 95.6% done in 914.2s, 41.7s to go
on time step 47859 (time=478.59), 0.0180935 s/step
creating output file "./reflPart0-ez-000480.00.h5"...
Meep progress: 480.08/500.0 = 96.0% done in 918.2s, 38.1s to go
on time step 48042 (time=480.42), 0.0218822 s/step
Meep progress: 482.15/500.0 = 96.4% done in 922.2s, 34.1s to go
on time step 48250 (time=482.5), 0.0192954 s/step
Meep progress: 484.24/500.0 = 96.8% done in 926.2s, 30.1s to go
on time step 48465 (time=484.65), 0.0186741 s/step
Meep progress: 486.46/500.0 = 97.3% done in 930.2s, 25.9s to go
on time step 48687 (time=486.87), 0.0180905 s/step
Meep progress: 488.68/500.0 = 97.7% done in 934.2s, 21.6s to go
on time step 48909 (time=489.09), 0.0180971 s/step
Meep progress: 490.89/500.0 = 98.2% done in 938.2s, 17.4s to go
on time step 49131 (time=491.31), 0.0180986 s/step
Meep progress: 493.11/500.0 = 98.6% done in 942.2s, 13.2s to go
on time step 49352 (time=493.52), 0.0181122 s/step
Meep progress: 495.33/500.0 = 99.1% done in 946.2s, 8.9s to go
on time step 49575 (time=495.75), 0.0179949 s/step
Meep progress: 497.55/500.0 = 99.5% done in 950.3s, 4.7s to go
on time step 49793 (time=497.93), 0.018389 s/step
Meep progress: 499.7/500.0 = 99.9% done in 954.3s, 0.6s to go
run 0 finished at t = 500.0 (50000 timesteps)
flux1:, 0.41, -2.52409759986227e-13
flux1:, 0.415050505050505, -2.58987875167489e-13
flux1:, 0.42010101010101, -2.8034837637647e-13
flux1:, 0.425151515151515, -2.96454502734762e-13
flux1:, 0.43020202020202, -2.98307409615934e-13
flux1:, 0.435252525252525, -3.09038282566224e-13
flux1:, 0.44030303030303, -3.3729467169975e-13
flux1:, 0.445353535353535, -3.56653588184646e-13
flux1:, 0.45040404040404, -3.60416164790885e-13
flux1:, 0.455454545454545, -3.78849491436969e-13
flux1:, 0.46050505050505, -4.15043756628521e-13
flux1:, 0.465555555555555, -4.3926731089043e-13
flux1:, 0.47060606060606, -4.49518735003126e-13
flux1:, 0.475656565656565, -4.78694739362026e-13
flux1:, 0.48070707070707, -5.26888178663804e-13
flux1:, 0.485757575757575, -5.52926450775822e-13
flux1:, 0.49080808080808, -5.49943908102023e-13
flux1:, 0.495858585858586, -5.37243770697678e-13
flux1:, 0.500909090909091, -4.71048299218921e-13
flux1:, 0.505959595959596, 5.48375890383766e-14
flux1:, 0.511010101010101, 3.20538836897328e-12
flux1:, 0.516060606060606, 2.00391259685528e-11
flux1:, 0.521111111111111, 9.83501353599334e-11
flux1:, 0.526161616161616, 4.3068329972007e-10
flux1:, 0.531212121212121, 1.74701521493272e-9
flux1:, 0.536262626262626, 6.69574276700642e-9
flux1:, 0.541313131313131, 2.44038506649817e-8
flux1:, 0.546363636363636, 8.46456786459846e-8
flux1:, 0.551414141414141, 2.79024454436613e-7
flux1:, 0.556464646464646, 8.73672668111272e-7
flux1:, 0.561515151515152, 2.60138947717374e-6
flux1:, 0.566565656565657, 7.36705180955679e-6
flux1:, 0.571616161616162, 1.98341709886741e-5
flux1:, 0.576666666666667, 5.0818873223783e-5
flux1:, 0.581717171717172, 1.24053235728863e-4
flux1:, 0.586767676767677, 2.88266902232203e-4
flux1:, 0.591818181818182, 6.37268566907302e-4
flux1:, 0.596868686868687, 0.00134079106193305
flux1:, 0.601919191919192, 0.00268354074063635
flux1:, 0.606969696969697, 0.0051034238282569
flux1:, 0.612020202020202, 0.00921897222416652
flux1:, 0.617070707070707, 0.0158158000185133
flux1:, 0.622121212121213, 0.0257546217200881
flux1:, 0.627171717171718, 0.0397719171324461
flux1:, 0.632222222222223, 0.058204384356133
flux1:, 0.637272727272728, 0.0809231634035328
flux1:, 0.642323232323233, 0.107492190890226
flux1:, 0.647373737373738, 0.136580636137263
flux1:, 0.652424242424243, 0.165151550371744
flux1:, 0.657474747474748, 0.18924704185702
flux1:, 0.662525252525253, 0.205765018471909
flux1:, 0.667575757575758, 0.212597700502365
flux1:, 0.672626262626263, 0.208217742251894
flux1:, 0.677676767676768, 0.192287089406389
flux1:, 0.682727272727274, 0.166755759397798
flux1:, 0.687777777777779, 0.136228356606953
flux1:, 0.692828282828284, 0.106314500949749
flux1:, 0.697878787878789, 0.0808246175146211
flux1:, 0.702929292929294, 0.0604680994682645
flux1:, 0.707979797979799, 0.0439400924073635
flux1:, 0.713030303030304, 0.0300706354463527
flux1:, 0.718080808080809, 0.0188656506249069
flux1:, 0.723131313131314, 0.0107906125059909
flux1:, 0.728181818181819, 0.00574993435476985
flux1:, 0.733232323232324, 0.00297348585197033
flux1:, 0.738282828282829, 0.00153965211461622
flux1:, 0.743333333333335, 7.90169821600276e-4
flux1:, 0.74838383838384, 3.84875880213811e-4
flux1:, 0.753434343434345, 1.71288702643576e-4
flux1:, 0.75848484848485, 6.90219227665849e-5
flux1:, 0.763535353535355, 2.57342609078765e-5
flux1:, 0.76858585858586, 9.26062417463532e-6
flux1:, 0.773636363636365, 3.32977623883807e-6
flux1:, 0.77868686868687, 1.18962115155334e-6
flux1:, 0.783737373737375, 4.06069527327067e-7
flux1:, 0.78878787878788, 1.27727329318145e-7
flux1:, 0.793838383838385, 3.65693479205307e-8
flux1:, 0.79888888888889, 9.66578125648093e-9
flux1:, 0.803939393939396, 2.43397913463015e-9
flux1:, 0.808989898989901, 5.9981000158204e-10
flux1:, 0.814040404040406, 1.43846777701402e-10
flux1:, 0.819090909090911, 3.1785327326901e-11
flux1:, 0.824141414141416, 5.99462520100593e-12
flux1:, 0.829191919191921, 7.62614357966936e-13
flux1:, 0.834242424242426, -1.46560557355457e-13
flux1:, 0.839292929292931, -3.11537822593575e-13
flux1:, 0.844343434343436, -3.65238481597255e-13
flux1:, 0.849393939393941, -4.00912813207538e-13
flux1:, 0.854444444444446, -3.85153544765845e-13
flux1:, 0.859494949494951, -3.30947329942406e-13
flux1:, 0.864545454545457, -3.0660294308636e-13
flux1:, 0.869595959595962, -3.12596154147375e-13
flux1:, 0.874646464646467, -2.92070366285666e-13
flux1:, 0.879696969696972, -2.50655558601538e-13
flux1:, 0.884747474747477, -2.38940258488378e-13
flux1:, 0.889797979797982, -2.50788396897735e-13
flux1:, 0.894848484848487, -2.32886459241431e-13
flux1:, 0.899898989898992, -1.98045954075815e-13
flux1:, 0.904949494949497, -1.94727262556578e-13
flux1:, 0.910000000000002, -2.05295721597008e-13
flux1:, 0.41, 7.89162170929675e-15
flux1:, 0.415050505050505, 1.10273126749717e-14
flux1:, 0.42010101010101, 3.35409476075941e-15
flux1:, 0.425151515151515, 3.63976086770821e-15
flux1:, 0.43020202020202, 1.75994160149785e-14
flux1:, 0.435252525252525, 2.10492422710201e-14
flux1:, 0.44030303030303, 6.54272263759305e-15
flux1:, 0.445353535353535, 1.34525130275213e-15
flux1:, 0.45040404040404, 1.43959436204334e-14
flux1:, 0.455454545454545, 1.78559701391435e-14
flux1:, 0.46050505050505, 5.36192614184293e-15
flux1:, 0.465555555555555, 5.63544046028599e-15
flux1:, 0.47060606060606, 2.03729525615941e-14
flux1:, 0.475656565656565, 1.79179267791349e-14
flux1:, 0.48070707070707, 1.40151610653799e-15
flux1:, 0.485757575757575, 1.32137360551898e-14
flux1:, 0.49080808080808, 6.19139361455895e-14
flux1:, 0.495858585858586, 1.23442378986604e-13
flux1:, 0.500909090909091, 2.53439267530791e-13
flux1:, 0.505959595959596, 8.5862686520915e-13
flux1:, 0.511010101010101, 4.15472166471015e-12
flux1:, 0.516060606060606, 2.09878822012466e-11
flux1:, 0.521111111111111, 9.84735774050094e-11
flux1:, 0.526161616161616, 4.26804871220217e-10
flux1:, 0.531212121212121, 1.73619472945026e-9
flux1:, 0.536262626262626, 6.69438450403966e-9
flux1:, 0.541313131313131, 2.44910225642503e-8
flux1:, 0.546363636363636, 8.49002530614663e-8
flux1:, 0.551414141414141, 2.78771089611856e-7
flux1:, 0.556464646464646, 8.68705369265265e-7
flux1:, 0.561515151515152, 2.58123426161759e-6
flux1:, 0.566565656565657, 7.32334181258509e-6
flux1:, 0.571616161616162, 1.98231828112269e-5
flux1:, 0.576666666666667, 5.11506667766488e-5
flux1:, 0.581717171717172, 1.25461590659024e-4
flux1:, 0.586767676767677, 2.91869445540374e-4
flux1:, 0.591818181818182, 6.43503676477401e-4
flux1:, 0.596868686868687, 0.00134593727704221
flux1:, 0.601919191919192, 0.00267652387094961
flux1:, 0.606969696969697, 0.00506329932443375
flux1:, 0.612020202020202, 0.00911307625048753
flux1:, 0.617070707070707, 0.0156032874309214
flux1:, 0.622121212121213, 0.0253821882530954
flux1:, 0.627171717171718, 0.0391814777678604
flux1:, 0.632222222222223, 0.0573665246371315
flux1:, 0.637272727272728, 0.0800129676497353
flux1:, 0.642323232323233, 0.106874004028889
flux1:, 0.647373737373738, 0.136204113735693
flux1:, 0.652424242424243, 0.164767366588961
flux1:, 0.657474747474748, 0.189074777438027
flux1:, 0.662525252525253, 0.205829520835032
flux1:, 0.667575757575758, 0.212804091850338
flux1:, 0.672626262626263, 0.208668213899527
flux1:, 0.677676767676768, 0.192954608883227
flux1:, 0.682727272727274, 0.167648277286903
flux1:, 0.687777777777779, 0.137226645834915
flux1:, 0.692828282828284, 0.107153063852745
flux1:, 0.697878787878789, 0.0813669984083466
flux1:, 0.702929292929294, 0.0606637711760655
flux1:, 0.707979797979799, 0.0438798496401136
flux1:, 0.713030303030304, 0.0299422845898995
flux1:, 0.718080808080809, 0.0187964373872098
flux1:, 0.723131313131314, 0.010795493474131
flux1:, 0.728181818181819, 0.00578349202614201
flux1:, 0.733232323232324, 0.0030043498202685
flux1:, 0.738282828282829, 0.00155820733853679
flux1:, 0.743333333333335, 7.97529810101675e-4
flux1:, 0.74838383838384, 3.86666996174221e-4
flux1:, 0.753434343434345, 1.71486163787588e-4
flux1:, 0.75848484848485, 6.90273572658153e-5
flux1:, 0.763535353535355, 2.57728500165845e-5
flux1:, 0.76858585858586, 9.29984910307027e-6
flux1:, 0.773636363636365, 3.35032399313835e-6
flux1:, 0.77868686868687, 1.19638539369044e-6
flux1:, 0.783737373737375, 4.07642921875493e-7
flux1:, 0.78878787878788, 1.28031983109428e-7
flux1:, 0.793838383838385, 3.66494743624396e-8
flux1:, 0.79888888888889, 9.6951370344215e-9
flux1:, 0.803939393939396, 2.44320073991588e-9
flux1:, 0.808989898989901, 6.02759112086667e-10
flux1:, 0.814040404040406, 1.44761443301089e-10
flux1:, 0.819090909090911, 3.24417344091421e-11
flux1:, 0.824141414141416, 6.58223034073564e-12
flux1:, 0.829191919191921, 1.33311570983545e-12
flux1:, 0.834242424242426, 3.75879916398074e-13
flux1:, 0.839292929292931, 1.7376985868825e-13
flux1:, 0.844343434343436, 8.22777978813073e-14
flux1:, 0.849393939393941, 1.66181766519956e-14
flux1:, 0.854444444444446, 6.10275383088e-15
flux1:, 0.859494949494951, 3.67119348331353e-14
flux1:, 0.864545454545457, 4.03113034624362e-14
flux1:, 0.869595959595962, 1.08692565957639e-14
flux1:, 0.874646464646467, 9.05217584992708e-15
flux1:, 0.879696969696972, 3.2194937173563e-14
flux1:, 0.884747474747477, 2.7013363494324e-14
flux1:, 0.889797979797982, 5.14461725238738e-15
flux1:, 0.894848484848487, 1.32519325792312e-14
flux1:, 0.899898989898992, 3.68725352945491e-14
flux1:, 0.904949494949497, 2.98292245727146e-14
flux1:, 0.910000000000002, 5.8053549494228e-15

Elapsed run time = 963.448 s

Some deprecated features have been used.  Set the environment
variable GUILE_WARN_DEPRECATED to "detailed" and rerun the
program to get more information.  Set it to "no" to suppress
this message.
